{"numFailedTestSuites":0,"numFailedTests":0,"numPassedTestSuites":63,"numPassedTests":175,"numPendingTestSuites":0,"numPendingTests":2,"numRuntimeErrorTestSuites":0,"numTotalTestSuites":63,"numTotalTests":177,"snapshot":{"added":0,"didUpdate":false,"failure":false,"filesAdded":0,"filesRemoved":0,"filesUnmatched":0,"filesUpdated":0,"matched":55,"total":55,"unchecked":0,"uncheckedKeys":[],"unmatched":0,"updated":0},"startTime":1519247662736,"success":true,"testResults":[{"assertionResults":[{"ancestorTitles":["Field"],"failureMessages":[],"fullName":"Field should set label input","location":null,"status":"passed","title":"should set label input"},{"ancestorTitles":["Field"],"failureMessages":[],"fullName":"Field should match snapshot","location":null,"status":"passed","title":"should match snapshot"},{"ancestorTitles":["FieldInlineComponent"],"failureMessages":[],"fullName":"FieldInlineComponent should set label input","location":null,"status":"passed","title":"should set label input"},{"ancestorTitles":["FieldInlineComponent"],"failureMessages":[],"fullName":"FieldInlineComponent should match snapshot","location":null,"status":"passed","title":"should match snapshot"},{"ancestorTitles":["EditableFieldComponent"],"failureMessages":[],"fullName":"EditableFieldComponent should set label input","location":null,"status":"passed","title":"should set label input"},{"ancestorTitles":["EditableFieldComponent"],"failureMessages":[],"fullName":"EditableFieldComponent should show mode_edit icon when none specified","location":null,"status":"passed","title":"should show mode_edit icon when none specified"},{"ancestorTitles":["EditableFieldComponent"],"failureMessages":[],"fullName":"EditableFieldComponent should show user defined icon when none specified","location":null,"status":"passed","title":"should show user defined icon when none specified"},{"ancestorTitles":["EditableFieldComponent"],"failureMessages":[],"fullName":"EditableFieldComponent should call handleClick when click event emitted","location":null,"status":"passed","title":"should call handleClick when click event emitted"},{"ancestorTitles":["EditableFieldComponent"],"failureMessages":[],"fullName":"EditableFieldComponent should match snapshot","location":null,"status":"passed","title":"should match snapshot"},{"ancestorTitles":["EditableFieldInlineComponent"],"failureMessages":[],"fullName":"EditableFieldInlineComponent should match snapshot","location":null,"status":"passed","title":"should match snapshot"}],"endTime":1519247666929,"message":"","name":"/Users/brianm/Desktop/Cross-Cutting/Web DS/ignite-design-system/src/field/field.component.spec.ts","startTime":1519247663726,"status":"passed","summary":""},{"assertionResults":[{"ancestorTitles":["Hub Card"],"failureMessages":[],"fullName":"Hub Card should set background color if valid color provided","location":null,"status":"passed","title":"should set background color if valid color provided"},{"ancestorTitles":["Hub Card"],"failureMessages":[],"fullName":"Hub Card should not set background color if invalid color provided","location":null,"status":"passed","title":"should not set background color if invalid color provided"},{"ancestorTitles":["Hub Card"],"failureMessages":[],"fullName":"Hub Card should not set background color if no value passed","location":null,"status":"passed","title":"should not set background color if no value passed"},{"ancestorTitles":["Hub Card"],"failureMessages":[],"fullName":"Hub Card should call handleClick when click event emitted","location":null,"status":"passed","title":"should call handleClick when click event emitted"},{"ancestorTitles":["Hub Card"],"failureMessages":[],"fullName":"Hub Card should call handleClick when keyup.enter event emitted","location":null,"status":"passed","title":"should call handleClick when keyup.enter event emitted"},{"ancestorTitles":["Hub Card"],"failureMessages":[],"fullName":"Hub Card should set icon if valid icon passed","location":null,"status":"passed","title":"should set icon if valid icon passed"},{"ancestorTitles":["Hub Card"],"failureMessages":[],"fullName":"Hub Card should not set icon if invalid icon passed","location":null,"status":"passed","title":"should not set icon if invalid icon passed"},{"ancestorTitles":["Hub Card"],"failureMessages":[],"fullName":"Hub Card should not set icon if no value passed","location":null,"status":"passed","title":"should not set icon if no value passed"},{"ancestorTitles":["Hub Card"],"failureMessages":[],"fullName":"Hub Card should set text","location":null,"status":"passed","title":"should set text"},{"ancestorTitles":["Hub Card"],"failureMessages":[],"fullName":"Hub Card should match snapshot","location":null,"status":"passed","title":"should match snapshot"}],"endTime":1519247667124,"message":"","name":"/Users/brianm/Desktop/Cross-Cutting/Web DS/ignite-design-system/src/hub-card/hub-card.component.spec.ts","startTime":1519247663713,"status":"passed","summary":""},{"assertionResults":[{"ancestorTitles":["Empty State"],"failureMessages":[],"fullName":"Empty State should match snapshot","location":null,"status":"passed","title":"should match snapshot"}],"endTime":1519247667524,"message":"","name":"/Users/brianm/Desktop/Cross-Cutting/Web DS/ignite-design-system/src/empty-state/empty-state.component.spec.ts","startTime":1519247663743,"status":"passed","summary":""},{"assertionResults":[{"ancestorTitles":["Empty State Description"],"failureMessages":[],"fullName":"Empty State Description should match snapshot","location":null,"status":"passed","title":"should match snapshot"}],"endTime":1519247667561,"message":"","name":"/Users/brianm/Desktop/Cross-Cutting/Web DS/ignite-design-system/src/empty-state/empty-state-description.component.spec.ts","startTime":1519247663767,"status":"passed","summary":""},{"assertionResults":[{"ancestorTitles":["List Item Secondary Text"],"failureMessages":[],"fullName":"List Item Secondary Text should match snapshot","location":null,"status":"passed","title":"should match snapshot"}],"endTime":1519247667643,"message":"","name":"/Users/brianm/Desktop/Cross-Cutting/Web DS/ignite-design-system/src/text/list-item-secondary-text.component.spec.ts","startTime":1519247663766,"status":"passed","summary":""},{"assertionResults":[{"ancestorTitles":["Right Drawer"],"failureMessages":[],"fullName":"Right Drawer should create title-container if title is set","location":null,"status":"passed","title":"should create title-container if title is set"},{"ancestorTitles":["Right Drawer"],"failureMessages":[],"fullName":"Right Drawer should net create title-container if title is not set","location":null,"status":"passed","title":"should net create title-container if title is not set"},{"ancestorTitles":["Right Drawer"],"failureMessages":[],"fullName":"Right Drawer should set title","location":null,"status":"passed","title":"should set title"},{"ancestorTitles":["Right Drawer"],"failureMessages":[],"fullName":"Right Drawer should emit openChange event","location":null,"status":"passed","title":"should emit openChange event"},{"ancestorTitles":["Right Drawer"],"failureMessages":[],"fullName":"Right Drawer should call closeDrawer when click event emitted","location":null,"status":"passed","title":"should call closeDrawer when click event emitted"},{"ancestorTitles":["Right Drawer"],"failureMessages":[],"fullName":"Right Drawer should call toggleDrawer when click event emitted","location":null,"status":"passed","title":"should call toggleDrawer when click event emitted"},{"ancestorTitles":["Right Drawer"],"failureMessages":[],"fullName":"Right Drawer should set open to false when click event emitted","location":null,"status":"passed","title":"should set open to false when click event emitted"},{"ancestorTitles":["Right Drawer"],"failureMessages":[],"fullName":"Right Drawer should match snapshot","location":null,"status":"passed","title":"should match snapshot"}],"endTime":1519247667880,"message":"","name":"/Users/brianm/Desktop/Cross-Cutting/Web DS/ignite-design-system/src/right-drawer/right-drawer.component.spec.ts","startTime":1519247663745,"status":"passed","summary":""},{"assertionResults":[{"ancestorTitles":["Form Sizing Medium"],"failureMessages":[],"fullName":"Form Sizing Medium should set max-width to 256px","location":null,"status":"passed","title":"should set max-width to 256px"},{"ancestorTitles":["Form Sizing Medium"],"failureMessages":[],"fullName":"Form Sizing Medium should set max-width to 256px for ignSizeMedium and nuSizeMedium set to true","location":null,"status":"passed","title":"should set max-width to 256px for ignSizeMedium and nuSizeMedium set to true"},{"ancestorTitles":["Form Sizing Medium"],"failureMessages":[],"fullName":"Form Sizing Medium should set max-width to 256px for ignSizeMedium and nuSizeMedium set to null","location":null,"status":"passed","title":"should set max-width to 256px for ignSizeMedium and nuSizeMedium set to null"},{"ancestorTitles":["Form Sizing Medium"],"failureMessages":[],"fullName":"Form Sizing Medium should set flex to 2","location":null,"status":"passed","title":"should set flex to 2"},{"ancestorTitles":["Form Sizing Medium"],"failureMessages":[],"fullName":"Form Sizing Medium should set flex to 2 for nuSizeMedium and ignSizeMedium set to true","location":null,"status":"passed","title":"should set flex to 2 for nuSizeMedium and ignSizeMedium set to true"},{"ancestorTitles":["Form Sizing Medium"],"failureMessages":[],"fullName":"Form Sizing Medium should set flex to 2 for nuSizeMedium and ignSizeMedium set to null","location":null,"status":"passed","title":"should set flex to 2 for nuSizeMedium and ignSizeMedium set to null"},{"ancestorTitles":["Form Sizing Medium","NgOnChanges"],"failureMessages":[],"fullName":"Form Sizing Medium NgOnChanges should set max-width to 256px once triggered","location":null,"status":"passed","title":"should set max-width to 256px once triggered"},{"ancestorTitles":["Form Sizing Medium","NgOnChanges"],"failureMessages":[],"fullName":"Form Sizing Medium NgOnChanges should set flex to 2 once triggered","location":null,"status":"passed","title":"should set flex to 2 once triggered"}],"endTime":1519247668263,"message":"","name":"/Users/brianm/Desktop/Cross-Cutting/Web DS/ignite-design-system/src/form/form-sizing/sizing-medium.directive.spec.ts","startTime":1519247667682,"status":"passed","summary":""},{"assertionResults":[{"ancestorTitles":["Text List Item"],"failureMessages":[],"fullName":"Text List Item Should set primary text","location":null,"status":"passed","title":"Should set primary text"},{"ancestorTitles":["Text List Item"],"failureMessages":[],"fullName":"Text List Item Should set secondary text","location":null,"status":"passed","title":"Should set secondary text"},{"ancestorTitles":["Text List Item"],"failureMessages":[],"fullName":"Text List Item Should set tertiary text","location":null,"status":"passed","title":"Should set tertiary text"},{"ancestorTitles":["Text List Item"],"failureMessages":[],"fullName":"Text List Item Should set secondary text to displayed primary text if no primary text provided","location":null,"status":"passed","title":"Should set secondary text to displayed primary text if no primary text provided"},{"ancestorTitles":["Text List Item"],"failureMessages":[],"fullName":"Text List Item Should set tertiary text to displayed secondary text if no primary text provided","location":null,"status":"passed","title":"Should set tertiary text to displayed secondary text if no primary text provided"},{"ancestorTitles":["Text List Item"],"failureMessages":[],"fullName":"Text List Item Should show only primary text if no other text provided","location":null,"status":"passed","title":"Should show only primary text if no other text provided"},{"ancestorTitles":["Text List Item"],"failureMessages":[],"fullName":"Text List Item should match snapshot","location":null,"status":"passed","title":"should match snapshot"}],"endTime":1519247668309,"message":"","name":"/Users/brianm/Desktop/Cross-Cutting/Web DS/ignite-design-system/src/text-list-item/text-list-item.component.spec.ts","startTime":1519247667143,"status":"passed","summary":""},{"assertionResults":[{"ancestorTitles":["Info Banner"],"failureMessages":[],"fullName":"Info Banner should match snapshot","location":null,"status":"passed","title":"should match snapshot"}],"endTime":1519247668275,"message":"","name":"/Users/brianm/Desktop/Cross-Cutting/Web DS/ignite-design-system/src/info-banner/info-banner.component.spec.ts","startTime":1519247667727,"status":"passed","summary":""},{"assertionResults":[{"ancestorTitles":["List Item Primary Text"],"failureMessages":[],"fullName":"List Item Primary Text should match snapshot","location":null,"status":"passed","title":"should match snapshot"}],"endTime":1519247668303,"message":"","name":"/Users/brianm/Desktop/Cross-Cutting/Web DS/ignite-design-system/src/text/list-item-primary-text.component.spec.ts","startTime":1519247666952,"status":"passed","summary":""},{"assertionResults":[{"ancestorTitles":["Form Sizing Large"],"failureMessages":[],"fullName":"Form Sizing Large should set max-width to 448px","location":null,"status":"passed","title":"should set max-width to 448px"},{"ancestorTitles":["Form Sizing Large"],"failureMessages":[],"fullName":"Form Sizing Large should set max-width to 448px for ignSizeLarge and nuSizeLarge set to true","location":null,"status":"passed","title":"should set max-width to 448px for ignSizeLarge and nuSizeLarge set to true"},{"ancestorTitles":["Form Sizing Large"],"failureMessages":[],"fullName":"Form Sizing Large should set max-width to 448px for ignSizeLarge and nuSizeLarge set to null","location":null,"status":"passed","title":"should set max-width to 448px for ignSizeLarge and nuSizeLarge set to null"},{"ancestorTitles":["Form Sizing Large"],"failureMessages":[],"fullName":"Form Sizing Large should set flex to 3","location":null,"status":"passed","title":"should set flex to 3"},{"ancestorTitles":["Form Sizing Large"],"failureMessages":[],"fullName":"Form Sizing Large should set flex to 3 for nuSizeLarge and ignSizeLarge set to true","location":null,"status":"passed","title":"should set flex to 3 for nuSizeLarge and ignSizeLarge set to true"},{"ancestorTitles":["Form Sizing Large"],"failureMessages":[],"fullName":"Form Sizing Large should set flex to 3 for nuSizeLarge and ignSizeLarge set to null","location":null,"status":"passed","title":"should set flex to 3 for nuSizeLarge and ignSizeLarge set to null"},{"ancestorTitles":["Form Sizing Large","NgOnChanges"],"failureMessages":[],"fullName":"Form Sizing Large NgOnChanges should set max-width to 448px once ngOnChanges is triggered","location":null,"status":"passed","title":"should set max-width to 448px once ngOnChanges is triggered"},{"ancestorTitles":["Form Sizing Large","NgOnChanges"],"failureMessages":[],"fullName":"Form Sizing Large NgOnChanges should set flex to 3 once ngOnChanges is triggered","location":null,"status":"passed","title":"should set flex to 3 once ngOnChanges is triggered"}],"endTime":1519247668692,"message":"","name":"/Users/brianm/Desktop/Cross-Cutting/Web DS/ignite-design-system/src/form/form-sizing/sizing-large.directive.spec.ts","startTime":1519247668049,"status":"passed","summary":""},{"assertionResults":[{"ancestorTitles":["Accessible Click"],"failureMessages":[],"fullName":"Accessible Click should trigger onAccessibleClick when keyup.enter event emitted","location":null,"status":"passed","title":"should trigger onAccessibleClick when keyup.enter event emitted"},{"ancestorTitles":["Accessible Click"],"failureMessages":[],"fullName":"Accessible Click should trigger onAccessibleClick when keyup.space event emitted","location":null,"status":"passed","title":"should trigger onAccessibleClick when keyup.space event emitted"},{"ancestorTitles":["Accessible Click"],"failureMessages":[],"fullName":"Accessible Click should run the code inside onAccessibleClick","location":null,"status":"passed","title":"should run the code inside onAccessibleClick"},{"ancestorTitles":["Accessible Click"],"failureMessages":[],"fullName":"Accessible Click should not trigger onAccessibleClick with routerLink in button","location":null,"status":"pending","title":"should not trigger onAccessibleClick with routerLink in button"},{"ancestorTitles":["Accessible Click"],"failureMessages":[],"fullName":"Accessible Click should not trigger onAccessibleClick with routerLink in anchor","location":null,"status":"pending","title":"should not trigger onAccessibleClick with routerLink in anchor"}],"endTime":1519247668852,"message":"","name":"/Users/brianm/Desktop/Cross-Cutting/Web DS/ignite-design-system/src/accessibility/accessible-click.directive.spec.ts","startTime":1519247668279,"status":"passed","summary":""},{"assertionResults":[{"ancestorTitles":["List Filter"],"failureMessages":[],"fullName":"List Filter should have a call length of 1 if no searchterms are emitted","location":null,"status":"passed","title":"should have a call length of 1 if no searchterms are emitted"},{"ancestorTitles":["List Filter"],"failureMessages":[],"fullName":"List Filter should not filter values if no searchterms are emitted","location":null,"status":"passed","title":"should not filter values if no searchterms are emitted"},{"ancestorTitles":["List Filter"],"failureMessages":[],"fullName":"List Filter should filter values based on emitted searchterm","location":null,"status":"passed","title":"should filter values based on emitted searchterm"},{"ancestorTitles":["List Filter"],"failureMessages":[],"fullName":"List Filter should not filter if incorrect filter term type is passed","location":null,"status":"passed","title":"should not filter if incorrect filter term type is passed"}],"endTime":1519247668869,"message":"","name":"/Users/brianm/Desktop/Cross-Cutting/Web DS/ignite-design-system/src/list-selection/list-selection-search/list-filter.pipe.unit.spec.ts","startTime":1519247668495,"status":"passed","summary":""},{"assertionResults":[{"ancestorTitles":["Date Range"],"failureMessages":[],"fullName":"Date Range should clear end date when start date after end date is selected","location":null,"status":"passed","title":"should clear end date when start date after end date is selected"},{"ancestorTitles":["Date Range"],"failureMessages":[],"fullName":"Date Range should replace the start date with the end date and clear the end date when an end date before the start date is chosen","location":null,"status":"passed","title":"should replace the start date with the end date and clear the end date when an end date before the start date is chosen"}],"endTime":1519247669177,"message":"","name":"/Users/brianm/Desktop/Cross-Cutting/Web DS/ignite-design-system/src/date-range/date-range.component.unit.spec.ts","startTime":1519247668886,"status":"passed","summary":""},{"assertionResults":[{"ancestorTitles":["Expandable Search","Search button"],"failureMessages":[],"fullName":"Expandable Search Search button Should display when search not expanded","location":null,"status":"passed","title":"Should display when search not expanded"},{"ancestorTitles":["Expandable Search","Search button"],"failureMessages":[],"fullName":"Expandable Search Search button Should expand search on click","location":null,"status":"passed","title":"Should expand search on click"},{"ancestorTitles":["Expandable Search","When search is expanded","Cancel search button"],"failureMessages":[],"fullName":"Expandable Search When search is expanded Cancel search button Should display","location":null,"status":"passed","title":"Should display"},{"ancestorTitles":["Expandable Search","When search is expanded","Cancel search button","On click"],"failureMessages":[],"fullName":"Expandable Search When search is expanded Cancel search button On click Should collapse cancel search button","location":null,"status":"passed","title":"Should collapse cancel search button"},{"ancestorTitles":["Expandable Search","When search is expanded","Cancel search button","On click"],"failureMessages":[],"fullName":"Expandable Search When search is expanded Cancel search button On click Should clear search input value","location":null,"status":"passed","title":"Should clear search input value"},{"ancestorTitles":["Expandable Search","When search is expanded","Cancel search button","On click"],"failureMessages":[],"fullName":"Expandable Search When search is expanded Cancel search button On click Should call emitSearchEvents","location":null,"status":"passed","title":"Should call emitSearchEvents"},{"ancestorTitles":["Expandable Search","When search is expanded","Cancel search button","On click"],"failureMessages":[],"fullName":"Expandable Search When search is expanded Cancel search button On click Should emit searchEvent","location":null,"status":"passed","title":"Should emit searchEvent"},{"ancestorTitles":["Expandable Search","When search is expanded","Expanded search field"],"failureMessages":[],"fullName":"Expandable Search When search is expanded Expanded search field Should display","location":null,"status":"passed","title":"Should display"},{"ancestorTitles":["Expandable Search","When search is expanded","Expanded search field","On key up"],"failureMessages":[],"fullName":"Expandable Search When search is expanded Expanded search field On key up Should call emitSearchEvents","location":null,"status":"passed","title":"Should call emitSearchEvents"},{"ancestorTitles":["Expandable Search","When search is expanded","Expanded search field","On key up"],"failureMessages":[],"fullName":"Expandable Search When search is expanded Expanded search field On key up Should emit searchEvent","location":null,"status":"passed","title":"Should emit searchEvent"},{"ancestorTitles":["Expandable Search","When search is expanded","Search clear button"],"failureMessages":[],"fullName":"Expandable Search When search is expanded Search clear button Should display when value present","location":null,"status":"passed","title":"Should display when value present"},{"ancestorTitles":["Expandable Search","When search is expanded","Search clear button","When clicked"],"failureMessages":[],"fullName":"Expandable Search When search is expanded Search clear button When clicked Should remove value","location":null,"status":"passed","title":"Should remove value"},{"ancestorTitles":["Expandable Search","When search is expanded","Search clear button"],"failureMessages":[],"fullName":"Expandable Search When search is expanded Search clear button Should call emitSearchEvents","location":null,"status":"passed","title":"Should call emitSearchEvents"},{"ancestorTitles":["Expandable Search","When search is expanded","Search clear button"],"failureMessages":[],"fullName":"Expandable Search When search is expanded Search clear button Should emit searchEvent","location":null,"status":"passed","title":"Should emit searchEvent"},{"ancestorTitles":["Expandable Search"],"failureMessages":[],"fullName":"Expandable Search Should match snapshot","location":null,"status":"passed","title":"Should match snapshot"}],"endTime":1519247669224,"message":"","name":"/Users/brianm/Desktop/Cross-Cutting/Web DS/ignite-design-system/src/expandable-search/expandable-search.component.spec.ts","startTime":1519247663666,"status":"passed","summary":""},{"assertionResults":[{"ancestorTitles":["List Selection Item"],"failureMessages":[],"fullName":"List Selection Item should emit onClick event","location":null,"status":"passed","title":"should emit onClick event"},{"ancestorTitles":["List Selection Item"],"failureMessages":[],"fullName":"List Selection Item should set da attribute","location":null,"status":"passed","title":"should set da attribute"},{"ancestorTitles":["List Selection Item"],"failureMessages":[],"fullName":"List Selection Item should set da to default value if no title passed","location":null,"status":"passed","title":"should set da to default value if no title passed"},{"ancestorTitles":["List Selection Item"],"failureMessages":[],"fullName":"List Selection Item should set title","location":null,"status":"passed","title":"should set title"},{"ancestorTitles":["List Selection Item"],"failureMessages":[],"fullName":"List Selection Item should not set title if not provided","location":null,"status":"passed","title":"should not set title if not provided"},{"ancestorTitles":["List Selection Item"],"failureMessages":[],"fullName":"List Selection Item should set subtitle","location":null,"status":"passed","title":"should set subtitle"},{"ancestorTitles":["List Selection Item"],"failureMessages":[],"fullName":"List Selection Item should not set subtitle if not provided","location":null,"status":"passed","title":"should not set subtitle if not provided"},{"ancestorTitles":["List Selection Item"],"failureMessages":[],"fullName":"List Selection Item should match snapshot","location":null,"status":"passed","title":"should match snapshot"}],"endTime":1519247669317,"message":"","name":"/Users/brianm/Desktop/Cross-Cutting/Web DS/ignite-design-system/src/list-selection/list-selection-item/list-selection-item.component.spec.ts","startTime":1519247668709,"status":"passed","summary":""},{"assertionResults":[{"ancestorTitles":["Expandable Fab"],"failureMessages":[],"fullName":"Expandable Fab should trigger handleClick when click event emitted","location":null,"status":"passed","title":"should trigger handleClick when click event emitted"},{"ancestorTitles":["Expandable Fab"],"failureMessages":[],"fullName":"Expandable Fab should set activeClass(null) when handleClick triggered","location":null,"status":"passed","title":"should set activeClass(null) when handleClick triggered"},{"ancestorTitles":["Expandable Fab"],"failureMessages":[],"fullName":"Expandable Fab should set activeClass(!null) when handleClick triggered","location":null,"status":"passed","title":"should set activeClass(!null) when handleClick triggered"},{"ancestorTitles":["Expandable Fab"],"failureMessages":[],"fullName":"Expandable Fab should have active classes if isOpen is true","location":null,"status":"passed","title":"should have active classes if isOpen is true"},{"ancestorTitles":["Expandable Fab"],"failureMessages":[],"fullName":"Expandable Fab should not have active class if isOpen is false","location":null,"status":"passed","title":"should not have active class if isOpen is false"},{"ancestorTitles":["Expandable Fab"],"failureMessages":[],"fullName":"Expandable Fab should match snapshot","location":null,"status":"passed","title":"should match snapshot"}],"endTime":1519247669332,"message":"","name":"/Users/brianm/Desktop/Cross-Cutting/Web DS/ignite-design-system/src/expandable-fab/expandable-fab.component.spec.ts","startTime":1519247668455,"status":"passed","summary":""},{"assertionResults":[{"ancestorTitles":["List Selection Search"],"failureMessages":[],"fullName":"List Selection Search should emit to filterInput$ when value set in FormControl","location":null,"status":"passed","title":"should emit to filterInput$ when value set in FormControl"},{"ancestorTitles":["List Selection Search"],"failureMessages":[],"fullName":"List Selection Search should emit to filterInput$ once when same value set twice in FormControl","location":null,"status":"passed","title":"should emit to filterInput$ once when same value set twice in FormControl"},{"ancestorTitles":["List Selection Search"],"failureMessages":[],"fullName":"List Selection Search should emit to filterInput$ once when same value with spaces set twice in FormControl","location":null,"status":"passed","title":"should emit to filterInput$ once when same value with spaces set twice in FormControl"},{"ancestorTitles":["List Selection Search"],"failureMessages":[],"fullName":"List Selection Search should emit to filterInput$ twice when two different values set in FormControl","location":null,"status":"passed","title":"should emit to filterInput$ twice when two different values set in FormControl"},{"ancestorTitles":["List Selection Search"],"failureMessages":[],"fullName":"List Selection Search should not emit to filterInput$ if empty value emitted by FormControl","location":null,"status":"passed","title":"should not emit to filterInput$ if empty value emitted by FormControl"}],"endTime":1519247669476,"message":"","name":"/Users/brianm/Desktop/Cross-Cutting/Web DS/ignite-design-system/src/list-selection/list-selection-search/list-selection-search.component.unit.spec.ts","startTime":1519247669196,"status":"passed","summary":""},{"assertionResults":[{"ancestorTitles":["Side Nav Header"],"failureMessages":[],"fullName":"Side Nav Header should set title","location":null,"status":"passed","title":"should set title"},{"ancestorTitles":["Side Nav Header"],"failureMessages":[],"fullName":"Side Nav Header should not set title if no title set","location":null,"status":"passed","title":"should not set title if no title set"},{"ancestorTitles":["Side Nav Header"],"failureMessages":[],"fullName":"Side Nav Header should set subtitle","location":null,"status":"passed","title":"should set subtitle"},{"ancestorTitles":["Side Nav Header"],"failureMessages":[],"fullName":"Side Nav Header should not set subtitle if no subtitle set","location":null,"status":"passed","title":"should not set subtitle if no subtitle set"},{"ancestorTitles":["Side Nav Header"],"failureMessages":[],"fullName":"Side Nav Header should match snapshot","location":null,"status":"passed","title":"should match snapshot"}],"endTime":1519247669707,"message":"","name":"/Users/brianm/Desktop/Cross-Cutting/Web DS/ignite-design-system/src/sidenav/sidenav-header/sidenav-header.component.spec.ts","startTime":1519247669241,"status":"passed","summary":""},{"assertionResults":[{"ancestorTitles":["List Container"],"failureMessages":[],"fullName":"List Container should match snapshot","location":null,"status":"passed","title":"should match snapshot"}],"endTime":1519247669783,"message":"","name":"/Users/brianm/Desktop/Cross-Cutting/Web DS/ignite-design-system/src/list-item/list-container.component.spec.ts","startTime":1519247668324,"status":"passed","summary":""},{"assertionResults":[{"ancestorTitles":["Date Range"],"failureMessages":[],"fullName":"Date Range should match snapshot","location":null,"status":"passed","title":"should match snapshot"}],"endTime":1519247669758,"message":"","name":"/Users/brianm/Desktop/Cross-Cutting/Web DS/ignite-design-system/src/date-range/date-range.component.spec.ts","startTime":1519247668876,"status":"passed","summary":""},{"assertionResults":[{"ancestorTitles":["Loading Container"],"failureMessages":[],"fullName":"Loading Container should have spinner-container if loading","location":null,"status":"passed","title":"should have spinner-container if loading"},{"ancestorTitles":["Loading Container"],"failureMessages":[],"fullName":"Loading Container should not have spinner-container if not loading","location":null,"status":"passed","title":"should not have spinner-container if not loading"},{"ancestorTitles":["Loading Container"],"failureMessages":[],"fullName":"Loading Container should match snapshot","location":null,"status":"passed","title":"should match snapshot"}],"endTime":1519247669890,"message":"","name":"/Users/brianm/Desktop/Cross-Cutting/Web DS/ignite-design-system/src/loading-container/loading-container.component.spec.ts","startTime":1519247669327,"status":"passed","summary":""},{"assertionResults":[{"ancestorTitles":["Divider"],"failureMessages":[],"fullName":"Divider should match snapshot","location":null,"status":"passed","title":"should match snapshot"}],"endTime":1519247669901,"message":"","name":"/Users/brianm/Desktop/Cross-Cutting/Web DS/ignite-design-system/src/divider/divider.component.spec.ts","startTime":1519247669351,"status":"passed","summary":""},{"assertionResults":[{"ancestorTitles":["List Item"],"failureMessages":[],"fullName":"List Item should match snapshot","location":null,"status":"passed","title":"should match snapshot"}],"endTime":1519247670162,"message":"","name":"/Users/brianm/Desktop/Cross-Cutting/Web DS/ignite-design-system/src/list-item/list-item.component.spec.ts","startTime":1519247669600,"status":"passed","summary":""},{"assertionResults":[{"ancestorTitles":["Expandable Fab Item"],"failureMessages":[],"fullName":"Expandable Fab Item should set tooltipText","location":null,"status":"passed","title":"should set tooltipText"},{"ancestorTitles":["Expandable Fab Item"],"failureMessages":[],"fullName":"Expandable Fab Item should set icon","location":null,"status":"passed","title":"should set icon"},{"ancestorTitles":["Expandable Fab Item"],"failureMessages":[],"fullName":"Expandable Fab Item should set href","location":null,"status":"passed","title":"should set href"},{"ancestorTitles":["Expandable Fab Item"],"failureMessages":[],"fullName":"Expandable Fab Item should emit clicked event","location":null,"status":"passed","title":"should emit clicked event"},{"ancestorTitles":["Expandable Fab Item"],"failureMessages":[],"fullName":"Expandable Fab Item should match snapshot","location":null,"status":"passed","title":"should match snapshot"}],"endTime":1519247670532,"message":"","name":"/Users/brianm/Desktop/Cross-Cutting/Web DS/ignite-design-system/src/expandable-fab/expandable-fab-item.component.spec.ts","startTime":1519247670000,"status":"passed","summary":""},{"assertionResults":[{"ancestorTitles":["Select Container"],"failureMessages":[],"fullName":"Select Container should match snapshot","location":null,"status":"passed","title":"should match snapshot"}],"endTime":1519247670626,"message":"","name":"/Users/brianm/Desktop/Cross-Cutting/Web DS/ignite-design-system/src/select-container/select-container.component.spec.ts","startTime":1519247670119,"status":"passed","summary":""},{"assertionResults":[{"ancestorTitles":["Error Banner"],"failureMessages":[],"fullName":"Error Banner should match snapshot","location":null,"status":"passed","title":"should match snapshot"}],"endTime":1519247670671,"message":"","name":"/Users/brianm/Desktop/Cross-Cutting/Web DS/ignite-design-system/src/error-banner/error-banner.component.spec.ts","startTime":1519247669730,"status":"passed","summary":""},{"assertionResults":[{"ancestorTitles":["Empty State Image"],"failureMessages":[],"fullName":"Empty State Image should match snapshot","location":null,"status":"passed","title":"should match snapshot"}],"endTime":1519247670502,"message":"","name":"/Users/brianm/Desktop/Cross-Cutting/Web DS/ignite-design-system/src/empty-state/empty-state-image.component.spec.ts","startTime":1519247669989,"status":"passed","summary":""},{"assertionResults":[{"ancestorTitles":["Empty State Title"],"failureMessages":[],"fullName":"Empty State Title should match snapshot","location":null,"status":"passed","title":"should match snapshot"}],"endTime":1519247670704,"message":"","name":"/Users/brianm/Desktop/Cross-Cutting/Web DS/ignite-design-system/src/empty-state/empty-state-title.component.spec.ts","startTime":1519247670248,"status":"passed","summary":""},{"assertionResults":[{"ancestorTitles":["Data Table Container"],"failureMessages":[],"fullName":"Data Table Container should set pageSize to given pageSize","location":null,"status":"passed","title":"should set pageSize to given pageSize"},{"ancestorTitles":["Data Table Container"],"failureMessages":[],"fullName":"Data Table Container should set pageSize to default pageSize","location":null,"status":"passed","title":"should set pageSize to default pageSize"},{"ancestorTitles":["Data Table Container"],"failureMessages":[],"fullName":"Data Table Container should set pageSizeOptions to given options","location":null,"status":"passed","title":"should set pageSizeOptions to given options"},{"ancestorTitles":["Data Table Container"],"failureMessages":[],"fullName":"Data Table Container should set pageSizeOptions to default page size options","location":null,"status":"passed","title":"should set pageSizeOptions to default page size options"},{"ancestorTitles":["Data Table Container"],"failureMessages":[],"fullName":"Data Table Container should call emitPageEvents if page event is triggered","location":null,"status":"passed","title":"should call emitPageEvents if page event is triggered"},{"ancestorTitles":["Data Table Container"],"failureMessages":[],"fullName":"Data Table Container should emit paginatorEvent if page event is triggered","location":null,"status":"passed","title":"should emit paginatorEvent if page event is triggered"},{"ancestorTitles":["Data Table Container"],"failureMessages":[],"fullName":"Data Table Container should match snapshot","location":null,"status":"passed","title":"should match snapshot"}],"endTime":1519247670860,"message":"","name":"/Users/brianm/Desktop/Cross-Cutting/Web DS/ignite-design-system/src/data-table-container/data-table-container.component.spec.ts","startTime":1519247667842,"status":"passed","summary":""},{"assertionResults":[{"ancestorTitles":["List Item Content"],"failureMessages":[],"fullName":"List Item Content should match snapshot","location":null,"status":"passed","title":"should match snapshot"}],"endTime":1519247670827,"message":"","name":"/Users/brianm/Desktop/Cross-Cutting/Web DS/ignite-design-system/src/list-item/list-item-content.component.spec.ts","startTime":1519247670350,"status":"passed","summary":""},{"assertionResults":[{"ancestorTitles":["Side Nav List Item"],"failureMessages":[],"fullName":"Side Nav List Item should set icon","location":null,"status":"passed","title":"should set icon"},{"ancestorTitles":["Side Nav List Item"],"failureMessages":[],"fullName":"Side Nav List Item should set description","location":null,"status":"passed","title":"should set description"},{"ancestorTitles":["Side Nav List Item"],"failureMessages":[],"fullName":"Side Nav List Item should emit onClick when click event emitted","location":null,"status":"passed","title":"should emit onClick when click event emitted"},{"ancestorTitles":["Side Nav List Item"],"failureMessages":[],"fullName":"Side Nav List Item should call handleClick when keyup.enter event emitted","location":null,"status":"passed","title":"should call handleClick when keyup.enter event emitted"},{"ancestorTitles":["Side Nav List Item"],"failureMessages":[],"fullName":"Side Nav List Item should call handleClick when keyup.space event emitted","location":null,"status":"passed","title":"should call handleClick when keyup.space event emitted"},{"ancestorTitles":["Side Nav List Item"],"failureMessages":[],"fullName":"Side Nav List Item should emit onClick event with key value","location":null,"status":"passed","title":"should emit onClick event with key value"},{"ancestorTitles":["Side Nav List Item"],"failureMessages":[],"fullName":"Side Nav List Item should match snapshot","location":null,"status":"passed","title":"should match snapshot"}],"endTime":1519247671071,"message":"","name":"/Users/brianm/Desktop/Cross-Cutting/Web DS/ignite-design-system/src/sidenav/sidenav-list-item/sidenav-list-item.component.spec.ts","startTime":1519247670545,"status":"passed","summary":""},{"assertionResults":[{"ancestorTitles":["List Content Card"],"failureMessages":[],"fullName":"List Content Card should match snapshot","location":null,"status":"passed","title":"should match snapshot"}],"endTime":1519247671217,"message":"","name":"/Users/brianm/Desktop/Cross-Cutting/Web DS/ignite-design-system/src/list-content/list-content-card/list-content-card.component.spec.ts","startTime":1519247670883,"status":"passed","summary":""},{"assertionResults":[{"ancestorTitles":["List Selection Search"],"failureMessages":[],"fullName":"List Selection Search should match snapshot","location":null,"status":"passed","title":"should match snapshot"}],"endTime":1519247671232,"message":"","name":"/Users/brianm/Desktop/Cross-Cutting/Web DS/ignite-design-system/src/list-selection/list-selection-search/list-selection-search.component.spec.ts","startTime":1519247670871,"status":"passed","summary":""},{"assertionResults":[{"ancestorTitles":["List Selection"],"failureMessages":[],"fullName":"List Selection should match snapshot","location":null,"status":"passed","title":"should match snapshot"}],"endTime":1519247671247,"message":"","name":"/Users/brianm/Desktop/Cross-Cutting/Web DS/ignite-design-system/src/list-selection/list-selection.component.spec.ts","startTime":1519247670977,"status":"passed","summary":""},{"assertionResults":[{"ancestorTitles":["Accessible View"],"failureMessages":[],"fullName":"Accessible View should set tabindex for attribute directive with no tabindex defined in element","location":null,"status":"passed","title":"should set tabindex for attribute directive with no tabindex defined in element"},{"ancestorTitles":["Accessible View"],"failureMessages":[],"fullName":"Accessible View should not set tabindex for attribute directive with tabindex defined in element","location":null,"status":"passed","title":"should not set tabindex for attribute directive with tabindex defined in element"},{"ancestorTitles":["Accessible View"],"failureMessages":[],"fullName":"Accessible View should set tabindex for element with no tabindex defined in element","location":null,"status":"passed","title":"should set tabindex for element with no tabindex defined in element"},{"ancestorTitles":["Accessible View"],"failureMessages":[],"fullName":"Accessible View should set tabindex for element with tabindex defined","location":null,"status":"passed","title":"should set tabindex for element with tabindex defined"}],"endTime":1519247671251,"message":"","name":"/Users/brianm/Desktop/Cross-Cutting/Web DS/ignite-design-system/src/accessibility/accessible-view.directive.spec.ts","startTime":1519247670881,"status":"passed","summary":""},{"assertionResults":[{"ancestorTitles":["Nestable Form"],"failureMessages":[],"fullName":"Nestable Form should pass formGroup","location":null,"status":"passed","title":"should pass formGroup"},{"ancestorTitles":["Nestable Form"],"failureMessages":[],"fullName":"Nestable Form should pass nuNestableForm","location":null,"status":"passed","title":"should pass nuNestableForm"}],"endTime":1519247671140,"message":"","name":"/Users/brianm/Desktop/Cross-Cutting/Web DS/ignite-design-system/src/form/nestable-form/nestable-form.directive.spec.ts","startTime":1519247670812,"status":"passed","summary":""},{"assertionResults":[{"ancestorTitles":["Card Container"],"failureMessages":[],"fullName":"Card Container should match snapshot","location":null,"status":"passed","title":"should match snapshot"}],"endTime":1519247671431,"message":"","name":"/Users/brianm/Desktop/Cross-Cutting/Web DS/ignite-design-system/src/card/card-container/card-container.component.spec.ts","startTime":1519247671087,"status":"passed","summary":""},{"assertionResults":[{"ancestorTitles":["Page"],"failureMessages":[],"fullName":"Page should match snapshot","location":null,"status":"passed","title":"should match snapshot"}],"endTime":1519247671351,"message":"","name":"/Users/brianm/Desktop/Cross-Cutting/Web DS/ignite-design-system/src/page/page.component.spec.ts","startTime":1519247670771,"status":"passed","summary":""},{"assertionResults":[{"ancestorTitles":["List Content Panel"],"failureMessages":[],"fullName":"List Content Panel should match snapshot","location":null,"status":"passed","title":"should match snapshot"}],"endTime":1519247671502,"message":"","name":"/Users/brianm/Desktop/Cross-Cutting/Web DS/ignite-design-system/src/list-content/list-content-panel/list-content-panel.component.spec.ts","startTime":1519247671253,"status":"passed","summary":""},{"assertionResults":[{"ancestorTitles":["List Content"],"failureMessages":[],"fullName":"List Content should match snapshot","location":null,"status":"passed","title":"should match snapshot"}],"endTime":1519247671518,"message":"","name":"/Users/brianm/Desktop/Cross-Cutting/Web DS/ignite-design-system/src/list-content/list-content.component.spec.ts","startTime":1519247671298,"status":"passed","summary":""},{"assertionResults":[{"ancestorTitles":["Side Nav List"],"failureMessages":[],"fullName":"Side Nav List should match snapshot","location":null,"status":"passed","title":"should match snapshot"}],"endTime":1519247671545,"message":"","name":"/Users/brianm/Desktop/Cross-Cutting/Web DS/ignite-design-system/src/sidenav/sidenav-list/sidenav-list.component.spec.ts","startTime":1519247671271,"status":"passed","summary":""},{"assertionResults":[{"ancestorTitles":["Card Section SubTitle"],"failureMessages":[],"fullName":"Card Section SubTitle should match snapshot","location":null,"status":"passed","title":"should match snapshot"}],"endTime":1519247671634,"message":"","name":"/Users/brianm/Desktop/Cross-Cutting/Web DS/ignite-design-system/src/card/card-section-subtitle/card-section-subtitle.component.spec.ts","startTime":1519247671280,"status":"passed","summary":""},{"assertionResults":[{"ancestorTitles":["Footer"],"failureMessages":[],"fullName":"Footer should match snapshot","location":null,"status":"passed","title":"should match snapshot"}],"endTime":1519247671674,"message":"","name":"/Users/brianm/Desktop/Cross-Cutting/Web DS/ignite-design-system/src/footer/footer.component.spec.ts","startTime":1519247671442,"status":"passed","summary":""},{"assertionResults":[{"ancestorTitles":["Form Group"],"failureMessages":[],"fullName":"Form Group should match snapshot","location":null,"status":"passed","title":"should match snapshot"}],"endTime":1519247671752,"message":"","name":"/Users/brianm/Desktop/Cross-Cutting/Web DS/ignite-design-system/src/form/form-group/form-group.component.spec.ts","startTime":1519247671504,"status":"passed","summary":""},{"assertionResults":[{"ancestorTitles":["List Selection Add Button"],"failureMessages":[],"fullName":"List Selection Add Button should match snapshot","location":null,"status":"passed","title":"should match snapshot"}],"endTime":1519247671753,"message":"","name":"/Users/brianm/Desktop/Cross-Cutting/Web DS/ignite-design-system/src/list-selection/list-selection-add-button/list-selection-add-button.component.spec.ts","startTime":1519247671443,"status":"passed","summary":""},{"assertionResults":[{"ancestorTitles":["Button Group"],"failureMessages":[],"fullName":"Button Group should match snapshot","location":null,"status":"passed","title":"should match snapshot"}],"endTime":1519247671760,"message":"","name":"/Users/brianm/Desktop/Cross-Cutting/Web DS/ignite-design-system/src/button-group/button-group.component.spec.ts","startTime":1519247671517,"status":"passed","summary":""},{"assertionResults":[{"ancestorTitles":["Card Toolbar"],"failureMessages":[],"fullName":"Card Toolbar should match snapshot","location":null,"status":"passed","title":"should match snapshot"}],"endTime":1519247671791,"message":"","name":"/Users/brianm/Desktop/Cross-Cutting/Web DS/ignite-design-system/src/card/card-toolbar/card-toolbar.component.spec.ts","startTime":1519247671548,"status":"passed","summary":""},{"assertionResults":[{"ancestorTitles":["Card Title"],"failureMessages":[],"fullName":"Card Title should match snapshot","location":null,"status":"passed","title":"should match snapshot"}],"endTime":1519247671808,"message":"","name":"/Users/brianm/Desktop/Cross-Cutting/Web DS/ignite-design-system/src/card/card-title/card-title.component.spec.ts","startTime":1519247671555,"status":"passed","summary":""},{"assertionResults":[{"ancestorTitles":["Card Aside"],"failureMessages":[],"fullName":"Card Aside should match snapshot","location":null,"status":"passed","title":"should match snapshot"}],"endTime":1519247671946,"message":"","name":"/Users/brianm/Desktop/Cross-Cutting/Web DS/ignite-design-system/src/card/card-aside/card-aside.component.spec.ts","startTime":1519247671685,"status":"passed","summary":""},{"assertionResults":[{"ancestorTitles":["Right Align Container"],"failureMessages":[],"fullName":"Right Align Container Should match snapshot","location":null,"status":"passed","title":"Should match snapshot"}],"endTime":1519247671948,"message":"","name":"/Users/brianm/Desktop/Cross-Cutting/Web DS/ignite-design-system/src/right-align-container/right-align-container.component.spec.ts","startTime":1519247671666,"status":"passed","summary":""},{"assertionResults":[{"ancestorTitles":["Card Main"],"failureMessages":[],"fullName":"Card Main should match snapshot","location":null,"status":"passed","title":"should match snapshot"}],"endTime":1519247672040,"message":"","name":"/Users/brianm/Desktop/Cross-Cutting/Web DS/ignite-design-system/src/card/card-main/card-main.component.spec.ts","startTime":1519247671772,"status":"passed","summary":""},{"assertionResults":[{"ancestorTitles":["Card Section"],"failureMessages":[],"fullName":"Card Section should match snapshot","location":null,"status":"passed","title":"should match snapshot"}],"endTime":1519247672043,"message":"","name":"/Users/brianm/Desktop/Cross-Cutting/Web DS/ignite-design-system/src/card/card-section/card-section.component.spec.ts","startTime":1519247671764,"status":"passed","summary":""},{"assertionResults":[{"ancestorTitles":["Center"],"failureMessages":[],"fullName":"Center should match snapshot","location":null,"status":"passed","title":"should match snapshot"}],"endTime":1519247672055,"message":"","name":"/Users/brianm/Desktop/Cross-Cutting/Web DS/ignite-design-system/src/center/center.component.spec.ts","startTime":1519247671766,"status":"passed","summary":""},{"assertionResults":[{"ancestorTitles":["Card Actions"],"failureMessages":[],"fullName":"Card Actions should match snapshot","location":null,"status":"passed","title":"should match snapshot"}],"endTime":1519247672072,"message":"","name":"/Users/brianm/Desktop/Cross-Cutting/Web DS/ignite-design-system/src/card/card-actions/card-actions.component.spec.ts","startTime":1519247671803,"status":"passed","summary":""},{"assertionResults":[{"ancestorTitles":["Form Sizing Full"],"failureMessages":[],"fullName":"Form Sizing Full should set max-width to 100%","location":null,"status":"passed","title":"should set max-width to 100%"},{"ancestorTitles":["Form Sizing Full"],"failureMessages":[],"fullName":"Form Sizing Full should set width to 100%","location":null,"status":"passed","title":"should set width to 100%"}],"endTime":1519247672163,"message":"","name":"/Users/brianm/Desktop/Cross-Cutting/Web DS/ignite-design-system/src/form/form-sizing/sizing-full.directive.spec.ts","startTime":1519247671826,"status":"passed","summary":""},{"assertionResults":[{"ancestorTitles":["List Content Unselected State"],"failureMessages":[],"fullName":"List Content Unselected State should match snapshot","location":null,"status":"passed","title":"should match snapshot"}],"endTime":1519247672240,"message":"","name":"/Users/brianm/Desktop/Cross-Cutting/Web DS/ignite-design-system/src/list-content/list-content-unselected-state/list-content-unselected-state.component.spec.ts","startTime":1519247671958,"status":"passed","summary":""},{"assertionResults":[{"ancestorTitles":["Card Header Container"],"failureMessages":[],"fullName":"Card Header Container should match snapshot","location":null,"status":"passed","title":"should match snapshot"}],"endTime":1519247672253,"message":"","name":"/Users/brianm/Desktop/Cross-Cutting/Web DS/ignite-design-system/src/card/card-header-container/card-header-container.component.spec.ts","startTime":1519247671957,"status":"passed","summary":""},{"assertionResults":[{"ancestorTitles":["Card Subtitle"],"failureMessages":[],"fullName":"Card Subtitle should match snapshot","location":null,"status":"passed","title":"should match snapshot"}],"endTime":1519247672317,"message":"","name":"/Users/brianm/Desktop/Cross-Cutting/Web DS/ignite-design-system/src/card/card-subtitle/card-subtitle.component.spec.ts","startTime":1519247672059,"status":"passed","summary":""},{"assertionResults":[{"ancestorTitles":["Card Section Title"],"failureMessages":[],"fullName":"Card Section Title should match snapshot","location":null,"status":"passed","title":"should match snapshot"}],"endTime":1519247672312,"message":"","name":"/Users/brianm/Desktop/Cross-Cutting/Web DS/ignite-design-system/src/card/card-section-title/card-section-title.component.spec.ts","startTime":1519247672053,"status":"passed","summary":""},{"assertionResults":[{"ancestorTitles":["List Content Empty State"],"failureMessages":[],"fullName":"List Content Empty State should match snapshot","location":null,"status":"passed","title":"should match snapshot"}],"endTime":1519247672333,"message":"","name":"/Users/brianm/Desktop/Cross-Cutting/Web DS/ignite-design-system/src/list-content/list-content-empty-state/list-content-empty-state.component.spec.ts","startTime":1519247672067,"status":"passed","summary":""},{"assertionResults":[{"ancestorTitles":["Form Sizing Small"],"failureMessages":[],"fullName":"Form Sizing Small should set max-width to 192px","location":null,"status":"passed","title":"should set max-width to 192px"},{"ancestorTitles":["Form Sizing Small"],"failureMessages":[],"fullName":"Form Sizing Small should set flex to 1","location":null,"status":"passed","title":"should set flex to 1"}],"endTime":1519247672372,"message":"","name":"/Users/brianm/Desktop/Cross-Cutting/Web DS/ignite-design-system/src/form/form-sizing/sizing-small.directive.spec.ts","startTime":1519247672088,"status":"passed","summary":""},{"assertionResults":[{"ancestorTitles":["Nestable Form","when a parent nestable form exists"],"failureMessages":[],"fullName":"Nestable Form when a parent nestable form exists should register to the parent","location":null,"status":"passed","title":"should register to the parent"},{"ancestorTitles":["Nestable Form","when a parent nestable form exists","when the child has errors"],"failureMessages":[],"fullName":"Nestable Form when a parent nestable form exists when the child has errors should make the parent form invalid","location":null,"status":"passed","title":"should make the parent form invalid"},{"ancestorTitles":["Nestable Form","when a parent nestable form exists","when the child form is destroyed"],"failureMessages":[],"fullName":"Nestable Form when a parent nestable form exists when the child form is destroyed should unregiser from the parent","location":null,"status":"passed","title":"should unregiser from the parent"},{"ancestorTitles":["Nestable Form","when a parent nestable form exists"],"failureMessages":[],"fullName":"Nestable Form when a parent nestable form exists should not register itself as a parent","location":null,"status":"passed","title":"should not register itself as a parent"}],"endTime":1519247672374,"message":"","name":"/Users/brianm/Desktop/Cross-Cutting/Web DS/ignite-design-system/src/form/nestable-form/nestable-form.directive.unit.spec.ts","startTime":1519247672181,"status":"passed","summary":""}],"wasInterrupted":false,"coverageMap":{"/Users/brianm/Desktop/Cross-Cutting/Web DS/ignite-design-system/src/field/field.component.ts":{"path":"/Users/brianm/Desktop/Cross-Cutting/Web DS/ignite-design-system/src/field/field.component.ts","statementMap":{"0":{"start":{"line":1,"column":0},"end":{"line":1,"column":70}},"1":{"start":{"line":11,"column":0},"end":{"line":13,"column":1}},"2":{"start":{"line":12,"column":11},"end":{"line":12,"column":25}},"3":{"start":{"line":11,"column":13},"end":{"line":13,"column":1}},"4":{"start":{"line":11,"column":13},"end":{"line":11,"column":27}},"5":{"start":{"line":25,"column":0},"end":{"line":25,"column":59}},"6":{"start":{"line":25,"column":13},"end":{"line":25,"column":59}},"7":{"start":{"line":25,"column":13},"end":{"line":25,"column":33}},"8":{"start":{"line":39,"column":0},"end":{"line":46,"column":1}},"9":{"start":{"line":40,"column":11},"end":{"line":40,"column":42}},"10":{"start":{"line":41,"column":12},"end":{"line":41,"column":64}},"11":{"start":{"line":44,"column":4},"end":{"line":44,"column":28}},"12":{"start":{"line":39,"column":13},"end":{"line":46,"column":1}},"13":{"start":{"line":39,"column":13},"end":{"line":39,"column":35}},"14":{"start":{"line":63,"column":0},"end":{"line":63,"column":75}},"15":{"start":{"line":63,"column":13},"end":{"line":63,"column":75}},"16":{"start":{"line":63,"column":13},"end":{"line":63,"column":41}}},"fnMap":{"0":{"name":"(anonymous_2)","decl":{"start":{"line":26,"column":0},"end":{"line":null,"column":-1}},"loc":{"start":{"line":26,"column":0},"end":{"line":46,"column":1}}},"1":{"name":"(anonymous_3)","decl":{"start":{"line":43,"column":2},"end":{"line":43,"column":12}},"loc":{"start":{"line":43,"column":13},"end":{"line":45,"column":3}}}},"branchMap":{"0":{"loc":{"start":{"line":41,"column":37},"end":{"line":null,"column":-1}},"type":"binary-expr","locations":[{"start":{"line":41,"column":37},"end":{"line":null,"column":-1}},{"start":{"line":41,"column":37},"end":{"line":null,"column":-1}}]},"1":{"loc":{"start":{"line":41,"column":25},"end":{"line":41,"column":37}},"type":"binary-expr","locations":[{"start":{"line":41,"column":25},"end":{"line":41,"column":37}}]}},"s":{"0":16,"1":16,"2":16,"3":16,"4":16,"5":16,"6":16,"7":16,"8":16,"9":22,"10":22,"11":1,"12":16,"13":16,"14":16,"15":16,"16":16},"f":{"0":6,"1":1},"b":{"0":[16,0],"1":[16]}},"/Users/brianm/Desktop/Cross-Cutting/Web DS/ignite-design-system/src/hub-card/hub-card.component.ts":{"path":"/Users/brianm/Desktop/Cross-Cutting/Web DS/ignite-design-system/src/hub-card/hub-card.component.ts","statementMap":{"0":{"start":{"line":1,"column":0},"end":{"line":1,"column":70}},"1":{"start":{"line":8,"column":0},"end":{"line":45,"column":1}},"2":{"start":{"line":16,"column":12},"end":{"line":16,"column":60}},"3":{"start":{"line":18,"column":2},"end":{"line":27,"column":4}},"4":{"start":{"line":29,"column":2},"end":{"line":40,"column":4}},"5":{"start":{"line":43,"column":4},"end":{"line":43,"column":24}},"6":{"start":{"line":9,"column":11},"end":{"line":9,"column":25}},"7":{"start":{"line":10,"column":11},"end":{"line":10,"column":28}},"8":{"start":{"line":11,"column":11},"end":{"line":11,"column":29}},"9":{"start":{"line":12,"column":11},"end":{"line":12,"column":27}},"10":{"start":{"line":13,"column":11},"end":{"line":13,"column":24}},"11":{"start":{"line":14,"column":11},"end":{"line":14,"column":25}},"12":{"start":{"line":15,"column":11},"end":{"line":15,"column":37}},"13":{"start":{"line":8,"column":13},"end":{"line":45,"column":1}},"14":{"start":{"line":8,"column":13},"end":{"line":8,"column":29}}},"fnMap":{"0":{"name":"(anonymous_2)","decl":{"start":{"line":3,"column":0},"end":{"line":null,"column":-1}},"loc":{"start":{"line":3,"column":0},"end":{"line":45,"column":1}}},"1":{"name":"(anonymous_3)","decl":{"start":{"line":42,"column":2},"end":{"line":42,"column":12}},"loc":{"start":{"line":42,"column":13},"end":{"line":44,"column":3}}}},"branchMap":{"0":{"loc":{"start":{"line":16,"column":33},"end":{"line":null,"column":-1}},"type":"binary-expr","locations":[{"start":{"line":16,"column":33},"end":{"line":null,"column":-1}},{"start":{"line":16,"column":33},"end":{"line":null,"column":-1}}]},"1":{"loc":{"start":{"line":16,"column":21},"end":{"line":16,"column":33}},"type":"binary-expr","locations":[{"start":{"line":16,"column":21},"end":{"line":16,"column":33}}]}},"s":{"0":16,"1":16,"2":26,"3":10,"4":10,"5":2,"6":16,"7":16,"8":16,"9":16,"10":16,"11":16,"12":16,"13":16,"14":16},"f":{"0":10,"1":2},"b":{"0":[16,0],"1":[16]}},"/Users/brianm/Desktop/Cross-Cutting/Web DS/ignite-design-system/src/hub-card/hub-card.html":{"path":"/Users/brianm/Desktop/Cross-Cutting/Web DS/ignite-design-system/src/hub-card/hub-card.html","statementMap":{"0":{"start":{"line":1,"column":0},"end":{"line":32,"column":2}}},"fnMap":{},"branchMap":{},"s":{"0":16},"f":{},"b":{},"_coverageSchema":"332fd63041d2c1bcb487cc26dd0d5f7d97098a6c","hash":"5ddc799e5301b79fed93510c3cdb8ac9235a12e9"},"/Users/brianm/Desktop/Cross-Cutting/Web DS/ignite-design-system/src/page/page.component.ts":{"path":"/Users/brianm/Desktop/Cross-Cutting/Web DS/ignite-design-system/src/page/page.component.ts","statementMap":{"0":{"start":{"line":1,"column":0},"end":{"line":1,"column":41}},"1":{"start":{"line":21,"column":0},"end":{"line":21,"column":29}},"2":{"start":{"line":21,"column":13},"end":{"line":21,"column":29}},"3":{"start":{"line":21,"column":13},"end":{"line":21,"column":26}}},"fnMap":{},"branchMap":{},"s":{"0":15,"1":15,"2":15,"3":15},"f":{},"b":{}},"/Users/brianm/Desktop/Cross-Cutting/Web DS/ignite-design-system/src/right-drawer/right-drawer.component.ts":{"path":"/Users/brianm/Desktop/Cross-Cutting/Web DS/ignite-design-system/src/right-drawer/right-drawer.component.ts","statementMap":{"0":{"start":{"line":1,"column":0},"end":{"line":1,"column":78}},"1":{"start":{"line":12,"column":0},"end":{"line":34,"column":1}},"2":{"start":{"line":13,"column":11},"end":{"line":13,"column":24}},"3":{"start":{"line":14,"column":11},"end":{"line":14,"column":29}},"4":{"start":{"line":16,"column":12},"end":{"line":16,"column":53}},"5":{"start":{"line":19,"column":4},"end":{"line":19,"column":51}},"6":{"start":{"line":23,"column":4},"end":{"line":23,"column":23}},"7":{"start":{"line":24,"column":4},"end":{"line":24,"column":33}},"8":{"start":{"line":28,"column":4},"end":{"line":28,"column":29}},"9":{"start":{"line":32,"column":4},"end":{"line":32,"column":28}},"10":{"start":{"line":15,"column":11},"end":{"line":15,"column":25}},"11":{"start":{"line":12,"column":13},"end":{"line":34,"column":1}},"12":{"start":{"line":12,"column":13},"end":{"line":12,"column":33}}},"fnMap":{"0":{"name":"(anonymous_2)","decl":{"start":{"line":4,"column":0},"end":{"line":null,"column":-1}},"loc":{"start":{"line":4,"column":0},"end":{"line":34,"column":1}}},"1":{"name":"(anonymous_3)","decl":{"start":{"line":18,"column":2},"end":{"line":18,"column":9}},"loc":{"start":{"line":18,"column":10},"end":{"line":20,"column":3}}},"2":{"name":"(anonymous_4)","decl":{"start":{"line":22,"column":2},"end":{"line":22,"column":13}},"loc":{"start":{"line":22,"column":30},"end":{"line":25,"column":3}}},"3":{"name":"(anonymous_5)","decl":{"start":{"line":27,"column":2},"end":{"line":27,"column":12}},"loc":{"start":{"line":27,"column":13},"end":{"line":29,"column":3}}},"4":{"name":"(anonymous_6)","decl":{"start":{"line":31,"column":2},"end":{"line":31,"column":11}},"loc":{"start":{"line":31,"column":12},"end":{"line":33,"column":3}}}},"branchMap":{"0":{"loc":{"start":{"line":19,"column":22},"end":{"line":19,"column":36}},"type":"binary-expr","locations":[{"start":{"line":19,"column":22},"end":{"line":19,"column":36}},{"start":{"line":19,"column":40},"end":{"line":19,"column":49}}]}},"s":{"0":15,"1":15,"2":23,"3":23,"4":23,"5":8,"6":12,"7":12,"8":4,"9":0,"10":15,"11":15,"12":15},"f":{"0":8,"1":8,"2":12,"3":4,"4":0},"b":{"0":[8,8]}},"/Users/brianm/Desktop/Cross-Cutting/Web DS/ignite-design-system/src/right-drawer/right-drawer.html":{"path":"/Users/brianm/Desktop/Cross-Cutting/Web DS/ignite-design-system/src/right-drawer/right-drawer.html","statementMap":{"0":{"start":{"line":1,"column":0},"end":{"line":14,"column":2}}},"fnMap":{},"branchMap":{},"s":{"0":15},"f":{},"b":{},"_coverageSchema":"332fd63041d2c1bcb487cc26dd0d5f7d97098a6c","hash":"b35adb9a69f032d551e7da05f9403fa9b3865d1c"},"/Users/brianm/Desktop/Cross-Cutting/Web DS/ignite-design-system/src/sidenav/index.ts":{"path":"/Users/brianm/Desktop/Cross-Cutting/Web DS/ignite-design-system/src/sidenav/index.ts","statementMap":{"0":{"start":{"line":1,"column":0},"end":{"line":1,"column":39}},"1":{"start":{"line":2,"column":0},"end":{"line":2,"column":37}},"2":{"start":{"line":3,"column":0},"end":{"line":3,"column":42}}},"fnMap":{},"branchMap":{},"s":{"0":15,"1":15,"2":15},"f":{},"b":{}},"/Users/brianm/Desktop/Cross-Cutting/Web DS/ignite-design-system/src/sidenav/sidenav-header/index.ts":{"path":"/Users/brianm/Desktop/Cross-Cutting/Web DS/ignite-design-system/src/sidenav/sidenav-header/index.ts","statementMap":{"0":{"start":{"line":1,"column":0},"end":{"line":1,"column":43}}},"fnMap":{},"branchMap":{},"s":{"0":16},"f":{},"b":{}},"/Users/brianm/Desktop/Cross-Cutting/Web DS/ignite-design-system/src/sidenav/sidenav-header/sidenav-header.component.ts":{"path":"/Users/brianm/Desktop/Cross-Cutting/Web DS/ignite-design-system/src/sidenav/sidenav-header/sidenav-header.component.ts","statementMap":{"0":{"start":{"line":1,"column":0},"end":{"line":1,"column":48}},"1":{"start":{"line":8,"column":0},"end":{"line":11,"column":1}},"2":{"start":{"line":9,"column":11},"end":{"line":9,"column":25}},"3":{"start":{"line":10,"column":11},"end":{"line":10,"column":28}},"4":{"start":{"line":8,"column":13},"end":{"line":11,"column":1}},"5":{"start":{"line":8,"column":13},"end":{"line":8,"column":35}}},"fnMap":{},"branchMap":{},"s":{"0":16,"1":16,"2":16,"3":16,"4":16,"5":16},"f":{},"b":{}},"/Users/brianm/Desktop/Cross-Cutting/Web DS/ignite-design-system/src/sidenav/sidenav-header/sidenav-header.html":{"path":"/Users/brianm/Desktop/Cross-Cutting/Web DS/ignite-design-system/src/sidenav/sidenav-header/sidenav-header.html","statementMap":{"0":{"start":{"line":1,"column":0},"end":{"line":20,"column":8}}},"fnMap":{},"branchMap":{},"s":{"0":16},"f":{},"b":{},"_coverageSchema":"332fd63041d2c1bcb487cc26dd0d5f7d97098a6c","hash":"7d28536804081418150efee168262a2eedf929fc"},"/Users/brianm/Desktop/Cross-Cutting/Web DS/ignite-design-system/src/sidenav/sidenav-list/index.ts":{"path":"/Users/brianm/Desktop/Cross-Cutting/Web DS/ignite-design-system/src/sidenav/sidenav-list/index.ts","statementMap":{"0":{"start":{"line":1,"column":0},"end":{"line":1,"column":41}}},"fnMap":{},"branchMap":{},"s":{"0":16},"f":{},"b":{}},"/Users/brianm/Desktop/Cross-Cutting/Web DS/ignite-design-system/src/sidenav/sidenav-list/sidenav-list.component.ts":{"path":"/Users/brianm/Desktop/Cross-Cutting/Web DS/ignite-design-system/src/sidenav/sidenav-list/sidenav-list.component.ts","statementMap":{"0":{"start":{"line":1,"column":0},"end":{"line":1,"column":41}},"1":{"start":{"line":8,"column":0},"end":{"line":8,"column":36}},"2":{"start":{"line":8,"column":13},"end":{"line":8,"column":36}},"3":{"start":{"line":8,"column":13},"end":{"line":8,"column":33}}},"fnMap":{},"branchMap":{},"s":{"0":16,"1":16,"2":16,"3":16},"f":{},"b":{}},"/Users/brianm/Desktop/Cross-Cutting/Web DS/ignite-design-system/src/sidenav/sidenav-list/sidenav-list.html":{"path":"/Users/brianm/Desktop/Cross-Cutting/Web DS/ignite-design-system/src/sidenav/sidenav-list/sidenav-list.html","statementMap":{"0":{"start":{"line":1,"column":0},"end":{"line":1,"column":43}}},"fnMap":{},"branchMap":{},"s":{"0":16},"f":{},"b":{},"_coverageSchema":"332fd63041d2c1bcb487cc26dd0d5f7d97098a6c","hash":"1e1ad5202ddbf44bb53cd39e24120dafd419dd49"},"/Users/brianm/Desktop/Cross-Cutting/Web DS/ignite-design-system/src/sidenav/sidenav-list-item/index.ts":{"path":"/Users/brianm/Desktop/Cross-Cutting/Web DS/ignite-design-system/src/sidenav/sidenav-list-item/index.ts","statementMap":{"0":{"start":{"line":1,"column":0},"end":{"line":1,"column":46}}},"fnMap":{},"branchMap":{},"s":{"0":16},"f":{},"b":{}},"/Users/brianm/Desktop/Cross-Cutting/Web DS/ignite-design-system/src/sidenav/sidenav-list-item/sidenav-list-item.component.ts":{"path":"/Users/brianm/Desktop/Cross-Cutting/Web DS/ignite-design-system/src/sidenav/sidenav-list-item/sidenav-list-item.component.ts","statementMap":{"0":{"start":{"line":1,"column":0},"end":{"line":8,"column":22}},"1":{"start":{"line":16,"column":0},"end":{"line":29,"column":1}},"2":{"start":{"line":20,"column":12},"end":{"line":20,"column":63}},"3":{"start":{"line":25,"column":4},"end":{"line":25,"column":27}},"4":{"start":{"line":27,"column":4},"end":{"line":27,"column":32}},"5":{"start":{"line":17,"column":11},"end":{"line":17,"column":24}},"6":{"start":{"line":18,"column":11},"end":{"line":18,"column":31}},"7":{"start":{"line":19,"column":11},"end":{"line":19,"column":23}},"8":{"start":{"line":24,"column":2},"end":{"line":28,"column":3}},"9":{"start":{"line":16,"column":13},"end":{"line":29,"column":1}},"10":{"start":{"line":16,"column":13},"end":{"line":16,"column":37}}},"fnMap":{"0":{"name":"(anonymous_2)","decl":{"start":{"line":10,"column":0},"end":{"line":null,"column":-1}},"loc":{"start":{"line":10,"column":0},"end":{"line":29,"column":1}}},"1":{"name":"(anonymous_3)","decl":{"start":{"line":24,"column":2},"end":{"line":24,"column":12}},"loc":{"start":{"line":24,"column":26},"end":{"line":28,"column":3}}}},"branchMap":{"0":{"loc":{"start":{"line":20,"column":33},"end":{"line":null,"column":-1}},"type":"binary-expr","locations":[{"start":{"line":20,"column":33},"end":{"line":null,"column":-1}},{"start":{"line":20,"column":33},"end":{"line":null,"column":-1}}]},"1":{"loc":{"start":{"line":20,"column":21},"end":{"line":20,"column":33}},"type":"binary-expr","locations":[{"start":{"line":20,"column":21},"end":{"line":20,"column":33}}]}},"s":{"0":16,"1":16,"2":23,"3":4,"4":4,"5":16,"6":16,"7":16,"8":16,"9":16,"10":16},"f":{"0":7,"1":4},"b":{"0":[16,0],"1":[16]}},"/Users/brianm/Desktop/Cross-Cutting/Web DS/ignite-design-system/src/sidenav/sidenav-list-item/sidenav-list-item.html":{"path":"/Users/brianm/Desktop/Cross-Cutting/Web DS/ignite-design-system/src/sidenav/sidenav-list-item/sidenav-list-item.html","statementMap":{"0":{"start":{"line":1,"column":0},"end":{"line":7,"column":6}}},"fnMap":{},"branchMap":{},"s":{"0":16},"f":{},"b":{},"_coverageSchema":"332fd63041d2c1bcb487cc26dd0d5f7d97098a6c","hash":"c1f71cdd8f316166d664dfcae799ee852e14c339"},"/Users/brianm/Desktop/Cross-Cutting/Web DS/ignite-design-system/src/divider/divider.component.ts":{"path":"/Users/brianm/Desktop/Cross-Cutting/Web DS/ignite-design-system/src/divider/divider.component.ts","statementMap":{"0":{"start":{"line":1,"column":0},"end":{"line":1,"column":41}},"1":{"start":{"line":17,"column":0},"end":{"line":17,"column":32}},"2":{"start":{"line":17,"column":13},"end":{"line":17,"column":32}},"3":{"start":{"line":17,"column":13},"end":{"line":17,"column":29}}},"fnMap":{},"branchMap":{},"s":{"0":15,"1":15,"2":15,"3":15},"f":{},"b":{}},"/Users/brianm/Desktop/Cross-Cutting/Web DS/ignite-design-system/src/list-item/list-item.component.ts":{"path":"/Users/brianm/Desktop/Cross-Cutting/Web DS/ignite-design-system/src/list-item/list-item.component.ts","statementMap":{"0":{"start":{"line":1,"column":0},"end":{"line":1,"column":41}},"1":{"start":{"line":19,"column":0},"end":{"line":19,"column":33}},"2":{"start":{"line":19,"column":13},"end":{"line":19,"column":33}},"3":{"start":{"line":19,"column":13},"end":{"line":19,"column":30}},"4":{"start":{"line":34,"column":0},"end":{"line":34,"column":40}},"5":{"start":{"line":34,"column":13},"end":{"line":34,"column":40}},"6":{"start":{"line":34,"column":13},"end":{"line":34,"column":37}},"7":{"start":{"line":48,"column":0},"end":{"line":48,"column":38}},"8":{"start":{"line":48,"column":13},"end":{"line":48,"column":38}},"9":{"start":{"line":48,"column":13},"end":{"line":48,"column":35}}},"fnMap":{},"branchMap":{},"s":{"0":15,"1":15,"2":15,"3":15,"4":15,"5":15,"6":15,"7":15,"8":15,"9":15},"f":{},"b":{}},"/Users/brianm/Desktop/Cross-Cutting/Web DS/ignite-design-system/src/list-content/index.ts":{"path":"/Users/brianm/Desktop/Cross-Cutting/Web DS/ignite-design-system/src/list-content/index.ts","statementMap":{"0":{"start":{"line":1,"column":0},"end":{"line":1,"column":41}},"1":{"start":{"line":2,"column":0},"end":{"line":2,"column":42}},"2":{"start":{"line":3,"column":0},"end":{"line":3,"column":49}},"3":{"start":{"line":4,"column":0},"end":{"line":4,"column":43}},"4":{"start":{"line":5,"column":0},"end":{"line":5,"column":54}}},"fnMap":{},"branchMap":{},"s":{"0":16,"1":16,"2":16,"3":16,"4":16},"f":{},"b":{}},"/Users/brianm/Desktop/Cross-Cutting/Web DS/ignite-design-system/src/list-content/list-content.component.ts":{"path":"/Users/brianm/Desktop/Cross-Cutting/Web DS/ignite-design-system/src/list-content/list-content.component.ts","statementMap":{"0":{"start":{"line":1,"column":0},"end":{"line":1,"column":41}},"1":{"start":{"line":8,"column":0},"end":{"line":10,"column":1}},"2":{"start":{"line":8,"column":13},"end":{"line":10,"column":1}},"3":{"start":{"line":8,"column":13},"end":{"line":8,"column":33}}},"fnMap":{},"branchMap":{},"s":{"0":16,"1":16,"2":16,"3":16},"f":{},"b":{}},"/Users/brianm/Desktop/Cross-Cutting/Web DS/ignite-design-system/src/list-content/list-content.html":{"path":"/Users/brianm/Desktop/Cross-Cutting/Web DS/ignite-design-system/src/list-content/list-content.html","statementMap":{"0":{"start":{"line":1,"column":0},"end":{"line":3,"column":2}}},"fnMap":{},"branchMap":{},"s":{"0":16},"f":{},"b":{},"_coverageSchema":"332fd63041d2c1bcb487cc26dd0d5f7d97098a6c","hash":"dbd23ce93d0e4846a99873a811c9e615b578ee56"},"/Users/brianm/Desktop/Cross-Cutting/Web DS/ignite-design-system/src/list-content/list-content-card/index.ts":{"path":"/Users/brianm/Desktop/Cross-Cutting/Web DS/ignite-design-system/src/list-content/list-content-card/index.ts","statementMap":{"0":{"start":{"line":1,"column":0},"end":{"line":1,"column":46}}},"fnMap":{},"branchMap":{},"s":{"0":17},"f":{},"b":{}},"/Users/brianm/Desktop/Cross-Cutting/Web DS/ignite-design-system/src/list-content/list-content-card/list-content-card.component.ts":{"path":"/Users/brianm/Desktop/Cross-Cutting/Web DS/ignite-design-system/src/list-content/list-content-card/list-content-card.component.ts","statementMap":{"0":{"start":{"line":1,"column":0},"end":{"line":1,"column":48}},"1":{"start":{"line":8,"column":0},"end":{"line":8,"column":40}},"2":{"start":{"line":8,"column":13},"end":{"line":8,"column":40}},"3":{"start":{"line":8,"column":13},"end":{"line":8,"column":37}}},"fnMap":{},"branchMap":{},"s":{"0":17,"1":17,"2":17,"3":17},"f":{},"b":{}},"/Users/brianm/Desktop/Cross-Cutting/Web DS/ignite-design-system/src/list-content/list-content-card/list-content-card.html":{"path":"/Users/brianm/Desktop/Cross-Cutting/Web DS/ignite-design-system/src/list-content/list-content-card/list-content-card.html","statementMap":{"0":{"start":{"line":1,"column":0},"end":{"line":4,"column":2}}},"fnMap":{},"branchMap":{},"s":{"0":17},"f":{},"b":{},"_coverageSchema":"332fd63041d2c1bcb487cc26dd0d5f7d97098a6c","hash":"e1796fde86780e354819d98df276691fa3c0bba1"},"/Users/brianm/Desktop/Cross-Cutting/Web DS/ignite-design-system/src/list-content/list-content-empty-state/index.ts":{"path":"/Users/brianm/Desktop/Cross-Cutting/Web DS/ignite-design-system/src/list-content/list-content-empty-state/index.ts","statementMap":{"0":{"start":{"line":1,"column":0},"end":{"line":1,"column":53}}},"fnMap":{},"branchMap":{},"s":{"0":16},"f":{},"b":{}},"/Users/brianm/Desktop/Cross-Cutting/Web DS/ignite-design-system/src/list-content/list-content-empty-state/list-content-empty-state.component.ts":{"path":"/Users/brianm/Desktop/Cross-Cutting/Web DS/ignite-design-system/src/list-content/list-content-empty-state/list-content-empty-state.component.ts","statementMap":{"0":{"start":{"line":1,"column":0},"end":{"line":1,"column":67}},"1":{"start":{"line":8,"column":0},"end":{"line":8,"column":46}},"2":{"start":{"line":8,"column":13},"end":{"line":8,"column":46}},"3":{"start":{"line":8,"column":13},"end":{"line":8,"column":43}}},"fnMap":{},"branchMap":{},"s":{"0":17,"1":17,"2":17,"3":17},"f":{},"b":{}},"/Users/brianm/Desktop/Cross-Cutting/Web DS/ignite-design-system/src/list-content/list-content-empty-state/list-content-empty-state.html":{"path":"/Users/brianm/Desktop/Cross-Cutting/Web DS/ignite-design-system/src/list-content/list-content-empty-state/list-content-empty-state.html","statementMap":{"0":{"start":{"line":1,"column":0},"end":{"line":1,"column":43}}},"fnMap":{},"branchMap":{},"s":{"0":17},"f":{},"b":{},"_coverageSchema":"332fd63041d2c1bcb487cc26dd0d5f7d97098a6c","hash":"b35a94ab7dc999745a379aeab6fc0824d7592522"},"/Users/brianm/Desktop/Cross-Cutting/Web DS/ignite-design-system/src/list-content/list-content-panel/index.ts":{"path":"/Users/brianm/Desktop/Cross-Cutting/Web DS/ignite-design-system/src/list-content/list-content-panel/index.ts","statementMap":{"0":{"start":{"line":1,"column":0},"end":{"line":1,"column":47}}},"fnMap":{},"branchMap":{},"s":{"0":17},"f":{},"b":{}},"/Users/brianm/Desktop/Cross-Cutting/Web DS/ignite-design-system/src/list-content/list-content-panel/list-content-panel.component.ts":{"path":"/Users/brianm/Desktop/Cross-Cutting/Web DS/ignite-design-system/src/list-content/list-content-panel/list-content-panel.component.ts","statementMap":{"0":{"start":{"line":1,"column":0},"end":{"line":1,"column":67}},"1":{"start":{"line":8,"column":0},"end":{"line":8,"column":41}},"2":{"start":{"line":8,"column":13},"end":{"line":8,"column":41}},"3":{"start":{"line":8,"column":13},"end":{"line":8,"column":38}}},"fnMap":{},"branchMap":{},"s":{"0":17,"1":17,"2":17,"3":17},"f":{},"b":{}},"/Users/brianm/Desktop/Cross-Cutting/Web DS/ignite-design-system/src/list-content/list-content-panel/list-content-panel.html":{"path":"/Users/brianm/Desktop/Cross-Cutting/Web DS/ignite-design-system/src/list-content/list-content-panel/list-content-panel.html","statementMap":{"0":{"start":{"line":1,"column":0},"end":{"line":3,"column":2}}},"fnMap":{},"branchMap":{},"s":{"0":17},"f":{},"b":{},"_coverageSchema":"332fd63041d2c1bcb487cc26dd0d5f7d97098a6c","hash":"661a4766fa285c9e17b93ea976eac728aa21f8c9"},"/Users/brianm/Desktop/Cross-Cutting/Web DS/ignite-design-system/src/list-content/list-content-unselected-state/index.ts":{"path":"/Users/brianm/Desktop/Cross-Cutting/Web DS/ignite-design-system/src/list-content/list-content-unselected-state/index.ts","statementMap":{"0":{"start":{"line":1,"column":0},"end":{"line":1,"column":58}}},"fnMap":{},"branchMap":{},"s":{"0":17},"f":{},"b":{}},"/Users/brianm/Desktop/Cross-Cutting/Web DS/ignite-design-system/src/list-content/list-content-unselected-state/list-content-unselected-state.component.ts":{"path":"/Users/brianm/Desktop/Cross-Cutting/Web DS/ignite-design-system/src/list-content/list-content-unselected-state/list-content-unselected-state.component.ts","statementMap":{"0":{"start":{"line":1,"column":0},"end":{"line":1,"column":67}},"1":{"start":{"line":8,"column":0},"end":{"line":8,"column":51}},"2":{"start":{"line":8,"column":13},"end":{"line":8,"column":51}},"3":{"start":{"line":8,"column":13},"end":{"line":8,"column":48}}},"fnMap":{},"branchMap":{},"s":{"0":17,"1":17,"2":17,"3":17},"f":{},"b":{}},"/Users/brianm/Desktop/Cross-Cutting/Web DS/ignite-design-system/src/list-content/list-content-unselected-state/list-content-unselected-state.html":{"path":"/Users/brianm/Desktop/Cross-Cutting/Web DS/ignite-design-system/src/list-content/list-content-unselected-state/list-content-unselected-state.html","statementMap":{"0":{"start":{"line":1,"column":0},"end":{"line":1,"column":43}}},"fnMap":{},"branchMap":{},"s":{"0":17},"f":{},"b":{},"_coverageSchema":"332fd63041d2c1bcb487cc26dd0d5f7d97098a6c","hash":"7cb6d1104eb57aee4fd3cc703aa75fca76b44d8b"},"/Users/brianm/Desktop/Cross-Cutting/Web DS/ignite-design-system/src/empty-state/empty-state.component.ts":{"path":"/Users/brianm/Desktop/Cross-Cutting/Web DS/ignite-design-system/src/empty-state/empty-state.component.ts","statementMap":{"0":{"start":{"line":2,"column":0},"end":{"line":2,"column":41}},"1":{"start":{"line":9,"column":0},"end":{"line":9,"column":35}},"2":{"start":{"line":9,"column":13},"end":{"line":9,"column":35}},"3":{"start":{"line":9,"column":13},"end":{"line":9,"column":32}},"4":{"start":{"line":27,"column":0},"end":{"line":27,"column":40}},"5":{"start":{"line":27,"column":13},"end":{"line":27,"column":40}},"6":{"start":{"line":27,"column":13},"end":{"line":27,"column":37}},"7":{"start":{"line":46,"column":0},"end":{"line":46,"column":46}},"8":{"start":{"line":46,"column":13},"end":{"line":46,"column":46}},"9":{"start":{"line":46,"column":13},"end":{"line":46,"column":43}},"10":{"start":{"line":65,"column":0},"end":{"line":65,"column":40}},"11":{"start":{"line":65,"column":13},"end":{"line":65,"column":40}},"12":{"start":{"line":65,"column":13},"end":{"line":65,"column":37}}},"fnMap":{},"branchMap":{},"s":{"0":15,"1":15,"2":15,"3":15,"4":15,"5":15,"6":15,"7":15,"8":15,"9":15,"10":15,"11":15,"12":15},
[...]
"line":26,"column":41}},"23":{"start":{"line":29,"column":2},"end":{"line":29,"column":45}},"24":{"start":{"line":31,"column":2},"end":{"line":31,"column":43}},"25":{"start":{"line":15,"column":13},"end":{"line":62,"column":1}},"26":{"start":{"line":15,"column":13},"end":{"line":15,"column":31}}},"fnMap":{"0":{"name":"(anonymous_2)","decl":{"start":{"line":10,"column":0},"end":{"line":null,"column":-1}},"loc":{"start":{"line":10,"column":0},"end":{"line":62,"column":1}}},"1":{"name":"(anonymous_3)","decl":{"start":{"line":35,"column":2},"end":{"line":35,"column":9}},"loc":{"start":{"line":35,"column":10},"end":{"line":56,"column":3}}},"2":{"name":"(anonymous_4)","decl":{"start":{"line":42,"column":16},"end":{"line":42,"column":21}},"loc":{"start":{"line":42,"column":22},"end":{"line":45,"column":8}}},"3":{"name":"(anonymous_5)","decl":{"start":{"line":48,"column":15},"end":{"line":48,"column":16}},"loc":{"start":{"line":48,"column":60},"end":{"line":55,"column":5}}},"4":{"name":"(anonymous_6)","decl":{"start":{"line":58,"column":2},"end":{"line":58,"column":12}},"loc":{"start":{"line":58,"column":13},"end":{"line":61,"column":3}}}},"branchMap":{"0":{"loc":{"start":{"line":49,"column":6},"end":{"line":54,"column":7}},"type":"if","locations":[{"start":{"line":49,"column":6},"end":{"line":54,"column":7}},{"start":{"line":49,"column":6},"end":{"line":54,"column":7}}]},"1":{"loc":{"start":{"line":49,"column":10},"end":{"line":49,"column":19}},"type":"binary-expr","locations":[{"start":{"line":49,"column":10},"end":{"line":49,"column":19}},{"start":{"line":49,"column":23},"end":{"line":49,"column":30}},{"start":{"line":49,"column":35},"end":{"line":49,"column":74}}]},"2":{"loc":{"start":{"line":50,"column":8},"end":{"line":52,"column":9}},"type":"if","locations":[{"start":{"line":50,"column":8},"end":{"line":52,"column":9}},{"start":{"line":50,"column":8},"end":{"line":52,"column":9}}]},"3":{"loc":{"start":{"line":50,"column":12},"end":{"line":50,"column":20}},"type":"binary-expr","locations":[{"start":{"line":50,"column":12},"end":{"line":50,"column":20}},{"start":{"line":50,"column":25},"end":{"line":50,"column":64}}]},"4":{"loc":{"start":{"line":17,"column":22},"end":{"line":null,"column":-1}},"type":"binary-expr","locations":[{"start":{"line":17,"column":22},"end":{"line":null,"column":-1}},{"start":{"line":17,"column":22},"end":{"line":null,"column":-1}}]},"5":{"loc":{"start":{"line":17,"column":13},"end":{"line":17,"column":22}},"type":"binary-expr","locations":[{"start":{"line":17,"column":13},"end":{"line":17,"column":22}}]},"6":{"loc":{"start":{"line":29,"column":38},"end":{"line":null,"column":-1}},"type":"binary-expr","locations":[{"start":{"line":29,"column":38},"end":{"line":null,"column":-1}},{"start":{"line":29,"column":38},"end":{"line":null,"column":-1}}]},"7":{"loc":{"start":{"line":29,"column":20},"end":{"line":29,"column":38}},"type":"binary-expr","locations":[{"start":{"line":29,"column":20},"end":{"line":29,"column":38}}]},"8":{"loc":{"start":{"line":31,"column":36},"end":{"line":null,"column":-1}},"type":"binary-expr","locations":[{"start":{"line":31,"column":36},"end":{"line":null,"column":-1}},{"start":{"line":31,"column":36},"end":{"line":null,"column":-1}}]},"9":{"loc":{"start":{"line":31,"column":18},"end":{"line":31,"column":36}},"type":"binary-expr","locations":[{"start":{"line":31,"column":18},"end":{"line":31,"column":36}}]}},"s":{"0":17,"1":17,"2":17,"3":17,"4":17,"5":17,"6":17,"7":17,"8":17,"9":20,"10":20,"11":3,"12":2,"13":4,"14":2,"15":2,"16":2,"17":2,"18":2,"19":2,"20":17,"21":17,"22":17,"23":17,"24":17,"25":17,"26":17},"f":{"0":3,"1":2,"2":4,"3":2,"4":2},"b":{"0":[2,0],"1":[2,2,2],"2":[2,0],"3":[2,0],"4":[17,0],"5":[17],"6":[17,0],"7":[17],"8":[17,0],"9":[17]}},"/Users/brianm/Desktop/Cross-Cutting/Web DS/ignite-design-system/src/date-range/date-range.html":{"path":"/Users/brianm/Desktop/Cross-Cutting/Web DS/ignite-design-system/src/date-range/date-range.html","statementMap":{"0":{"start":{"line":1,"column":0},"end":{"line":27,"column":2}}},"fnMap":{},"branchMap":{},"s":{"0":17},"f":{},"b":{},"_coverageSchema":"332fd63041d2c1bcb487cc26dd0d5f7d97098a6c","hash":"b3f0b642e434ca8c1870459501685fcb5041b958"},"/Users/brianm/Desktop/Cross-Cutting/Web DS/ignite-design-system/src/text-list-item/text-list-item.module.ts":{"path":"/Users/brianm/Desktop/Cross-Cutting/Web DS/ignite-design-system/src/text-list-item/text-list-item.module.ts","statementMap":{"0":{"start":{"line":1,"column":0},"end":{"line":1,"column":40}},"1":{"start":{"line":2,"column":0},"end":{"line":2,"column":49}},"2":{"start":{"line":3,"column":0},"end":{"line":3,"column":66}},"3":{"start":{"line":4,"column":0},"end":{"line":4,"column":46}},"4":{"start":{"line":18,"column":0},"end":{"line":18,"column":34}},"5":{"start":{"line":18,"column":13},"end":{"line":18,"column":34}},"6":{"start":{"line":18,"column":13},"end":{"line":18,"column":31}}},"fnMap":{},"branchMap":{},"s":{"0":15,"1":15,"2":15,"3":15,"4":15,"5":15,"6":15},"f":{},"b":{}},"/Users/brianm/Desktop/Cross-Cutting/Web DS/ignite-design-system/src/text-list-item/text-list-item.component.ts":{"path":"/Users/brianm/Desktop/Cross-Cutting/Web DS/ignite-design-system/src/text-list-item/text-list-item.component.ts","statementMap":{"0":{"start":{"line":1,"column":0},"end":{"line":1,"column":58}},"1":{"start":{"line":8,"column":0},"end":{"line":36,"column":1}},"2":{"start":{"line":18,"column":8},"end":{"line":18,"column":53}},"3":{"start":{"line":19,"column":8},"end":{"line":19,"column":57}},"4":{"start":{"line":20,"column":8},"end":{"line":20,"column":55}},"5":{"start":{"line":23,"column":8},"end":{"line":34,"column":9}},"6":{"start":{"line":25,"column":12},"end":{"line":25,"column":59}},"7":{"start":{"line":27,"column":12},"end":{"line":33,"column":13}},"8":{"start":{"line":29,"column":16},"end":{"line":29,"column":64}},"9":{"start":{"line":30,"column":16},"end":{"line":30,"column":48}},"10":{"start":{"line":32,"column":16},"end":{"line":32,"column":49}},"11":{"start":{"line":9,"column":13},"end":{"line":9,"column":33}},"12":{"start":{"line":10,"column":13},"end":{"line":10,"column":35}},"13":{"start":{"line":11,"column":13},"end":{"line":11,"column":34}},"14":{"start":{"line":8,"column":13},"end":{"line":36,"column":1}},"15":{"start":{"line":8,"column":13},"end":{"line":8,"column":34}}},"fnMap":{"0":{"name":"(anonymous_2)","decl":{"start":{"line":17,"column":4},"end":{"line":17,"column":14}},"loc":{"start":{"line":17,"column":15},"end":{"line":35,"column":5}}}},"branchMap":{"0":{"loc":{"start":{"line":23,"column":8},"end":{"line":34,"column":9}},"type":"if","locations":[{"start":{"line":23,"column":8},"end":{"line":34,"column":9}},{"start":{"line":23,"column":8},"end":{"line":34,"column":9}}]},"1":{"loc":{"start":{"line":23,"column":12},"end":{"line":23,"column":29}},"type":"binary-expr","locations":[{"start":{"line":23,"column":12},"end":{"line":23,"column":29}},{"start":{"line":23,"column":33},"end":{"line":23,"column":51}}]},"2":{"loc":{"start":{"line":27,"column":12},"end":{"line":33,"column":13}},"type":"if","locations":[{"start":{"line":27,"column":12},"end":{"line":33,"column":13}},{"start":{"line":27,"column":12},"end":{"line":33,"column":13}}]}},"s":{"0":16,"1":16,"2":6,"3":6,"4":6,"5":6,"6":2,"7":2,"8":1,"9":1,"10":1,"11":16,"12":16,"13":16,"14":16,"15":16},"f":{"0":6},"b":{"0":[2,4],"1":[6,2],"2":[1,1]}},"/Users/brianm/Desktop/Cross-Cutting/Web DS/ignite-design-system/src/text-list-item/text-list-item.html":{"path":"/Users/brianm/Desktop/Cross-Cutting/Web DS/ignite-design-system/src/text-list-item/text-list-item.html","statementMap":{"0":{"start":{"line":1,"column":0},"end":{"line":5,"column":18}}},"fnMap":{},"branchMap":{},"s":{"0":16},"f":{},"b":{},"_coverageSchema":"332fd63041d2c1bcb487cc26dd0d5f7d97098a6c","hash":"741d3c45e1c31be279578cc6a811d0d386b9bd26"},"/Users/brianm/Desktop/Cross-Cutting/Web DS/ignite-design-system/src/nav-list/nav-list.module.ts":{"path":"/Users/brianm/Desktop/Cross-Cutting/Web DS/ignite-design-system/src/nav-list/nav-list.module.ts","statementMap":{"0":{"start":{"line":1,"column":0},"end":{"line":1,"column":40}},"1":{"start":{"line":2,"column":0},"end":{"line":2,"column":49}},"2":{"start":{"line":3,"column":0},"end":{"line":3,"column":55}},"3":{"start":{"line":16,"column":0},"end":{"line":16,"column":29}},"4":{"start":{"line":16,"column":13},"end":{"line":16,"column":29}},"5":{"start":{"line":16,"column":13},"end":{"line":16,"column":26}}},"fnMap":{},"branchMap":{},"s":{"0":15,"1":15,"2":15,"3":15,"4":15,"5":15},"f":{},"b":{}},"/Users/brianm/Desktop/Cross-Cutting/Web DS/ignite-design-system/src/nav-list/nav-list.component.ts":{"path":"/Users/brianm/Desktop/Cross-Cutting/Web DS/ignite-design-system/src/nav-list/nav-list.component.ts","statementMap":{"0":{"start":{"line":1,"column":0},"end":{"line":1,"column":41}},"1":{"start":{"line":7,"column":0},"end":{"line":7,"column":32}},"2":{"start":{"line":7,"column":13},"end":{"line":7,"column":32}},"3":{"start":{"line":7,"column":13},"end":{"line":7,"column":29}}},"fnMap":{},"branchMap":{},"s":{"0":15,"1":15,"2":15,"3":15},"f":{},"b":{}},"/Users/brianm/Desktop/Cross-Cutting/Web DS/ignite-design-system/src/data-table-container/data-table-container.module.ts":{"path":"/Users/brianm/Desktop/Cross-Cutting/Web DS/ignite-design-system/src/data-table-container/data-table-container.module.ts","statementMap":{"0":{"start":{"line":1,"column":0},"end":{"line":1,"column":40}},"1":{"start":{"line":2,"column":0},"end":{"line":2,"column":54}},"2":{"start":{"line":3,"column":0},"end":{"line":3,"column":78}},"3":{"start":{"line":16,"column":0},"end":{"line":16,"column":40}},"4":{"start":{"line":16,"column":13},"end":{"line":16,"column":40}},"5":{"start":{"line":16,"column":13},"end":{"line":16,"column":37}}},"fnMap":{},"branchMap":{},"s":{"0":16,"1":16,"2":16,"3":16,"4":16,"5":16},"f":{},"b":{}},"/Users/brianm/Desktop/Cross-Cutting/Web DS/ignite-design-system/src/data-table-container/data-table-container.component.ts":{"path":"/Users/brianm/Desktop/Cross-Cutting/Web DS/ignite-design-system/src/data-table-container/data-table-container.component.ts","statementMap":{"0":{"start":{"line":1,"column":0},"end":{"line":9,"column":22}},"1":{"start":{"line":10,"column":0},"end":{"line":10,"column":68}},"2":{"start":{"line":11,"column":0},"end":{"line":11,"column":47}},"3":{"start":{"line":17,"column":0},"end":{"line":37,"column":1}},"4":{"start":{"line":24,"column":14},"end":{"line":24,"column":62}},"5":{"start":{"line":31,"column":8},"end":{"line":31,"column":51}},"6":{"start":{"line":35,"column":8},"end":{"line":35,"column":42}},"7":{"start":{"line":18,"column":13},"end":{"line":18,"column":49}},"8":{"start":{"line":19,"column":13},"end":{"line":19,"column":31}},"9":{"start":{"line":20,"column":13},"end":{"line":20,"column":35}},"10":{"start":{"line":21,"column":13},"end":{"line":21,"column":39}},"11":{"start":{"line":22,"column":13},"end":{"line":22,"column":30}},"12":{"start":{"line":26,"column":29},"end":{"line":26,"column":53}},"13":{"start":{"line":17,"column":13},"end":{"line":37,"column":1}},"14":{"start":{"line":17,"column":13},"end":{"line":17,"column":40}}},"fnMap":{"0":{"name":"(anonymous_2)","decl":{"start":{"line":13,"column":0},"end":{"line":null,"column":-1}},"loc":{"start":{"line":13,"column":0},"end":{"line":37,"column":1}}},"1":{"name":"(anonymous_3)","decl":{"start":{"line":28,"column":4},"end":{"line":28,"column":18}},"loc":{"start":{"line":28,"column":19},"end":{"line":32,"column":5}}},"2":{"name":"(anonymous_4)","decl":{"start":{"line":34,"column":4},"end":{"line":34,"column":17}},"loc":{"start":{"line":34,"column":29},"end":{"line":36,"column":5}}}},"branchMap":{"0":{"loc":{"start":{"line":18,"column":43},"end":{"line":null,"column":-1}},"type":"binary-expr","locations":[{"start":{"line":18,"column":43},"end":{"line":null,"column":-1}},{"start":{"line":18,"column":43},"end":{"line":null,"column":-1}}]},"1":{"loc":{"start":{"line":18,"column":25},"end":{"line":18,"column":43}},"type":"binary-expr","locations":[{"start":{"line":18,"column":25},"end":{"line":18,"column":43}}]},"2":{"loc":{"start":{"line":26,"column":52},"end":{"line":null,"column":-1}},"type":"binary-expr","locations":[{"start":{"line":26,"column":52},"end":{"line":null,"column":-1}},{"start":{"line":26,"column":52},"end":{"line":null,"column":-1}}]},"3":{"loc":{"start":{"line":26,"column":40},"end":{"line":26,"column":52}},"type":"binary-expr","locations":[{"start":{"line":26,"column":40},"end":{"line":26,"column":52}}]}},"s":{"0":16,"1":16,"2":16,"3":16,"4":23,"5":7,"6":2,"7":16,"8":16,"9":16,"10":16,"11":16,"12":16,"13":16,"14":16},"f":{"0":7,"1":7,"2":2},"b":{"0":[16,0],"1":[16],"2":[16,0],"3":[16]}},"/Users/brianm/Desktop/Cross-Cutting/Web DS/ignite-design-system/src/data-table-container/data-table-container.component.html":{"path":"/Users/brianm/Desktop/Cross-Cutting/Web DS/ignite-design-system/src/data-table-container/data-table-container.component.html","statementMap":{"0":{"start":{"line":1,"column":0},"end":{"line":10,"column":2}}},"fnMap":{},"branchMap":{},"s":{"0":16},"f":{},"b":{},"_coverageSchema":"332fd63041d2c1bcb487cc26dd0d5f7d97098a6c","hash":"00208c9a6a3d2b001555a900ab4b2ad8a221a0da"},"/Users/brianm/Desktop/Cross-Cutting/Web DS/ignite-design-system/src/expandable-search/expandable-search.component.ts":{"path":"/Users/brianm/Desktop/Cross-Cutting/Web DS/ignite-design-system/src/expandable-search/expandable-search.component.ts","statementMap":{"0":{"start":{"line":1,"column":0},"end":{"line":1,"column":72}},"1":{"start":{"line":2,"column":0},"end":{"line":2,"column":38}},"2":{"start":{"line":9,"column":0},"end":{"line":20,"column":1}},"3":{"start":{"line":12,"column":14},"end":{"line":12,"column":61}},"4":{"start":{"line":13,"column":4},"end":{"line":13,"column":27}},"5":{"start":{"line":16,"column":8},"end":{"line":18,"column":11}},"6":{"start":{"line":10,"column":30},"end":{"line":10,"column":54}},"7":{"start":{"line":9,"column":13},"end":{"line":20,"column":1}},"8":{"start":{"line":9,"column":13},"end":{"line":9,"column":38}}},"fnMap":{"0":{"name":"(anonymous_2)","decl":{"start":{"line":4,"column":0},"end":{"line":null,"column":-1}},"loc":{"start":{"line":4,"column":0},"end":{"line":20,"column":1}}},"1":{"name":"(anonymous_3)","decl":{"start":{"line":15,"column":4},"end":{"line":15,"column":19}},"loc":{"start":{"line":15,"column":20},"end":{"line":19,"column":5}}}},"branchMap":{"0":{"loc":{"start":{"line":10,"column":53},"end":{"line":null,"column":-1}},"type":"binary-expr","locations":[{"start":{"line":10,"column":53},"end":{"line":null,"column":-1}},{"start":{"line":10,"column":53},"end":{"line":null,"column":-1}}]},"1":{"loc":{"start":{"line":10,"column":43},"end":{"line":10,"column":53}},"type":"binary-expr","locations":[{"start":{"line":10,"column":43},"end":{"line":10,"column":53}}]}},"s":{"0":16,"1":16,"2":16,"3":31,"4":15,"5":11,"6":16,"7":16,"8":16},"f":{"0":15,"1":11},"b":{"0":[16,0],"1":[16]}},"/Users/brianm/Desktop/Cross-Cutting/Web DS/ignite-design-system/src/expandable-search/expandable-search.html":{"path":"/Users/brianm/Desktop/Cross-Cutting/Web DS/ignite-design-system/src/expandable-search/expandable-search.html","statementMap":{"0":{"start":{"line":1,"column":0},"end":{"line":42,"column":2}}},"fnMap":{},"branchMap":{},"s":{"0":16},"f":{},"b":{},"_coverageSchema":"332fd63041d2c1bcb487cc26dd0d5f7d97098a6c","hash":"523b8bcbeeb73473320d7e7ea793cc23fa9ab99e"},"/Users/brianm/Desktop/Cross-Cutting/Web DS/ignite-design-system/src/right-align-container/right-align-container.component.ts":{"path":"/Users/brianm/Desktop/Cross-Cutting/Web DS/ignite-design-system/src/right-align-container/right-align-container.component.ts","statementMap":{"0":{"start":{"line":1,"column":0},"end":{"line":1,"column":41}},"1":{"start":{"line":8,"column":0},"end":{"line":8,"column":44}},"2":{"start":{"line":8,"column":13},"end":{"line":8,"column":44}},"3":{"start":{"line":8,"column":13},"end":{"line":8,"column":41}}},"fnMap":{},"branchMap":{},"s":{"0":16,"1":16,"2":16,"3":16},"f":{},"b":{}},"/Users/brianm/Desktop/Cross-Cutting/Web DS/ignite-design-system/src/right-align-container/right-align-container.html":{"path":"/Users/brianm/Desktop/Cross-Cutting/Web DS/ignite-design-system/src/right-align-container/right-align-container.html","statementMap":{"0":{"start":{"line":1,"column":0},"end":{"line":1,"column":43}}},"fnMap":{},"branchMap":{},"s":{"0":16},"f":{},"b":{},"_coverageSchema":"332fd63041d2c1bcb487cc26dd0d5f7d97098a6c","hash":"13b791c9d78e2d4f2d06f3de6fc10396bd318eda"},"/Users/brianm/Desktop/Cross-Cutting/Web DS/ignite-design-system/src/accessibility/accessibility.directive.ts":{"path":"/Users/brianm/Desktop/Cross-Cutting/Web DS/ignite-design-system/src/accessibility/accessibility.directive.ts","statementMap":{"0":{"start":{"line":1,"column":0},"end":{"line":1,"column":89}},"1":{"start":{"line":4,"column":0},"end":{"line":18,"column":1}},"2":{"start":{"line":8,"column":4},"end":{"line":8,"column":33}},"3":{"start":{"line":14,"column":4},"end":{"line":14,"column":27}},"4":{"start":{"line":16,"column":4},"end":{"line":16,"column":42}},"5":{"start":{"line":13,"column":2},"end":{"line":17,"column":3}},"6":{"start":{"line":4,"column":13},"end":{"line":18,"column":1}},"7":{"start":{"line":4,"column":13},"end":{"line":4,"column":37}},"8":{"start":{"line":25,"column":0},"end":{"line":35,"column":1}},"9":{"start":{"line":31,"column":4},"end":{"line":33,"column":5}},"10":{"start":{"line":32,"column":6},"end":{"line":32,"column":71}},"11":{"start":{"line":25,"column":13},"end":{"line":35,"column":1}},"12":{"start":{"line":25,"column":13},"end":{"line":25,"column":36}}},"fnMap":{"0":{"name":"(anonymous_4)","decl":{"start":{"line":7,"column":2},"end":{"line":7,"column":13}},"loc":{"start":{"line":7,"column":36},"end":{"line":9,"column":3}}},"1":{"name":"(anonymous_5)","decl":{"start":{"line":13,"column":2},"end":{"line":13,"column":18}},"loc":{"start":{"line":13,"column":40},"end":{"line":17,"column":3}}},"2":{"name":"(anonymous_6)","decl":{"start":{"line":26,"column":2},"end":{"line":27,"column":26}},"loc":{"start":{"line":29,"column":26},"end":{"line":34,"column":3}}}},"branchMap":{"0":{"loc":{"start":{"line":7,"column":36},"end":{"line":null,"column":-1}},"type":"binary-expr","locations":[{"start":{"line":7,"column":36},"end":{"line":null,"column":-1}},{"start":{"line":7,"column":36},"end":{"line":null,"column":-1}}]},"1":{"loc":{"start":{"line":7,"column":26},"end":{"line":7,"column":36}},"type":"binary-expr","locations":[{"start":{"line":7,"column":26},"end":{"line":7,"column":36}}]},"2":{"loc":{"start":{"line":31,"column":4},"end":{"line":33,"column":5}},"type":"if","locations":[{"start":{"line":31,"column":4},"end":{"line":33,"column":5}},{"start":{"line":31,"column":4},"end":{"line":33,"column":5}}]},"3":{"loc":{"start":{"line":28,"column":23},"end":{"line":29,"column":15}},"type":"binary-expr","locations":[{"start":{"line":28,"column":23},"end":{"line":29,"column":15}},{"start":{"line":28,"column":23},"end":{"line":29,"column":15}}]},"4":{"loc":{"start":{"line":28,"column":14},"end":{"line":28,"column":23}},"type":"binary-expr","locations":[{"start":{"line":28,"column":14},"end":{"line":28,"column":23}}]},"5":{"loc":{"start":{"line":28,"column":23},"end":{"line":29,"column":26}},"type":"binary-expr","locations":[{"start":{"line":28,"column":23},"end":{"line":29,"column":26}},{"start":{"line":29,"column":26},"end":{"line":null,"column":-1}},{"start":{"line":29,"column":26},"end":{"line":null,"column":-1}}]},"6":{"loc":{"start":{"line":28,"column":23},"end":{"line":29,"column":26}},"type":"binary-expr","locations":[{"start":{"line":28,"column":23},"end":{"line":29,"column":26}},{"start":{"line":29,"column":16},"end":{"line":29,"column":26}}]}},"s":{"0":2,"1":2,"2":9,"3":1,"4":1,"5":2,"6":2,"7":2,"8":2,"9":16,"10":8,"11":2,"12":2},"f":{"0":9,"1":1,"2":16},"b":{"0":[2,0],"1":[2],"2":[8,8],"3":[2,0],"4":[2],"5":[2,2,0],"6":[2,2]}}}}