{"numFailedTestSuites":0,"numFailedTests":0,"numPassedTestSuites":66,"numPassedTests":203,"numPendingTestSuites":0,"numPendingTests":2,"numRuntimeErrorTestSuites":0,"numTotalTestSuites":66,"numTotalTests":205,"snapshot":{"added":0,"didUpdate":false,"failure":false,"filesAdded":0,"filesRemoved":0,"filesUnmatched":0,"filesUpdated":0,"matched":56,"total":56,"unchecked":0,"uncheckedKeys":[],"unmatched":0,"updated":0},"startTime":1522076310223,"success":true,"testResults":[{"assertionResults":[{"ancestorTitles":["List Item Primary Text"],"failureMessages":[],"fullName":"List Item Primary Text should match snapshot","location":null,"status":"passed","title":"should match snapshot"}],"endTime":1522076316064,"message":"","name":"/Users/brianm/Desktop/Cross-Cutting/Web DS/ignite-design-system/src/text/list-item-primary-text.component.spec.ts","startTime":1522076311483,"status":"passed","summary":""},{"assertionResults":[{"ancestorTitles":["Empty State Title"],"failureMessages":[],"fullName":"Empty State Title should match snapshot","location":null,"status":"passed","title":"should match snapshot"}],"endTime":1522076316065,"message":"","name":"/Users/brianm/Desktop/Cross-Cutting/Web DS/ignite-design-system/src/empty-state/empty-state-title.component.spec.ts","startTime":1522076311483,"status":"passed","summary":""},{"assertionResults":[{"ancestorTitles":["Divider"],"failureMessages":[],"fullName":"Divider should match snapshot","location":null,"status":"passed","title":"should match snapshot"}],"endTime":1522076316068,"message":"","name":"/Users/brianm/Desktop/Cross-Cutting/Web DS/ignite-design-system/src/divider/divider.component.spec.ts","startTime":1522076311508,"status":"passed","summary":""},{"assertionResults":[{"ancestorTitles":["Empty State"],"failureMessages":[],"fullName":"Empty State should match snapshot","location":null,"status":"passed","title":"should match snapshot"}],"endTime":1522076316160,"message":"","name":"/Users/brianm/Desktop/Cross-Cutting/Web DS/ignite-design-system/src/empty-state/empty-state.component.spec.ts","startTime":1522076311519,"status":"passed","summary":""},{"assertionResults":[{"ancestorTitles":["List Item Content"],"failureMessages":[],"fullName":"List Item Content should match snapshot","location":null,"status":"passed","title":"should match snapshot"}],"endTime":1522076316599,"message":"","name":"/Users/brianm/Desktop/Cross-Cutting/Web DS/ignite-design-system/src/list-item/list-item-content.component.spec.ts","startTime":1522076311483,"status":"passed","summary":""},{"assertionResults":[{"ancestorTitles":["Info Banner"],"failureMessages":[],"fullName":"Info Banner should match snapshot","location":null,"status":"passed","title":"should match snapshot"}],"endTime":1522076316814,"message":"","name":"/Users/brianm/Desktop/Cross-Cutting/Web DS/ignite-design-system/src/info-banner/info-banner.component.spec.ts","startTime":1522076316378,"status":"passed","summary":""},{"assertionResults":[{"ancestorTitles":["List Item"],"failureMessages":[],"fullName":"List Item should match snapshot","location":null,"status":"passed","title":"should match snapshot"}],"endTime":1522076316826,"message":"","name":"/Users/brianm/Desktop/Cross-Cutting/Web DS/ignite-design-system/src/list-item/list-item.component.spec.ts","startTime":1522076316429,"status":"passed","summary":""},{"assertionResults":[{"ancestorTitles":["Right Drawer"],"failureMessages":[],"fullName":"Right Drawer should create title-container if title is set","location":null,"status":"passed","title":"should create title-container if title is set"},{"ancestorTitles":["Right Drawer"],"failureMessages":[],"fullName":"Right Drawer should net create title-container if title is not set","location":null,"status":"passed","title":"should net create title-container if title is not set"},{"ancestorTitles":["Right Drawer"],"failureMessages":[],"fullName":"Right Drawer should set title","location":null,"status":"passed","title":"should set title"},{"ancestorTitles":["Right Drawer"],"failureMessages":[],"fullName":"Right Drawer should emit openChange event","location":null,"status":"passed","title":"should emit openChange event"},{"ancestorTitles":["Right Drawer"],"failureMessages":[],"fullName":"Right Drawer should call closeDrawer when click event emitted","location":null,"status":"passed","title":"should call closeDrawer when click event emitted"},{"ancestorTitles":["Right Drawer"],"failureMessages":[],"fullName":"Right Drawer should call toggleDrawer when click event emitted","location":null,"status":"passed","title":"should call toggleDrawer when click event emitted"},{"ancestorTitles":["Right Drawer"],"failureMessages":[],"fullName":"Right Drawer should set open to false when click event emitted","location":null,"status":"passed","title":"should set open to false when click event emitted"},{"ancestorTitles":["Right Drawer"],"failureMessages":[],"fullName":"Right Drawer should match snapshot","location":null,"status":"passed","title":"should match snapshot"}],"endTime":1522076316904,"message":"","name":"/Users/brianm/Desktop/Cross-Cutting/Web DS/ignite-design-system/src/right-drawer/right-drawer.component.spec.ts","startTime":1522076311506,"status":"passed","summary":""},{"assertionResults":[{"ancestorTitles":["Text List Item"],"failureMessages":[],"fullName":"Text List Item Should set primary text","location":null,"status":"passed","title":"Should set primary text"},{"ancestorTitles":["Text List Item"],"failureMessages":[],"fullName":"Text List Item Should set secondary text","location":null,"status":"passed","title":"Should set secondary text"},{"ancestorTitles":["Text List Item"],"failureMessages":[],"fullName":"Text List Item Should set tertiary text","location":null,"status":"passed","title":"Should set tertiary text"},{"ancestorTitles":["Text List Item"],"failureMessages":[],"fullName":"Text List Item Should set secondary text to displayed primary text if no primary text provided","location":null,"status":"passed","title":"Should set secondary text to displayed primary text if no primary text provided"},{"ancestorTitles":["Text List Item"],"failureMessages":[],"fullName":"Text List Item Should set tertiary text to displayed secondary text if no primary text provided","location":null,"status":"passed","title":"Should set tertiary text to displayed secondary text if no primary text provided"},{"ancestorTitles":["Text List Item"],"failureMessages":[],"fullName":"Text List Item Should show only primary text if no other text provided","location":null,"status":"passed","title":"Should show only primary text if no other text provided"},{"ancestorTitles":["Text List Item"],"failureMessages":[],"fullName":"Text List Item should match snapshot","location":null,"status":"passed","title":"should match snapshot"}],"endTime":1522076317491,"message":"","name":"/Users/brianm/Desktop/Cross-Cutting/Web DS/ignite-design-system/src/text-list-item/text-list-item.component.spec.ts","startTime":1522076316347,"status":"passed","summary":""},{"assertionResults":[{"ancestorTitles":["Empty State Image"],"failureMessages":[],"fullName":"Empty State Image should match snapshot","location":null,"status":"passed","title":"should match snapshot"}],"endTime":1522076317295,"message":"","name":"/Users/brianm/Desktop/Cross-Cutting/Web DS/ignite-design-system/src/empty-state/empty-state-image.component.spec.ts","startTime":1522076316887,"status":"passed","summary":""},{"assertionResults":[{"ancestorTitles":["List Container"],"failureMessages":[],"fullName":"List Container should match snapshot","location":null,"status":"passed","title":"should match snapshot"}],"endTime":1522076317479,"message":"","name":"/Users/brianm/Desktop/Cross-Cutting/Web DS/ignite-design-system/src/list-item/list-container.component.spec.ts","startTime":1522076317098,"status":"passed","summary":""},{"assertionResults":[{"ancestorTitles":["Page"],"failureMessages":[],"fullName":"Page should match snapshot","location":null,"status":"passed","title":"should match snapshot"}],"endTime":1522076317620,"message":"","name":"/Users/brianm/Desktop/Cross-Cutting/Web DS/ignite-design-system/src/page/page.component.spec.ts","startTime":1522076317220,"status":"passed","summary":""},{"assertionResults":[{"ancestorTitles":["Nestable Form"],"failureMessages":[],"fullName":"Nestable Form should pass formGroup","location":null,"status":"passed","title":"should pass formGroup"},{"ancestorTitles":["Nestable Form"],"failureMessages":[],"fullName":"Nestable Form should pass nuNestableForm","location":null,"status":"passed","title":"should pass nuNestableForm"}],"endTime":1522076317956,"message":"","name":"/Users/brianm/Desktop/Cross-Cutting/Web DS/ignite-design-system/src/form/nestable-form/nestable-form.directive.spec.ts","startTime":1522076317613,"status":"passed","summary":""},{"assertionResults":[{"ancestorTitles":["Expandable Search","Search button"],"failureMessages":[],"fullName":"Expandable Search Search button Should display when search not expanded","location":null,"status":"passed","title":"Should display when search not expanded"},{"ancestorTitles":["Expandable Search","Search button"],"failureMessages":[],"fullName":"Expandable Search Search button Should expand search on click","location":null,"status":"passed","title":"Should expand search on click"},{"ancestorTitles":["Expandable Search","When search is expanded","Cancel search button"],"failureMessages":[],"fullName":"Expandable Search When search is expanded Cancel search button Should display","location":null,"status":"passed","title":"Should display"},{"ancestorTitles":["Expandable Search","When search is expanded","Cancel search button","On click"],"failureMessages":[],"fullName":"Expandable Search When search is expanded Cancel search button On click Should collapse cancel search button","location":null,"status":"passed","title":"Should collapse cancel search button"},{"ancestorTitles":["Expandable Search","When search is expanded","Cancel search button","On click"],"failureMessages":[],"fullName":"Expandable Search When search is expanded Cancel search button On click Should clear search input value","location":null,"status":"passed","title":"Should clear search input value"},{"ancestorTitles":["Expandable Search","When search is expanded","Cancel search button","On click"],"failureMessages":[],"fullName":"Expandable Search When search is expanded Cancel search button On click Should call emitSearchEvents","location":null,"status":"passed","title":"Should call emitSearchEvents"},{"ancestorTitles":["Expandable Search","When search is expanded","Cancel search button","On click"],"failureMessages":[],"fullName":"Expandable Search When search is expanded Cancel search button On click Should emit searchEvent","location":null,"status":"passed","title":"Should emit searchEvent"},{"ancestorTitles":["Expandable Search","When search is expanded","Expanded search field"],"failureMessages":[],"fullName":"Expandable Search When search is expanded Expanded search field Should display","location":null,"status":"passed","title":"Should display"},{"ancestorTitles":["Expandable Search","When search is expanded","Expanded search field","On key up"],"failureMessages":[],"fullName":"Expandable Search When search is expanded Expanded search field On key up Should call emitSearchEvents","location":null,"status":"passed","title":"Should call emitSearchEvents"},{"ancestorTitles":["Expandable Search","When search is expanded","Expanded search field","On key up"],"failureMessages":[],"fullName":"Expandable Search When search is expanded Expanded search field On key up Should emit searchEvent","location":null,"status":"passed","title":"Should emit searchEvent"},{"ancestorTitles":["Expandable Search","When search is expanded","Search clear button"],"failureMessages":[],"fullName":"Expandable Search When search is expanded Search clear button Should display when value present","location":null,"status":"passed","title":"Should display when value present"},{"ancestorTitles":["Expandable Search","When search is expanded","Search clear button","When clicked"],"failureMessages":[],"fullName":"Expandable Search When search is expanded Search clear button When clicked Should remove value","location":null,"status":"passed","title":"Should remove value"},{"ancestorTitles":["Expandable Search","When search is expanded","Search clear button"],"failureMessages":[],"fullName":"Expandable Search When search is expanded Search clear button Should call emitSearchEvents","location":null,"status":"passed","title":"Should call emitSearchEvents"},{"ancestorTitles":["Expandable Search","When search is expanded","Search clear button"],"failureMessages":[],"fullName":"Expandable Search When search is expanded Search clear button Should emit searchEvent","location":null,"status":"passed","title":"Should emit searchEvent"},{"ancestorTitles":["Expandable Search"],"failureMessages":[],"fullName":"Expandable Search Should match snapshot","location":null,"status":"passed","title":"Should match snapshot"}],"endTime":1522076318049,"message":"","name":"/Users/brianm/Desktop/Cross-Cutting/Web DS/ignite-design-system/src/expandable-search/expandable-search.component.spec.ts","startTime":1522076311507,"status":"passed","summary":""},{"assertionResults":[{"ancestorTitles":["Hub Card"],"failureMessages":[],"fullName":"Hub Card should set background color if valid color provided","location":null,"status":"passed","title":"should set background color if valid color provided"},{"ancestorTitles":["Hub Card"],"failureMessages":[],"fullName":"Hub Card should not set background color if invalid color provided","location":null,"status":"passed","title":"should not set background color if invalid color provided"},{"ancestorTitles":["Hub Card"],"failureMessages":[],"fullName":"Hub Card should not set background color if no value passed","location":null,"status":"passed","title":"should not set background color if no value passed"},{"ancestorTitles":["Hub Card"],"failureMessages":[],"fullName":"Hub Card should call handleClick when click event emitted","location":null,"status":"passed","title":"should call handleClick when click event emitted"},{"ancestorTitles":["Hub Card"],"failureMessages":[],"fullName":"Hub Card should call handleClick when keyup.enter event emitted","location":null,"status":"passed","title":"should call handleClick when keyup.enter event emitted"},{"ancestorTitles":["Hub Card"],"failureMessages":[],"fullName":"Hub Card should set icon if valid icon passed","location":null,"status":"passed","title":"should set icon if valid icon passed"},{"ancestorTitles":["Hub Card"],"failureMessages":[],"fullName":"Hub Card should not set icon if invalid icon passed","location":null,"status":"passed","title":"should not set icon if invalid icon passed"},{"ancestorTitles":["Hub Card"],"failureMessages":[],"fullName":"Hub Card should not set icon if no value passed","location":null,"status":"passed","title":"should not set icon if no value passed"},{"ancestorTitles":["Hub Card"],"failureMessages":[],"fullName":"Hub Card should set text","location":null,"status":"passed","title":"should set text"},{"ancestorTitles":["Hub Card"],"failureMessages":[],"fullName":"Hub Card should match snapshot","location":null,"status":"passed","title":"should match snapshot"}],"endTime":1522076317982,"message":"","name":"/Users/brianm/Desktop/Cross-Cutting/Web DS/ignite-design-system/src/hub-card/hub-card.component.spec.ts","startTime":1522076317137,"status":"passed","summary":""},{"assertionResults":[{"ancestorTitles":["Select Container"],"failureMessages":[],"fullName":"Select Container should match snapshot","location":null,"status":"passed","title":"should match snapshot"}],"endTime":1522076317818,"message":"","name":"/Users/brianm/Desktop/Cross-Cutting/Web DS/ignite-design-system/src/select-container/select-container.component.spec.ts","startTime":1522076317501,"status":"passed","summary":""},{"assertionResults":[{"ancestorTitles":["List Content Card"],"failureMessages":[],"fullName":"List Content Card should match snapshot","location":null,"status":"passed","title":"should match snapshot"}],"endTime":1522076318423,"message":"","name":"/Users/brianm/Desktop/Cross-Cutting/Web DS/ignite-design-system/src/list-content/list-content-card/list-content-card.component.spec.ts","startTime":1522076318072,"status":"passed","summary":""},{"assertionResults":[{"ancestorTitles":["List Item Secondary Text"],"failureMessages":[],"fullName":"List Item Secondary Text should match snapshot","location":null,"status":"passed","title":"should match snapshot"}],"endTime":1522076318245,"message":"","name":"/Users/brianm/Desktop/Cross-Cutting/Web DS/ignite-design-system/src/text/list-item-secondary-text.component.spec.ts","startTime":1522076317863,"status":"passed","summary":""},{"assertionResults":[{"ancestorTitles":["List Selection Add Button"],"failureMessages":[],"fullName":"List Selection Add Button should match snapshot","location":null,"status":"passed","title":"should match snapshot"}],"endTime":1522076318559,"message":"","name":"/Users/brianm/Desktop/Cross-Cutting/Web DS/ignite-design-system/src/list-selection/list-selection-add-button/list-selection-add-button.component.spec.ts","startTime":1522076318259,"status":"passed","summary":""},{"assertionResults":[{"ancestorTitles":["Accessible Click"],"failureMessages":[],"fullName":"Accessible Click should trigger onAccessibleClick when keyup.enter event emitted","location":null,"status":"passed","title":"should trigger onAccessibleClick when keyup.enter event emitted"},{"ancestorTitles":["Accessible Click"],"failureMessages":[],"fullName":"Accessible Click should trigger onAccessibleClick when keyup.space event emitted","location":null,"status":"passed","title":"should trigger onAccessibleClick when keyup.space event emitted"},{"ancestorTitles":["Accessible Click"],"failureMessages":[],"fullName":"Accessible Click should run the code inside onAccessibleClick","location":null,"status":"passed","title":"should run the code inside onAccessibleClick"},{"ancestorTitles":["Accessible Click"],"failureMessages":[],"fullName":"Accessible Click should not trigger onAccessibleClick with routerLink in button","location":null,"status":"pending","title":"should not trigger onAccessibleClick with routerLink in button"},{"ancestorTitles":["Accessible Click"],"failureMessages":[],"fullName":"Accessible Click should not trigger onAccessibleClick with routerLink in anchor","location":null,"status":"pending","title":"should not trigger onAccessibleClick with routerLink in anchor"}],"endTime":1522076318754,"message":"","name":"/Users/brianm/Desktop/Cross-Cutting/Web DS/ignite-design-system/src/accessibility/accessible-click.directive.spec.ts","startTime":1522076318204,"status":"passed","summary":""},{"assertionResults":[{"ancestorTitles":["Date Range"],"failureMessages":[],"fullName":"Date Range should clear end date when start date after end date is selected","location":null,"status":"passed","title":"should clear end date when start date after end date is selected"},{"ancestorTitles":["Date Range"],"failureMessages":[],"fullName":"Date Range should replace the start date with the end date and clear the end date when an end date before the start date is chosen","location":null,"status":"passed","title":"should replace the start date with the end date and clear the end date when an end date before the start date is chosen"}],"endTime":1522076318841,"message":"","name":"/Users/brianm/Desktop/Cross-Cutting/Web DS/ignite-design-system/src/date-range/date-range.component.unit.spec.ts","startTime":1522076318585,"status":"passed","summary":""},{"assertionResults":[{"ancestorTitles":["List Selection Search"],"failureMessages":[],"fullName":"List Selection Search should match snapshot","location":null,"status":"passed","title":"should match snapshot"}],"endTime":1522076318800,"message":"","name":"/Users/brianm/Desktop/Cross-Cutting/Web DS/ignite-design-system/src/list-selection/list-selection-search/list-selection-search.component.spec.ts","startTime":1522076318442,"status":"passed","summary":""},{"assertionResults":[{"ancestorTitles":["Card Actions"],"failureMessages":[],"fullName":"Card Actions should match snapshot","location":null,"status":"passed","title":"should match snapshot"}],"endTime":1522076318979,"message":"","name":"/Users/brianm/Desktop/Cross-Cutting/Web DS/ignite-design-system/src/card/card-actions/card-actions.component.spec.ts","startTime":1522076318785,"status":"passed","summary":""},{"assertionResults":[{"ancestorTitles":["Date Range"],"failureMessages":[],"fullName":"Date Range should match snapshot","location":null,"status":"passed","title":"should match snapshot"}],"endTime":1522076318815,"message":"","name":"/Users/brianm/Desktop/Cross-Cutting/Web DS/ignite-design-system/src/date-range/date-range.component.spec.ts","startTime":1522076317882,"status":"passed","summary":""},{"assertionResults":[{"ancestorTitles":["Expandable Fab"],"failureMessages":[],"fullName":"Expandable Fab should trigger handleClick when click event emitted","location":null,"status":"passed","title":"should trigger handleClick when click event emitted"},{"ancestorTitles":["Expandable Fab"],"failureMessages":[],"fullName":"Expandable Fab should set activeClass(null) when handleClick triggered","location":null,"status":"passed","title":"should set activeClass(null) when handleClick triggered"},{"ancestorTitles":["Expandable Fab"],"failureMessages":[],"fullName":"Expandable Fab should set activeClass(!null) when handleClick triggered","location":null,"status":"passed","title":"should set activeClass(!null) when handleClick triggered"},{"ancestorTitles":["Expandable Fab"],"failureMessages":[],"fullName":"Expandable Fab should have active classes if isOpen is true","location":null,"status":"passed","title":"should have active classes if isOpen is true"},{"ancestorTitles":["Expandable Fab"],"failureMessages":[],"fullName":"Expandable Fab should not have active class if isOpen is false","location":null,"status":"passed","title":"should not have active class if isOpen is false"},{"ancestorTitles":["Expandable Fab"],"failureMessages":[],"fullName":"Expandable Fab should match snapshot","location":null,"status":"passed","title":"should match snapshot"}],"endTime":1522076318812,"message":"","name":"/Users/brianm/Desktop/Cross-Cutting/Web DS/ignite-design-system/src/expandable-fab/expandable-fab.component.spec.ts","startTime":1522076317973,"status":"passed","summary":""},{"assertionResults":[{"ancestorTitles":["Form Sizing Small"],"failureMessages":[],"fullName":"Form Sizing Small should set max-width to 192px","location":null,"status":"passed","title":"should set max-width to 192px"},{"ancestorTitles":["Form Sizing Small"],"failureMessages":[],"fullName":"Form Sizing Small should set flex to 1","location":null,"status":"passed","title":"should set flex to 1"}],"endTime":1522076319160,"message":"","name":"/Users/brianm/Desktop/Cross-Cutting/Web DS/ignite-design-system/src/form/form-sizing/sizing-small.directive.spec.ts","startTime":1522076318870,"status":"passed","summary":""},{"assertionResults":[{"ancestorTitles":["Card Section SubTitle"],"failureMessages":[],"fullName":"Card Section SubTitle should match snapshot","location":null,"status":"passed","title":"should match snapshot"}],"endTime":1522076319244,"message":"","name":"/Users/brianm/Desktop/Cross-Cutting/Web DS/ignite-design-system/src/card/card-section-subtitle/card-section-subtitle.component.spec.ts","startTime":1522076319016,"status":"passed","summary":""},{"assertionResults":[{"ancestorTitles":["List Selection"],"failureMessages":[],"fullName":"List Selection should match snapshot","location":null,"status":"passed","title":"should match snapshot"}],"endTime":1522076319259,"message":"","name":"/Users/brianm/Desktop/Cross-Cutting/Web DS/ignite-design-system/src/list-selection/list-selection.component.spec.ts","startTime":1522076318962,"status":"passed","summary":""},{"assertionResults":[{"ancestorTitles":["Field"],"failureMessages":[],"fullName":"Field should set label input","location":null,"status":"passed","title":"should set label input"},{"ancestorTitles":["Field"],"failureMessages":[],"fullName":"Field should match snapshot","location":null,"status":"passed","title":"should match snapshot"},{"ancestorTitles":["FieldInlineComponent"],"failureMessages":[],"fullName":"FieldInlineComponent should set label input","location":null,"status":"passed","title":"should set label input"},{"ancestorTitles":["FieldInlineComponent"],"failureMessages":[],"fullName":"FieldInlineComponent should match snapshot","location":null,"status":"passed","title":"should match snapshot"},{"ancestorTitles":["EditableFieldComponent"],"failureMessages":[],"fullName":"EditableFieldComponent should set label input","location":null,"status":"passed","title":"should set label input"},{"ancestorTitles":["EditableFieldComponent"],"failureMessages":[],"fullName":"EditableFieldComponent should show mode_edit icon when none specified","location":null,"status":"passed","title":"should show mode_edit icon when none specified"},{"ancestorTitles":["EditableFieldComponent"],"failureMessages":[],"fullName":"EditableFieldComponent should show user defined icon when none specified","location":null,"status":"passed","title":"should show user defined icon when none specified"},{"ancestorTitles":["EditableFieldComponent"],"failureMessages":[],"fullName":"EditableFieldComponent should call handleClick when click event emitted","location":null,"status":"passed","title":"should call handleClick when click event emitted"},{"ancestorTitles":["EditableFieldComponent"],"failureMessages":[],"fullName":"EditableFieldComponent should match snapshot","location":null,"status":"passed","title":"should match snapshot"},{"ancestorTitles":["EditableFieldInlineComponent"],"failureMessages":[],"fullName":"EditableFieldInlineComponent should match snapshot","location":null,"status":"passed","title":"should match snapshot"}],"endTime":1522076319283,"message":"","name":"/Users/brianm/Desktop/Cross-Cutting/Web DS/ignite-design-system/src/field/field.component.spec.ts","startTime":1522076318585,"status":"passed","summary":""},{"assertionResults":[{"ancestorTitles":["Card Toolbar"],"failureMessages":[],"fullName":"Card Toolbar should match snapshot","location":null,"status":"passed","title":"should match snapshot"}],"endTime":1522076319507,"message":"","name":"/Users/brianm/Desktop/Cross-Cutting/Web DS/ignite-design-system/src/card/card-toolbar/card-toolbar.component.spec.ts","startTime":1522076319298,"status":"passed","summary":""},{"assertionResults":[{"ancestorTitles":["Card Container"],"failureMessages":[],"fullName":"Card Container should match snapshot","location":null,"status":"passed","title":"should match snapshot"}],"endTime":1522076319584,"message":"","name":"/Users/brianm/Desktop/Cross-Cutting/Web DS/ignite-design-system/src/card/card-container/card-container.component.spec.ts","startTime":1522076319299,"status":"passed","summary":""},{"assertionResults":[{"ancestorTitles":["Data Table Container"],"failureMessages":[],"fullName":"Data Table Container should set pageSize to given pageSize","location":null,"status":"passed","title":"should set pageSize to given pageSize"},{"ancestorTitles":["Data Table Container"],"failureMessages":[],"fullName":"Data Table Container should set pageSize to default pageSize","location":null,"status":"passed","title":"should set pageSize to default pageSize"},{"ancestorTitles":["Data Table Container"],"failureMessages":[],"fullName":"Data Table Container should set pageSizeOptions to given options","location":null,"status":"passed","title":"should set pageSizeOptions to given options"},{"ancestorTitles":["Data Table Container"],"failureMessages":[],"fullName":"Data Table Container should set pageSizeOptions to default page size options","location":null,"status":"passed","title":"should set pageSizeOptions to default page size options"},{"ancestorTitles":["Data Table Container"],"failureMessages":[],"fullName":"Data Table Container should call emitPageEvents if page event is triggered","location":null,"status":"passed","title":"should call emitPageEvents if page event is triggered"},{"ancestorTitles":["Data Table Container"],"failureMessages":[],"fullName":"Data Table Container should emit paginatorEvent if page event is triggered","location":null,"status":"passed","title":"should emit paginatorEvent if page event is triggered"},{"ancestorTitles":["Data Table Container"],"failureMessages":[],"fullName":"Data Table Container should match snapshot","location":null,"status":"passed","title":"should match snapshot"}],"endTime":1522076319441,"message":"","name":"/Users/brianm/Desktop/Cross-Cutting/Web DS/ignite-design-system/src/data-table-container/data-table-container.component.spec.ts","startTime":1522076316321,"status":"passed","summary":""},{"assertionResults":[{"ancestorTitles":["Form Sizing Medium"],"failureMessages":[],"fullName":"Form Sizing Medium should set max-width to 256px","location":null,"status":"passed","title":"should set max-width to 256px"},{"ancestorTitles":["Form Sizing Medium"],"failureMessages":[],"fullName":"Form Sizing Medium should set max-width to 256px for ignSizeMedium and nuSizeMedium set to true","location":null,"status":"passed","title":"should set max-width to 256px for ignSizeMedium and nuSizeMedium set to true"},{"ancestorTitles":["Form Sizing Medium"],"failureMessages":[],"fullName":"Form Sizing Medium should set max-width to 256px for ignSizeMedium and nuSizeMedium set to null","location":null,"status":"passed","title":"should set max-width to 256px for ignSizeMedium and nuSizeMedium set to null"},{"ancestorTitles":["Form Sizing Medium"],"failureMessages":[],"fullName":"Form Sizing Medium should set flex to 2","location":null,"status":"passed","title":"should set flex to 2"},{"ancestorTitles":["Form Sizing Medium"],"failureMessages":[],"fullName":"Form Sizing Medium should set flex to 2 for nuSizeMedium and ignSizeMedium set to true","location":null,"status":"passed","title":"should set flex to 2 for nuSizeMedium and ignSizeMedium set to true"},{"ancestorTitles":["Form Sizing Medium"],"failureMessages":[],"fullName":"Form Sizing Medium should set flex to 2 for nuSizeMedium and ignSizeMedium set to null","location":null,"status":"passed","title":"should set flex to 2 for nuSizeMedium and ignSizeMedium set to null"},{"ancestorTitles":["Form Sizing Medium","NgOnChanges"],"failureMessages":[],"fullName":"Form Sizing Medium NgOnChanges should set max-width to 256px once triggered","location":null,"status":"passed","title":"should set max-width to 256px once triggered"},{"ancestorTitles":["Form Sizing Medium","NgOnChanges"],"failureMessages":[],"fullName":"Form Sizing Medium NgOnChanges should set flex to 2 once triggered","location":null,"status":"passed","title":"should set flex to 2 once triggered"}],"endTime":1522076319622,"message":"","name":"/Users/brianm/Desktop/Cross-Cutting/Web DS/ignite-design-system/src/form/form-sizing/sizing-medium.directive.spec.ts","startTime":1522076318991,"status":"passed","summary":""},{"assertionResults":[{"ancestorTitles":["List Selection Item"],"failureMessages":[],"fullName":"List Selection Item should emit onClick event","location":null,"status":"passed","title":"should emit onClick event"},{"ancestorTitles":["List Selection Item"],"failureMessages":[],"fullName":"List Selection Item should set da attribute","location":null,"status":"passed","title":"should set da attribute"},{"ancestorTitles":["List Selection Item"],"failureMessages":[],"fullName":"List Selection Item should set da to default value if no title passed","location":null,"status":"passed","title":"should set da to default value if no title passed"},{"ancestorTitles":["List Selection Item"],"failureMessages":[],"fullName":"List Selection Item should set title","location":null,"status":"passed","title":"should set title"},{"ancestorTitles":["List Selection Item"],"failureMessages":[],"fullName":"List Selection Item should not set title if not provided","location":null,"status":"passed","title":"should not set title if not provided"},{"ancestorTitles":["List Selection Item"],"failureMessages":[],"fullName":"List Selection Item should set subtitle","location":null,"status":"passed","title":"should set subtitle"},{"ancestorTitles":["List Selection Item"],"failureMessages":[],"fullName":"List Selection Item should not set subtitle if not provided","location":null,"status":"passed","title":"should not set subtitle if not provided"},{"ancestorTitles":["List Selection Item"],"failureMessages":[],"fullName":"List Selection Item should match snapshot","location":null,"status":"passed","title":"should match snapshot"}],"endTime":1522076319735,"message":"","name":"/Users/brianm/Desktop/Cross-Cutting/Web DS/ignite-design-system/src/list-selection/list-selection-item/list-selection-item.component.spec.ts","startTime":1522076319179,"status":"passed","summary":""},{"assertionResults":[{"ancestorTitles":["Card Aside"],"failureMessages":[],"fullName":"Card Aside should match snapshot","location":null,"status":"passed","title":"should match snapshot"}],"endTime":1522076319743,"message":"","name":"/Users/brianm/Desktop/Cross-Cutting/Web DS/ignite-design-system/src/card/card-aside/card-aside.component.spec.ts","startTime":1522076319521,"status":"passed","summary":""},{"assertionResults":[{"ancestorTitles":["Form Sizing Large"],"failureMessages":[],"fullName":"Form Sizing Large should set max-width to 448px","location":null,"status":"passed","title":"should set max-width to 448px"},{"ancestorTitles":["Form Sizing Large"],"failureMessages":[],"fullName":"Form Sizing Large should set max-width to 448px for ignSizeLarge and nuSizeLarge set to true","location":null,"status":"passed","title":"should set max-width to 448px for ignSizeLarge and nuSizeLarge set to true"},{"ancestorTitles":["Form Sizing Large"],"failureMessages":[],"fullName":"Form Sizing Large should set max-width to 448px for ignSizeLarge and nuSizeLarge set to null","location":null,"status":"passed","title":"should set max-width to 448px for ignSizeLarge and nuSizeLarge set to null"},{"ancestorTitles":["Form Sizing Large"],"failureMessages":[],"fullName":"Form Sizing Large should set flex to 3","location":null,"status":"passed","title":"should set flex to 3"},{"ancestorTitles":["Form Sizing Large"],"failureMessages":[],"fullName":"Form Sizing Large should set flex to 3 for nuSizeLarge and ignSizeLarge set to true","location":null,"status":"passed","title":"should set flex to 3 for nuSizeLarge and ignSizeLarge set to true"},{"ancestorTitles":["Form Sizing Large"],"failureMessages":[],"fullName":"Form Sizing Large should set flex to 3 for nuSizeLarge and ignSizeLarge set to null","location":null,"status":"passed","title":"should set flex to 3 for nuSizeLarge and ignSizeLarge set to null"},{"ancestorTitles":["Form Sizing Large","NgOnChanges"],"failureMessages":[],"fullName":"Form Sizing Large NgOnChanges should set max-width to 448px once ngOnChanges is triggered","location":null,"status":"passed","title":"should set max-width to 448px once ngOnChanges is triggered"},{"ancestorTitles":["Form Sizing Large","NgOnChanges"],"failureMessages":[],"fullName":"Form Sizing Large NgOnChanges should set flex to 3 once ngOnChanges is triggered","location":null,"status":"passed","title":"should set flex to 3 once ngOnChanges is triggered"}],"endTime":1522076319736,"message":"","name":"/Users/brianm/Desktop/Cross-Cutting/Web DS/ignite-design-system/src/form/form-sizing/sizing-large.directive.spec.ts","startTime":1522076319067,"status":"passed","summary":""},{"assertionResults":[{"ancestorTitles":["Footer"],"failureMessages":[],"fullName":"Footer should match snapshot","location":null,"status":"passed","title":"should match snapshot"}],"endTime":1522076319886,"message":"","name":"/Users/brianm/Desktop/Cross-Cutting/Web DS/ignite-design-system/src/footer/footer.component.spec.ts","startTime":1522076319649,"status":"passed","summary":""},{"assertionResults":[{"ancestorTitles":["Card Header Container"],"failureMessages":[],"fullName":"Card Header Container should match snapshot","location":null,"status":"passed","title":"should match snapshot"}],"endTime":1522076319972,"message":"","name":"/Users/brianm/Desktop/Cross-Cutting/Web DS/ignite-design-system/src/card/card-header-container/card-header-container.component.spec.ts","startTime":1522076319754,"status":"passed","summary":""},{"assertionResults":[{"ancestorTitles":["List Content Empty State"],"failureMessages":[],"fullName":"List Content Empty State should match snapshot","location":null,"status":"passed","title":"should match snapshot"}],"endTime":1522076319974,"message":"","name":"/Users/brianm/Desktop/Cross-Cutting/Web DS/ignite-design-system/src/list-content/list-content-empty-state/list-content-empty-state.component.spec.ts","startTime":1522076319766,"status":"passed","summary":""},{"assertionResults":[{"ancestorTitles":["Side Nav List Item"],"failureMessages":[],"fullName":"Side Nav List Item should set icon","location":null,"status":"passed","title":"should set icon"},{"ancestorTitles":["Side Nav List Item"],"failureMessages":[],"fullName":"Side Nav List Item should set description","location":null,"status":"passed","title":"should set description"},{"ancestorTitles":["Side Nav List Item"],"failureMessages":[],"fullName":"Side Nav List Item should emit onClick when click event emitted","location":null,"status":"passed","title":"should emit onClick when click event emitted"},{"ancestorTitles":["Side Nav List Item"],"failureMessages":[],"fullName":"Side Nav List Item should call handleClick when keyup.enter event emitted","location":null,"status":"passed","title":"should call handleClick when keyup.enter event emitted"},{"ancestorTitles":["Side Nav List Item"],"failureMessages":[],"fullName":"Side Nav List Item should call handleClick when keyup.space event emitted","location":null,"status":"passed","title":"should call handleClick when keyup.space event emitted"},{"ancestorTitles":["Side Nav List Item"],"failureMessages":[],"fullName":"Side Nav List Item should emit onClick event with key value","location":null,"status":"passed","title":"should emit onClick event with key value"},{"ancestorTitles":["Side Nav List Item"],"failureMessages":[],"fullName":"Side Nav List Item should match snapshot","location":null,"status":"passed","title":"should match snapshot"}],"endTime":1522076320114,"message":"","name":"/Users/brianm/Desktop/Cross-Cutting/Web DS/ignite-design-system/src/sidenav/sidenav-list-item/sidenav-list-item.component.spec.ts","startTime":1522076319595,"status":"passed","summary":""},{"assertionResults":[{"ancestorTitles":["NavListComponent"],"failureMessages":[],"fullName":"NavListComponent should match snapshot","location":null,"status":"passed","title":"should match snapshot"}],"endTime":1522076320131,"message":"","name":"/Users/brianm/Desktop/Cross-Cutting/Web DS/ignite-design-system/src/nav-list/nav-list.component.spec.ts","startTime":1522076319748,"status":"passed","summary":""},{"assertionResults":[{"ancestorTitles":["Button Group"],"failureMessages":[],"fullName":"Button Group should match snapshot","location":null,"status":"passed","title":"should match snapshot"}],"endTime":1522076320212,"message":"","name":"/Users/brianm/Desktop/Cross-Cutting/Web DS/ignite-design-system/src/button-group/button-group.component.spec.ts","startTime":1522076319986,"status":"passed","summary":""},{"assertionResults":[{"ancestorTitles":["List Content"],"failureMessages":[],"fullName":"List Content should match snapshot","location":null,"status":"passed","title":"should match snapshot"}],"endTime":1522076320231,"message":"","name":"/Users/brianm/Desktop/Cross-Cutting/Web DS/ignite-design-system/src/list-content/list-content.component.spec.ts","startTime":1522076319990,"status":"passed","summary":""},{"assertionResults":[{"ancestorTitles":["List Content Unselected State"],"failureMessages":[],"fullName":"List Content Unselected State should match snapshot","location":null,"status":"passed","title":"should match snapshot"}],"endTime":1522076320355,"message":"","name":"/Users/brianm/Desktop/Cross-Cutting/Web DS/ignite-design-system/src/list-content/list-content-unselected-state/list-content-unselected-state.component.spec.ts","startTime":1522076320129,"status":"passed","summary":""},{"assertionResults":[{"ancestorTitles":["Error Banner"],"failureMessages":[],"fullName":"Error Banner should match snapshot","location":null,"status":"passed","title":"should match snapshot"}],"endTime":1522076320094,"message":"","name":"/Users/brianm/Desktop/Cross-Cutting/Web DS/ignite-design-system/src/error-banner/error-banner.component.spec.ts","startTime":1522076319665,"status":"passed","summary":""},{"assertionResults":[{"ancestorTitles":["Side Nav List"],"failureMessages":[],"fullName":"Side Nav List should match snapshot","location":null,"status":"passed","title":"should match snapshot"}],"endTime":1522076320464,"message":"","name":"/Users/brianm/Desktop/Cross-Cutting/Web DS/ignite-design-system/src/sidenav/sidenav-list/sidenav-list.component.spec.ts","startTime":1522076320223,"status":"passed","summary":""},{"assertionResults":[{"ancestorTitles":["Loading Container"],"failureMessages":[],"fullName":"Loading Container should have spinner-container if loading","location":null,"status":"passed","title":"should have spinner-container if loading"},{"ancestorTitles":["Loading Container"],"failureMessages":[],"fullName":"Loading Container should not have spinner-container if not loading","location":null,"status":"passed","title":"should not have spinner-container if not loading"},{"ancestorTitles":["Loading Container"],"failureMessages":[],"fullName":"Loading Container should match snapshot","location":null,"status":"passed","title":"should match snapshot"}],"endTime":1522076320495,"message":"","name":"/Users/brianm/Desktop/Cross-Cutting/Web DS/ignite-design-system/src/loading-container/loading-container.component.spec.ts","startTime":1522076319909,"status":"passed","summary":""},{"assertionResults":[{"ancestorTitles":["Card Main"],"failureMessages":[],"fullName":"Card Main should match snapshot","location":null,"status":"passed","title":"should match snapshot"}],"endTime":1522076320512,"message":"","name":"/Users/brianm/Desktop/Cross-Cutting/Web DS/ignite-design-system/src/card/card-main/card-main.component.spec.ts","startTime":1522076320270,"status":"passed","summary":""},{"assertionResults":[{"ancestorTitles":["Form Group"],"failureMessages":[],"fullName":"Form Group should match snapshot","location":null,"status":"passed","title":"should match snapshot"}],"endTime":1522076320630,"message":"","name":"/Users/brianm/Desktop/Cross-Cutting/Web DS/ignite-design-system/src/form/form-group/form-group.component.spec.ts","startTime":1522076320365,"status":"passed","summary":""},{"assertionResults":[{"ancestorTitles":["Card Section"],"failureMessages":[],"fullName":"Card Section should match snapshot","location":null,"status":"passed","title":"should match snapshot"}],"endTime":1522076320631,"message":"","name":"/Users/brianm/Desktop/Cross-Cutting/Web DS/ignite-design-system/src/card/card-section/card-section.component.spec.ts","startTime":1522076320424,"status":"passed","summary":""},{"assertionResults":[{"ancestorTitles":["Expandable Fab Item"],"failureMessages":[],"fullName":"Expandable Fab Item should set tooltipText","location":null,"status":"passed","title":"should set tooltipText"},{"ancestorTitles":["Expandable Fab Item"],"failureMessages":[],"fullName":"Expandable Fab Item should set icon","location":null,"status":"passed","title":"should set icon"},{"ancestorTitles":["Expandable Fab Item"],"failureMessages":[],"fullName":"Expandable Fab Item should set href","location":null,"status":"passed","title":"should set href"},{"ancestorTitles":["Expandable Fab Item"],"failureMessages":[],"fullName":"Expandable Fab Item should emit clicked event","location":null,"status":"passed","title":"should emit clicked event"},{"ancestorTitles":["Expandable Fab Item"],"failureMessages":[],"fullName":"Expandable Fab Item should match snapshot","location":null,"status":"passed","title":"should match snapshot"}],"endTime":1522076320673,"message":"","name":"/Users/brianm/Desktop/Cross-Cutting/Web DS/ignite-design-system/src/expandable-fab/expandable-fab-item.component.spec.ts","startTime":1522076320151,"status":"passed","summary":""},{"assertionResults":[{"ancestorTitles":["Right Align Container"],"failureMessages":[],"fullName":"Right Align Container Should match snapshot","location":null,"status":"passed","title":"Should match snapshot"}],"endTime":1522076320744,"message":"","name":"/Users/brianm/Desktop/Cross-Cutting/Web DS/ignite-design-system/src/right-align-container/right-align-container.component.spec.ts","startTime":1522076320506,"status":"passed","summary":""},{"assertionResults":[{"ancestorTitles":["Center"],"failureMessages":[],"fullName":"Center should match snapshot","location":null,"status":"passed","title":"should match snapshot"}],"endTime":1522076320761,"message":"","name":"/Users/brianm/Desktop/Cross-Cutting/Web DS/ignite-design-system/src/center/center.component.spec.ts","startTime":1522076320525,"status":"passed","summary":""},{"assertionResults":[{"ancestorTitles":["Card Section Title"],"failureMessages":[],"fullName":"Card Section Title should match snapshot","location":null,"status":"passed","title":"should match snapshot"}],"endTime":1522076320885,"message":"","name":"/Users/brianm/Desktop/Cross-Cutting/Web DS/ignite-design-system/src/card/card-section-title/card-section-title.component.spec.ts","startTime":1522076320645,"status":"passed","summary":""},{"assertionResults":[{"ancestorTitles":["Card Subtitle"],"failureMessages":[],"fullName":"Card Subtitle should match snapshot","location":null,"status":"passed","title":"should match snapshot"}],"endTime":1522076320928,"message":"","name":"/Users/brianm/Desktop/Cross-Cutting/Web DS/ignite-design-system/src/card/card-subtitle/card-subtitle.component.spec.ts","startTime":1522076320695,"status":"passed","summary":""},{"assertionResults":[{"ancestorTitles":["Form Sizing Full"],"failureMessages":[],"fullName":"Form Sizing Full should set max-width to 100%","location":null,"status":"passed","title":"should set max-width to 100%"},{"ancestorTitles":["Form Sizing Full"],"failureMessages":[],"fullName":"Form Sizing Full should set width to 100%","location":null,"status":"passed","title":"should set width to 100%"}],"endTime":1522076320948,"message":"","name":"/Users/brianm/Desktop/Cross-Cutting/Web DS/ignite-design-system/src/form/form-sizing/sizing-full.directive.spec.ts","startTime":1522076320642,"status":"passed","summary":""},{"assertionResults":[{"ancestorTitles":["Side Nav Header"],"failureMessages":[],"fullName":"Side Nav Header should set title","location":null,"status":"passed","title":"should set title"},{"ancestorTitles":["Side Nav Header"],"failureMessages":[],"fullName":"Side Nav Header should not set title if no title set","location":null,"status":"passed","title":"should not set title if no title set"},{"ancestorTitles":["Side Nav Header"],"failureMessages":[],"fullName":"Side Nav Header should set subtitle","location":null,"status":"passed","title":"should set subtitle"},{"ancestorTitles":["Side Nav Header"],"failureMessages":[],"fullName":"Side Nav Header should not set subtitle if no subtitle set","location":null,"status":"passed","title":"should not set subtitle if no subtitle set"},{"ancestorTitles":["Side Nav Header"],"failureMessages":[],"fullName":"Side Nav Header should match snapshot","location":null,"status":"passed","title":"should match snapshot"}],"endTime":1522076321072,"message":"","name":"/Users/brianm/Desktop/Cross-Cutting/Web DS/ignite-design-system/src/sidenav/sidenav-header/sidenav-header.component.spec.ts","startTime":1522076320531,"status":"passed","summary":""},{"assertionResults":[{"ancestorTitles":["List Content Panel"],"failureMessages":[],"fullName":"List Content Panel should match snapshot","location":null,"status":"passed","title":"should match snapshot"}],"endTime":1522076321145,"message":"","name":"/Users/brianm/Desktop/Cross-Cutting/Web DS/ignite-design-system/src/list-content/list-content-panel/list-content-panel.component.spec.ts","startTime":1522076320790,"status":"passed","summary":""},{"assertionResults":[{"ancestorTitles":["Nestable Form","when a parent nestable form exists"],"failureMessages":[],"fullName":"Nestable Form when a parent nestable form exists should register to the parent","location":null,"status":"passed","title":"should register to the parent"},{"ancestorTitles":["Nestable Form","when a parent nestable form exists","when the child has errors"],"failureMessages":[],"fullName":"Nestable Form when a parent nestable form exists when the child has errors should make the parent form invalid","location":null,"status":"passed","title":"should make the parent form invalid"},{"ancestorTitles":["Nestable Form","when a parent nestable form exists","when the child form is destroyed"],"failureMessages":[],"fullName":"Nestable Form when a parent nestable form exists when the child form is destroyed should unregiser from the parent","location":null,"status":"passed","title":"should unregiser from the parent"},{"ancestorTitles":["Nestable Form","when a parent nestable form exists"],"failureMessages":[],"fullName":"Nestable Form when a parent nestable form exists should not register itself as a parent","location":null,"status":"passed","title":"should not register itself as a parent"}],"endTime":1522076321181,"message":"","name":"/Users/brianm/Desktop/Cross-Cutting/Web DS/ignite-design-system/src/form/nestable-form/nestable-form.directive.unit.spec.ts","startTime":1522076320910,"status":"passed","summary":""},{"assertionResults":[{"ancestorTitles":["List Selection Search"],"failureMessages":[],"fullName":"List Selection Search should emit to filterInput$ when value set in FormControl","location":null,"status":"passed","title":"should emit to filterInput$ when value set in FormControl"},{"ancestorTitles":["List Selection Search"],"failureMessages":[],"fullName":"List Selection Search should emit to filterInput$ once when same value set twice in FormControl","location":null,"status":"passed","title":"should emit to filterInput$ once when same value set twice in FormControl"},{"ancestorTitles":["List Selection Search"],"failureMessages":[],"fullName":"List Selection Search should emit to filterInput$ once when same value with spaces set twice in FormControl","location":null,"status":"passed","title":"should emit to filterInput$ once when same value with spaces set twice in FormControl"},{"ancestorTitles":["List Selection Search"],"failureMessages":[],"fullName":"List Selection Search should emit to filterInput$ twice when two different values set in FormControl","location":null,"status":"passed","title":"should emit to filterInput$ twice when two different values set in FormControl"},{"ancestorTitles":["List Selection Search"],"failureMessages":[],"fullName":"List Selection Search should not emit to filterInput$ if empty value emitted by FormControl","location":null,"status":"passed","title":"should not emit to filterInput$ if empty value emitted by FormControl"}],"endTime":1522076321325,"message":"","name":"/Users/brianm/Desktop/Cross-Cutting/Web DS/ignite-design-system/src/list-selection/list-selection-search/list-selection-search.component.unit.spec.ts","startTime":1522076321086,"status":"passed","summary":""},{"assertionResults":[{"ancestorTitles":["Card Title"],"failureMessages":[],"fullName":"Card Title should match snapshot","location":null,"status":"passed","title":"should match snapshot"}],"endTime":1522076321391,"message":"","name":"/Users/brianm/Desktop/Cross-Cutting/Web DS/ignite-design-system/src/card/card-title/card-title.component.spec.ts","startTime":1522076321160,"status":"passed","summary":""},{"assertionResults":[{"ancestorTitles":["Accessible View"],"failureMessages":[],"fullName":"Accessible View should set tabindex for attribute directive with no tabindex defined in element","location":null,"status":"passed","title":"should set tabindex for attribute directive with no tabindex defined in element"},{"ancestorTitles":["Accessible View"],"failureMessages":[],"fullName":"Accessible View should not set tabindex for attribute directive with tabindex defined in element","location":null,"status":"passed","title":"should not set tabindex for attribute directive with tabindex defined in element"},{"ancestorTitles":["Accessible View"],"failureMessages":[],"fullName":"Accessible View should set tabindex for element with no tabindex defined in element","location":null,"status":"passed","title":"should set tabindex for element with no tabindex defined in element"},{"ancestorTitles":["Accessible View"],"failureMessages":[],"fullName":"Accessible View should set tabindex for element with tabindex defined","location":null,"status":"passed","title":"should set tabindex for element with tabindex defined"}],"endTime":1522076321401,"message":"","name":"/Users/brianm/Desktop/Cross-Cutting/Web DS/ignite-design-system/src/accessibility/accessible-view.directive.spec.ts","startTime":1522076320942,"status":"passed","summary":""},{"assertionResults":[{"ancestorTitles":["List Filter"],"failureMessages":[],"fullName":"List Filter should have a call length of 1 if no searchterms are emitted","location":null,"status":"passed","title":"should have a call length of 1 if no searchterms are emitted"},{"ancestorTitles":["List Filter"],"failureMessages":[],"fullName":"List Filter should not filter values if no searchterms are emitted","location":null,"status":"passed","title":"should not filter values if no searchterms are emitted"},{"ancestorTitles":["List Filter"],"failureMessages":[],"fullName":"List Filter should filter values based on emitted searchterm","location":null,"status":"passed","title":"should filter values based on emitted searchterm"},{"ancestorTitles":["List Filter"],"failureMessages":[],"fullName":"List Filter should not filter if incorrect filter term type is passed","location":null,"status":"passed","title":"should not filter if incorrect filter term type is passed"}],"endTime":1522076321430,"message":"","name":"/Users/brianm/Desktop/Cross-Cutting/Web DS/ignite-design-system/src/list-selection/list-selection-search/list-filter.pipe.unit.spec.ts","startTime":1522076321198,"status":"passed","summary":""},{"assertionResults":[{"ancestorTitles":["Empty State Description"],"failureMessages":[],"fullName":"Empty State Description should match snapshot","location":null,"status":"passed","title":"should match snapshot"}],"endTime":1522076321535,"message":"","name":"/Users/brianm/Desktop/Cross-Cutting/Web DS/ignite-design-system/src/empty-state/empty-state-description.component.spec.ts","startTime":1522076320757,"status":"passed","summary":""},{"assertionResults":[{"ancestorTitles":["Scrape Component","When calling scrape"],"failureMessages":[],"fullName":"Scrape Component When calling scrape should return null if data not returned","location":null,"status":"passed","title":"should return null if data not returned"},{"ancestorTitles":["Scrape Component","When calling scrape"],"failureMessages":[],"fullName":"Scrape Component When calling scrape should return empty list if no data is returned","location":null,"status":"passed","title":"should return empty list if no data is returned"},{"ancestorTitles":["Scrape Component","When calling scrape"],"failureMessages":[],"fullName":"Scrape Component When calling scrape should return pageData if data was returned","location":null,"status":"passed","title":"should return pageData if data was returned"},{"ancestorTitles":["Scrape Component","When calling parsePage"],"failureMessages":[],"fullName":"Scrape Component When calling parsePage should return page information for a page with status complete","location":null,"status":"passed","title":"should return page information for a page with status complete"},{"ancestorTitles":["Scrape Component","When calling parsePage"],"failureMessages":[],"fullName":"Scrape Component When calling parsePage should not return page information for a page with status not complete","location":null,"status":"passed","title":"should not return page information for a page with status not complete"},{"ancestorTitles":["Scrape Component","When calling parsePage"],"failureMessages":[],"fullName":"Scrape Component When calling parsePage should not return page information for a page with no status","location":null,"status":"passed","title":"should not return page information for a page with no status"},{"ancestorTitles":["Scrape Component","When calling imageDownload"],"failureMessages":[],"fullName":"Scrape Component When calling imageDownload should return imageId if given valid image src","location":null,"status":"passed","title":"should return imageId if given valid image src"},{"ancestorTitles":["Scrape Component","When calling imageDownload"],"failureMessages":[],"fullName":"Scrape Component When calling imageDownload should not imageId if given invalid image src","location":null,"status":"passed","title":"should not imageId if given invalid image src"}],"endTime":1522076344127,"message":"","name":"/Users/brianm/Desktop/Cross-Cutting/Web DS/ignite-design-system/scraper-component/src/scraper.unit.spec.ts","startTime":1522076321003,"status":"passed","summary":""},{"assertionResults":[{"ancestorTitles":["Parser","When parse is called"],"failureMessages":[],"fullName":"Parser When parse is called should return an empty array if no pages are given","location":null,"status":"passed","title":"should return an empty array if no pages are given"},{"ancestorTitles":["Parser","When parse is called"],"failureMessages":[],"fullName":"Parser When parse is called should return parsed pages if pages are given","location":null,"status":"passed","title":"should return parsed pages if pages are given"},{"ancestorTitles":["Parser","When there are no segments"],"failureMessages":[],"fullName":"Parser When there are no segments should return parsed page with Intro subheaders","location":null,"status":"passed","title":"should return parsed page with Intro subheaders"},{"ancestorTitles":["Parser","When there are multiple segments"],"failureMessages":[],"fullName":"Parser When there are multiple segments should return all segments of the page","location":null,"status":"passed","title":"should return all segments of the page"},{"ancestorTitles":["Parser","When code is present"],"failureMessages":[],"fullName":"Parser When code is present should return parsed TS code","location":null,"status":"passed","title":"should return parsed TS code"},{"ancestorTitles":["Parser","When code is present"],"failureMessages":[],"fullName":"Parser When code is present should return parsed HTML code","location":null,"status":"passed","title":"should return parsed HTML code"},{"ancestorTitles":["Parser","When parseIntro is called"],"failureMessages":[],"fullName":"Parser When parseIntro is called should return relevant text and image subheaders","location":null,"status":"passed","title":"should return relevant text and image subheaders"},{"ancestorTitles":["Parser","When parseIntro is called"],"failureMessages":[],"fullName":"Parser When parseIntro is called should only return text subheaders if image is not found in downloaded image list","location":null,"status":"passed","title":"should only return text subheaders if image is not found in downloaded image list"},{"ancestorTitles":["Parser","When trim is called"],"failureMessages":[],"fullName":"Parser When trim is called should remove all extraneous whitespace","location":null,"status":"passed","title":"should remove all extraneous whitespace"},{"ancestorTitles":["Parser","When trim is called"],"failureMessages":[],"fullName":"Parser When trim is called should remove all tags except anchors","location":null,"status":"passed","title":"should remove all tags except anchors"},{"ancestorTitles":["Parser","When trim is called"],"failureMessages":[],"fullName":"Parser When trim is called should not format escaped characters if passed code","location":null,"status":"passed","title":"should not format escaped characters if passed code"},{"ancestorTitles":["Parser","When traverseListElement is called"],"failureMessages":[],"fullName":"Parser When traverseListElement is called should return all subheaders in list","location":null,"status":"passed","title":"should return all subheaders in list"},{"ancestorTitles":["Parser","When traverseListElement is called"],"failureMessages":[],"fullName":"Parser When traverseListElement is called should return list parsed in correct order","location":null,"status":"passed","title":"should return list parsed in correct order"},{"ancestorTitles":["Parser","When traverseListElement is called"],"failureMessages":[],"fullName":"Parser When traverseListElement is called should contain enclosed texts and images","location":null,"status":"passed","title":"should contain enclosed texts and images"},{"ancestorTitles":["Parser","When traverseTableElement is called"],"failureMessages":[],"fullName":"Parser When traverseTableElement is called should return all subheaders in table","location":null,"status":"passed","title":"should return all subheaders in table"},{"ancestorTitles":["Parser","When traverseTableElement is called"],"failureMessages":[],"fullName":"Parser When traverseTableElement is called should return table parsed in correct order","location":null,"status":"passed","title":"should return table parsed in correct order"},{"ancestorTitles":["Parser","When traverseTableElement is called"],"failureMessages":[],"fullName":"Parser When traverseTableElement is called should contain enclosed texts and images","location":null,"status":"passed","title":"should contain enclosed texts and images"},{"ancestorTitles":["Parser","When findAncestorElement is called"],"failureMessages":[],"fullName":"Parser When findAncestorElement is called should return true if ancestor element is found","location":null,"status":"passed","title":"should return true if ancestor element is found"},{"ancestorTitles":["Parser","When findAncestorElement is called"],"failureMessages":[],"fullName":"Parser When findAncestorElement is called should return false if ancestor element is not found","location":null,"status":"passed","title":"should return false if ancestor element is not found"}],"endTime":1522076344590,"message":"","name":"/Users/brianm/Desktop/Cross-Cutting/Web DS/ignite-design-system/parser-component/src/index.spec.ts","startTime":1522076319262,"status":"passed","summary":""}],"wasInterrupted":false,"coverageMap":{"/Users/brianm/Desktop/Cross-Cutting/Web DS/ignite-design-system/src/page/page.component.ts":{"path":"/Users/brianm/Desktop/Cross-Cutting/Web DS/ignite-design-system/src/page/page.component.ts","statementMap":{"0":{"start":{"line":1,"column":0},"end":{"line":1,"column":41}},"1":{"start":{"line":21,"column":0},"end":{"line":21,"column":29}},"2":{"start":{"line":21,"column":13},"end":{"line":21,"column":29}},"3":{"start":{"line":21,"column":13},"end":{"line":21,"column":26}}},"fnMap":{},"branchMap":{},"s":{"0":15,"1":15,"2":15,"3":15},"f":{},"b":{}},"/Users/brianm/Desktop/Cross-Cutting/Web DS/ignite-design-system/src/right-drawer/right-drawer.component.ts":{"path":"/Users/brianm/Desktop/Cross-Cutting/Web DS/ignite-design-system/src/right-drawer/right-drawer.component.ts","statementMap":{"0":{"start":{"line":1,"column":0},"end":{"line":1,"column":78}},"1":{"start":{"line":12,"column":0},"end":{"line":34,"column":1}},"2":{"start":{"line":13,"column":11},"end":{"line":13,"column":24}},"3":{"start":{"line":14,"column":11},"end":{"line":14,"column":29}},"4":{"start":{"line":16,"column":12},"end":{"line":16,"column":53}},"5":{"start":{"line":19,"column":4},"end":{"line":19,"column":51}},"6":{"start":{"line":23,"column":4},"end":{"line":23,"column":23}},"7":{"start":{"line":24,"column":4},"end":{"line":24,"column":33}},"8":{"start":{"line":28,"column":4},"end":{"line":28,"column":29}},"9":{"start":{"line":32,"column":4},"end":{"line":32,"column":28}},"10":{"start":{"line":15,"column":11},"end":{"line":15,"column":25}},"11":{"start":{"line":12,"column":13},"end":{"line":34,"column":1}},"12":{"start":{"line":12,"column":13},"end":{"line":12,"column":33}}},"fnMap":{"0":{"name":"(anonymous_2)","decl":{"start":{"line":4,"column":0},"end":{"line":null,"column":-1}},"loc":{"start":{"line":4,"column":0},"end":{"line":34,"column":1}}},"1":{"name":"(anonymous_3)","decl":{"start":{"line":18,"column":2},"end":{"line":18,"column":9}},"loc":{"start":{"line":18,"column":10},"end":{"line":20,"column":3}}},"2":{"name":"(anonymous_4)","decl":{"start":{"line":22,"column":2},"end":{"line":22,"column":13}},"loc":{"start":{"line":22,"column":30},"end":{"line":25,"column":3}}},"3":{"name":"(anonymous_5)","decl":{"start":{"line":27,"column":2},"end":{"line":27,"column":12}},"loc":{"start":{"line":27,"column":13},"end":{"line":29,"column":3}}},"4":{"name":"(anonymous_6)","decl":{"start":{"line":31,"column":2},"end":{"line":31,"column":11}},"loc":{"start":{"line":31,"column":12},"end":{"line":33,"column":3}}}},"branchMap":{"0":{"loc":{"start":{"line":19,"column":22},"end":{"line":19,"column":36}},"type":"binary-expr","locations":[{"start":{"line":19,"column":22},"end":{"line":19,"column":36}},{"start":{"line":19,"column":40},"end":{"line":19,"column":49}}]}},"s":{"0":15,"1":15,"2":23,"3":23,"4":23,"5":8,"6":12,"7":12,"8":4,"9":0,"10":15,"11":15,"12":15},"f":{"0":8,"1":8,"2":12,"3":4,"4":0},"b":{"0":[8,8]}},"/Users/brianm/Desktop/Cross-Cutting/Web DS/ignite-design-system/src/right-drawer/right-drawer.html":{"path":"/Users/brianm/Desktop/Cross-Cutting/Web DS/ignite-design-system/src/right-drawer/right-drawer.html","statementMap":{"0":{"start":{"line":1,"column":0},"end":{"line":16,"column":2}}},"fnMap":{},"branchMap":{},"s":{"0":15},"f":{},"b":{},"_coverageSchema":"332fd63041d2c1bcb487cc26dd0d5f7d97098a6c","hash":"1987f5d767bcc22e5d627dc5d48ea0346b45eb79"},"/Users/brianm/Desktop/Cross-Cutting/Web DS/ignite-design-system/src/sidenav/index.ts":{"path":"/Users/brianm/Desktop/Cross-Cutting/Web DS/ignite-design-system/src/sidenav/index.ts","statementMap":{"0":{"start":{"line":1,"column":0},"end":{"line":1,"column":39}},"1":{"start":{"line":2,"column":0},"end":{"line":2,"column":37}},"2":{"start":{"line":3,"column":0},"end":{"line":3,"column":42}}},"fnMap":{},"branchMap":{},"s":{"0":15,"1":15,"2":15},"f":{},"b":{}},"/Users/brianm/Desktop/Cross-Cutting/Web DS/ignite-design-system/src/sidenav/sidenav-header/index.ts":{"path":"/Users/brianm/Desktop/Cross-Cutting/Web DS/ignite-design-system/src/sidenav/sidenav-header/index.ts","statementMap":{"0":{"start":{"line":1,"column":0},"end":{"line":1,"column":43}}},"fnMap":{},"branchMap":{},"s":{"0":16},"f":{},"b":{}},"/Users/brianm/Desktop/Cross-Cutting/Web DS/ignite-design-system/src/sidenav/sidenav-header/sidenav-header.component.ts":{"path":"/Users/brianm/Desktop/Cross-Cutting/Web DS/ignite-design-system/src/sidenav/sidenav-header/sidenav-header.component.ts","statementMap":{"0":{"start":{"line":1,"column":0},"end":{"line":1,"column":48}},"1":{"start":{"line":8,"column":0},"end":{"line":11,"column":1}},"2":{"start":{"line":9,"column":11},"end":{"line":9,"column":25}},"3":{"start":{"line":10,"column":11},"end":{"line":10,"column":28}},"4":{"start":{"line":8,"column":13},"end":{"line":11,"column":1}},"5":{"start":{"line":8,"column":13},"end":{"line":8,"column":35}}},"fnMap":{},"branchMap":{},"s":{"0":16,"1":16,"2":16,"3":16,"4":16,"5":16},"f":{},"b":{}},"/Users/brianm/Desktop/Cross-Cutting/Web DS/ignite-design-system/src/sidenav/sidenav-header/sidenav-header.html":{"path":"/Users/brianm/Desktop/Cross-Cutting/Web DS/ignite-design-system/src/sidenav/sidenav-header/sidenav-header.html","statementMap":{"0":{"start":{"line":1,"column":0},"end":{"line":20,"column":8}}},"fnMap":{},"branchMap":{},"s":{"0":16},"f":{},"b":{},"_coverageSchema":"332fd63041d2c1bcb487cc26dd0d5f7d97098a6c","hash":"7d28536804081418150efee168262a2eedf929fc"},"/Users/brianm/Desktop/Cross-Cutting/Web DS/ignite-design-system/src/sidenav/sidenav-list/index.ts":{"path":"/Users/brianm/Desktop/Cross-Cutting/Web DS/ignite-design-system/src/sidenav/sidenav-list/index.ts","statementMap":{"0":{"start":{"line":1,"column":0},"end":{"line":1,"column":41}}},"fnMap":{},"branchMap":{},"s":{"0":16},"f":{},"b":{}},"/Users/brianm/Desktop/Cross-Cutting/Web DS/ignite-design-system/src/sidenav/sidenav-list/sidenav-list.component.ts":{"path":"/Users/brianm/Desktop/Cross-Cutting/Web DS/ignite-design-system/src/sidenav/sidenav-list/sidenav-list.component.ts","statementMap":{"0":{"start":{"line":1,"column":0},"end":{"line":1,"column":41}},"1":{"start":{"line":8,"column":0},"end":{"line":8,"column":36}},"2":{"start":{"line":8,"column":13},"end":{"line":8,"column":36}},"3":{"start":{"line":8,"column":13},"end":{"line":8,"column":33}}},"fnMap":{},"branchMap":{},"s":{"0":16,"1":16,"2":16,"3":16},"f":{},"b":{}},"/Users/brianm/Desktop/Cross-Cutting/Web DS/ignite-design-system/src/sidenav/sidenav-list/sidenav-list.html":{"path":"/Users/brianm/Desktop/Cross-Cutting/Web DS/ignite-design-system/src/sidenav/sidenav-list/sidenav-list.html","statementMap":{"0":{"start":{"line":1,"column":0},"end":{"line":1,"column":43}}},"fnMap":{},"branchMap":{},"s":{"0":16},"f":{},"b":{},"_coverageSchema":"332fd63041d2c1bcb487cc26dd0d5f7d97098a6c","hash":"1e1ad5202ddbf44bb53cd39e24120dafd419dd49"},"/Users/brianm/Desktop/Cross-Cutting/Web DS/ignite-design-system/src/sidenav/sidenav-list-item/index.ts":{"path":"/Users/brianm/Desktop/Cross-Cutting/Web DS/ignite-design-system/src/sidenav/sidenav-list-item/index.ts","statementMap":{"0":{"start":{"line":1,"column":0},"end":{"line":1,"column":46}}},"fnMap":{},"branchMap":{},"s":{"0":16},"f":{},"b":{}},"/Users/brianm/Desktop/Cross-Cutting/Web DS/ignite-design-system/src/sidenav/sidenav-list-item/sidenav-list-item.component.ts":{"path":"/Users/brianm/Desktop/Cross-Cutting/Web DS/ignite-design-system/src/sidenav/sidenav-list-item/sidenav-list-item.component.ts","statementMap":{"0":{"start":{"line":1,"column":0},"end":{"line":8,"column":22}},"1":{"start":{"line":16,"column":0},"end":{"line":29,"column":1}},"2":{"start":{"line":20,"column":12},"end":{"line":20,"column":63}},"3":{"start":{"line":25,"column":4},"end":{"line":25,"column":27}},"4":{"start":{"line":27,"column":4},"end":{"line":27,"column":32}},"5":{"start":{"line":17,"column":11},"end":{"line":17,"column":24}},"6":{"start":{"line":18,"column":11},"end":{"line":18,"column":31}},"7":{"start":{"line":19,"column":11},"end":{"line":19,"column":23}},"8":{"start":{"line":24,"column":2},"end":{"line":28,"column":3}},"9":{"start":{"line":16,"column":13},"end":{"line":29,"column":1}},"10":{"start":{"line":16,"column":13},"end":{"line":16,"column":37}}},"fnMap":{"0":{"name":"(anonymous_2)","decl":{"start":{"line":10,"column":0},"end":{"line":null,"column":-1}},"loc":{"start":{"line":10,"column":0},"end":{"line":29,"column":1}}},"1":{"name":"(anonymous_3)","decl":{"start":{"line":24,"column":2},"end":{"line":24,"column":12}},"loc":{"start":{"line":24,"column":26},"end":{"line":28,"column":3}}}},"branchMap":{"0":{"loc":{"start":{"line":20,"column":33},"end":{"line":null,"column":-1}},"type":"binary-expr","locations":[{"start":{"line":20,"column":33},"end":{"line":null,"column":-1}},{"start":{"line":20,"column":33},"end":{"line":null,"column":-1}}]},"1":{"loc":{"start":{"line":20,"column":21},"end":{"line":20,"column":33}},"type":"binary-expr","locations":[{"start":{"line":20,"column":21},"end":{"line":20,"column":33}}]}},"s":{"0":16,"1":16,"2":23,"3":4,"4":4,"5":16,"6":16,"7":16,"8":16,"9":16,"10":16},"f":{"0":7,"1":4},"b":{"0":[16,0],"1":[16]}},"/Users/brianm/Desktop/Cross-Cutting/Web DS/ignite-design-system/src/sidenav/sidenav-list-item/sidenav-list-item.html":{"path":"/Users/brianm/Desktop/Cross-Cutting/Web DS/ignite-design-system/src/sidenav/sidenav-list-item/sidenav-list-item.html","statementMap":{"0":{"start":{"line":1,"column":0},"end":{"line":7,"column":6}}},"fnMap":{},"branchMap":{},"s":{"0":16},"f":{},"b":{},"_coverageSchema":"332fd63041d2c1bcb487cc26dd0d5f7d97098a6c","hash":"c1f71cdd8f316166d664dfcae799ee852e14c339"},"/Users/brianm/Desktop/Cross-Cutting/Web DS/ignite-design-system/src/divider/divider.component.ts":{"path":"/Users/brianm/Desktop/Cross-Cutting/Web DS/ignite-design-system/src/divider/divider.component.ts","statementMap":{"0":{"start":{"line":1,"column":0},"end":{"line":1,"column":41}},"1":{"start":{"line":17,"column":0},"end":{"line":17,"column":32}},"2":{"start":{"line":17,"column":13},"end":{"line":17,"column":32}},"3":{"start":{"line":17,"column":13},"end":{"line":17,"column":29}}},"fnMap":{},"branchMap":{},"s":{"0":15,"1":15,"2":15,"3":15},"f":{},"b":{}},"/Users/brianm/Desktop/Cross-Cutting/Web DS/ignite-design-system/src/list-item/list-item.component.ts":{"path":"/Users/brianm/Desktop/Cross-Cutting/Web DS/ignite-design-system/src/list-item/list-item.component.ts","statementMap":{"0":{"start":{"line":1,"column":0},"end":{"line":1,"column":41}},"1":{"start":{"line":19,"column":0},"end":{"line":19,"column":33}},"2":{"start":{"line":19,"column":13},"end":{"line":19,"column":33}},"3":{"start":{"line":19,"column":13},"end":{"line":19,"column":30}},"4":{"start":{"line":34,"column":0},"end":{"line":34,"column":40}},"5":{"start":{"line":34,"column":13},"end":{"line":34,"column":40}},"6":{"start":{"line":34,"column":13},"end":{"line":34,"column":37}},"7":{"start":{"line":48,"column":0},"end":{"line":48,"column":38}},"8":{"start":{"line":48,"column":13},"end":{"line":48,"column":38}},"9":{"start":{"line":48,"column":13},"end":{"line":48,"column":35}}},"fnMap":{},"branchMap":{},"s":{"0":15,"1":15,"2":15,"3":15,"4":15,"5":15,"6":15,"7":15,"8":15,"9":15},"f":{},"b":{}},"/Users/brianm/Desktop/Cross-Cutting/Web DS/ignite-design-system/src/list-content/index.ts":{"path":"/Users/brianm/Desktop/Cross-Cutting/Web DS/ignite-design-system/src/list-content/index.ts","statementMap":{"0":{"start":{"line":1,"column":0},"end":{"line":1,"column":41}},"1":{"start":{"line":2,"column":0},"end":{"line":2,"column":42}},"2":{"start":{"line":3,"column":0},"end":{"line":3,"column":49}},"3":{"start":{"line":4,"column":0},"end":{"line":4,"column":43}},"4":{"start":{"line":5,"column":0},"end":{"line":5,"column":54}}},"fnMap":{},"branchMap":{},"s":{"0":16,"1":16,"2":16,"3":16,"4":16},"f":{},"b":{}},"/Users/brianm/Desktop/Cross-Cutting/Web DS/ignite-design-system/src/list-content/list-content.component.ts":{"path":"/Users/brianm/Desktop/Cross-Cutting/Web DS/ignite-design-system/src/list-content/list-content.component.ts","statementMap":{"0":{"start":{"line":1,"column":0},"end":{"line":1,"column":41}},"1":{"start":{"line":8,"column":0},"end":{"line":10,"column":1}},"2":{"start":{"line":8,"column":13},"end":{"line":10,"column":1}},"3":{"start":{"line":8,"column":13},"end":{"line":8,"column":33}}},"fnMap":{},"branchMap":{},"s":{"0":16,"1":16,"2":16,"3":16},"f":{},"b":{}},"/Users/brianm/Desktop/Cross-Cutting/Web DS/ignite-design-system/src/list-content/list-content.html":{"path":"/Users/brianm/Desktop/Cross-Cutting/Web DS/ignite-design-system/src/list-content/list-content.html","statementMap":{"0":{"start":{"line":1,"column":0},"end":{"line":3,"column":2}}},"fnMap":{},"branchMap":{},"s":{"0":16},"f":{},"b":{},"_coverageSchema":"332fd63041d2c1bcb487cc26dd0d5f7d97098a6c","hash":"dbd23ce93d0e4846a99873a811c9e615b578ee56"},"/Users/brianm/Desktop/Cross-Cutting/Web DS/ignite-design-system/src/list-content/list-content-card/index.ts":{"path":"/Users/brianm/Desktop/Cross-Cutting/Web DS/ignite-design-system/src/list-content/list-content-card/index.ts","statementMap":{"0":{"start":{"line":1,"column":0},"end":{"line":1,"column":46}}},"fnMap":{},"branchMap":{},"s":{"0":17},"f":{},"b":{}},"/Users/brianm/Desktop/Cross-Cutting/Web DS/ignite-design-system/src/list-content/list-content-card/list-content-card.component.ts":{"path":"/Users/brianm/Desktop/Cross-Cutting/Web DS/ignite-design-system/src/list-content/list-content-card/list-content-card.component.ts","statementMap":{"0":{"start":{"line":1,"column":0},"end":{"line":1,"column":48}},"1":{"start":{"line":8,"column":0},"end":{"line":8,"column":40}},"2":{"start":{"line":8,"column":13},"end":{"line":8,"column":40}},"3":{"start":{"line":8,"column":13},"end":{"line":8,"column":37}}},"fnMap":{},"branchMap":{},"s":{"0":17,"1":17,"2":17,"3":17},"f":{},"b":{}},"/Users/brianm/Desktop/Cross-Cutting/Web DS/ignite-design-system/src/list-content/list-content-card/list-content-card.html":{"path":"/Users/brianm/Desktop/Cross-Cutting/Web DS/ignite-design-system/src/list-content/list-content-card/list-content-card.html","statementMap":{"0":{"start":{"line":1,"column":0},"end":{"line":4,"column":2}}},"fnMap":{},"branchMap":{},"s":{"0":17},"f":{},"b":{},"_coverageSchema":"332fd63041d2c1bcb487cc26dd0d5f7d97098a6c","hash":"e1796fde86780e354819d98df276691fa3c0bba1"},"/Users/brianm/Desktop/Cross-Cutting/Web DS/ignite-design-system/src/list-content/list-content-empty-state/index.ts":{"path":"/Users/brianm/Desktop/Cross-Cutting/Web DS/ignite-design-system/src/list-content/list-content-empty-state/index.ts","statementMap":{"0":{"start":{"line":1,"column":0},"end":{"line":1,"column":53}}},"fnMap":{},"branchMap":{},"s":{"0":16},"f":{},"b":{}},"/Users/brianm/Desktop/Cross-Cutting/Web DS/ignite-design-system/src/list-content/list-content-empty-state/list-content-empty-state.component.ts":{"path":"/Users/brianm/Desktop/Cross-Cutting/Web DS/ignite-design-system/src/list-content/list-content-empty-state/list-content-empty-state.component.ts","statementMap":{"0":{"start":{"line":1,"column":0},"end":{"line":1,"column":67}},"1":{"start":{"line":8,"column":0},"end":{"line":8,"column":46}},"2":{"start":{"line":8,"column":13},"end":{"line":8,"column":46}},"3":{"start":{"line":8,"column":13},"end":{"line":8,"column":43}}},"fnMap":{},"branchMap":{},"s":{"0":17,"1":17,"2":17,"3":17},"f":{},"b":{}},"/Users/brianm/Desktop/Cross-Cutting/Web DS/ignite-design-system/src/list-content/list-content-empty-state/list-content-empty-state.html":{"path":"/Users/brianm/Desktop/Cross-Cutting/Web DS/ignite-design-system/src/list-content/list-content-empty-state/list-content-empty-state.html","statementMap":{"0":{"start":{"line":1,"column":0},"end":{"line":1,"column":43}}},"fnMap":{},"branchMap":{},"s":{"0":17},"f":{},"b":{},"_coverageSchema":"332fd63041d2c1bcb487cc26dd0d5f7d97098a6c","hash":"b35a94ab7dc999745a379aeab6fc0824d7592522"},"/Users/brianm/Desktop/Cross-Cutting/Web DS/ignite-design-system/src/list-content/list-content-panel/index.ts":{"path":"/Users/brianm/Desktop/Cross-Cutting/Web DS/ignite-design-system/src/list-content/list-content-panel/index.ts","statementMap":{"0":{"start":{"line":1,"column":0},"end":{"line":1,"column":47}}},"fnMap":{},"branchMap":{},"s":{"0":17},"f":{},"b":{}},"/Users/brianm/Desktop/Cross-Cutting/Web DS/ignite-design-system/src/list-content/list-content-panel/list-content-panel.component.ts":{"path":"/Users/brianm/Desktop/Cross-Cutting/Web DS/ignite-design-system/src/list-content/list-content-panel/list-content-panel.component.ts","statementMap":{"0":{"start":{"line":1,"column":0},"end":{"line":1,"column":67}},"1":{"start":{"line":8,"column":0},"end":{"line":8,"column":41}},"2":{"start":{"line":8,"column":13},"end":{"line":8,"column":41}},"3":{"start":{"line":8,"column":13},"end":{"line":8,"column":38}}},"fnMap":{},"branchMap":{},"s":{"0":17,"1":17,"2":17,"3":17},"f":{},"b":{}},"/Users/brianm/Desktop/Cross-Cutting/Web DS/ignite-design-system/src/list-content/list-content-panel/list-content-panel.html":{
[...]
art":{"line":98,"column":28},"end":{"line":122,"column":29}},{"start":{"line":98,"column":28},"end":{"line":122,"column":29}}]},"8":{"loc":{"start":{"line":99,"column":32},"end":{"line":106,"column":33}},"type":"if","locations":[{"start":{"line":99,"column":32},"end":{"line":106,"column":33}},{"start":{"line":99,"column":32},"end":{"line":106,"column":33}}]},"9":{"loc":{"start":{"line":99,"column":36},"end":{"line":99,"column":76}},"type":"binary-expr","locations":[{"start":{"line":99,"column":36},"end":{"line":99,"column":76}},{"start":{"line":99,"column":80},"end":{"line":99,"column":117}},{"start":{"line":99,"column":121},"end":{"line":99,"column":158}}]},"10":{"loc":{"start":{"line":103,"column":36},"end":{"line":105,"column":37}},"type":"if","locations":[{"start":{"line":103,"column":36},"end":{"line":105,"column":37}},{"start":{"line":103,"column":36},"end":{"line":105,"column":37}}]},"11":{"loc":{"start":{"line":108,"column":33},"end":{"line":122,"column":29}},"type":"if","locations":[{"start":{"line":108,"column":33},"end":{"line":122,"column":29}},{"start":{"line":108,"column":33},"end":{"line":122,"column":29}}]},"12":{"loc":{"start":{"line":108,"column":37},"end":{"line":108,"column":49}},"type":"binary-expr","locations":[{"start":{"line":108,"column":37},"end":{"line":108,"column":49}},{"start":{"line":108,"column":53},"end":{"line":108,"column":65}}]},"13":{"loc":{"start":{"line":109,"column":32},"end":{"line":112,"column":33}},"type":"if","locations":[{"start":{"line":109,"column":32},"end":{"line":112,"column":33}},{"start":{"line":109,"column":32},"end":{"line":112,"column":33}}]},"14":{"loc":{"start":{"line":109,"column":36},"end":{"line":109,"column":76}},"type":"binary-expr","locations":[{"start":{"line":109,"column":36},"end":{"line":109,"column":76}},{"start":{"line":109,"column":80},"end":{"line":109,"column":117}},{"start":{"line":109,"column":121},"end":{"line":109,"column":158}}]},"15":{"loc":{"start":{"line":114,"column":33},"end":{"line":122,"column":29}},"type":"if","locations":[{"start":{"line":114,"column":33},"end":{"line":122,"column":29}},{"start":{"line":114,"column":33},"end":{"line":122,"column":29}}]},"16":{"loc":{"start":{"line":118,"column":33},"end":{"line":122,"column":29}},"type":"if","locations":[{"start":{"line":118,"column":33},"end":{"line":122,"column":29}},{"start":{"line":118,"column":33},"end":{"line":122,"column":29}}]},"17":{"loc":{"start":{"line":119,"column":32},"end":{"line":121,"column":33}},"type":"if","locations":[{"start":{"line":119,"column":32},"end":{"line":121,"column":33}},{"start":{"line":119,"column":32},"end":{"line":121,"column":33}}]},"18":{"loc":{"start":{"line":119,"column":36},"end":{"line":119,"column":76}},"type":"binary-expr","locations":[{"start":{"line":119,"column":36},"end":{"line":119,"column":76}},{"start":{"line":119,"column":80},"end":{"line":119,"column":117}},{"start":{"line":119,"column":121},"end":{"line":119,"column":158}}]},"19":{"loc":{"start":{"line":144,"column":12},"end":{"line":151,"column":13}},"type":"if","locations":[{"start":{"line":144,"column":12},"end":{"line":151,"column":13}},{"start":{"line":144,"column":12},"end":{"line":151,"column":13}}]},"20":{"loc":{"start":{"line":144,"column":17},"end":{"line":144,"column":44}},"type":"binary-expr","locations":[{"start":{"line":144,"column":17},"end":{"line":144,"column":44}},{"start":{"line":144,"column":48},"end":{"line":144,"column":79}},{"start":{"line":145,"column":23},"end":{"line":145,"column":48}},{"start":{"line":145,"column":52},"end":{"line":145,"column":81}},{"start":{"line":146,"column":23},"end":{"line":146,"column":51}},{"start":{"line":146,"column":55},"end":{"line":146,"column":84}}]},"21":{"loc":{"start":{"line":148,"column":16},"end":{"line":150,"column":17}},"type":"if","locations":[{"start":{"line":148,"column":16},"end":{"line":150,"column":17}},{"start":{"line":148,"column":16},"end":{"line":150,"column":17}}]},"22":{"loc":{"start":{"line":158,"column":12},"end":{"line":160,"column":13}},"type":"if","locations":[{"start":{"line":158,"column":12},"end":{"line":160,"column":13}},{"start":{"line":158,"column":12},"end":{"line":160,"column":13}}]},"23":{"loc":{"start":{"line":168,"column":8},"end":{"line":170,"column":9}},"type":"if","locations":[{"start":{"line":168,"column":8},"end":{"line":170,"column":9}},{"start":{"line":168,"column":8},"end":{"line":170,"column":9}}]},"24":{"loc":{"start":{"line":181,"column":12},"end":{"line":183,"column":13}},"type":"if","locations":[{"start":{"line":181,"column":12},"end":{"line":183,"column":13}},{"start":{"line":181,"column":12},"end":{"line":183,"column":13}}]},"25":{"loc":{"start":{"line":195,"column":8},"end":{"line":197,"column":9}},"type":"if","locations":[{"start":{"line":195,"column":8},"end":{"line":197,"column":9}},{"start":{"line":195,"column":8},"end":{"line":197,"column":9}}]},"26":{"loc":{"start":{"line":202,"column":12},"end":{"line":203,"column":33}},"type":"if","locations":[{"start":{"line":202,"column":12},"end":{"line":203,"column":33}},{"start":{"line":202,"column":12},"end":{"line":203,"column":33}}]},"27":{"loc":{"start":{"line":202,"column":16},"end":{"line":202,"column":48}},"type":"binary-expr","locations":[{"start":{"line":202,"column":16},"end":{"line":202,"column":48}},{"start":{"line":202,"column":52},"end":{"line":202,"column":99}}]},"28":{"loc":{"start":{"line":206,"column":8},"end":{"line":244,"column":9}},"type":"if","locations":[{"start":{"line":206,"column":8},"end":{"line":244,"column":9}},{"start":{"line":206,"column":8},"end":{"line":244,"column":9}}]},"29":{"loc":{"start":{"line":208,"column":12},"end":{"line":210,"column":13}},"type":"if","locations":[{"start":{"line":208,"column":12},"end":{"line":210,"column":13}},{"start":{"line":208,"column":12},"end":{"line":210,"column":13}}]},"30":{"loc":{"start":{"line":214,"column":16},"end":{"line":242,"column":17}},"type":"if","locations":[{"start":{"line":214,"column":16},"end":{"line":242,"column":17}},{"start":{"line":214,"column":16},"end":{"line":242,"column":17}}]},"31":{"loc":{"start":{"line":216,"column":20},"end":{"line":218,"column":21}},"type":"if","locations":[{"start":{"line":216,"column":20},"end":{"line":218,"column":21}},{"start":{"line":216,"column":20},"end":{"line":218,"column":21}}]},"32":{"loc":{"start":{"line":222,"column":20},"end":{"line":241,"column":21}},"type":"if","locations":[{"start":{"line":222,"column":20},"end":{"line":241,"column":21}},{"start":{"line":222,"column":20},"end":{"line":241,"column":21}}]},"33":{"loc":{"start":{"line":222,"column":24},"end":{"line":222,"column":63}},"type":"binary-expr","locations":[{"start":{"line":222,"column":24},"end":{"line":222,"column":63}},{"start":{"line":222,"column":67},"end":{"line":222,"column":86}}]},"34":{"loc":{"start":{"line":226,"column":25},"end":{"line":241,"column":21}},"type":"if","locations":[{"start":{"line":226,"column":25},"end":{"line":241,"column":21}},{"start":{"line":226,"column":25},"end":{"line":241,"column":21}}]},"35":{"loc":{"start":{"line":228,"column":24},"end":{"line":230,"column":25}},"type":"if","locations":[{"start":{"line":228,"column":24},"end":{"line":230,"column":25}},{"start":{"line":228,"column":24},"end":{"line":230,"column":25}}]},"36":{"loc":{"start":{"line":232,"column":25},"end":{"line":241,"column":21}},"type":"if","locations":[{"start":{"line":232,"column":25},"end":{"line":241,"column":21}},{"start":{"line":232,"column":25},"end":{"line":241,"column":21}}]},"37":{"loc":{"start":{"line":235,"column":24},"end":{"line":240,"column":25}},"type":"if","locations":[{"start":{"line":235,"column":24},"end":{"line":240,"column":25}},{"start":{"line":235,"column":24},"end":{"line":240,"column":25}}]},"38":{"loc":{"start":{"line":237,"column":28},"end":{"line":239,"column":29}},"type":"if","locations":[{"start":{"line":237,"column":28},"end":{"line":239,"column":29}},{"start":{"line":237,"column":28},"end":{"line":239,"column":29}}]},"39":{"loc":{"start":{"line":245,"column":8},"end":{"line":257,"column":9}},"type":"if","locations":[{"start":{"line":245,"column":8},"end":{"line":257,"column":9}},{"start":{"line":245,"column":8},"end":{"line":257,"column":9}}]},"40":{"loc":{"start":{"line":246,"column":12},"end":{"line":248,"column":13}},"type":"if","locations":[{"start":{"line":246,"column":12},"end":{"line":248,"column":13}},{"start":{"line":246,"column":12},"end":{"line":248,"column":13}}]},"41":{"loc":{"start":{"line":252,"column":13},"end":{"line":257,"column":9}},"type":"if","locations":[{"start":{"line":252,"column":13},"end":{"line":257,"column":9}},{"start":{"line":252,"column":13},"end":{"line":257,"column":9}}]},"42":{"loc":{"start":{"line":252,"column":17},"end":{"line":252,"column":31}},"type":"binary-expr","locations":[{"start":{"line":252,"column":17},"end":{"line":252,"column":31}},{"start":{"line":252,"column":35},"end":{"line":252,"column":56}}]},"43":{"loc":{"start":{"line":268,"column":8},"end":{"line":270,"column":9}},"type":"if","locations":[{"start":{"line":268,"column":8},"end":{"line":270,"column":9}},{"start":{"line":268,"column":8},"end":{"line":270,"column":9}}]},"44":{"loc":{"start":{"line":275,"column":12},"end":{"line":276,"column":33}},"type":"if","locations":[{"start":{"line":275,"column":12},"end":{"line":276,"column":33}},{"start":{"line":275,"column":12},"end":{"line":276,"column":33}}]},"45":{"loc":{"start":{"line":275,"column":16},"end":{"line":275,"column":48}},"type":"binary-expr","locations":[{"start":{"line":275,"column":16},"end":{"line":275,"column":48}},{"start":{"line":275,"column":52},"end":{"line":275,"column":99}}]},"46":{"loc":{"start":{"line":279,"column":8},"end":{"line":321,"column":9}},"type":"if","locations":[{"start":{"line":279,"column":8},"end":{"line":321,"column":9}},{"start":{"line":279,"column":8},"end":{"line":321,"column":9}}]},"47":{"loc":{"start":{"line":281,"column":12},"end":{"line":283,"column":13}},"type":"if","locations":[{"start":{"line":281,"column":12},"end":{"line":283,"column":13}},{"start":{"line":281,"column":12},"end":{"line":283,"column":13}}]},"48":{"loc":{"start":{"line":287,"column":16},"end":{"line":319,"column":17}},"type":"if","locations":[{"start":{"line":287,"column":16},"end":{"line":319,"column":17}},{"start":{"line":287,"column":16},"end":{"line":319,"column":17}}]},"49":{"loc":{"start":{"line":289,"column":20},"end":{"line":291,"column":21}},"type":"if","locations":[{"start":{"line":289,"column":20},"end":{"line":291,"column":21}},{"start":{"line":289,"column":20},"end":{"line":291,"column":21}}]},"50":{"loc":{"start":{"line":295,"column":20},"end":{"line":298,"column":21}},"type":"if","locations":[{"start":{"line":295,"column":20},"end":{"line":298,"column":21}},{"start":{"line":295,"column":20},"end":{"line":298,"column":21}}]},"51":{"loc":{"start":{"line":295,"column":24},"end":{"line":295,"column":64}},"type":"binary-expr","locations":[{"start":{"line":295,"column":24},"end":{"line":295,"column":64}},{"start":{"line":295,"column":68},"end":{"line":295,"column":87}}]},"52":{"loc":{"start":{"line":299,"column":20},"end":{"line":318,"column":21}},"type":"if","locations":[{"start":{"line":299,"column":20},"end":{"line":318,"column":21}},{"start":{"line":299,"column":20},"end":{"line":318,"column":21}}]},"53":{"loc":{"start":{"line":303,"column":25},"end":{"line":318,"column":21}},"type":"if","locations":[{"start":{"line":303,"column":25},"end":{"line":318,"column":21}},{"start":{"line":303,"column":25},"end":{"line":318,"column":21}}]},"54":{"loc":{"start":{"line":305,"column":24},"end":{"line":307,"column":25}},"type":"if","locations":[{"start":{"line":305,"column":24},"end":{"line":307,"column":25}},{"start":{"line":305,"column":24},"end":{"line":307,"column":25}}]},"55":{"loc":{"start":{"line":309,"column":25},"end":{"line":318,"column":21}},"type":"if","locations":[{"start":{"line":309,"column":25},"end":{"line":318,"column":21}},{"start":{"line":309,"column":25},"end":{"line":318,"column":21}}]},"56":{"loc":{"start":{"line":312,"column":24},"end":{"line":317,"column":25}},"type":"if","locations":[{"start":{"line":312,"column":24},"end":{"line":317,"column":25}},{"start":{"line":312,"column":24},"end":{"line":317,"column":25}}]},"57":{"loc":{"start":{"line":314,"column":28},"end":{"line":316,"column":29}},"type":"if","locations":[{"start":{"line":314,"column":28},"end":{"line":316,"column":29}},{"start":{"line":314,"column":28},"end":{"line":316,"column":29}}]},"58":{"loc":{"start":{"line":322,"column":8},"end":{"line":334,"column":9}},"type":"if","locations":[{"start":{"line":322,"column":8},"end":{"line":334,"column":9}},{"start":{"line":322,"column":8},"end":{"line":334,"column":9}}]},"59":{"loc":{"start":{"line":323,"column":12},"end":{"line":325,"column":13}},"type":"if","locations":[{"start":{"line":323,"column":12},"end":{"line":325,"column":13}},{"start":{"line":323,"column":12},"end":{"line":325,"column":13}}]},"60":{"loc":{"start":{"line":329,"column":13},"end":{"line":334,"column":9}},"type":"if","locations":[{"start":{"line":329,"column":13},"end":{"line":334,"column":9}},{"start":{"line":329,"column":13},"end":{"line":334,"column":9}}]},"61":{"loc":{"start":{"line":329,"column":17},"end":{"line":329,"column":31}},"type":"binary-expr","locations":[{"start":{"line":329,"column":17},"end":{"line":329,"column":31}},{"start":{"line":329,"column":35},"end":{"line":329,"column":56}}]},"62":{"loc":{"start":{"line":340,"column":8},"end":{"line":350,"column":9}},"type":"if","locations":[{"start":{"line":340,"column":8},"end":{"line":350,"column":9}},{"start":{"line":340,"column":8},"end":{"line":350,"column":9}}]},"63":{"loc":{"start":{"line":344,"column":13},"end":{"line":350,"column":9}},"type":"if","locations":[{"start":{"line":344,"column":13},"end":{"line":350,"column":9}},{"start":{"line":344,"column":13},"end":{"line":350,"column":9}}]}},"s":{"0":1,"1":1,"2":1,"3":19,"4":2,"5":2,"6":2,"7":2,"8":2,"9":19,"10":8,"11":8,"12":8,"13":8,"14":8,"15":8,"16":8,"17":8,"18":1,"19":1,"20":7,"21":30,"22":30,"23":30,"24":30,"25":0,"26":30,"27":23,"28":7,"29":7,"30":7,"31":30,"32":7,"33":7,"34":23,"35":23,"36":23,"37":23,"38":5,"39":5,"40":5,"41":5,"42":23,"43":7,"44":7,"45":7,"46":7,"47":23,"48":23,"49":23,"50":329,"51":329,"52":329,"53":329,"54":135,"55":10,"56":5,"57":5,"58":5,"59":0,"60":125,"61":10,"62":9,"63":9,"64":115,"65":1,"66":1,"67":114,"68":60,"69":60,"70":23,"71":23,"72":23,"73":8,"74":19,"75":8,"76":8,"77":8,"78":8,"79":82,"80":82,"81":82,"82":58,"83":58,"84":8,"85":8,"86":15,"87":15,"88":15,"89":1,"90":8,"91":19,"92":560,"93":560,"94":547,"95":560,"96":19,"97":330,"98":19,"99":31,"100":31,"101":9,"102":7,"103":31,"104":19,"105":40,"106":40,"107":40,"108":40,"109":40,"110":40,"111":40,"112":37,"113":40,"114":40,"115":87,"116":27,"117":40,"118":19,"119":19,"120":12,"121":21,"122":75,"123":48,"124":48,"125":3,"126":27,"127":27,"128":24,"129":24,"130":3,"131":0,"132":0,"133":0,"134":3,"135":3,"136":3,"137":3,"138":3,"139":3,"140":3,"141":40,"142":30,"143":30,"144":30,"145":10,"146":3,"147":7,"148":19,"149":52,"150":52,"151":52,"152":52,"153":52,"154":52,"155":52,"156":52,"157":44,"158":52,"159":52,"160":151,"161":63,"162":52,"163":12,"164":12,"165":7,"166":40,"167":139,"168":76,"169":76,"170":0,"171":63,"172":63,"173":48,"174":48,"175":63,"176":4,"177":4,"178":59,"179":3,"180":3,"181":3,"182":56,"183":8,"184":8,"185":8,"186":8,"187":8,"188":3,"189":52,"190":33,"191":33,"192":33,"193":19,"194":3,"195":16,"196":19,"197":1912,"198":1912,"199":223,"200":1689,"201":7,"202":1682,"203":1},"f":{"0":19,"1":2,"2":2,"3":8,"4":30,"5":5,"6":5,"7":7,"8":7,"9":329,"10":8,"11":82,"12":15,"13":560,"14":330,"15":31,"16":40,"17":52,"18":1912},"b":{"0":[1,7],"1":[0,30],"2":[23,7],"3":[7,0],"4":[7,23],"5":[23,0],"6":[135,194],"7":[10,125],"8":[5,5],"9":[10,5,5],"10":[0,5],"11":[10,115],"12":[125,116],"13":[9,1],"14":[10,9,9],"15":[1,114],"16":[60,54],"17":[60,0],"18":[60,60,60],"19":[58,24],"20":[82,80,73,70,59,58],"21":[8,50],"22":[1,14],"23":[547,13],"24":[7,2],"25":[37,3],"26":[27,60],"27":[87,27],"28":[19,21],"29":[12,7],"30":[48,27],"31":[3,45],"32":[24,3],"33":[27,6],"34":[0,3],"35":[0,0],"36":[3,0],"37":[3,0],"38":[3,0],"39":[30,10],"40":[30,0],"41":[3,7],"42":[10,3],"43":[44,8],"44":[63,88],"45":[151,63],"46":[12,40],"47":[7,5],"48":[76,63],"49":[0,76],"50":[48,15],"51":[63,23],"52":[4,59],"53":[3,56],"54":[3,0],"55":[8,48],"56":[8,0],"57":[3,5],"58":[33,19],"59":[33,0],"60":[3,16],"61":[19,8],"62":[223,1689],"63":[7,1682]}},"/Users/brianm/Desktop/Cross-Cutting/Web DS/ignite-design-system/parser-component/src/models.ts":{"path":"/Users/brianm/Desktop/Cross-Cutting/Web DS/ignite-design-system/parser-component/src/models.ts","statementMap":{"0":{"start":{"line":20,"column":8},"end":{"line":20,"column":23}},"1":{"start":{"line":21,"column":8},"end":{"line":21,"column":31}},"2":{"start":{"line":15,"column":0},"end":{"line":23,"column":1}},"3":{"start":{"line":29,"column":8},"end":{"line":29,"column":29}},"4":{"start":{"line":25,"column":0},"end":{"line":31,"column":1}},"5":{"start":{"line":37,"column":8},"end":{"line":37,"column":33}},"6":{"start":{"line":33,"column":0},"end":{"line":39,"column":1}}},"fnMap":{"0":{"name":"(anonymous_0)","decl":{"start":{"line":19,"column":4},"end":{"line":19,"column":15}},"loc":{"start":{"line":19,"column":44},"end":{"line":22,"column":5}}},"1":{"name":"(anonymous_1)","decl":{"start":{"line":28,"column":4},"end":{"line":28,"column":15}},"loc":{"start":{"line":28,"column":30},"end":{"line":30,"column":5}}},"2":{"name":"(anonymous_2)","decl":{"start":{"line":36,"column":4},"end":{"line":36,"column":15}},"loc":{"start":{"line":36,"column":32},"end":{"line":38,"column":5}}}},"branchMap":{},"s":{"0":244,"1":244,"2":1,"3":5,"4":1,"5":7,"6":1},"f":{"0":244,"1":5,"2":7},"b":{}},"/Users/brianm/Desktop/Cross-Cutting/Web DS/ignite-design-system/parser-component/src/data.ts":{"path":"/Users/brianm/Desktop/Cross-Cutting/Web DS/ignite-design-system/parser-component/src/data.ts","statementMap":{"0":{"start":{"line":4,"column":4},"end":{"line":4,"column":9673}},"1":{"start":{"line":5,"column":4},"end":{"line":5,"column":27}},"2":{"start":{"line":6,"column":4},"end":{"line":6,"column":100}},"3":{"start":{"line":8,"column":4},"end":{"line":8,"column":7023}},"4":{"start":{"line":9,"column":4},"end":{"line":9,"column":27}},"5":{"start":{"line":10,"column":4},"end":{"line":10,"column":100}},"6":{"start":{"line":12,"column":4},"end":{"line":12,"column":11188}},"7":{"start":{"line":13,"column":4},"end":{"line":13,"column":12628}},"8":{"start":{"line":14,"column":4},"end":{"line":14,"column":27}},"9":{"start":{"line":15,"column":4},"end":{"line":15,"column":125}},"10":{"start":{"line":17,"column":4},"end":{"line":17,"column":11836}},"11":{"start":{"line":18,"column":4},"end":{"line":18,"column":9471}},"12":{"start":{"line":19,"column":4},"end":{"line":19,"column":27}},"13":{"start":{"line":20,"column":4},"end":{"line":20,"column":125}},"14":{"start":{"line":22,"column":4},"end":{"line":22,"column":16516}},"15":{"start":{"line":23,"column":4},"end":{"line":23,"column":31}},"16":{"start":{"line":24,"column":4},"end":{"line":24,"column":101}},"17":{"start":{"line":26,"column":4},"end":{"line":26,"column":1141}},"18":{"start":{"line":27,"column":4},"end":{"line":27,"column":33}},"19":{"start":{"line":28,"column":4},"end":{"line":28,"column":101}},"20":{"start":{"line":30,"column":4},"end":{"line":38,"column":20}},"21":{"start":{"line":40,"column":4},"end":{"line":52,"column":12}},"22":{"start":{"line":3,"column":0},"end":{"line":53,"column":1}}},"fnMap":{"0":{"name":"(anonymous_0)","decl":{"start":{"line":3,"column":0},"end":{"line":null,"column":-1}},"loc":{"start":{"line":3,"column":0},"end":{"line":53,"column":1}}}},"branchMap":{},"s":{"0":19,"1":19,"2":19,"3":19,"4":19,"5":19,"6":19,"7":19,"8":19,"9":19,"10":19,"11":19,"12":19,"13":19,"14":19,"15":19,"16":19,"17":19,"18":19,"19":19,"20":19,"21":19,"22":1},"f":{"0":19},"b":{}}}}