{"numFailedTestSuites":0,"numFailedTests":0,"numPassedTestSuites":77,"numPassedTests":339,"numPendingTestSuites":0,"numPendingTests":0,"numRuntimeErrorTestSuites":0,"numTotalTestSuites":77,"numTotalTests":339,"snapshot":{"added":0,"didUpdate":false,"failure":false,"filesAdded":0,"filesRemoved":0,"filesUnmatched":0,"filesUpdated":0,"matched":56,"total":56,"unchecked":0,"uncheckedKeys":[],"unmatched":0,"updated":0},"startTime":1541529154415,"success":true,"testResults":[{"assertionResults":[{"ancestorTitles":["Currency Mask Component"],"failureMessages":[],"fullName":"Currency Mask Component creates a new input mask component","location":null,"status":"passed","title":"creates a new input mask component"},{"ancestorTitles":["Currency Mask Component"],"failureMessages":[],"fullName":"Currency Mask Component sets value to current focused input","location":null,"status":"passed","title":"sets value to current focused input"},{"ancestorTitles":["Currency Mask Component"],"failureMessages":[],"fullName":"Currency Mask Component emits an event on blur","location":null,"status":"passed","title":"emits an event on blur"},{"ancestorTitles":["Currency Mask Component"],"failureMessages":[],"fullName":"Currency Mask Component emits a change when value is changed","location":null,"status":"passed","title":"emits a change when value is changed"},{"ancestorTitles":["Currency Mask Component"],"failureMessages":[],"fullName":"Currency Mask Component emits same change when value is not changed","location":null,"status":"passed","title":"emits same change when value is not changed"},{"ancestorTitles":["Currency Mask Component"],"failureMessages":[],"fullName":"Currency Mask Component emits a change when value is changed","location":null,"status":"passed","title":"emits a change when value is changed"},{"ancestorTitles":["Currency Mask Component"],"failureMessages":[],"fullName":"Currency Mask Component emits a change when value is changed","location":null,"status":"passed","title":"emits a change when value is changed"},{"ancestorTitles":["Currency Mask Component"],"failureMessages":[],"fullName":"Currency Mask Component should allow numbers without decimals","location":null,"status":"passed","title":"should allow numbers without decimals"},{"ancestorTitles":["Currency Mask Component"],"failureMessages":[],"fullName":"Currency Mask Component should not allow letters as valid input","location":null,"status":"passed","title":"should not allow letters as valid input"},{"ancestorTitles":["Currency Mask Component"],"failureMessages":[],"fullName":"Currency Mask Component should not allow more than one period","location":null,"status":"passed","title":"should not allow more than one period"},{"ancestorTitles":["Currency Mask Component"],"failureMessages":[],"fullName":"Currency Mask Component should only be four decimal places","location":null,"status":"passed","title":"should only be four decimal places"},{"ancestorTitles":["Currency Mask Component"],"failureMessages":[],"fullName":"Currency Mask Component should not allow negative numbers or hyphens","location":null,"status":"passed","title":"should not allow negative numbers or hyphens"}],"endTime":1541529206797,"message":"","name":"/Users/michaelbr/dev/ignite-design-system/src/currency-input-mask/base-input-mask/input-mask.component.spec.ts","startTime":1541529155516,"status":"passed","summary":""},{"assertionResults":[{"ancestorTitles":["Field"],"failureMessages":[],"fullName":"Field should set label input","location":null,"status":"passed","title":"should set label input"},{"ancestorTitles":["Field"],"failureMessages":[],"fullName":"Field should match snapshot","location":null,"status":"passed","title":"should match snapshot"},{"ancestorTitles":["FieldInlineComponent"],"failureMessages":[],"fullName":"FieldInlineComponent should set label input","location":null,"status":"passed","title":"should set label input"},{"ancestorTitles":["FieldInlineComponent"],"failureMessages":[],"fullName":"FieldInlineComponent should match snapshot","location":null,"status":"passed","title":"should match snapshot"},{"ancestorTitles":["EditableFieldComponent"],"failureMessages":[],"fullName":"EditableFieldComponent should set label input","location":null,"status":"passed","title":"should set label input"},{"ancestorTitles":["EditableFieldComponent"],"failureMessages":[],"fullName":"EditableFieldComponent should default to \"Edit\" if no input is passed in for the aria-label","location":null,"status":"passed","title":"should default to \"Edit\" if no input is passed in for the aria-label"},{"ancestorTitles":["EditableFieldComponent"],"failureMessages":[],"fullName":"EditableFieldComponent should set the aria-label","location":null,"status":"passed","title":"should set the aria-label"},{"ancestorTitles":["EditableFieldComponent"],"failureMessages":[],"fullName":"EditableFieldComponent should show mode_edit icon when none specified","location":null,"status":"passed","title":"should show mode_edit icon when none specified"},{"ancestorTitles":["EditableFieldComponent"],"failureMessages":[],"fullName":"EditableFieldComponent should show user defined icon when none specified","location":null,"status":"passed","title":"should show user defined icon when none specified"},{"ancestorTitles":["EditableFieldComponent"],"failureMessages":[],"fullName":"EditableFieldComponent should call handleClick when click event emitted","location":null,"status":"passed","title":"should call handleClick when click event emitted"},{"ancestorTitles":["EditableFieldComponent"],"failureMessages":[],"fullName":"EditableFieldComponent should match snapshot","location":null,"status":"passed","title":"should match snapshot"},{"ancestorTitles":["EditableFieldInlineComponent"],"failureMessages":[],"fullName":"EditableFieldInlineComponent should match snapshot","location":null,"status":"passed","title":"should match snapshot"}],"endTime":1541529207005,"message":"","name":"/Users/michaelbr/dev/ignite-design-system/src/field/field.component.spec.ts","startTime":1541529155514,"status":"passed","summary":""},{"assertionResults":[{"ancestorTitles":["Expandable Search","Search button"],"failureMessages":[],"fullName":"Expandable Search Search button Should display with search icon when search not expanded","location":null,"status":"passed","title":"Should display with search icon when search not expanded"},{"ancestorTitles":["Expandable Search","Search button"],"failureMessages":[],"fullName":"Expandable Search Search button Should expand search on click","location":null,"status":"passed","title":"Should expand search on click"},{"ancestorTitles":["Expandable Search","When search is expanded","Search button"],"failureMessages":[],"fullName":"Expandable Search When search is expanded Search button Should display with back arrow icon","location":null,"status":"passed","title":"Should display with back arrow icon"},{"ancestorTitles":["Expandable Search","When search is expanded","Search button","On click"],"failureMessages":[],"fullName":"Expandable Search When search is expanded Search button On click Should revert search buttons back-arrow icon to search icon","location":null,"status":"passed","title":"Should revert search buttons back-arrow icon to search icon"},{"ancestorTitles":["Expandable Search","When search is expanded","Search button","On click"],"failureMessages":[],"fullName":"Expandable Search When search is expanded Search button On click Should clear search input value","location":null,"status":"passed","title":"Should clear search input value"},{"ancestorTitles":["Expandable Search","When search is expanded","Search button","On click"],"failureMessages":[],"fullName":"Expandable Search When search is expanded Search button On click Should emit searchEvent","location":null,"status":"passed","title":"Should emit searchEvent"},{"ancestorTitles":["Expandable Search","When search is expanded","Expanded search field"],"failureMessages":[],"fullName":"Expandable Search When search is expanded Expanded search field Should display","location":null,"status":"passed","title":"Should display"},{"ancestorTitles":["Expandable Search","When search is expanded","Expanded search field","On key up"],"failureMessages":[],"fullName":"Expandable Search When search is expanded Expanded search field On key up Should call emitSearchEvents","location":null,"status":"passed","title":"Should call emitSearchEvents"},{"ancestorTitles":["Expandable Search","When search is expanded","Expanded search field","On key up"],"failureMessages":[],"fullName":"Expandable Search When search is expanded Expanded search field On key up Should emit searchEvent","location":null,"status":"passed","title":"Should emit searchEvent"},{"ancestorTitles":["Expandable Search","When search is expanded","Search clear button"],"failureMessages":[],"fullName":"Expandable Search When search is expanded Search clear button Should display when value present","location":null,"status":"passed","title":"Should display when value present"},{"ancestorTitles":["Expandable Search","When search is expanded","Search clear button","When clicked"],"failureMessages":[],"fullName":"Expandable Search When search is expanded Search clear button When clicked Should remove value","location":null,"status":"passed","title":"Should remove value"},{"ancestorTitles":["Expandable Search","When search is expanded","Search clear button"],"failureMessages":[],"fullName":"Expandable Search When search is expanded Search clear button Should call emitSearchEvents","location":null,"status":"passed","title":"Should call emitSearchEvents"},{"ancestorTitles":["Expandable Search","When search is expanded","Search clear button"],"failureMessages":[],"fullName":"Expandable Search When search is expanded Search clear button Should emit searchEvent","location":null,"status":"passed","title":"Should emit searchEvent"},{"ancestorTitles":["Expandable Search"],"failureMessages":[],"fullName":"Expandable Search Should match snapshot","location":null,"status":"passed","title":"Should match snapshot"}],"endTime":1541529207232,"message":"","name":"/Users/michaelbr/dev/ignite-design-system/src/expandable-search/expandable-search.component.spec.ts","startTime":1541529155489,"status":"passed","summary":""},{"assertionResults":[{"ancestorTitles":["ConsolePolyfill"],"failureMessages":[],"fullName":"ConsolePolyfill should keep context if fields are used outside of it","location":null,"status":"passed","title":"should keep context if fields are used outside of it"},{"ancestorTitles":["ConsolePolyfill","trace","when no log"],"failureMessages":[],"fullName":"ConsolePolyfill trace when no log should log to noop","location":null,"status":"passed","title":"should log to noop"},{"ancestorTitles":["ConsolePolyfill","trace","when log exists"],"failureMessages":[],"fullName":"ConsolePolyfill trace when log exists should log to console.log","location":null,"status":"passed","title":"should log to console.log"},{"ancestorTitles":["ConsolePolyfill","debug","when no log"],"failureMessages":[],"fullName":"ConsolePolyfill debug when no log should log to noop","location":null,"status":"passed","title":"should log to noop"},{"ancestorTitles":["ConsolePolyfill","debug","when log exists"],"failureMessages":[],"fullName":"ConsolePolyfill debug when log exists should log to console.log","location":null,"status":"passed","title":"should log to console.log"},{"ancestorTitles":["ConsolePolyfill","info","when no info or log"],"failureMessages":[],"fullName":"ConsolePolyfill info when no info or log should log to noop","location":null,"status":"passed","title":"should log to noop"},{"ancestorTitles":["ConsolePolyfill","info","when no info"],"failureMessages":[],"fullName":"ConsolePolyfill info when no info should fallback to console.log","location":null,"status":"passed","title":"should fallback to console.log"},{"ancestorTitles":["ConsolePolyfill","info","when info exists"],"failureMessages":[],"fullName":"ConsolePolyfill info when info exists should use console.info","location":null,"status":"passed","title":"should use console.info"},{"ancestorTitles":["ConsolePolyfill","warn","when no warn, error, or log"],"failureMessages":[],"fullName":"ConsolePolyfill warn when no warn, error, or log should log to noop","location":null,"status":"passed","title":"should log to noop"},{"ancestorTitles":["ConsolePolyfill","warn","when no warn or error"],"failureMessages":[],"fullName":"ConsolePolyfill warn when no warn or error should fallback to console.log","location":null,"status":"passed","title":"should fallback to console.log"},{"ancestorTitles":["ConsolePolyfill","warn","when no warn"],"failureMessages":[],"fullName":"ConsolePolyfill warn when no warn should fallback to console.error","location":null,"status":"passed","title":"should fallback to console.error"},{"ancestorTitles":["ConsolePolyfill","warn","when warn exists"],"failureMessages":[],"fullName":"ConsolePolyfill warn when warn exists should use console.warn","location":null,"status":"passed","title":"should use console.warn"},{"ancestorTitles":["ConsolePolyfill","error","when no error or log"],"failureMessages":[],"fullName":"ConsolePolyfill error when no error or log should log to noop","location":null,"status":"passed","title":"should log to noop"},{"ancestorTitles":["ConsolePolyfill","error","when no error"],"failureMessages":[],"fullName":"ConsolePolyfill error when no error should fallback to console.log","location":null,"status":"passed","title":"should fallback to console.log"},{"ancestorTitles":["ConsolePolyfill","error","when error exists"],"failureMessages":[],"fullName":"ConsolePolyfill error when error exists should use console.error","location":null,"status":"passed","title":"should use console.error"},{"ancestorTitles":["ConsolePolyfill","group","when no group"],"failureMessages":[],"fullName":"ConsolePolyfill group when no group should log to noop","location":null,"status":"passed","title":"should log to noop"},{"ancestorTitles":["ConsolePolyfill","group","when group exists"],"failureMessages":[],"fullName":"ConsolePolyfill group when group exists should use console.group","location":null,"status":"passed","title":"should use console.group"},{"ancestorTitles":["ConsolePolyfill","groupEnd","when no groupEnd"],"failureMessages":[],"fullName":"ConsolePolyfill groupEnd when no groupEnd should log to noop","location":null,"status":"passed","title":"should log to noop"},{"ancestorTitles":["ConsolePolyfill","groupEnd","when groupEnd exists"],"failureMessages":[],"fullName":"ConsolePolyfill groupEnd when groupEnd exists should use console.groupEnd","location":null,"status":"passed","title":"should use console.groupEnd"}],"endTime":1541529207686,"message":"","name":"/Users/michaelbr/dev/ignite-design-system/src/logging/console-polyfill.unit.spec.ts","startTime":1541529207306,"status":"passed","summary":""},{"assertionResults":[{"ancestorTitles":["AvatarGroupComponent Unit Tests"],"failureMessages":[],"fullName":"AvatarGroupComponent Unit Tests should have correct @Input default values","location":null,"status":"passed","title":"should have correct @Input default values"},{"ancestorTitles":["AvatarGroupComponent Unit Tests"],"failureMessages":[],"fullName":"AvatarGroupComponent Unit Tests should have defined @Output values","location":null,"status":"passed","title":"should have defined @Output values"},{"ancestorTitles":["AvatarGroupComponent Unit Tests"],"failureMessages":[],"fullName":"AvatarGroupComponent Unit Tests should have the correct default size","location":null,"status":"passed","title":"should have the correct default size"},{"ancestorTitles":["AvatarGroupComponent Unit Tests","Component methods tests"],"failureMessages":[],"fullName":"AvatarGroupComponent Unit Tests Component methods tests should only use valid avatars","location":null,"status":"passed","title":"should only use valid avatars"},{"ancestorTitles":["AvatarGroupComponent Unit Tests","Component methods tests"],"failureMessages":[],"fullName":"AvatarGroupComponent Unit Tests Component methods tests should compute the right tooltip","location":null,"status":"passed","title":"should compute the right tooltip"},{"ancestorTitles":["AvatarGroupComponent Unit Tests","Component methods tests"],"failureMessages":[],"fullName":"AvatarGroupComponent Unit Tests Component methods tests should return nothing from getAvatarTooltip if given invalidAvatar","location":null,"status":"passed","title":"should return nothing from getAvatarTooltip if given invalidAvatar"},{"ancestorTitles":["AvatarGroupComponent Unit Tests","Component methods tests"],"failureMessages":[],"fullName":"AvatarGroupComponent Unit Tests Component methods tests should return nothing from getAvatarTooltip if showTooltips is false","location":null,"status":"passed","title":"should return nothing from getAvatarTooltip if showTooltips is false"},{"ancestorTitles":["AvatarGroupComponent Unit Tests","Component methods tests"],"failureMessages":[],"fullName":"AvatarGroupComponent Unit Tests Component methods tests should return initials of name when calling getPersonInitials with avatar that has no preferredName","location":null,"status":"passed","title":"should return initials of name when calling getPersonInitials with avatar that has no preferredName"},{"ancestorTitles":["AvatarGroupComponent Unit Tests","Component methods tests"],"failureMessages":[],"fullName":"AvatarGroupComponent Unit Tests Component methods tests should return initials of preferred name when calling getPersonInitials with avatar that has a preferredName","location":null,"status":"passed","title":"should return initials of preferred name when calling getPersonInitials with avatar that has a preferredName"},{"ancestorTitles":["AvatarGroupComponent Unit Tests","Component methods tests"],"failureMessages":[],"fullName":"AvatarGroupComponent Unit Tests Component methods tests should compute the correct count of extra/hidden avatars","location":null,"status":"passed","title":"should compute the correct count of extra/hidden avatars"},{"ancestorTitles":["AvatarGroupComponent Unit Tests","Component methods tests","Given the group shows context"],"failureMessages":[],"fullName":"AvatarGroupComponent Unit Tests Component methods tests Given the group shows context should give the ellipsis value for counter initials","location":null,"status":"passed","title":"should give the ellipsis value for counter initials"},{"ancestorTitles":["AvatarGroupComponent Unit Tests","Component methods tests","Given the group does not show context"],"failureMessages":[],"fullName":"AvatarGroupComponent Unit Tests Component methods tests Given the group does not show context should give the counter value for counter initials","location":null,"status":"passed","title":"should give the counter value for counter initials"},{"ancestorTitles":["AvatarGroupComponent Unit Tests","Component methods tests","Given cap is greater than the number of avatars"],"failureMessages":[],"fullName":"AvatarGroupComponent Unit Tests Component methods tests Given cap is greater than the number of avatars should not display the counter","location":null,"status":"passed","title":"should not display the counter"},{"ancestorTitles":["AvatarGroupComponent Unit Tests","Component methods tests","Given cap is equal to the number of avatars"],"failureMessages":[],"fullName":"AvatarGroupComponent Unit Tests Component methods tests Given cap is equal to the number of avatars should not display the counter","location":null,"status":"passed","title":"should not display the counter"},{"ancestorTitles":["AvatarGroupComponent Unit Tests","Component methods tests","Given an @Input counter offset"],"failureMessages":[],"fullName":"AvatarGroupComponent Unit Tests Component methods tests Given an @Input counter offset should display a value equal to the regular counter plus the offset amount","location":null,"status":"passed","title":"should display a value equal to the regular counter plus the offset amount"}],"endTime":1541529208209,"message":"","name":"/Users/michaelbr/dev/ignite-design-system/src/avatar-group/avatar-group.component.unit.spec.ts","startTime":1541529207048,"status":"passed","summary":""},{"assertionResults":[{"ancestorTitles":["Messages component","report"],"failureMessages":[],"fullName":"Messages component report should report all messages","location":null,"status":"passed","title":"should report all messages"},{"ancestorTitles":["Messages component","clear"],"failureMessages":[],"fullName":"Messages component clear should clear errors","location":null,"status":"passed","title":"should clear errors"},{"ancestorTitles":["Messages component","hasErrors"],"failureMessages":[],"fullName":"Messages component hasErrors should be false when no errors","location":null,"status":"passed","title":"should be false when no errors"},{"ancestorTitles":["Messages component","hasErrors"],"failureMessages":[],"fullName":"Messages component hasErrors should be true when there are errors","location":null,"status":"passed","title":"should be true when there are errors"},{"ancestorTitles":["Messages component","hasErrors"],"failureMessages":[],"fullName":"Messages component hasErrors should be false after errors cleared","location":null,"status":"passed","title":"should be false after errors cleared"},{"ancestorTitles":["Messages component","reportErrors","when no error"],"failureMessages":[],"fullName":"Messages component reportErrors when no error should report a generic error","location":null,"status":"passed","title":"should report a generic error"},{"ancestorTitles":["Messages component","reportErrors","when 1 syntax error present"],"failureMessages":[],"fullName":"Messages component reportErrors when 1 syntax error present then it should be logged","location":null,"status":"passed","title":"then it should be logged"},{"ancestorTitles":["Messages component","reportErrors","when 2 syntax errors present"],"failureMessages":[],"fullName":"Messages component reportErrors when 2 syntax errors present then both should be logged","location":null,"status":"passed","title":"then both should be logged"},{"ancestorTitles":["Messages component","reportErrors","when error not graphql error"],"failureMessages":[],"fullName":"Messages component reportErrors when error not graphql error should report a generic error","location":null,"status":"passed","title":"should report a generic error"},{"ancestorTitles":["Messages component","reportErrors","when error not graphql error","when error is from GraphQL server"],"failureMessages":[],"fullName":"Messages component reportErrors when error not graphql error when error is from GraphQL server should be able to handle errors from a single response","location":null,"status":"passed","title":"should be able to handle errors from a single response"},{"ancestorTitles":["Messages component","reportErrors","when error not graphql error","when error is from GraphQL server"],"failureMessages":[],"fullName":"Messages component reportErrors when error not graphql error when error is from GraphQL server should be able to combine errors from multiple responses","location":null,"status":"passed","title":"should be able to combine errors from multiple responses"},{"ancestorTitles":["Messages component","handleErrors"],"failureMessages":[],"fullName":"Messages component handleErrors should report errors thrown from promises","location":null,"status":"passed","title":"should report errors thrown from promises"},{"ancestorTitles":["Messages component","handleErrors"],"failureMessages":[],"fullName":"Messages component handleErrors should report errors from observables","location":null,"status":"passed","title":"should report errors from observables"},{"ancestorTitles":["Messages component","handleErrors"],"failureMessages":[],"fullName":"Messages component handleErrors should clear errors prior to showing more errors","location":null,"status":"passed","title":"should clear errors prior to showing more errors"},{"ancestorTitles":["Messages component","handleErrors"],"failureMessages":[],"fullName":"Messages component handleErrors should continue on when promise resolves","location":null,"status":"passed","title":"should continue on when promise resolves"},{"ancestorTitles":["Messages component","handleFetchErrors"],"failureMessages":[],"fullName":"Messages component handleFetchErrors should report errors and return an empty observable","location":null,"status":"passed","title":"should report errors and return an empty observable"},{"ancestorTitles":["Messages component","when navigating"],"failureMessages":[],"fullName":"Messages component when navigating should clear errors","location":null,"status":"passed","title":"should clear errors"},{"ancestorTitles":["Messages component","when navigating"],"failureMessages":[],"fullName":"Messages component when navigating should stop listening to navigation when destroyed","location":null,"status":"passed","title":"should stop listening to navigation when destroyed"}],"endTime":1541529208305,"message":"","name":"/Users/michaelbr/dev/ignite-design-system/src/messages/messages.component.unit.spec.ts","startTime":1541529206840,"status":"passed","summary":""},{"assertionResults":[{"ancestorTitles":["ContextMenu Accessibility Directive"],"failureMessages":[],"fullName":"ContextMenu Accessibility Directive Should have aria-label set to context menu if its a legitimate context menu","location":null,"status":"passed","title":"Should have aria-label set to context menu if its a legitimate context menu"},{"ancestorTitles":["ContextMenu Accessibility Directive"],"failureMessages":[],"fullName":"ContextMenu Accessibility Directive Should have aria-hidden set to false if its a legitimate context menu","location":null,"status":"passed","title":"Should have aria-hidden set to false if its a legitimate context menu"},{"ancestorTitles":["ContextMenu Accessibility Directive"],"failureMessages":[],"fullName":"ContextMenu Accessibility Directive Should not have aria-label set to context menu if its not a legitimate context menu (1)","location":null,"status":"passed","title":"Should not have aria-label set to context menu if its not a legitimate context menu (1)"},{"ancestorTitles":["ContextMenu Accessibility Directive"],"failureMessages":[],"fullName":"ContextMenu Accessibility Directive Should not have aria-hidden set to false if its not a legitimate context menu (1)","location":null,"status":"passed","title":"Should not have aria-hidden set to false if its not a legitimate context menu (1)"},{"ancestorTitles":["ContextMenu Accessibility Directive"],"failureMessages":[],"fullName":"ContextMenu Accessibility Directive Should not have aria-label set to context menu if its not a legitimate context menu (2)","location":null,"status":"passed","title":"Should not have aria-label set to context menu if its not a legitimate context menu (2)"},{"ancestorTitles":["ContextMenu Accessibility Directive"],"failureMessages":[],"fullName":"ContextMenu Accessibility Directive Should not have aria-hidden set to false if its not a legitimate context menu (2)","location":null,"status":"passed","title":"Should not have aria-hidden set to false if its not a legitimate context menu (2)"},{"ancestorTitles":["ContextMenu Accessibility Directive"],"failureMessages":[],"fullName":"ContextMenu Accessibility Directive Should not have aria-label set to context menu if its not a legitimate context menu (3)","location":null,"status":"passed","title":"Should not have aria-label set to context menu if its not a legitimate context menu (3)"},{"ancestorTitles":["ContextMenu Accessibility Directive"],"failureMessages":[],"fullName":"ContextMenu Accessibility Directive Should not have aria-hidden set to false if its not a legitimate context menu (3)","location":null,"status":"passed","title":"Should not have aria-hidden set to false if its not a legitimate context menu (3)"},{"ancestorTitles":["ContextMenu Accessibility Directive"],"failureMessages":[],"fullName":"ContextMenu Accessibility Directive Should not have aria-label set to context-menu if aria-label is already set","location":null,"status":"passed","title":"Should not have aria-label set to context-menu if aria-label is already set"},{"ancestorTitles":["ContextMenu Accessibility Directive"],"failureMessages":[],"fullName":"ContextMenu Accessibility Directive Should not have aria-hidden set to false if aria-label is already set","location":null,"status":"passed","title":"Should not have aria-hidden set to false if aria-label is already set"}],"endTime":1541529210251,"message":"","name":"/Users/michaelbr/dev/ignite-design-system/src/accessibility/accessibility-context-menu.directive.spec.ts","startTime":1541529208223,"status":"passed","summary":""},{"assertionResults":[{"ancestorTitles":["Date Range"],"failureMessages":[],"fullName":"Date Range should match snapshot","location":null,"status":"passed","title":"should match snapshot"}],"endTime":1541529210642,"message":"","name":"/Users/michaelbr/dev/ignite-design-system/src/date-range/date-range.component.spec.ts","startTime":1541529208355,"status":"passed","summary":""},{"assertionResults":[{"ancestorTitles":["AvatarGroupComponent Test Suite"],"failureMessages":[],"fullName":"AvatarGroupComponent Test Suite should not display the avatars","location":null,"status":"passed","title":"should not display the avatars"},{"ancestorTitles":["AvatarGroupComponent Test Suite"],"failureMessages":[],"fullName":"AvatarGroupComponent Test Suite should display the avatars","location":null,"status":"passed","title":"should display the avatars"},{"ancestorTitles":["AvatarGroupComponent Test Suite"],"failureMessages":[],"fullName":"AvatarGroupComponent Test Suite should not display more avatars than the cap number","location":null,"status":"passed","title":"should not display more avatars than the cap number"},{"ancestorTitles":["AvatarGroupComponent Test Suite"],"failureMessages":[],"fullName":"AvatarGroupComponent Test Suite should have counter attribute \"aria-label\" set to counterAriaLabel","location":null,"status":"passed","title":"should have counter attribute \"aria-label\" set to counterAriaLabel"},{"ancestorTitles":["AvatarGroupComponent Test Suite"],"failureMessages":[],"fullName":"AvatarGroupComponent Test Suite should have counter attribute \"routerLink\" set to counterLink","location":null,"status":"passed","title":"should have counter attribute \"routerLink\" set to counterLink"},{"ancestorTitles":["AvatarGroupComponent Test Suite"],"failureMessages":[],"fullName":"AvatarGroupComponent Test Suite should not display context features by default","location":null,"status":"passed","title":"should not display context features by default"},{"ancestorTitles":["AvatarGroupComponent Test Suite"],"failureMessages":[],"fullName":"AvatarGroupComponent Test Suite should not display view all button if given no link","location":null,"status":"passed","title":"should not display view all button if given no link"},{"ancestorTitles":["AvatarGroupComponent Test Suite"],"failureMessages":[],"fullName":"AvatarGroupComponent Test Suite should display context features when enabled","location":null,"status":"passed","title":"should display context features when enabled"},{"ancestorTitles":["AvatarGroupComponent Test Suite"],"failureMessages":[],"fullName":"AvatarGroupComponent Test Suite should have view all button attribute \"aria-label\" set to viewAllAriaLabel","location":null,"status":"passed","title":"should have view all button attribute \"aria-label\" set to viewAllAriaLabel"},{"ancestorTitles":["AvatarGroupComponent Test Suite"],"failureMessages":[],"fullName":"AvatarGroupComponent Test Suite should have view all button attribute \"routerLink\" set to viewAllLink","location":null,"status":"passed","title":"should have view all button attribute \"routerLink\" set to viewAllLink"},{"ancestorTitles":["AvatarGroupComponent Test Suite"],"failureMessages":[],"fullName":"AvatarGroupComponent Test Suite should match snapshot","location":null,"status":"passed","title":"should match snapshot"}],"endTime":1541529211029,"message":"","name":"/Users/michaelbr/dev/ignite-design-system/src/avatar-group/avatar-group.component.spec.ts","startTime":1541529207717,"status":"passed","summary":""},{"assertionResults":[{"ancestorTitles":["List Selection Item"],"failureMessages":[],"fullName":"List Selection Item should emit onClick event","location":null,"status":"passed","title":"should emit onClick event"},{"ancestorTitles":["List Selection Item"],"failureMessages":[],"fullName":"List Selection Item should set da attribute","location":null,"status":"passed","title":"should set da attribute"},{"ancestorTitles":["List Selection Item"],"failureMessages":[],"fullName":"List Selection Item should set da to default value if no title passed","location":null,"status":"passed","title":"should set da to default value if no title passed"},{"ancestorTitles":["List Selection Item"],"failureMessages":[],"fullName":"List Selection Item should set title","location":null,"status":"passed","title":"should set title"},{"ancestorTitles":["List Selection Item"],"failureMessages":[],"fullName":"List Selection Item should set status","location":null,"status":"passed","title":"should set status"},{"ancestorTitles":["List Selection Item"],"failureMessages":[],"fullName":"List Selection Item should not set title if not provided","location":null,"status":"passed","title":"should not set title if not provided"},{"ancestorTitles":["List Selection Item"],"failureMessages":[],"fullName":"List Selection Item should set subtitle","location":null,"status":"passed","title":"should set subtitle"},{"ancestorTitles":["List Selection Item"],"failureMessages":[],"fullName":"List Selection Item should not set subtitle if not provided","location":null,"status":"passed","title":"should not set subtitle if not provided"},{"ancestorTitles":["List Selection Item"],"failureMessages":[],"fullName":"List Selection Item should match snapshot","location":null,"status":"passed","title":"should match snapshot"}],"endTime":1541529211725,"message":"","name":"/Users/michaelbr/dev/ignite-design-system/src/list-selection/list-selection-item/list-selection-item.component.spec.ts","startTime":1541529210663,"status":"passed","summary":""},{"assertionResults":[{"ancestorTitles":["Persistent Search Component","Input field","On key up"],"failureMessages":[],"fullName":"Persistent Search Component Input field On key up Should call emitSearchEvents","location":null,"status":"passed","title":"Should call emitSearchEvents"},{"ancestorTitles":["Persistent Search Component","Input field","On key up"],"failureMessages":[],"fullName":"Persistent Search Component Input field On key up Should emit searchEvent","location":null,"status":"passed","title":"Should emit searchEvent"},{"ancestorTitles":["Persistent Search Component","Clear button"],"failureMessages":[],"fullName":"Persistent Search Component Clear button Should display when value present","location":null,"status":"passed","title":"Should display when value present"},{"ancestorTitles":["Persistent Search Component","Clear button","When clicked"],"failureMessages":[],"fullName":"Persistent Search Component Clear button When clicked Should remove value","location":null,"status":"passed","title":"Should remove value"},{"ancestorTitles":["Persistent Search Component","Clear button"],"failureMessages":[],"fullName":"Persistent Search Component Clear button Should call emitSearchEvents","location":null,"status":"passed","title":"Should call emitSearchEvents"},{"ancestorTitles":["Persistent Search Component","Clear button"],"failureMessages":[],"fullName":"Persistent Search Component Clear button Should emit searchEvent","location":null,"status":"passed","title":"Should emit searchEvent"},{"ancestorTitles":["Persistent Search Component","placeholder"],"failureMessages":[],"fullName":"Persistent Search Component placeholder Should be set to passed in value","location":null,"status":"passed","title":"Should be set to passed in value"},{"ancestorTitles":["Persistent Search Component","placeholder"],"failureMessages":[],"fullName":"Persistent Search Component placeholder Should be set to the default value when no value is passed in","location":null,"status":"passed","title":"Should be set to the default value when no value is passed in"},{"ancestorTitles":["Persistent Search Component","On escape key press"],"failureMessages":[],"fullName":"Persistent Search Component On escape key press Should set value to an empty string","location":null,"status":"passed","title":"Should set value to an empty string"},{"ancestorTitles":["Persistent Search Component","On escape key press"],"failureMessages":[],"fullName":"Persistent Search Component On escape key press Should call emitSearchEvents","location":null,"status":"passed","title":"Should call emitSearchEvents"},{"ancestorTitles":["Persistent Search Component","On escape key press"],"failureMessages":[],"fullName":"Persistent Search Component On escape key press Should emit searchEvent","location":null,"status":"passed","title":"Should emit searchEvent"},{"ancestorTitles":["Persistent Search Component"],"failureMessages":[],"fullName":"Persistent Search Component Should match snapshot","location":null,"status":"passed","title":"Should match snapshot"}],"endTime":1541529211979,"message":"","name":"/Users/michaelbr/dev/ignite-design-system/src/persistent-search/persistent-search.component.spec.ts","startTime":1541529210286,"status":"passed","summary":""},{"assertionResults":[{"ancestorTitles":["AvatarComponent"],"failureMessages":[],"fullName":"AvatarComponent should display image","location":null,"status":"passed","title":"should display image"},{"ancestorTitles":["AvatarComponent"],"failureMessages":[],"fullName":"AvatarComponent should display initials","location":null,"status":"passed","title":"should display initials"},{"ancestorTitles":["AvatarComponent"],"failureMessages":[],"fullName":"AvatarComponent should display person icon","location":null,"status":"passed","title":"should display person icon"},{"ancestorTitles":["AvatarComponent"],"failureMessages":[],"fullName":"AvatarComponent should display a tooltip","location":null,"status":"passed","title":"should display a tooltip"},{"ancestorTitles":["AvatarComponent"],"failureMessages":[],"fullName":"AvatarComponent should display a small avatar","location":null,"status":"passed","title":"should display a small avatar"},{"ancestorTitles":["AvatarComponent"],"failureMessages":[],"fullName":"AvatarComponent should display a large avatar","location":null,"status":"passed","title":"should display a large avatar"},{"ancestorTitles":["AvatarComponent"],"failureMessages":[],"fullName":"AvatarComponent should display a large avatar by default","location":null,"status":"passed","title":"should display a large avatar by default"},{"ancestorTitles":["AvatarComponent"],"failureMessages":[],"fullName":"AvatarComponent should have attribute aria-label when tooltip is provided","location":null,"status":"passed","title":"should have attribute aria-label when tooltip is provided"},{"ancestorTitles":["AvatarComponent"],"failureMessages":[],"fullName":"AvatarComponent should have attribute aria-label when aria-label is provided","location":null,"status":"passed","title":"should have attribute aria-label when aria-label is provided"},{"ancestorTitles":["AvatarComponent"],"failureMessages":[],"fullName":"AvatarComponent should have attribute aria-label set to tooltip when both tooltip and ariaLabel are provided","location":null,"status":"passed","title":"should have attribute aria-label set to tooltip when both tooltip and ariaLabel are provided"},{"ancestorTitles":["AvatarComponent"],"failureMessages":[],"fullName":"AvatarComponent should have aria-label set to default when neither tooltip nor aria-label are provided","location":null,"status":"passed","title":"should have aria-label set to default when neither tooltip nor aria-label are provided"},{"ancestorTitles":["AvatarComponent"],"failureMessages":[],"fullName":"AvatarComponent should have tabindex set to 0 when @Input tooltip is provided","location":null,"status":"passed","title":"should have tabindex set to 0 when @Input tooltip is provided"},{"ancestorTitles":["AvatarComponent"],"failureMessages":[],"fullName":"AvatarComponent should have tabindex set to 0 when @Input ariaLabel is provided","location":null,"status":"passed","title":"should have tabindex set to 0 when @Input ariaLabel is provided"},{"ancestorTitles":["AvatarComponent"],"failureMessages":[],"fullName":"AvatarComponent should have tabindex set to 0 when @Input ariaLabel is provided","location":null,"status":"passed","title":"should have tabindex set to 0 when @Input ariaLabel is provided"},{"ancestorTitles":["AvatarComponent"],"failureMessages":[],"fullName":"AvatarComponent should have tabindex set to -1 by default","location":null,"status":"passed","title":"should have tabindex set to -1 by default"},{"ancestorTitles":["AvatarComponent"],"failureMessages":[],"fullName":"AvatarComponent should match snapshot","location":null,"status":"passed","title":"should match snapshot"}],"endTime":1541529212009,"message":"","name":"/Users/michaelbr/dev/ignite-design-system/src/avatar/avatar.component.spec.ts","startTime":1541529155479,"status":"passed","summary":""},{"assertionResults":[{"ancestorTitles":["Side Nav List Item"],"failureMessages":[],"fullName":"Side Nav List Item should set icon","location":null,"status":"passed","title":"should set icon"},{"ancestorTitles":["Side Nav List Item"],"failureMessages":[],"fullName":"Side Nav List Item should set description","location":null,"status":"passed","title":"should set description"},{"ancestorTitles":["Side Nav List Item"],"failureMessages":[],"fullName":"Side Nav List Item should emit onClick when click event emitted","location":null,"status":"passed","title":"should emit onClick when click event emitted"},{"ancestorTitles":["Side Nav List Item"],"failureMessages":[],"fullName":"Side Nav List Item should call handleClick when keyup.enter event emitted","location":null,"status":"passed","title":"should call handleClick when keyup.enter event emitted"},{"ancestorTitles":["Side Nav List Item"],"failureMessages":[],"fullName":"Side Nav List Item should call handleClick when keyup.space event emitted","location":null,"status":"passed","title":"should call handleClick when keyup.space event emitted"},{"ancestorTitles":["Side Nav List Item"],"failureMessages":[],"fullName":"Side Nav List Item should emit onClick event with key value","location":null,"status":"passed","title":"should emit onClick event with key value"},{"ancestorTitles":["Side Nav List Item"],"failureMessages":[],"fullName":"Side Nav List Item should match snapshot","location":null,"status":"passed","title":"should match snapshot"}],"endTime":1541529212141,"message":"","name":"/Users/michaelbr/dev/ignite-design-system/src/sidenav/sidenav-list-item/sidenav-list-item.component.spec.ts","startTime":1541529211060,"status":"passed","summary":""},{"assertionResults":[{"ancestorTitles":["Accessibility ToolTip"],"failureMessages":[],"fullName":"Accessibility ToolTip should set tabindex to 0 if matToolTip exists and aria label doesnt exist","location":null,"status":"passed","title":"should set tabindex to 0 if matToolTip exists and aria label doesnt exist"},{"ancestorTitles":["Accessibility ToolTip"],"failureMessages":[],"fullName":"Accessibility ToolTip should set aria-label to matToolTip if matToolTip exists and aria label doesnt exist","location":null,"status":"passed","title":"should set aria-label to matToolTip if matToolTip exists and aria label doesnt exist"},{"ancestorTitles":["Accessibility ToolTip"],"failureMessages":[],"fullName":"Accessibility ToolTip should not change tabindex if aria label is set","location":null,"status":"passed","title":"should not change tabindex if aria label is set"},{"ancestorTitles":["Accessibility ToolTip"],"failureMessages":[],"fullName":"Accessibility ToolTip should not change aria-label if aria label is set","location":null,"status":"passed","title":"should not change aria-label if aria label is set"},{"ancestorTitles":["Accessibility ToolTip"],"failureMessages":[],"fullName":"Accessibility ToolTip should not change tabindex if both are present","location":null,"status":"passed","title":"should not change tabindex if both are present"},{"ancestorTitles":["Accessibility ToolTip"],"failureMessages":[],"fullName":"Accessibility ToolTip should not change aria-label if both are present","location":null,"status":"passed","title":"should not change aria-label if both are present"},{"ancestorTitles":["Accessibility ToolTip"],"failureMessages":[],"fullName":"Accessibility ToolTip should not change tabindex if neither are present","location":null,"status":"passed","title":"should not change tabindex if neither are present"},{"ancestorTitles":["Accessibility ToolTip"],"failureMessages":[],"fullName":"Accessibility ToolTip should not change aria-label if neither are present","location":null,"status":"passed","title":"should not change aria-label if neither are present"}],"endTime":1541529213305,"message":"","name":"/Users/michaelbr/dev/ignite-design-system/src/accessibility/accessibility-tooltip.directive.spec.ts","startTime":1541529212069,"status":"passed","summary":""},{"assertionResults":[{"ancestorTitles":["Form Sizing Medium"],"failureMessages":[],"fullName":"Form Sizing Medium should set max-width to 256px","location":null,"status":"passed","title":"should set max-width to 256px"},{"ancestorTitles":["Form Sizing Medium"],"failureMessages":[],"fullName":"Form Sizing Medium should set max-width to 256px for ignSizeMedium and nuSizeMedium set to true","location":null,"status":"passed","title":"should set max-width to 256px for ignSizeMedium and nuSizeMedium set to true"},{"ancestorTitles":["Form Sizing Medium"],"failureMessages":[],"fullName":"Form Sizing Medium should set max-width to 256px for ignSizeMedium and nuSizeMedium set to null","location":null,"status":"passed","title":"should set max-width to 256px for ignSizeMedium and nuSizeMedium set to null"},{"ancestorTitles":["Form Sizing Medium"],"failureMessages":[],"fullName":"Form Sizing Medium should set flex to 2","location":null,"status":"passed","title":"should set flex to 2"},{"ancestorTitles":["Form Sizing Medium"],"failureMessages":[],"fullName":"Form Sizing Medium should set flex to 2 for nuSizeMedium and ignSizeMedium set to true","location":null,"status":"passed","title":"should set flex to 2 for nuSizeMedium and ignSizeMedium set to true"},{"ancestorTitles":["Form Sizing Medium"],"failureMessages":[],"fullName":"Form Sizing Medium should set flex to 2 for nuSizeMedium and ignSizeMedium set to null","location":null,"status":"passed","title":"should set flex to 2 for nuSizeMedium and ignSizeMedium set to null"},{"ancestorTitles":["Form Sizing Medium","NgOnChanges"],"failureMessages":[],"fullName":"Form Sizing Medium NgOnChanges should set max-width to 256px once triggered","location":null,"status":"passed","title":"should set max-width to 256px once triggered"},{"ancestorTitles":["Form Sizing Medium","NgOnChanges"],"failureMessages":[],"fullName":"Form Sizing Medium NgOnChanges should set flex to 2 once triggered","location":null,"status":"passed","title":"should set flex to 2 once triggered"}],"endTime":1541529214075,"message":"","name":"/Users/michaelbr/dev/ignite-design-system/src/form/form-sizing/sizing-medium.directive.spec.ts","startTime":1541529212022,"status":"passed","summary":""},{"assertionResults":[{"ancestorTitles":["Form Sizing Large"],"failureMessages":[],"fullName":"Form Sizing Large should set max-width to 448px","location":null,"status":"passed","title":"should set max-width to 448px"},{"ancestorTitles":["Form Sizing Large"],"failureMessages":[],"fullName":"Form Sizing Large should set max-width to 448px for ignSizeLarge and nuSizeLarge set to true","location":null,"status":"passed","title":"should set max-width to 448px for ignSizeLarge and nuSizeLarge set to true"},{"ancestorTitles":["Form Sizing Large"],"failureMessages":[],"fullName":"Form Sizing Large should set max-width to 448px for ignSizeLarge and nuSizeLarge set to null","location":null,"status":"passed","title":"should set max-width to 448px for ignSizeLarge and nuSizeLarge set to null"},{"ancestorTitles":["Form Sizing Large"],"failureMessages":[],"fullName":"Form Sizing Large should set flex to 3","location":null,"status":"passed","title":"should set flex to 3"},{"ancestorTitles":["Form Sizing Large"],"failureMessages":[],"fullName":"Form Sizing Large should set flex to 3 for nuSizeLarge and ignSizeLarge set to true","location":null,"status":"passed","title":"should set flex to 3 for nuSizeLarge and ignSizeLarge set to true"},{"ancestorTitles":["Form Sizing Large"],"failureMessages":[],"fullName":"Form Sizing Large should set flex to 3 for nuSizeLarge and ignSizeLarge set to null","location":null,"status":"passed","title":"should set flex to 3 for nuSizeLarge and ignSizeLarge set to null"},{"ancestorTitles":["Form Sizing Large","NgOnChanges"],"failureMessages":[],"fullName":"Form Sizing Large NgOnChanges should set max-width to 448px once ngOnChanges is triggered","location":null,"status":"passed","title":"should set max-width to 448px once ngOnChanges is triggered"},{"ancestorTitles":["Form Sizing Large","NgOnChanges"],"failureMessages":[],"fullName":"Form Sizing Large NgOnChanges should set flex to 3 once ngOnChanges is triggered","location":null,"status":"passed","title":"should set flex to 3 once ngOnChanges is triggered"}],"endTime":1541529214149,"message":"","name":"/Users/michaelbr/dev/ignite-design-system/src/form/form-sizing/sizing-large.directive.spec.ts","startTime":1541529212179,"status":"passed","summary":""},{"assertionResults":[{"ancestorTitles":["Data Table Container"],"failureMessages":[],"fullName":"Data Table Container should set pageSize to given pageSize","location":null,"status":"passed","title":"should set pageSize to given pageSize"},{"ancestorTitles":["Data Table Container"],"failureMessages":[],"fullName":"Data Table Container should set pageSize to default pageSize","location":null,"status":"passed","title":"should set pageSize to default pageSize"},{"ancestorTitles":["Data Table Container"],"failureMessages":[],"fullName":"Data Table Container should set pageSizeOptions to given options","location":null,"status":"passed","title":"should set pageSizeOptions to given options"},{"ancestorTitles":["Data Table Container"],"failureMessages":[],"fullName":"Data Table Container should set pageSizeOptions to default page size options","location":null,"status":"passed","title":"should set pageSizeOptions to default page size options"},{"ancestorTitles":["Data Table Container"],"failureMessages":[],"fullName":"Data Table Container should call emitPageEvents if page event is triggered","location":null,"status":"passed","title":"should call emitPageEvents if page event is triggered"},{"ancestorTitles":["Data Table Container"],"failureMessages":[],"fullName":"Data Table Container should emit paginatorEvent if page event is triggered","location":null,"status":"passed","title":"should emit paginatorEvent if page event is triggered"},{"ancestorTitles":["Data Table Container"],"failureMessages":[],"fullName":"Data Table Container should match snapshot","location":null,"status":"passed","title":"should match snapshot"}],"endTime":1541529215420,"message":"","name":"/Users/michaelbr/dev/ignite-design-system/src/data-table-container/data-table-container.component.spec.ts","startTime":1541529155459,"status":"passed","summary":""},{"assertionResults":[{"ancestorTitles":["Text List Item"],"failureMessages":[],"fullName":"Text List Item Should set primary text","location":null,"status":"passed","title":"Should set primary text"},{"ancestorTitles":["Text List Item"],"failureMessages":[],"fullName":"Text List Item Should set secondary text","location":null,"status":"passed","title":"Should set secondary text"},{"ancestorTitles":["Text List Item"],"failureMessages":[],"fullName":"Text List Item Should set tertiary text","location":null,"status":"passed","title":"Should set tertiary text"},{"ancestorTitles":["Text List Item"],"failureMessages":[],"fullName":"Text List Item Should set secondary text to displayed primary text if no primary text provided","location":null,"status":"passed","title":"Should set secondary text to displayed primary text if no primary text provided"},{"ancestorTitles":["Text List Item"],"failureMessages":[],"fullName":"Text List Item Should set tertiary text to displayed secondary text if no primary text provided","location":null,"status":"passed","title":"Should set tertiary text to displayed secondary text if no primary text provided"},{"ancestorTitles":["Text List Item"],"failureMessages":[],"fullName":"Text List Item Should show only primary text if no other text provided","location":null,"status":"passed","title":"Should show only primary text if no other text provided"},{"ancestorTitles":["Text List Item"],"failureMessages":[],"fullName":"Text List Item should match snapshot","location":null,"status":"passed","title":"should match snapshot"}],"endTime":1541529215567,"message":"","name":"/Users/michaelbr/dev/ignite-design-system/src/text-list-item/text-list-item.component.spec.ts","startTime":1541529214201,"status":"passed","summary":""},{"assertionResults":[{"ancestorTitles":["Empty State Description"],"failureMessages":[],"fullName":"Empty State Description should match snapshot","location":null,"status":"passed","title":"should match snapshot"}],"endTime":1541529215530,"message":"","name":"/Users/michaelbr/dev/ignite-design-system/src/empty-state/empty-state-description.component.spec.ts","startTime":1541529211758,"status":"passed","summary":""},{"assertionResults":[{"ancestorTitles":["List Item Primary Text"],"failureMessages":[],"fullName":"List Item Primary Text should match snapshot","location":null,"status":"passed","title":"should match snapshot"}],"endTime":1541529215547,"message":"","name":"/Users/michaelbr/dev/ignite-design-system/src/text/list-item-primary-text.component.spec.ts","startTime":1541529213371,"status":"passed","summary":""},{"assertionResults":[{"ancestorTitles":["Date Range","when an end date is chosen that is before the start date"],"failureMessages":[],"fullName":"Date Range when an end date is chosen that is before the start date should replace the start date with the end date and clear the end date with no previous dates chosen","location":null,"status":"passed","title":"should replace the start date with the end date and clear the end date with no previous dates chosen"},{"ancestorTitles":["Date Range","when an end date is chosen that is before the start date"],"failureMessages":[],"fullName":"Date Range when an end date is chosen that is before the start date should replace the start date with the end date and clear the end date with a previous end date chosen","location":null,"status":"passed","title":"should replace the start date with the end date and clear the end date with a previous end date chosen"},{"ancestorTitles":["Date Range","when an end date is chosen that is before the start date"],"failureMessages":[],"fullName":"Date Range when an end date is chosen that is before the start date should not replace the start date with the end date when the prev and current end dates match","location":null,"status":"passed","title":"should not replace the start date with the end date when the prev and current end dates match"},{"ancestorTitles":["Date Range"],"failureMessages":[],"fullName":"Date Range should not change either date when an end date after the start date is chosen","location":null,"status":"passed","title":"should not change either date when an end date after the start date is chosen"}],"endTime":1541529215918,"message":"","name":"/Users/michaelbr/dev/ignite-design-system/src/date-range/date-range.component.unit.spec.ts","startTime":1541529215715,"status":"passed","summary":""},{"assertionResults":[{"ancestorTitles":["List Item Secondary Text"],"failureMessages":[],"fullName":"List Item Secondary Text should match snapshot","location":null,"status":"passed","title":"should match snapshot"}],"endTime":1541529215927,"message":"","name":"/Users/michaelbr/dev/ignite-design-system/src/text/list-item-secondary-text.component.spec.ts","startTime":1541529214102,"status":"passed","summary":""},{"assertionResults":[{"ancestorTitles":["Expandable Fab Item"],"failureMessages":[],"fullName":"Expandable Fab Item should set tooltipText","location":null,"status":"passed","title":"should set tooltipText"},{"ancestorTitles":["Expandable Fab Item"],"failureMessages":[],"fullName":"Expandable Fab Item should set icon","location":null,"status":"passed","title":"should set icon"},{"ancestorTitles":["Expandable Fab Item"],"failureMessages":[],"fullName":"Expandable Fab Item should set href","location":null,"status":"passed","title":"should set href"},{"ancestorTitles":["Expandable Fab Item"],"failureMessages":[],"fullName":"Expandable Fab Item should emit clicked event","location":null,"status":"passed","title":"should emit clicked event"},{"ancestorTitles":["Expandable Fab Item"],"failureMessages":[],"fullName":"Expandable Fab Item should match snapshot","location":null,"status":"passed","title":"should match snapshot"}],"endTime":1541529216302,"message":"","name":"/Users/michaelbr/dev/ignite-design-system/src/expandable-fab/expandable-fab-item.component.spec.ts","startTime":1541529215593,"status":"passed","summary":""},{"assertionResults":[{"ancestorTitles":["Side Nav Header"],"failureMessages":[],"fullName":"Side Nav Header should set title","location":null,"status":"passed","title":"should set title"},{"ancestorTitles":["Side Nav Header"],"failureMessages":[],"fullName":"Side Nav Header should not set title if no title set","location":null,"status":"passed","title":"should not set title if no title set"},{"ancestorTitles":["Side Nav Header"],"failureMessages":[],"fullName":"Side Nav Header should set subtitle","location":null,"status":"passed","title":"should set subtitle"},{"ancestorTitles":["Side Nav Header"],"failureMessages":[],"fullName":"Side Nav Header should not set subtitle if no subtitle set","location":null,"status":"passed","title":"should not set subtitle if no subtitle set"},{"ancestorTitles":["Side Nav Header"],"failureMessages":[],"fullName":"Side Nav Header should match snapshot","location":null,"status":"passed","title":"should match snapshot"}],"endTime":1541529216433,"message":"","name":"/Users/michaelbr/dev/ignite-design-system/src/sidenav/sidenav-header/sidenav-header.component.spec.ts","startTime":1541529215741,"status":"passed","summary":""},{"assertionResults":[{"ancestorTitles":["Nestable Form"],"failureMessages":[],"fullName":"Nestable Form should pass formGroup","location":null,"status":"passed","title":"should pass formGroup"},{"ancestorTitles":["Nestable Form"],"failureMessages":[],"fullName":"Nestable Form should pass nuNestableForm","location":null,"status":"passed","title":"should pass nuNestableForm"}],"endTime":1541529216672,"message":"","name":"/Users/michaelbr/dev/ignite-design-system/src/form/nestable-form/nestable-form.directive.spec.ts","startTime":1541529215947,"status":"passed","summary":""},{"assertionResults":[{"ancestorTitles":["Accessible Click"],"failureMessages":[],"fullName":"Accessible Click should trigger onAccessibleClick when keyup.enter event emitted","location":null,"status":"passed","title":"should trigger onAccessibleClick when keyup.enter event emitted"},{"ancestorTitles":["Accessible Click"],"failureMessages":[],"fullName":"Accessible Click should trigger onAccessibleClick when keyup.space event emitted","location":null,"status":"passed","title":"should trigger onAccessibleClick when keyup.space event emitted"},{"ancestorTitles":["Accessible Click"],"failureMessages":[],"fullName":"Accessible Click should trigger the click event when onAccessibleClick is called","location":null,"status":"passed","title":"should trigger the click event when onAccessibleClick is called"}],"endTime":1541529216774,"message":"","name":"/Users/michaelbr/dev/ignite-design-system/src/accessibility/accessible-click.directive.spec.ts","startTime":1541529216232,"status":"passed","summary":""},{"assertionResults":[{"ancestorTitles":["Currency Mask Component"],"failureMessages":[],"fullName":"Currency Mask Component sets should set display to true","location":null,"status":"passed","title":"sets should set display to true"},{"ancestorTitles":["Currency Mask Component"],"failureMessages":[],"fullName":"Currency Mask Component should set display to false when clicked","location":null,"status":"passed","title":"should set display to false when clicked"},{"ancestorTitles":["Currency Mask Component"],"failureMessages":[],"fullName":"Currency Mask Component should set the value to true if emitted and has value","location":null,"status":"passed","title":"should set the value to true if emitted and has value"},{"ancestorTitles":["Currency Mask Component"],"failureMessages":[],"fullName":"Currency Mask Component should set the value to true if emitted and has no value","location":null,"status":"passed","title":"should set the value to true if emitted and has no value"}],"endTime":1541529216984,"message":"","name":"/Users/michaelbr/dev/ignite-design-system/src/currency-input-mask/currency-mask/currency-mask.component.spec.ts","startTime":1541529216316,"status":"passed","summary":""},{"assertionResults":[{"ancestorTitles":["Empty State Image"],"failureMessages":[],"fullName":"Empty State Image should match snapshot","location":null,"status":"passed","title":"should match snapshot"}],"endTime":1541529216831,"message":"","name":"/Users/michaelbr/dev/ignite-design-system/src/empty-state/empty-state-image.component.spec.ts","startTime":1541529215477,"status":"passed","summary":""},{"assertionResults":[{"ancestorTitles":["Loading Container"],"failureMessages":[],"fullName":"Loading Container should have spinner-container if loading","location":null,"status":"passed","title":"should have spinner-container if loading"},{"ancestorTitles":["Loading Container"],"failureMessages":[],"fullName":"Loading Container should not have spinner-container if not loading","location":null,"status":"passed","title":"should not have spinner-container if not loading"},{"ancestorTitles":["Loading Container"],"failureMessages":[],"fullName":"Loading Container should match snapshot","location":null,"status":"passed","title":"should match snapshot"}],"endTime":1541529217150,"message":"","name":"/Users/michaelbr/dev/ignite-design-system/src/loading-container/loading-container.component.spec.ts","startTime":1541529216487,"status":"passed","summary":""},{"assertionResults":[{"ancestorTitles":["Translation Pipe"],"failureMessages":[],"fullName":"Translation Pipe should fire markForCheck when translation mapping is changed","location":null,"status":"passed","title":"should fire markForCheck when translation mapping is changed"},{"ancestorTitles":["Translation Pipe"],"failureMessages":[],"fullName":"Translation Pipe should translate given a translation key","location":null,"status":"passed","title":"should translate given a translation key"},{"ancestorTitles":["Translation Pipe"],"failureMessages":[],"fullName":"Translation Pipe should get the translation when a valid string is passed into transform","location":null,"status":"passed","title":"should get the translation when a valid string is passed into transform"},{"ancestorTitles":["Translation Pipe"],"failureMessages":[],"fullName":"Translation Pipe should return translation key if key passed into transform does not exist on translation map","location":null,"status":"passed","title":"should return translation key if key passed into transform does not exist on translation map"},{"ancestorTitles":["Translation Pipe"],"failureMessages":[],"fullName":"Translation Pipe should return nothing if empty string passed in transform","location":null,"status":"passed","title":"should return nothing if empty string passed in transform"}],"endTime":1541529217200,"message":"","name":"/Users/michaelbr/dev/ignite-design-system/src/localization/translation.pipe.unit.spec.ts","startTime":1541529217005,"status":"passed","summary":""},{"assertionResults":[{"ancestorTitles":["List Content"],"failureMessages":[],"fullName":"List Content should match snapshot","location":null,"status":"passed","title":"should match snapshot"},{"ancestorTitles":["List Content","When onClick event is triggered"],"failureMessages":[],"fullName":"List Content When onClick event is triggered should call skipListContent if id is skip-list","location":null,"status":"passed","title":"should call skipListContent if id is skip-list"},{"ancestorTitles":["List Content","When onClick event is triggered"],"failureMessages":[],"fullName":"List Content When onClick event is triggered should not call skipListContent if id is not skip-list","location":null,"status":"passed","title":"should not call skipListContent if id is not skip-list"},{"ancestorTitles":["List Content"],"failureMessages":[],"fullName":"List Content should update view if skipListContent is called","location":null,"status":"passed","title":"should update view if skipListContent is called"}],"endTime":1541529217281,"message":"","name":"/Users/michaelbr/dev/ignite-design-system/src/list-content/list-content.component.spec.ts","startTime":1541529216685,"status":"passed","summary":""},{"assertionResults":[{"ancestorTitles":["List Container"],"failureMessages":[],"fullName":"List Container should match snapshot","location":null,"status":"passed","title":"should match snapshot"}],"endTime":1541529217247,"message":"","name":"/Users/michaelbr/dev/ignite-design-system/src/list-item/list-container.component.spec.ts","startTime":1541529216826,"status":"passed","summary":""},{"assertionResults":[{"ancestorTitles":["Accessible View"],"failureMessages":[],"fullName":"Accessible View should set tabindex to 0 for attribute directive with no tabindex defined in element","location":null,"status":"passed","title":"should set tabindex to 0 for attribute directive with no tabindex defined in element"},{"ancestorTitles":["Accessible View"],"failureMessages":[],"fullName":"Accessible View should not set tabindex for attribute directive with tabindex defined in element","location":null,"status":"passed","title":"should not set tabindex for attribute directive with tabindex defined in element"},{"ancestorTitles":["Accessible View"],"failureMessages":[],"fullName":"Accessible View should not set tabindex for element with no tabindex defined in element","location":null,"status":"passed","title":"should not set tabindex for element with no tabindex defined in element"}],"endTime":1541529217564,"message":"","name":"/Users/michaelbr/dev/ignite-design-system/src/accessibility/accessible-view.directive.spec.ts","startTime":1541529217100,"status":"passed","summary":""},{"assertionResults":[{"ancestorTitles":["Right Drawer"],"failureMessages":[],"fullName":"Right Drawer should create title-container if title is set","location":null,"status":"passed","title":"should create title-container if title is set"},{"ancestorTitles":["Right Drawer"],"failureMessages":[],"fullName":"Right Drawer should not create title-container if title is not set","location":null,"status":"passed","title":"should not create title-container if title is not set"},{"ancestorTitles":["Right Drawer"],"failureMessages":[],"fullName":"Right Drawer should set title","location":null,"status":"passed","title":"should set title"},{"ancestorTitles":["Right Drawer"],"failureMessages":[],"fullName":"Right Drawer should emit openChange event","location":null,"status":"passed","title":"should emit openChange event"},{"ancestorTitles":["Right Drawer"],"failureMessages":[],"fullName":"Right Drawer should call closeDrawer when button is clicked","location":null,"status":"passed","title":"should call closeDrawer when button is clicked"},{"ancestorTitles":["Right Drawer"],"failureMessages":[],"fullName":"Right Drawer should call toggleDrawer when button is clicked","location":null,"status":"passed","title":"should call toggleDrawer when button is clicked"},{"ancestorTitles":["Right Drawer"],"failureMessages":[],"fullName":"Right Drawer should set open to false when button is clicked","location":null,"status":"passed","title":"should set open to false when button is clicked"},{"ancestorTitles":["Right Drawer"],"failureMessages":[],"fullName":"Right Drawer should call closeDrawer when backdrop is clicked","location":null,"status":"passed","title":"should call closeDrawer when backdrop is clicked"},{"ancestorTitles":["Right Drawer"],"failureMessages":[],"fullName":"Right Drawer should call toggleDrawer when backdrop is clicked","location":null,"status":"passed","title":"should call toggleDrawer when backdrop is clicked"},{"ancestorTitles":["Right Drawer"],"failureMessages":[],"fullName":"Right Drawer should set open to false when backdrop is clicked","location":null,"status":"passed","title":"should set open to false when backdrop is clicked"},{"ancestorTitles":["Right Drawer"],"failureMessages":[],"fullName":"Right Drawer should call handleEscape when keyup.escape emitted","location":null,"status":"passed","title":"should call handleEscape when keyup.escape emitted"},{"ancestorTitles":["Right Drawer"],"failureMessages":[],"fullName":"Right Drawer should call closeDrawer when keyup.escape emitted","location":null,"status":"passed","title":"should call closeDrawer when keyup.escape emitted"},{"ancestorTitles":["Right Drawer"],"failureMessages":[],"fullName":"Right Drawer should call toggleDrawer when keyup.escape emitted","location":null,"status":"passed","title":"should call toggleDrawer when keyup.escape emitted"},{"ancestorTitles":["Right Drawer"],"failureMessages":[],"fullName":"Right Drawer should set open to false when keyup.escape emitted","location":null,"status":"passed","title":"should set open to false when keyup.escape emitted"},{"ancestorTitles":["Right Drawer"],"failureMessages":[],"fullName":"Right Drawer should call toggleDrawer when open drawer called","location":null,"status":"passed","title":"should call toggleDrawer when open drawer called"},{"ancestorTitles":["Right Drawer"],"failureMessages":[],"fullName":"Right Drawer should set open to true when open drawer called","location":null,"status":"passed","title":"should set open to true when open drawer called"},{"ancestorTitles":["Right Drawer"],"failureMessages":[],"fullName":"Right Drawer should match snapshot","location":null,"status":"passed","title":"should match snapshot"}],"endTime":1541529217349,"message":"","name":"/Users/michaelbr/dev/ignite-design-system/src/right-drawer/right-drawer.component.spec.ts","startTime":1541529155436,"status":"passed","summary":""},{"assertionResults":[{"ancestorTitles":["Card Subtitle"],"failureMessages":[],"fullName":"Card Subtitle should match snapshot","location":null,"status":"passed","title":"should match snapshot"}],"endTime":1541529217642,"message":"","name":"/Users/michaelbr/dev/ignite-design-system/src/card/card-subtitle/card-subtitle.component.spec.ts","startTime":1541529217320,"status":"passed","summary":""},{"assertionResults":[{"ancestorTitles":["Accessibility List Item Role"],"failureMessages":[],"fullName":"Accessibility List Item Role should have a role of \"listitem\" by default","location":null,"status":"passed","title":"should have a role of \"listitem\" by default"},{"ancestorTitles":["Accessibility List Item Role"],"failureMessages":[],"fullName":"Accessibility List Item Role should have a role of \"listitem\" even when a role currently exists","location":null,"status":"passed","title":"should have a role of \"listitem\" even when a role currently exists"}],"endTime":1541529217630,"message":"","name":"/Users/michaelbr/dev/ignite-design-system/src/accessibility/accessibility-list-item-role.directive.spec.ts","startTime":1541529217223,"status":"passed","summary":""},{"assertionResults":[{"ancestorTitles":["Accessible Remove View"],"failureMessages":[],"fullName":"Accessible Remove View should set tabindex to -1 for attribute directive with no tabindex defined in element","location":null,"status":"passed","title":"should set tabindex to -1 for attribute directive with no tabindex defined in element"},{"ancestorTitles":["Accessible Remove View"],"failureMessages":[],"fullName":"Accessible Remove View should not set tabindex for attribute directive with tabindex defined in element","location":null,"status":"passed","title":"should not set tabindex for attribute directive with tabindex defined in element"},{"ancestorTitles":["Accessible Remove View"],"failureMessages":[],"fullName":"Accessible Remove View should not set tabindex for element with no tabindex defined in element","location":null,"status":"passed","title":"should not set tabindex for element with no tabindex defined in element"}],"endTime":1541529217658,"message":"","name":"/Users/michaelbr/dev/ignite-design-system/src/accessibility/accessible-remove-view.directive.spec.ts","startTime":1541529217178,"status":"passed","summary":""},{"assertionResults":[{"ancestorTitles":["Expandable Fab"],"failureMessages":[],"fullName":"Expandable Fab should trigger handleClick when click event emitted","location":null,"status":"passed","title":"should trigger handleClick when click event emitted"},{"ancestorTitles":["Expandable Fab","when handleClick is triggered"],"failureMessages":[],"fullName":"Expandable Fab when handleClick is triggered should set activeClass to active if activeClass is null","location":null,"status":"passed","title":"should set activeClass to active if activeClass is null"},{"ancestorTitles":["Expandable Fab","when handleClick is triggered"],"failureMessages":[],"fullName":"Expandable Fab when handleClick is triggered should set activeClass to null if activeClass is not null","location":null,"status":"passed","title":"should set activeClass to null if activeClass is not null"},{"ancestorTitles":["Expandable Fab","when handleClick is triggered"],"failureMessages":[],"fullName":"Expandable Fab when handleClick is triggered should set ariaLabelValue to open if isOpen is true","location":null,"status":"passed","title":"should set ariaLabelValue to open if isOpen is true"},{"ancestorTitles":["Expandable Fab","when handleClick is triggered"],"failureMessages":[],"fullName":"Expandable Fab when handleClick is triggered should set ariaLabelValue to close if isOpen is false","location":null,"status":"passed","title":"should set ariaLabelValue to close if isOpen is false"},{"ancestorTitles":["Expandable Fab","When onChanges lifecycle hook is triggered"],"failureMessages":[],"fullName":"Expandable Fab When onChanges lifecycle hook is triggered should set ariaLabelValue to close if isOpen is true","location":null,"status":"passed","title":"should set ariaLabelValue to close if isOpen is true"},{"ancestorTitles":["Expandable Fab","When onChanges lifecycle hook is triggered"],"failureMessages":[],"fullName":"Expandable Fab When onChanges lifecycle hook is triggered should set ariaLabelValue to open if isOpen is false","location":null,"status":"passed","title":"should set ariaLabelValue to open if isOpen is false"},{"ancestorTitles":["Expandable Fab"],"failureMessages":[],"fullName":"Expandable Fab should call handleClick when the child emits a clicked event","location":null,"status":"passed","title":"should call handleClick when the child emits a clicked event"},{"ancestorTitles":["Expandable Fab"],"failureMessages":[],"fullName":"Expandable Fab should have active classes if isOpen is true","location":null,"status":"passed","title":"should have active classes if isOpen is true"},{"ancestorTitles":["Expandable Fab"],"failureMessages":[],"fullName":"Expandable Fab should not have active class if isOpen is false","location":null,"status":"passed","title":"should not have active class if isOpen is false"},{"ancestorTitles":["Expandable Fab"],"failureMessages":[],"fullName":"Expandable Fab should match snapshot","location":null,"status":"passed","title":"should match snapshot"}],"endTime":1541529217500,"message":"","name":"/Users/michaelbr/dev/ignite-design-system/src/expandable-fab/expandable-fab.component.spec.ts","startTime":1541529155483,"status":"passed","summary":""},{"assertionResults":[{"ancestorTitles":["Card Section"],"failureMessages":[],"fullName":"Card Section should match snapshot","location":null,"status":"passed","title":"should match snapshot"}],"endTime":1541529217925,"message":"","name":"/Users/michaelbr/dev/ignite-design-system/src/card/card-section/card-section.component.spec.ts","startTime":1541529217669,"status":"passed","summary":""},{"assertionResults":[{"ancestorTitles":["Form Sizing Small"],"failureMessages":[],"fullName":"Form Sizing Small should set max-width to 192px","location":null,"status":"passed","title":"should set max-width to 192px"},{"ancestorTitles":["Form Sizing Small"],"failureMessages":[],"fullName":"Form Sizing Small should set flex to 1","location":null,"status":"passed","title":"should set flex to 1"}],"endTime":1541529217969,"message":"","name":"/Users/michaelbr/dev/ignite-design-system/src/form/form-sizing/sizing-small.directive.spec.ts","startTime":1541529217609,"status":"passed","summary":""},{"assertionResults":[{"ancestorTitles":["List Selection"],"failureMessages":[],"fullName":"List Selection should match snapshot","location":null,"status":"passed","title":"should match snapshot"}],"endTime":1541529217986,"message":"","name":"/Users/michaelbr/dev/ignite-design-system/src/list-selection/list-selection.component.spec.ts","startTime":1541529217709,"status":"passed","summary":""},{"assertionResults":[{"ancestorTitles":["Form Sizing Full"],"failureMessages":[],"fullName":"Form Sizing Full should set max-width to 100%","location":null,"status":"passed","title":"should set max-width to 100%"},{"ancestorTitles":["Form Sizing Full"],"failureMessages":[],"fullName":"Form Sizing Full should set width to 100%","location":null,"status":"passed","title":"should set width to 100%"}],"endTime":1541529218044,"message":"","name":"/Users/michaelbr/dev/ignite-design-system/src/form/form-sizing/sizing-full.directive.spec.ts","startTime":1541529217661,"status":"passed","summary":""},{"assertionResults":[{"ancestorTitles":["Select Container"],"failureMessages":[],"fullName":"Select Container should match snapshot","location":null,"status":"passed","title":"should match snapshot"}],"endTime":1541529217908,"message":"","name":"/Users/michaelbr/dev/ignite-design-system/src/select-container/select-container.component.spec.ts","startTime":1541529217485,"status":"passed","summary":""},{"assertionResults":[{"ancestorTitles":["List Selection Search"],"failureMessages":[],"fullName":"List Selection Search should match snapshot","location":null,"status":"passed","title":"should match snapshot"}],"endTime":1541529218204,"message":"","name":"/Users/michaelbr/dev/ignite-design-system/src/list-selection/list-selection-search/list-selection-search.component.spec.ts","startTime":1541529217836,"status":"passed","summary":""},{"assertionResults":[{"ancestorTitles":["Logger","named"],"failureMessages":[],"fullName":"Logger named should start with default namespace if not called","location":null,"status":"passed","title":"should start with default namespace if not called"},{"ancestorTitles":["Logger","named"],"failureMessages":[],"fullName":"Logger named should set namespace","location":null,"status":"passed","title":"should set namespace"},{"ancestorTitles":["Logger","trace"],"failureMessages":[],"fullName":"Logger trace should log to console","location":null,"status":"passed","title":"should log to cons
[...]
:{"line":8,"column":13},"end":{"line":8,"column":33}}},"fnMap":{},"branchMap":{},"s":{"0":15,"1":15,"2":15,"3":15},"f":{},"b":{}},"/Users/michaelbr/dev/ignite-design-system/src/error-banner/error-banner.html":{"path":"/Users/michaelbr/dev/ignite-design-system/src/error-banner/error-banner.html","statementMap":{"0":{"start":{"line":1,"column":0},"end":{"line":3,"column":6}}},"fnMap":{},"branchMap":{},"s":{"0":15},"f":{},"b":{},"_coverageSchema":"332fd63041d2c1bcb487cc26dd0d5f7d97098a6c","hash":"438bd9104d4cd34725d3951cac4029253cc30ac8"},"/Users/michaelbr/dev/ignite-design-system/src/info-banner/info-banner.component.ts":{"path":"/Users/michaelbr/dev/ignite-design-system/src/info-banner/info-banner.component.ts","statementMap":{"0":{"start":{"line":1,"column":0},"end":{"line":1,"column":41}},"1":{"start":{"line":8,"column":0},"end":{"line":8,"column":35}},"2":{"start":{"line":8,"column":13},"end":{"line":8,"column":35}},"3":{"start":{"line":8,"column":13},"end":{"line":8,"column":32}}},"fnMap":{},"branchMap":{},"s":{"0":15,"1":15,"2":15,"3":15},"f":{},"b":{}},"/Users/michaelbr/dev/ignite-design-system/src/info-banner/info-banner.html":{"path":"/Users/michaelbr/dev/ignite-design-system/src/info-banner/info-banner.html","statementMap":{"0":{"start":{"line":1,"column":0},"end":{"line":3,"column":6}}},"fnMap":{},"branchMap":{},"s":{"0":15},"f":{},"b":{},"_coverageSchema":"332fd63041d2c1bcb487cc26dd0d5f7d97098a6c","hash":"4839c46f0970493de05abda2b1337ebd20c54be8"},"/Users/michaelbr/dev/ignite-design-system/src/button-group/index.ts":{"path":"/Users/michaelbr/dev/ignite-design-system/src/button-group/index.ts","statementMap":{"0":{"start":{"line":1,"column":0},"end":{"line":1,"column":41}},"1":{"start":{"line":8,"column":0},"end":{"line":8,"column":36}},"2":{"start":{"line":8,"column":13},"end":{"line":8,"column":36}},"3":{"start":{"line":8,"column":13},"end":{"line":8,"column":33}}},"fnMap":{},"branchMap":{},"s":{"0":16,"1":16,"2":16,"3":16},"f":{},"b":{}},"/Users/michaelbr/dev/ignite-design-system/src/expandable-fab/expandable-fab.component.ts":{"path":"/Users/michaelbr/dev/ignite-design-system/src/expandable-fab/expandable-fab.component.ts","statementMap":{"0":{"start":{"line":1,"column":0},"end":{"line":10,"column":22}},"1":{"start":{"line":11,"column":0},"end":{"line":11,"column":76}},"2":{"start":{"line":12,"column":0},"end":{"line":12,"column":37}},"3":{"start":{"line":13,"column":0},"end":{"line":13,"column":66}},"4":{"start":{"line":14,"column":0},"end":{"line":14,"column":42}},"5":{"start":{"line":21,"column":0},"end":{"line":67,"column":1}},"6":{"start":{"line":23,"column":11},"end":{"line":23,"column":34}},"7":{"start":{"line":24,"column":11},"end":{"line":24,"column":36}},"8":{"start":{"line":28,"column":2},"end":{"line":28,"column":29}},"9":{"start":{"line":29,"column":2},"end":{"line":29,"column":17}},"10":{"start":{"line":31,"column":19},"end":{"line":31,"column":54}},"11":{"start":{"line":34,"column":4},"end":{"line":34,"column":56}},"12":{"start":{"line":38,"column":4},"end":{"line":38,"column":19}},"13":{"start":{"line":42,"column":20},"end":{"line":42,"column":59}},"14":{"start":{"line":42,"column":44},"end":{"line":42,"column":58}},"15":{"start":{"line":43,"column":4},"end":{"line":45,"column":42}},"16":{"start":{"line":45,"column":22},"end":{"line":45,"column":40}},"17":{"start":{"line":49,"column":4},"end":{"line":49,"column":29}},"18":{"start":{"line":50,"column":4},"end":{"line":50,"column":33}},"19":{"start":{"line":54,"column":4},"end":{"line":54,"column":31}},"20":{"start":{"line":55,"column":4},"end":{"line":55,"column":19}},"21":{"start":{"line":56,"column":4},"end":{"line":60,"column":5}},"22":{"start":{"line":57,"column":6},"end":{"line":57,"column":30}},"23":{"start":{"line":59,"column":6},"end":{"line":59,"column":34}},"24":{"start":{"line":64,"column":4},"end":{"line":64,"column":81}},"25":{"start":{"line":65,"column":4},"end":{"line":65,"column":76}},"26":{"start":{"line":22,"column":47},"end":{"line":22,"column":91}},"27":{"start":{"line":21,"column":13},"end":{"line":67,"column":1}},"28":{"start":{"line":21,"column":13},"end":{"line":21,"column":35}}},"fnMap":{"0":{"name":"(anonymous_2)","decl":{"start":{"line":33,"column":2},"end":{"line":33,"column":13}},"loc":{"start":{"line":33,"column":42},"end":{"line":35,"column":3}}},"1":{"name":"(anonymous_3)","decl":{"start":{"line":37,"column":2},"end":{"line":37,"column":12}},"loc":{"start":{"line":37,"column":13},"end":{"line":39,"column":3}}},"2":{"name":"(anonymous_4)","decl":{"start":{"line":41,"column":2},"end":{"line":41,"column":19}},"loc":{"start":{"line":41,"column":20},"end":{"line":46,"column":3}}},"3":{"name":"(anonymous_5)","decl":{"start":{"line":42,"column":34},"end":{"line":42,"column":39}},"loc":{"start":{"line":42,"column":44},"end":{"line":42,"column":58}}},"4":{"name":"(anonymous_6)","decl":{"start":{"line":45,"column":17},"end":{"line":45,"column":18}},"loc":{"start":{"line":45,"column":22},"end":{"line":45,"column":40}}},"5":{"name":"(anonymous_7)","decl":{"start":{"line":48,"column":2},"end":{"line":48,"column":12}},"loc":{"start":{"line":48,"column":13},"end":{"line":51,"column":3}}},"6":{"name":"(anonymous_8)","decl":{"start":{"line":53,"column":2},"end":{"line":53,"column":12}},"loc":{"start":{"line":53,"column":13},"end":{"line":61,"column":3}}},"7":{"name":"(anonymous_9)","decl":{"start":{"line":63,"column":10},"end":{"line":63,"column":16}},"loc":{"start":{"line":63,"column":17},"end":{"line":66,"column":3}}}},"branchMap":{"0":{"loc":{"start":{"line":56,"column":4},"end":{"line":60,"column":5}},"type":"if","locations":[{"start":{"line":56,"column":4},"end":{"line":60,"column":5}},{"start":{"line":56,"column":4},"end":{"line":60,"column":5}}]},"1":{"loc":{"start":{"line":64,"column":40},"end":{"line":64,"column":59}},"type":"cond-expr","locations":[{"start":{"line":64,"column":40},"end":{"line":64,"column":59}},{"start":{"line":64,"column":62},"end":{"line":64,"column":80}}]},"2":{"loc":{"start":{"line":22,"column":62},"end":{"line":null,"column":-1}},"type":"binary-expr","locations":[{"start":{"line":22,"column":62},"end":{"line":null,"column":-1}},{"start":{"line":22,"column":62},"end":{"line":null,"column":-1}}]},"3":{"loc":{"start":{"line":22,"column":53},"end":{"line":22,"column":62}},"type":"binary-expr","locations":[{"start":{"line":22,"column":53},"end":{"line":22,"column":62}}]},"4":{"loc":{"start":{"line":33,"column":42},"end":{"line":null,"column":-1}},"type":"binary-expr","locations":[{"start":{"line":33,"column":42},"end":{"line":null,"column":-1}},{"start":{"line":33,"column":42},"end":{"line":null,"column":-1}}]},"5":{"loc":{"start":{"line":33,"column":25},"end":{"line":33,"column":42}},"type":"binary-expr","locations":[{"start":{"line":33,"column":25},"end":{"line":33,"column":42}}]}},"s":{"0":15,"1":15,"2":15,"3":15,"4":15,"5":15,"6":26,"7":26,"8":11,"9":11,"10":11,"11":11,"12":2,"13":12,"14":12,"15":12,"16":1,"17":10,"18":10,"19":5,"20":5,"21":5,"22":1,"23":4,"24":7,"25":7,"26":15,"27":15,"28":15},"f":{"0":11,"1":2,"2":12,"3":12,"4":1,"5":10,"6":5,"7":7},"b":{"0":[1,4],"1":[5,2],"2":[15,0],"3":[15],"4":[15,0],"5":[15]}},"/Users/michaelbr/dev/ignite-design-system/src/expandable-fab/expandable-fab-item.component.ts":{"path":"/Users/michaelbr/dev/ignite-design-system/src/expandable-fab/expandable-fab-item.component.ts","statementMap":{"0":{"start":{"line":1,"column":0},"end":{"line":1,"column":70}},"1":{"start":{"line":8,"column":0},"end":{"line":14,"column":1}},"2":{"start":{"line":13,"column":12},"end":{"line":13,"column":46}},"3":{"start":{"line":9,"column":11},"end":{"line":9,"column":31}},"4":{"start":{"line":10,"column":11},"end":{"line":10,"column":24}},"5":{"start":{"line":11,"column":11},"end":{"line":11,"column":24}},"6":{"start":{"line":12,"column":11},"end":{"line":12,"column":26}},"7":{"start":{"line":8,"column":13},"end":{"line":14,"column":1}},"8":{"start":{"line":8,"column":13},"end":{"line":8,"column":39}}},"fnMap":{"0":{"name":"(anonymous_2)","decl":{"start":{"line":3,"column":0},"end":{"line":null,"column":-1}},"loc":{"start":{"line":3,"column":0},"end":{"line":14,"column":1}}}},"branchMap":{},"s":{"0":16,"1":16,"2":32,"3":16,"4":16,"5":16,"6":16,"7":16,"8":16},"f":{"0":16},"b":{}},"/Users/michaelbr/dev/ignite-design-system/src/expandable-fab/expandable-fab-item.html":{"path":"/Users/michaelbr/dev/ignite-design-system/src/expandable-fab/expandable-fab-item.html","statementMap":{"0":{"start":{"line":1,"column":0},"end":{"line":26,"column":2}}},"fnMap":{},"branchMap":{},"s":{"0":16},"f":{},"b":{},"_coverageSchema":"332fd63041d2c1bcb487cc26dd0d5f7d97098a6c","hash":"fe0e9b713f5707496491594f3b015d3e684975ac"},"/Users/michaelbr/dev/ignite-design-system/src/expandable-fab/expandable-fab.html":{"path":"/Users/michaelbr/dev/ignite-design-system/src/expandable-fab/expandable-fab.html","statementMap":{"0":{"start":{"line":1,"column":0},"end":{"line":13,"column":8}}},"fnMap":{},"branchMap":{},"s":{"0":15},"f":{},"b":{},"_coverageSchema":"332fd63041d2c1bcb487cc26dd0d5f7d97098a6c","hash":"5c3c022528bb10614e4b084c58712479020b96e6"},"/Users/michaelbr/dev/ignite-design-system/src/expandable-fab/expandable-fab-item.module.ts":{"path":"/Users/michaelbr/dev/ignite-design-system/src/expandable-fab/expandable-fab-item.module.ts","statementMap":{"0":{"start":{"line":1,"column":0},"end":{"line":1,"column":40}},"1":{"start":{"line":2,"column":0},"end":{"line":2,"column":66}},"2":{"start":{"line":3,"column":0},"end":{"line":3,"column":76}},"3":{"start":{"line":4,"column":0},"end":{"line":4,"column":49}},"4":{"start":{"line":5,"column":0},"end":{"line":5,"column":46}},"5":{"start":{"line":6,"column":0},"end":{"line":6,"column":46}},"6":{"start":{"line":13,"column":0},"end":{"line":13,"column":39}},"7":{"start":{"line":13,"column":13},"end":{"line":13,"column":39}},"8":{"start":{"line":13,"column":13},"end":{"line":13,"column":36}}},"fnMap":{},"branchMap":{},"s":{"0":15,"1":15,"2":15,"3":15,"4":15,"5":15,"6":15,"7":15,"8":15},"f":{},"b":{}},"/Users/michaelbr/dev/ignite-design-system/src/center/center.component.ts":{"path":"/Users/michaelbr/dev/ignite-design-system/src/center/center.component.ts","statementMap":{"0":{"start":{"line":2,"column":0},"end":{"line":2,"column":41}},"1":{"start":{"line":9,"column":0},"end":{"line":9,"column":31}},"2":{"start":{"line":9,"column":13},"end":{"line":9,"column":31}},"3":{"start":{"line":9,"column":13},"end":{"line":9,"column":28}}},"fnMap":{},"branchMap":{},"s":{"0":16,"1":16,"2":16,"3":16},"f":{},"b":{}},"/Users/michaelbr/dev/ignite-design-system/src/center/center.html":{"path":"/Users/michaelbr/dev/ignite-design-system/src/center/center.html","statementMap":{"0":{"start":{"line":1,"column":0},"end":{"line":4,"column":2}}},"fnMap":{},"branchMap":{},"s":{"0":16},"f":{},"b":{},"_coverageSchema":"332fd63041d2c1bcb487cc26dd0d5f7d97098a6c","hash":"5c9121d84f53ffe70de62f543bf030140c60c5ab"},"/Users/michaelbr/dev/ignite-design-system/src/loading-container/loading-container.component.ts":{"path":"/Users/michaelbr/dev/ignite-design-system/src/loading-container/loading-container.component.ts","statementMap":{"0":{"start":{"line":1,"column":0},"end":{"line":1,"column":75}},"1":{"start":{"line":3,"column":0},"end":{"line":3,"column":66}},"2":{"start":{"line":5,"column":33},"end":{"line":5,"column":36}},"3":{"start":{"line":12,"column":0},"end":{"line":36,"column":1}},"4":{"start":{"line":21,"column":4},"end":{"line":21,"column":42}},"5":{"start":{"line":22,"column":4},"end":{"line":22,"column":24}},"6":{"start":{"line":23,"column":4},"end":{"line":23,"column":27}},"7":{"start":{"line":24,"column":4},"end":{"line":24,"column":56}},"8":{"start":{"line":25,"column":4},"end":{"line":25,"column":68}},"9":{"start":{"line":29,"column":4},"end":{"line":31,"column":5}},"10":{"start":{"line":30,"column":6},"end":{"line":30,"column":45}},"11":{"start":{"line":32,"column":4},"end":{"line":34,"column":19}},"12":{"start":{"line":33,"column":6},"end":{"line":33,"column":28}},"13":{"start":{"line":13,"column":11},"end":{"line":13,"column":28}},"14":{"start":{"line":14,"column":11},"end":{"line":14,"column":29}},"15":{"start":{"line":12,"column":13},"end":{"line":36,"column":1}},"16":{"start":{"line":12,"column":13},"end":{"line":12,"column":38}}},"fnMap":{"0":{"name":"(anonymous_2)","decl":{"start":{"line":20,"column":2},"end":{"line":20,"column":13}},"loc":{"start":{"line":20,"column":42},"end":{"line":26,"column":3}}},"1":{"name":"(anonymous_3)","decl":{"start":{"line":28,"column":2},"end":{"line":28,"column":9}},"loc":{"start":{"line":28,"column":10},"end":{"line":35,"column":3}}},"2":{"name":"(anonymous_4)","decl":{"start":{"line":32,"column":15},"end":{"line":32,"column":17}},"loc":{"start":{"line":32,"column":20},"end":{"line":34,"column":5}}}},"branchMap":{"0":{"loc":{"start":{"line":29,"column":4},"end":{"line":31,"column":5}},"type":"if","locations":[{"start":{"line":29,"column":4},"end":{"line":31,"column":5}},{"start":{"line":29,"column":4},"end":{"line":31,"column":5}}]},"1":{"loc":{"start":{"line":20,"column":42},"end":{"line":null,"column":-1}},"type":"binary-expr","locations":[{"start":{"line":20,"column":42},"end":{"line":null,"column":-1}},{"start":{"line":20,"column":42},"end":{"line":null,"column":-1}}]},"2":{"loc":{"start":{"line":20,"column":25},"end":{"line":20,"column":42}},"type":"binary-expr","locations":[{"start":{"line":20,"column":25},"end":{"line":20,"column":42}}]}},"s":{"0":16,"1":16,"2":16,"3":16,"4":3,"5":3,"6":3,"7":3,"8":3,"9":4,"10":0,"11":4,"12":1,"13":16,"14":16,"15":16,"16":16},"f":{"0":3,"1":4,"2":1},"b":{"0":[0,4],"1":[16,0],"2":[16]}},"/Users/michaelbr/dev/ignite-design-system/src/loading-container/loading-container.html":{"path":"/Users/michaelbr/dev/ignite-design-system/src/loading-container/loading-container.html","statementMap":{"0":{"start":{"line":1,"column":0},"end":{"line":8,"column":8}}},"fnMap":{},"branchMap":{},"s":{"0":16},"f":{},"b":{},"_coverageSchema":"332fd63041d2c1bcb487cc26dd0d5f7d97098a6c","hash":"70a0aa643fa2f20c7e388b48d2bca83d7af8f748"},"/Users/michaelbr/dev/ignite-design-system/src/footer/footer.component.ts":{"path":"/Users/michaelbr/dev/ignite-design-system/src/footer/footer.component.ts","statementMap":{"0":{"start":{"line":1,"column":0},"end":{"line":1,"column":41}},"1":{"start":{"line":8,"column":0},"end":{"line":8,"column":31}},"2":{"start":{"line":8,"column":13},"end":{"line":8,"column":31}},"3":{"start":{"line":8,"column":13},"end":{"line":8,"column":28}}},"fnMap":{},"branchMap":{},"s":{"0":16,"1":16,"2":16,"3":16},"f":{},"b":{}},"/Users/michaelbr/dev/ignite-design-system/src/footer/footer.html":{"path":"/Users/michaelbr/dev/ignite-design-system/src/footer/footer.html","statementMap":{"0":{"start":{"line":1,"column":0},"end":{"line":5,"column":11}}},"fnMap":{},"branchMap":{},"s":{"0":16},"f":{},"b":{},"_coverageSchema":"332fd63041d2c1bcb487cc26dd0d5f7d97098a6c","hash":"debf034058d3e2f9eca30ae3cd933683c5c83cb2"},"/Users/michaelbr/dev/ignite-design-system/src/date-range/date-range.module.ts":{"path":"/Users/michaelbr/dev/ignite-design-system/src/date-range/date-range.module.ts","statementMap":{"0":{"start":{"line":1,"column":0},"end":{"line":1,"column":40}},"1":{"start":{"line":2,"column":0},"end":{"line":2,"column":91}},"2":{"start":{"line":3,"column":0},"end":{"line":3,"column":52}},"3":{"start":{"line":4,"column":0},"end":{"line":4,"column":59}},"4":{"start":{"line":5,"column":0},"end":{"line":5,"column":70}},"5":{"start":{"line":18,"column":0},"end":{"line":18,"column":31}},"6":{"start":{"line":18,"column":13},"end":{"line":18,"column":31}},"7":{"start":{"line":18,"column":13},"end":{"line":18,"column":28}}},"fnMap":{},"branchMap":{},"s":{"0":15,"1":15,"2":15,"3":15,"4":15,"5":15,"6":15,"7":15},"f":{},"b":{}},"/Users/michaelbr/dev/ignite-design-system/src/text-list-item/text-list-item.module.ts":{"path":"/Users/michaelbr/dev/ignite-design-system/src/text-list-item/text-list-item.module.ts","statementMap":{"0":{"start":{"line":1,"column":0},"end":{"line":1,"column":40}},"1":{"start":{"line":2,"column":0},"end":{"line":2,"column":49}},"2":{"start":{"line":3,"column":0},"end":{"line":3,"column":66}},"3":{"start":{"line":4,"column":0},"end":{"line":4,"column":46}},"4":{"start":{"line":11,"column":0},"end":{"line":11,"column":34}},"5":{"start":{"line":11,"column":13},"end":{"line":11,"column":34}},"6":{"start":{"line":11,"column":13},"end":{"line":11,"column":31}}},"fnMap":{},"branchMap":{},"s":{"0":15,"1":15,"2":15,"3":15,"4":15,"5":15,"6":15},"f":{},"b":{}},"/Users/michaelbr/dev/ignite-design-system/src/right-align-container/right-align-container.component.ts":{"path":"/Users/michaelbr/dev/ignite-design-system/src/right-align-container/right-align-container.component.ts","statementMap":{"0":{"start":{"line":1,"column":0},"end":{"line":1,"column":41}},"1":{"start":{"line":8,"column":0},"end":{"line":8,"column":44}},"2":{"start":{"line":8,"column":13},"end":{"line":8,"column":44}},"3":{"start":{"line":8,"column":13},"end":{"line":8,"column":41}}},"fnMap":{},"branchMap":{},"s":{"0":16,"1":16,"2":16,"3":16},"f":{},"b":{}},"/Users/michaelbr/dev/ignite-design-system/src/right-align-container/right-align-container.html":{"path":"/Users/michaelbr/dev/ignite-design-system/src/right-align-container/right-align-container.html","statementMap":{"0":{"start":{"line":1,"column":0},"end":{"line":1,"column":43}}},"fnMap":{},"branchMap":{},"s":{"0":16},"f":{},"b":{},"_coverageSchema":"332fd63041d2c1bcb487cc26dd0d5f7d97098a6c","hash":"1c384a5161b69bae5ceedaf80738aa5db0f13971"},"/Users/michaelbr/dev/ignite-design-system/src/currency-input-mask/currency-mask/currency-mask.component.ts":{"path":"/Users/michaelbr/dev/ignite-design-system/src/currency-input-mask/currency-mask/currency-mask.component.ts","statementMap":{"0":{"start":{"line":1,"column":0},"end":{"line":1,"column":78}},"1":{"start":{"line":7,"column":0},"end":{"line":25,"column":1}},"2":{"start":{"line":9,"column":12},"end":{"line":9,"column":51}},"3":{"start":{"line":14,"column":4},"end":{"line":14,"column":33}},"4":{"start":{"line":18,"column":4},"end":{"line":18,"column":32}},"5":{"start":{"line":22,"column":4},"end":{"line":22,"column":40}},"6":{"start":{"line":23,"column":4},"end":{"line":23,"column":32}},"7":{"start":{"line":8,"column":11},"end":{"line":8,"column":32}},"8":{"start":{"line":7,"column":13},"end":{"line":25,"column":1}},"9":{"start":{"line":7,"column":13},"end":{"line":7,"column":34}}},"fnMap":{"0":{"name":"(anonymous_2)","decl":{"start":{"line":3,"column":0},"end":{"line":null,"column":-1}},"loc":{"start":{"line":3,"column":0},"end":{"line":25,"column":1}}},"1":{"name":"(anonymous_3)","decl":{"start":{"line":13,"column":2},"end":{"line":13,"column":8}},"loc":{"start":{"line":13,"column":9},"end":{"line":15,"column":3}}},"2":{"name":"(anonymous_4)","decl":{"start":{"line":17,"column":2},"end":{"line":17,"column":9}},"loc":{"start":{"line":17,"column":10},"end":{"line":19,"column":3}}},"3":{"name":"(anonymous_5)","decl":{"start":{"line":21,"column":2},"end":{"line":21,"column":7}},"loc":{"start":{"line":21,"column":25},"end":{"line":24,"column":3}}}},"branchMap":{"0":{"loc":{"start":{"line":22,"column":24},"end":{"line":22,"column":32}},"type":"binary-expr","locations":[{"start":{"line":22,"column":24},"end":{"line":22,"column":32}},{"start":{"line":22,"column":36},"end":{"line":22,"column":38}}]}},"s":{"0":16,"1":16,"2":20,"3":1,"4":4,"5":2,"6":2,"7":16,"8":16,"9":16},"f":{"0":4,"1":1,"2":4,"3":2},"b":{"0":[2,1]}},"/Users/michaelbr/dev/ignite-design-system/src/currency-input-mask/currency-mask/currency-mask.html":{"path":"/Users/michaelbr/dev/ignite-design-system/src/currency-input-mask/currency-mask/currency-mask.html","statementMap":{"0":{"start":{"line":1,"column":0},"end":{"line":4,"column":19}}},"fnMap":{},"branchMap":{},"s":{"0":16},"f":{},"b":{},"_coverageSchema":"332fd63041d2c1bcb487cc26dd0d5f7d97098a6c","hash":"2cf723f48992d6fad894947172b29e7546ca12f8"}}}