{"/Users/brianm/Desktop/Cross-Cutting/ignite-design-system/src/index.ts": {"path":"/Users/brianm/Desktop/Cross-Cutting/ignite-design-system/src/index.ts","statementMap":{"0":{"start":{"line":1,"column":0},"end":{"line":1,"column":61}},"1":{"start":{"line":2,"column":0},"end":{"line":2,"column":52}},"2":{"start":{"line":3,"column":0},"end":{"line":3,"column":46}},"3":{"start":{"line":5,"column":0},"end":{"line":5,"column":53}},"4":{"start":{"line":6,"column":0},"end":{"line":6,"column":38}},"5":{"start":{"line":8,"column":0},"end":{"line":8,"column":76}},"6":{"start":{"line":9,"column":0},"end":{"line":9,"column":54}},"7":{"start":{"line":11,"column":0},"end":{"line":15,"column":24}},"8":{"start":{"line":16,"column":0},"end":{"line":16,"column":32}},"9":{"start":{"line":18,"column":0},"end":{"line":18,"column":62}},"10":{"start":{"line":19,"column":0},"end":{"line":19,"column":44}},"11":{"start":{"line":21,"column":0},"end":{"line":25,"column":40}},"12":{"start":{"line":26,"column":0},"end":{"line":26,"column":48}},"13":{"start":{"line":28,"column":0},"end":{"line":34,"column":29}},"14":{"start":{"line":35,"column":0},"end":{"line":35,"column":37}},"15":{"start":{"line":37,"column":0},"end":{"line":42,"column":44}},"16":{"start":{"line":43,"column":0},"end":{"line":43,"column":52}},"17":{"start":{"line":45,"column":0},"end":{"line":51,"column":31}},"18":{"start":{"line":52,"column":0},"end":{"line":52,"column":39}},"19":{"start":{"line":54,"column":0},"end":{"line":66,"column":21}},"20":{"start":{"line":67,"column":0},"end":{"line":67,"column":29}},"21":{"start":{"line":69,"column":0},"end":{"line":69,"column":64}},"22":{"start":{"line":70,"column":0},"end":{"line":70,"column":46}},"23":{"start":{"line":72,"column":0},"end":{"line":75,"column":30}},"24":{"start":{"line":76,"column":0},"end":{"line":76,"column":38}},"25":{"start":{"line":78,"column":0},"end":{"line":78,"column":88}},"26":{"start":{"line":79,"column":0},"end":{"line":79,"column":62}},"27":{"start":{"line":81,"column":0},"end":{"line":88,"column":21}},"28":{"start":{"line":89,"column":0},"end":{"line":89,"column":29}},"29":{"start":{"line":91,"column":0},"end":{"line":91,"column":76}},"30":{"start":{"line":92,"column":0},"end":{"line":92,"column":54}},"31":{"start":{"line":94,"column":0},"end":{"line":94,"column":73}},"32":{"start":{"line":95,"column":0},"end":{"line":95,"column":52}},"33":{"start":{"line":97,"column":0},"end":{"line":97,"column":59}},"34":{"start":{"line":98,"column":0},"end":{"line":98,"column":37}},"35":{"start":{"line":100,"column":0},"end":{"line":100,"column":82}},"36":{"start":{"line":101,"column":0},"end":{"line":101,"column":58}},"37":{"start":{"line":103,"column":0},"end":{"line":103,"column":91}},"38":{"start":{"line":104,"column":0},"end":{"line":104,"column":63}},"39":{"start":{"line":106,"column":0},"end":{"line":106,"column":56}},"40":{"start":{"line":107,"column":0},"end":{"line":107,"column":40}},"41":{"start":{"line":109,"column":0},"end":{"line":109,"column":59}},"42":{"start":{"line":111,"column":0},"end":{"line":119,"column":26}},"43":{"start":{"line":189,"column":13},"end":{"line":null,"column":-1}},"44":{"start":{"line":189,"column":13},"end":{"line":189,"column":37}}},"fnMap":{"0":{"name":"(anonymous_2)","decl":{"start":{"line":190,"column":2},"end":{"line":190,"column":8}},"loc":{"start":{"line":190,"column":9},"end":{"line":195,"column":3}}},"1":{"name":"(anonymous_3)","decl":{"start":{"line":197,"column":2},"end":{"line":197,"column":8}},"loc":{"start":{"line":197,"column":9},"end":{"line":201,"column":3}}}},"branchMap":{},"s":{"0":2,"1":2,"2":2,"3":2,"4":2,"5":2,"6":2,"7":2,"8":2,"9":2,"10":2,"11":2,"12":2,"13":2,"14":2,"15":2,"16":2,"17":2,"18":2,"19":2,"20":2,"21":2,"22":2,"23":2,"24":2,"25":2,"26":2,"27":2,"28":2,"29":2,"30":2,"31":2,"32":2,"33":2,"34":2,"35":2,"36":2,"37":2,"38":2,"39":2,"40":2,"41":2,"42":2,"43":2,"44":2},"f":{"0":0,"1":0},"b":{}}
,"/Users/brianm/Desktop/Cross-Cutting/ignite-design-system/src/jest-global-mocks.ts": {"path":"/Users/brianm/Desktop/Cross-Cutting/ignite-design-system/src/jest-global-mocks.ts","statementMap":{"0":{"start":{"line":2,"column":6},"end":{"line":2,"column":15}},"1":{"start":{"line":4,"column":20},"end":{"line":4,"column":26}},"2":{"start":{"line":5,"column":29},"end":{"line":5,"column":36}},"3":{"start":{"line":6,"column":23},"end":{"line":6,"column":29}},"4":{"start":{"line":7,"column":17},"end":{"line":7,"column":26}},"5":{"start":{"line":11,"column":0},"end":{"line":11,"column":54}},"6":{"start":{"line":12,"column":0},"end":{"line":12,"column":56}},"7":{"start":{"line":14,"column":15},"end":{"line":14,"column":15}}},"fnMap":{"0":{"name":"(anonymous_1)","decl":{"start":{"line":4,"column":13},"end":{"line":4,"column":19}},"loc":{"start":{"line":4,"column":20},"end":{"line":4,"column":26}}},"1":{"name":"(anonymous_2)","decl":{"start":{"line":5,"column":13},"end":{"line":5,"column":14}},"loc":{"start":{"line":5,"column":29},"end":{"line":5,"column":36}}},"2":{"name":"(anonymous_3)","decl":{"start":{"line":6,"column":16},"end":{"line":6,"column":22}},"loc":{"start":{"line":6,"column":23},"end":{"line":6,"column":29}}},"3":{"name":"(anonymous_4)","decl":{"start":{"line":7,"column":11},"end":{"line":7,"column":16}},"loc":{"start":{"line":7,"column":17},"end":{"line":7,"column":26}}},"4":{"name":"(anonymous_5)","decl":{"start":{"line":14,"column":9},"end":{"line":14,"column":14}},"loc":{"start":{"line":14,"column":15},"end":{"line":14,"column":15}}}},"branchMap":{"0":{"loc":{"start":{"line":4,"column":20},"end":{"line":4,"column":26}},"type":"cond-expr","locations":[{"start":{"line":4,"column":20},"end":{"line":4,"column":26}},{"start":{"line":4,"column":20},"end":{"line":4,"column":26}}]},"1":{"loc":{"start":{"line":5,"column":29},"end":{"line":5,"column":36}},"type":"binary-expr","locations":[{"start":{"line":5,"column":29},"end":{"line":5,"column":36}},{"start":{"line":5,"column":29},"end":{"line":5,"column":36}}]}},"s":{"0":6,"1":0,"2":0,"3":0,"4":0,"5":3,"6":3,"7":0},"f":{"0":0,"1":0,"2":0,"3":0,"4":0},"b":{"0":[0,0],"1":[0,0]}}
,"/Users/brianm/Desktop/Cross-Cutting/ignite-design-system/src/jest.ts": {"path":"/Users/brianm/Desktop/Cross-Cutting/ignite-design-system/src/jest.ts","statementMap":{"0":{"start":{"line":1,"column":0},"end":{"line":1,"column":29}},"1":{"start":{"line":2,"column":0},"end":{"line":2,"column":29}}},"fnMap":{},"branchMap":{},"s":{"0":3,"1":3},"f":{},"b":{}}
,"/Users/brianm/Desktop/Cross-Cutting/ignite-design-system/src/button-group/index.ts": {"path":"/Users/brianm/Desktop/Cross-Cutting/ignite-design-system/src/button-group/index.ts","statementMap":{"0":{"start":{"line":1,"column":0},"end":{"line":1,"column":41}},"1":{"start":{"line":8,"column":13},"end":{"line":null,"column":-1}},"2":{"start":{"line":8,"column":13},"end":{"line":8,"column":33}}},"fnMap":{},"branchMap":{},"s":{"0":2,"1":2,"2":2},"f":{},"b":{}}
,"/Users/brianm/Desktop/Cross-Cutting/ignite-design-system/src/card/index.ts": {"path":"/Users/brianm/Desktop/Cross-Cutting/ignite-design-system/src/card/index.ts","statementMap":{"0":{"start":{"line":1,"column":0},"end":{"line":1,"column":37}},"1":{"start":{"line":2,"column":0},"end":{"line":2,"column":35}},"2":{"start":{"line":3,"column":0},"end":{"line":3,"column":39}},"3":{"start":{"line":4,"column":0},"end":{"line":4,"column":46}},"4":{"start":{"line":5,"column":0},"end":{"line":5,"column":34}},"5":{"start":{"line":6,"column":0},"end":{"line":6,"column":37}},"6":{"start":{"line":7,"column":0},"end":{"line":7,"column":46}},"7":{"start":{"line":8,"column":0},"end":{"line":8,"column":43}},"8":{"start":{"line":9,"column":0},"end":{"line":9,"column":38}},"9":{"start":{"line":10,"column":0},"end":{"line":10,"column":35}},"10":{"start":{"line":11,"column":0},"end":{"line":11,"column":37}}},"fnMap":{},"branchMap":{},"s":{"0":2,"1":2,"2":2,"3":2,"4":2,"5":2,"6":2,"7":2,"8":2,"9":2,"10":2},"f":{},"b":{}}
,"/Users/brianm/Desktop/Cross-Cutting/ignite-design-system/src/card/card-actions/card-actions.component.ts": {"path":"/Users/brianm/Desktop/Cross-Cutting/ignite-design-system/src/card/card-actions/card-actions.component.ts","statementMap":{"0":{"start":{"line":1,"column":0},"end":{"line":1,"column":41}},"1":{"start":{"line":8,"column":13},"end":{"line":null,"column":-1}},"2":{"start":{"line":8,"column":13},"end":{"line":8,"column":33}}},"fnMap":{},"branchMap":{},"s":{"0":2,"1":2,"2":2},"f":{},"b":{}}
,"/Users/brianm/Desktop/Cross-Cutting/ignite-design-system/src/card/card-actions/card-actions.html": {"path":"/Users/brianm/Desktop/Cross-Cutting/ignite-design-system/src/card/card-actions/card-actions.html","statementMap":{"0":{"start":{"line":1,"column":0},"end":{"line":1,"column":43}}},"fnMap":{},"branchMap":{},"s":{"0":2},"f":{},"b":{},"_coverageSchema":"332fd63041d2c1bcb487cc26dd0d5f7d97098a6c","hash":"e8a33c061c98522b6fa856c4b310fa54746704e3"}
,"/Users/brianm/Desktop/Cross-Cutting/ignite-design-system/src/card/card-actions/index.ts": {"path":"/Users/brianm/Desktop/Cross-Cutting/ignite-design-system/src/card/card-actions/index.ts","statementMap":{"0":{"start":{"line":1,"column":0},"end":{"line":1,"column":41}}},"fnMap":{},"branchMap":{},"s":{"0":2},"f":{},"b":{}}
,"/Users/brianm/Desktop/Cross-Cutting/ignite-design-system/src/card/card-aside/card-aside.component.ts": {"path":"/Users/brianm/Desktop/Cross-Cutting/ignite-design-system/src/card/card-aside/card-aside.component.ts","statementMap":{"0":{"start":{"line":1,"column":0},"end":{"line":1,"column":41}},"1":{"start":{"line":8,"column":13},"end":{"line":null,"column":-1}},"2":{"start":{"line":8,"column":13},"end":{"line":8,"column":31}}},"fnMap":{},"branchMap":{},"s":{"0":2,"1":2,"2":2},"f":{},"b":{}}
,"/Users/brianm/Desktop/Cross-Cutting/ignite-design-system/src/card/card-aside/card-aside.html": {"path":"/Users/brianm/Desktop/Cross-Cutting/ignite-design-system/src/card/card-aside/card-aside.html","statementMap":{"0":{"start":{"line":1,"column":0},"end":{"line":1,"column":43}}},"fnMap":{},"branchMap":{},"s":{"0":2},"f":{},"b":{},"_coverageSchema":"332fd63041d2c1bcb487cc26dd0d5f7d97098a6c","hash":"3e80c3ba2d73d8acd16f8a2e42646ea021e91f49"}
,"/Users/brianm/Desktop/Cross-Cutting/ignite-design-system/src/card/card-aside/index.ts": {"path":"/Users/brianm/Desktop/Cross-Cutting/ignite-design-system/src/card/card-aside/index.ts","statementMap":{"0":{"start":{"line":1,"column":0},"end":{"line":1,"column":39}}},"fnMap":{},"branchMap":{},"s":{"0":2},"f":{},"b":{}}
,"/Users/brianm/Desktop/Cross-Cutting/ignite-design-system/src/card/card-container/card-container.component.ts": {"path":"/Users/brianm/Desktop/Cross-Cutting/ignite-design-system/src/card/card-container/card-container.component.ts","statementMap":{"0":{"start":{"line":1,"column":0},"end":{"line":1,"column":41}},"1":{"start":{"line":8,"column":13},"end":{"line":null,"column":-1}},"2":{"start":{"line":8,"column":13},"end":{"line":8,"column":35}}},"fnMap":{},"branchMap":{},"s":{"0":2,"1":2,"2":2},"f":{},"b":{}}
,"/Users/brianm/Desktop/Cross-Cutting/ignite-design-system/src/card/card-container/card-container.html": {"path":"/Users/brianm/Desktop/Cross-Cutting/ignite-design-system/src/card/card-container/card-container.html","statementMap":{"0":{"start":{"line":1,"column":0},"end":{"line":4,"column":2}}},"fnMap":{},"branchMap":{},"s":{"0":2},"f":{},"b":{},"_coverageSchema":"332fd63041d2c1bcb487cc26dd0d5f7d97098a6c","hash":"39e5d03928febb0fea89cb772efad3f3b8a9cec6"}
,"/Users/brianm/Desktop/Cross-Cutting/ignite-design-system/src/card/card-container/index.ts": {"path":"/Users/brianm/Desktop/Cross-Cutting/ignite-design-system/src/card/card-container/index.ts","statementMap":{"0":{"start":{"line":1,"column":0},"end":{"line":1,"column":43}}},"fnMap":{},"branchMap":{},"s":{"0":2},"f":{},"b":{}}
,"/Users/brianm/Desktop/Cross-Cutting/ignite-design-system/src/card/card-header-container/card-header-container.component.ts": {"path":"/Users/brianm/Desktop/Cross-Cutting/ignite-design-system/src/card/card-header-container/card-header-container.component.ts","statementMap":{"0":{"start":{"line":1,"column":0},"end":{"line":1,"column":41}},"1":{"start":{"line":15,"column":13},"end":{"line":null,"column":-1}},"2":{"start":{"line":15,"column":13},"end":{"line":15,"column":41}}},"fnMap":{},"branchMap":{},"s":{"0":2,"1":2,"2":2},"f":{},"b":{}}
,"/Users/brianm/Desktop/Cross-Cutting/ignite-design-system/src/card/card-header-container/index.ts": {"path":"/Users/brianm/Desktop/Cross-Cutting/ignite-design-system/src/card/card-header-container/index.ts","statementMap":{"0":{"start":{"line":1,"column":0},"end":{"line":1,"column":50}}},"fnMap":{},"branchMap":{},"s":{"0":2},"f":{},"b":{}}
,"/Users/brianm/Desktop/Cross-Cutting/ignite-design-system/src/card/card-main/card-main.component.ts": {"path":"/Users/brianm/Desktop/Cross-Cutting/ignite-design-system/src/card/card-main/card-main.component.ts","statementMap":{"0":{"start":{"line":1,"column":0},"end":{"line":1,"column":41}},"1":{"start":{"line":8,"column":13},"end":{"line":null,"column":-1}},"2":{"start":{"line":8,"column":13},"end":{"line":8,"column":30}}},"fnMap":{},"branchMap":{},"s":{"0":2,"1":2,"2":2},"f":{},"b":{}}
,"/Users/brianm/Desktop/Cross-Cutting/ignite-design-system/src/card/card-main/card-main.html": {"path":"/Users/brianm/Desktop/Cross-Cutting/ignite-design-system/src/card/card-main/card-main.html","statementMap":{"0":{"start":{"line":1,"column":0},"end":{"line":1,"column":43}}},"fnMap":{},"branchMap":{},"s":{"0":2},"f":{},"b":{},"_coverageSchema":"332fd63041d2c1bcb487cc26dd0d5f7d97098a6c","hash":"45bdd6c3a9ccedea77427b111dc220be8230fb6b"}
,"/Users/brianm/Desktop/Cross-Cutting/ignite-design-system/src/card/card-main/index.ts": {"path":"/Users/brianm/Desktop/Cross-Cutting/ignite-design-system/src/card/card-main/index.ts","statementMap":{"0":{"start":{"line":1,"column":0},"end":{"line":1,"column":38}}},"fnMap":{},"branchMap":{},"s":{"0":2},"f":{},"b":{}}
,"/Users/brianm/Desktop/Cross-Cutting/ignite-design-system/src/card/card-section/card-section.component.ts": {"path":"/Users/brianm/Desktop/Cross-Cutting/ignite-design-system/src/card/card-section/card-section.component.ts","statementMap":{"0":{"start":{"line":1,"column":0},"end":{"line":1,"column":41}},"1":{"start":{"line":8,"column":13},"end":{"line":null,"column":-1}},"2":{"start":{"line":8,"column":13},"end":{"line":8,"column":33}}},"fnMap":{},"branchMap":{},"s":{"0":2,"1":2,"2":2},"f":{},"b":{}}
,"/Users/brianm/Desktop/Cross-Cutting/ignite-design-system/src/card/card-section/card-section.html": {"path":"/Users/brianm/Desktop/Cross-Cutting/ignite-design-system/src/card/card-section/card-section.html","statementMap":{"0":{"start":{"line":1,"column":0},"end":{"line":3,"column":8}}},"fnMap":{},"branchMap":{},"s":{"0":2},"f":{},"b":{},"_coverageSchema":"332fd63041d2c1bcb487cc26dd0d5f7d97098a6c","hash":"a361d69f42274f34964684e526048c719e33feca"}
,"/Users/brianm/Desktop/Cross-Cutting/ignite-design-system/src/card/card-section/index.ts": {"path":"/Users/brianm/Desktop/Cross-Cutting/ignite-design-system/src/card/card-section/index.ts","statementMap":{"0":{"start":{"line":1,"column":0},"end":{"line":1,"column":41}}},"fnMap":{},"branchMap":{},"s":{"0":2},"f":{},"b":{}}
,"/Users/brianm/Desktop/Cross-Cutting/ignite-design-system/src/card/card-section-subtitle/card-section-subtitle.component.ts": {"path":"/Users/brianm/Desktop/Cross-Cutting/ignite-design-system/src/card/card-section-subtitle/card-section-subtitle.component.ts","statementMap":{"0":{"start":{"line":1,"column":0},"end":{"line":1,"column":60}},"1":{"start":{"line":9,"column":13},"end":{"line":null,"column":-1}},"2":{"start":{"line":9,"column":13},"end":{"line":9,"column":41}}},"fnMap":{},"branchMap":{},"s":{"0":2,"1":2,"2":2},"f":{},"b":{}}
,"/Users/brianm/Desktop/Cross-Cutting/ignite-design-system/src/card/card-section-subtitle/card-section-subtitle.html": {"path":"/Users/brianm/Desktop/Cross-Cutting/ignite-design-system/src/card/card-section-subtitle/card-section-subtitle.html","statementMap":{"0":{"start":{"line":1,"column":0},"end":{"line":4,"column":2}}},"fnMap":{},"branchMap":{},"s":{"0":2},"f":{},"b":{},"_coverageSchema":"332fd63041d2c1bcb487cc26dd0d5f7d97098a6c","hash":"806e9aa91cde480871ce0c2eb60db643cafdc2f4"}
,"/Users/brianm/Desktop/Cross-Cutting/ignite-design-system/src/card/card-section-subtitle/index.ts": {"path":"/Users/brianm/Desktop/Cross-Cutting/ignite-design-system/src/card/card-section-subtitle/index.ts","statementMap":{"0":{"start":{"line":1,"column":0},"end":{"line":1,"column":50}}},"fnMap":{},"branchMap":{},"s":{"0":2},"f":{},"b":{}}
,"/Users/brianm/Desktop/Cross-Cutting/ignite-design-system/src/card/card-section-title/card-section-title.component.ts": {"path":"/Users/brianm/Desktop/Cross-Cutting/ignite-design-system/src/card/card-section-title/card-section-title.component.ts","statementMap":{"0":{"start":{"line":1,"column":0},"end":{"line":1,"column":60}},"1":{"start":{"line":9,"column":13},"end":{"line":null,"column":-1}},"2":{"start":{"line":9,"column":13},"end":{"line":9,"column":38}}},"fnMap":{},"branchMap":{},"s":{"0":2,"1":2,"2":2},"f":{},"b":{}}
,"/Users/brianm/Desktop/Cross-Cutting/ignite-design-system/src/card/card-section-title/card-section-title.html": {"path":"/Users/brianm/Desktop/Cross-Cutting/ignite-design-system/src/card/card-section-title/card-section-title.html","statementMap":{"0":{"start":{"line":1,"column":0},"end":{"line":4,"column":2}}},"fnMap":{},"branchMap":{},"s":{"0":2},"f":{},"b":{},"_coverageSchema":"332fd63041d2c1bcb487cc26dd0d5f7d97098a6c","hash":"b482e9e7c33fe2eb5d6f8e5885d85611ef46a943"}
,"/Users/brianm/Desktop/Cross-Cutting/ignite-design-system/src/card/card-section-title/index.ts": {"path":"/Users/brianm/Desktop/Cross-Cutting/ignite-design-system/src/card/card-section-title/index.ts","statementMap":{"0":{"start":{"line":1,"column":0},"end":{"line":1,"column":47}}},"fnMap":{},"branchMap":{},"s":{"0":2},"f":{},"b":{}}
,"/Users/brianm/Desktop/Cross-Cutting/ignite-design-system/src/card/card-subtitle/card-subtitle.component.ts": {"path":"/Users/brianm/Desktop/Cross-Cutting/ignite-design-system/src/card/card-subtitle/card-subtitle.component.ts","statementMap":{"0":{"start":{"line":1,"column":0},"end":{"line":1,"column":41}},"1":{"start":{"line":14,"column":13},"end":{"line":null,"column":-1}},"2":{"start":{"line":14,"column":13},"end":{"line":14,"column":34}}},"fnMap":{},"branchMap":{},"s":{"0":2,"1":2,"2":2},"f":{},"b":{}}
,"/Users/brianm/Desktop/Cross-Cutting/ignite-design-system/src/card/card-subtitle/index.ts": {"path":"/Users/brianm/Desktop/Cross-Cutting/ignite-design-system/src/card/card-subtitle/index.ts","statementMap":{"0":{"start":{"line":1,"column":0},"end":{"line":1,"column":42}}},"fnMap":{},"branchMap":{},"s":{"0":2},"f":{},"b":{}}
,"/Users/brianm/Desktop/Cross-Cutting/ignite-design-system/src/card/card-title/card-title.component.ts": {"path":"/Users/brianm/Desktop/Cross-Cutting/ignite-design-system/src/card/card-title/card-title.component.ts","statementMap":{"0":{"start":{"line":1,"column":0},"end":{"line":1,"column":60}},"1":{"start":{"line":9,"column":13},"end":{"line":null,"column":-1}},"2":{"start":{"line":9,"column":13},"end":{"line":9,"column":31}}},"fnMap":{},"branchMap":{},"s":{"0":2,"1":2,"2":2},"f":{},"b":{}}
,"/Users/brianm/Desktop/Cross-Cutting/ignite-design-system/src/card/card-title/card-title.html": {"path":"/Users/brianm/Desktop/Cross-Cutting/ignite-design-system/src/card/card-title/card-title.html","statementMap":{"0":{"start":{"line":1,"column":0},"end":{"line":4,"column":2}}},"fnMap":{},"branchMap":{},"s":{"0":2},"f":{},"b":{},"_coverageSchema":"332fd63041d2c1bcb487cc26dd0d5f7d97098a6c","hash":"cf961ff7ed1b1ad6812b51219f5f9ac836b546b8"}
,"/Users/brianm/Desktop/Cross-Cutting/ignite-design-system/src/card/card-title/index.ts": {"path":"/Users/brianm/Desktop/Cross-Cutting/ignite-design-system/src/card/card-title/index.ts","statementMap":{"0":{"start":{"line":1,"column":0},"end":{"line":1,"column":39}}},"fnMap":{},"branchMap":{},"s":{"0":2},"f":{},"b":{}}
,"/Users/brianm/Desktop/Cross-Cutting/ignite-design-system/src/card/card-toolbar/card-toolbar.component.ts": {"path":"/Users/brianm/Desktop/Cross-Cutting/ignite-design-system/src/card/card-toolbar/card-toolbar.component.ts","statementMap":{"0":{"start":{"line":1,"column":0},"end":{"line":1,"column":41}},"1":{"start":{"line":8,"column":13},"end":{"line":null,"column":-1}},"2":{"start":{"line":8,"column":13},"end":{"line":8,"column":33}}},"fnMap":{},"branchMap":{},"s":{"0":2,"1":2,"2":2},"f":{},"b":{}}
,"/Users/brianm/Desktop/Cross-Cutting/ignite-design-system/src/card/card-toolbar/card-toolbar.html": {"path":"/Users/brianm/Desktop/Cross-Cutting/ignite-design-system/src/card/card-toolbar/card-toolbar.html","statementMap":{"0":{"start":{"line":1,"column":0},"end":{"line":5,"column":2}}},"fnMap":{},"branchMap":{},"s":{"0":2},"f":{},"b":{},"_coverageSchema":"332fd63041d2c1bcb487cc26dd0d5f7d97098a6c","hash":"3db28be9c2837730d24b2ea177d1ea756aebaaf4"}
,"/Users/brianm/Desktop/Cross-Cutting/ignite-design-system/src/card/card-toolbar/index.ts": {"path":"/Users/brianm/Desktop/Cross-Cutting/ignite-design-system/src/card/card-toolbar/index.ts","statementMap":{"0":{"start":{"line":1,"column":0},"end":{"line":1,"column":41}}},"fnMap":{},"branchMap":{},"s":{"0":2},"f":{},"b":{}}
,"/Users/brianm/Desktop/Cross-Cutting/ignite-design-system/src/center/center.component.ts": {"path":"/Users/brianm/Desktop/Cross-Cutting/ignite-design-system/src/center/center.component.ts","statementMap":{"0":{"start":{"line":2,"column":0},"end":{"line":2,"column":41}},"1":{"start":{"line":9,"column":13},"end":{"line":null,"column":-1}},"2":{"start":{"line":9,"column":13},"end":{"line":9,"column":28}}},"fnMap":{},"branchMap":{},"s":{"0":2,"1":2,"2":2},"f":{},"b":{}}
,"/Users/brianm/Desktop/Cross-Cutting/ignite-design-system/src/center/center.html": {"path":"/Users/brianm/Desktop/Cross-Cutting/ignite-design-system/src/center/center.html","statementMap":{"0":{"start":{"line":1,"column":0},"end":{"line":4,"column":2}}},"fnMap":{},"branchMap":{},"s":{"0":2},"f":{},"b":{},"_coverageSchema":"332fd63041d2c1bcb487cc26dd0d5f7d97098a6c","hash":"7a52368dd539d086bdbe96edc87f5f792d143d4b"}
,"/Users/brianm/Desktop/Cross-Cutting/ignite-design-system/src/divider/divider.component.ts": {"path":"/Users/brianm/Desktop/Cross-Cutting/ignite-design-system/src/divider/divider.component.ts","statementMap":{"0":{"start":{"line":1,"column":0},"end":{"line":1,"column":41}},"1":{"start":{"line":17,"column":13},"end":{"line":null,"column":-1}},"2":{"start":{"line":17,"column":13},"end":{"line":17,"column":29}}},"fnMap":{},"branchMap":{},"s":{"0":2,"1":2,"2":2},"f":{},"b":{}}
,"/Users/brianm/Desktop/Cross-Cutting/ignite-design-system/src/empty-state/empty-state.component.ts": {"path":"/Users/brianm/Desktop/Cross-Cutting/ignite-design-system/src/empty-state/empty-state.component.ts","statementMap":{"0":{"start":{"line":2,"column":0},"end":{"line":2,"column":41}},"1":{"start":{"line":9,"column":13},"end":{"line":null,"column":-1}},"2":{"start":{"line":9,"column":13},"end":{"line":9,"column":32}},"3":{"start":{"line":27,"column":13},"end":{"line":null,"column":-1}},"4":{"start":{"line":27,"column":13},"end":{"line":27,"column":37}},"5":{"start":{"line":46,"column":13},"end":{"line":null,"column":-1}},"6":{"start":{"line":46,"column":13},"end":{"line":46,"column":43}},"7":{"start":{"line":64,"column":13},"end":{"line":null,"column":-1}},"8":{"start":{"line":64,"column":13},"end":{"line":64,"column":37}}},"fnMap":{},"branchMap":{},"s":{"0":2,"1":2,"2":2,"3":2,"4":2,"5":2,"6":2,"7":2,"8":2},"f":{},"b":{}}
,"/Users/brianm/Desktop/Cross-Cutting/ignite-design-system/src/empty-state/empty-state.html": {"path":"/Users/brianm/Desktop/Cross-Cutting/ignite-design-system/src/empty-state/empty-state.html","statementMap":{"0":{"start":{"line":1,"column":0},"end":{"line":4,"column":2}}},"fnMap":{},"branchMap":{},"s":{"0":2},"f":{},"b":{},"_coverageSchema":"332fd63041d2c1bcb487cc26dd0d5f7d97098a6c","hash":"cd96e97660c8054a98aea8b96307a2436b9ed240"}
,"/Users/brianm/Desktop/Cross-Cutting/ignite-design-system/src/error-banner/error-banner.component.ts": {"path":"/Users/brianm/Desktop/Cross-Cutting/ignite-design-system/src/error-banner/error-banner.component.ts","statementMap":{"0":{"start":{"line":1,"column":0},"end":{"line":1,"column":41}},"1":{"start":{"line":8,"column":13},"end":{"line":null,"column":-1}},"2":{"start":{"line":8,"column":13},"end":{"line":8,"column":33}}},"fnMap":{},"branchMap":{},"s":{"0":2,"1":2,"2":2},"f":{},"b":{}}
,"/Users/brianm/Desktop/Cross-Cutting/ignite-design-system/src/error-banner/error-banner.html": {"path":"/Users/brianm/Desktop/Cross-Cutting/ignite-design-system/src/error-banner/error-banner.html","statementMap":{"0":{"start":{"line":1,"column":0},"end":{"line":3,"column":6}}},"fnMap":{},"branchMap":{},"s":{"0":2},"f":{},"b":{},"_coverageSchema":"332fd63041d2c1bcb487cc26dd0d5f7d97098a6c","hash":"5578f649110b6250f4f53dca9fdc093c55355035"}
,"/Users/brianm/Desktop/Cross-Cutting/ignite-design-system/src/expandable-fab/expandable-fab-item.component.ts": {"path":"/Users/brianm/Desktop/Cross-Cutting/ignite-design-system/src/expandable-fab/expandable-fab-item.component.ts","statementMap":{"0":{"start":{"line":1,"column":0},"end":{"line":1,"column":70}},"1":{"start":{"line":12,"column":12},"end":{"line":12,"column":38}},"2":{"start":{"line":9,"column":11},"end":{"line":9,"column":31}},"3":{"start":{"line":10,"column":11},"end":{"line":10,"column":24}},"4":{"start":{"line":11,"column":11},"end":{"line":11,"column":24}},"5":{"start":{"line":12,"column":12},"end":{"line":12,"column":46}},"6":{"start":{"line":8,"column":13},"end":{"line":null,"column":-1}},"7":{"start":{"line":8,"column":13},"end":{"line":8,"column":39}}},"fnMap":{"0":{"name":"(anonymous_2)","decl":{"start":{"line":3,"column":0},"end":{"line":null,"column":-1}},"loc":{"start":{"line":3,"column":0},"end":{"line":13,"column":1}}}},"branchMap":{},"s":{"0":2,"1":0,"2":2,"3":2,"4":2,"5":2,"6":2,"7":2},"f":{"0":0},"b":{}}
,"/Users/brianm/Desktop/Cross-Cutting/ignite-design-system/src/expandable-fab/expandable-fab-item.html": {"path":"/Users/brianm/Desktop/Cross-Cutting/ignite-design-system/src/expandable-fab/expandable-fab-item.html","statementMap":{"0":{"start":{"line":1,"column":0},"end":{"line":12,"column":2}}},"fnMap":{},"branchMap":{},"s":{"0":2},"f":{},"b":{},"_coverageSchema":"332fd63041d2c1bcb487cc26dd0d5f7d97098a6c","hash":"1e3b78a3fa84598c45b6bcb9642cb842d89f5261"}
,"/Users/brianm/Desktop/Cross-Cutting/ignite-design-system/src/expandable-fab/expandable-fab.component.ts": {"path":"/Users/brianm/Desktop/Cross-Cutting/ignite-design-system/src/expandable-fab/expandable-fab.component.ts","statementMap":{"0":{"start":{"line":1,"column":0},"end":{"line":1,"column":41}},"1":{"start":{"line":9,"column":2},"end":{"line":9,"column":24}},"2":{"start":{"line":10,"column":2},"end":{"line":10,"column":11}},"3":{"start":{"line":13,"column":4},"end":{"line":13,"column":24}},"4":{"start":{"line":14,"column":4},"end":{"line":18,"column":5}},"5":{"start":{"line":15,"column":6},"end":{"line":15,"column":25}},"6":{"start":{"line":17,"column":6},"end":{"line":17,"column":25}},"7":{"start":{"line":8,"column":13},"end":{"line":null,"column":-1}},"8":{"start":{"line":8,"column":13},"end":{"line":8,"column":35}}},"fnMap":{"0":{"name":"(anonymous_1)","decl":{"start":{"line":3,"column":0},"end":{"line":null,"column":-1}},"loc":{"start":{"line":3,"column":0},"end":{"line":20,"column":1}}},"1":{"name":"(anonymous_2)","decl":{"start":{"line":12,"column":2},"end":{"line":null,"column":-1}},"loc":{"start":{"line":12,"column":2},"end":{"line":19,"column":3}}}},"branchMap":{"0":{"loc":{"start":{"line":14,"column":4},"end":{"line":18,"column":5}},"type":"if","locations":[{"start":{"line":14,"column":4},"end":{"line":18,"column":5}},{"start":{"line":14,"column":4},"end":{"line":18,"column":5}}]}},"s":{"0":2,"1":0,"2":0,"3":0,"4":0,"5":0,"6":0,"7":2,"8":2},"f":{"0":0,"1":0},"b":{"0":[0,0]}}
,"/Users/brianm/Desktop/Cross-Cutting/ignite-design-system/src/expandable-fab/expandable-fab.html": {"path":"/Users/brianm/Desktop/Cross-Cutting/ignite-design-system/src/expandable-fab/expandable-fab.html","statementMap":{"0":{"start":{"line":1,"column":0},"end":{"line":14,"column":2}}},"fnMap":{},"branchMap":{},"s":{"0":2},"f":{},"b":{},"_coverageSchema":"332fd63041d2c1bcb487cc26dd0d5f7d97098a6c","hash":"f6a91e5cbb9fab8bc941c1ab8cbca62661286beb"}
,"/Users/brianm/Desktop/Cross-Cutting/ignite-design-system/src/field/field.component.ts": {"path":"/Users/brianm/Desktop/Cross-Cutting/ignite-design-system/src/field/field.component.ts","statementMap":{"0":{"start":{"line":1,"column":0},"end":{"line":1,"column":48}},"1":{"start":{"line":12,"column":11},"end":{"line":12,"column":25}},"2":{"start":{"line":11,"column":13},"end":{"line":null,"column":-1}},"3":{"start":{"line":11,"column":13},"end":{"line":11,"column":27}}},"fnMap":{},"branchMap":{},"s":{"0":2,"1":2,"2":2,"3":2},"f":{},"b":{}}
,"/Users/brianm/Desktop/Cross-Cutting/ignite-design-system/src/form/index.ts": {"path":"/Users/brianm/Desktop/Cross-Cutting/ignite-design-system/src/form/index.ts","statementMap":{"0":{"start":{"line":1,"column":0},"end":{"line":1,"column":35}},"1":{"start":{"line":2,"column":0},"end":{"line":2,"column":36}},"2":{"start":{"line":3,"column":0},"end":{"line":3,"column":38}}},"fnMap":{},"branchMap":{},"s":{"0":2,"1":2,"2":2},"f":{},"b":{}}
,"/Users/brianm/Desktop/Cross-Cutting/ignite-design-system/src/form/form-group/form-group.component.ts": {"path":"/Users/brianm/Desktop/Cross-Cutting/ignite-design-system/src/form/form-group/form-group.component.ts","statementMap":{"0":{"start":{"line":1,"column":0},"end":{"line":1,"column":60}},"1":{"start":{"line":9,"column":13},"end":{"line":null,"column":-1}},"2":{"start":{"line":9,"column":13},"end":{"line":9,"column":31}}},"fnMap":{},"branchMap":{},"s":{"0":2,"1":2,"2":2},"f":{},"b":{}}
,"/Users/brianm/Desktop/Cross-Cutting/ignite-design-system/src/form/form-group/form-group.html": {"path":"/Users/brianm/Desktop/Cross-Cutting/ignite-design-system/src/form/form-group/form-group.html","statementMap":{"0":{"start":{"line":1,"column":0},"end":{"line":1,"column":43}}},"fnMap":{},"branchMap":{},"s":{"0":2},"f":{},"b":{},"_coverageSchema":"332fd63041d2c1bcb487cc26dd0d5f7d97098a6c","hash":"9aac65bce9145a4a1f334264c4f8ac5beb37fcd1"}
,"/Users/brianm/Desktop/Cross-Cutting/ignite-design-system/src/form/form-group/index.ts": {"path":"/Users/brianm/Desktop/Cross-Cutting/ignite-design-system/src/form/form-group/index.ts","statementMap":{"0":{"start":{"line":1,"column":0},"end":{"line":1,"column":39}}},"fnMap":{},"branchMap":{},"s":{"0":2},"f":{},"b":{}}
,"/Users/brianm/Desktop/Cross-Cutting/ignite-design-system/src/form/form-sizing/form-sizing.component.ts": {"path":"/Users/brianm/Desktop/Cross-Cutting/ignite-design-system/src/form/form-sizing/form-sizing.component.ts","statementMap":{"0":{"start":{"line":1,"column":0},"end":{"line":8,"column":22}},"1":{"start":{"line":14,"column":4},"end":{"line":14,"column":53}},"2":{"start":{"line":15,"column":4},"end":{"line":15,"column":48}},"3":{"start":{"line":12,"column":13},"end":{"line":null,"column":-1}},"4":{"start":{"line":12,"column":13},"end":{"line":12,"column":33}},"5":{"start":{"line":24,"column":31},"end":{"line":null,"column":-1}},"6":{"start":{"line":24,"column":64},"end":{"line":null,"column":-1}},"7":{"start":{"line":21,"column":11},"end":{"line":21,"column":36}},"8":{"start":{"line":22,"column":11},"end":{"line":22,"column":35}},"9":{"start":{"line":25,"column":4},"end":{"line":25,"column":9}},"10":{"start":{"line":29,"column":4},"end":{"line":39,"column":5}},"11":{"start":{"line":30,"column":6},"end":{"line":32,"column":7}},"12":{"start":{"line":31,"column":8},"end":{"line":31,"column":13}},"13":{"start":{"line":33,"column":11},"end":{"line":39,"column":5}},"14":{"start":{"line":34,"column":6},"end":{"line":36,"column":7}},"15":{"start":{"line":35,"column":8},"end":{"line":35,"column":13}},"16":{"start":{"line":38,"column":6},"end":{"line":38,"column":11}},"17":{"start":{"line":43,"column":4},"end":{"line":43,"column":63}},"18":{"start":{"line":44,"column":4},"end":{"line":44,"column":58}},"19":{"start":{"line":21,"column":11},"end":{"line":21,"column":41}},"20":{"start":{"line":22,"column":11},"end":{"line":22,"column":40}},"21":{"start":{"line":20,"column":13},"end":{"line":null,"column":-1}},"22":{"start":{"line":20,"column":13},"end":{"line":20,"column":34}},"23":{"start":{"line":53,"column":31},"end":{"line":null,"column":-1}},"24":{"start":{"line":53,"column":64},"end":{"line":null,"column":-1}},"25":{"start":{"line":50,"column":11},"end":{"line":50,"column":34}},"26":{"start":{"line":51,"column":11},"end":{"line":51,"column":35}},"27":{"start":{"line":54,"column":4},"end":{"line":54,"column":9}},"28":{"start":{"line":58,"column":4},"end":{"line":68,"column":5}},"29":{"start":{"line":59,"column":6},"end":{"line":61,"column":7}},"30":{"start":{"line":60,"column":8},"end":{"line":60,"column":13}},"31":{"start":{"line":62,"column":11},"end":{"line":68,"column":5}},"32":{"start":{"line":63,"column":6},"end":{"line":65,"column":7}},"33":{"start":{"line":64,"column":8},"end":{"line":64,"column":13}},"34":{"start":{"line":67,"column":6},"end":{"line":67,"column":11}},"35":{"start":{"line":72,"column":4},"end":{"line":72,"column":63}},"36":{"start":{"line":73,"column":4},"end":{"line":73,"column":58}},"37":{"start":{"line":50,"column":11},"end":{"line":50,"column":39}},"38":{"start":{"line":51,"column":11},"end":{"line":51,"column":40}},"39":{"start":{"line":49,"column":13},"end":{"line":null,"column":-1}},"40":{"start":{"line":49,"column":13},"end":{"line":49,"column":33}},"41":{"start":{"line":80,"column":4},"end":{"line":80,"column":53}},"42":{"start":{"line":81,"column":4},"end":{"line":81,"column":49}},"43":{"start":{"line":78,"column":13},"end":{"line":null,"column":-1}},"44":{"start":{"line":78,"column":13},"end":{"line":78,"column":32}}},"fnMap":{"0":{"name":"(anonymous_2)","decl":{"start":{"line":13,"column":2},"end":{"line":13,"column":13}},"loc":{"start":{"line":13,"column":30},"end":{"line":16,"column":3}}},"1":{"name":"(anonymous_3)","decl":{"start":{"line":24,"column":2},"end":{"line":24,"column":30}},"loc":{"start":{"line":24,"column":64},"end":{"line":26,"column":3}}},"2":{"name":"(anonymous_4)","decl":{"start":{"line":28,"column":2},"end":{"line":28,"column":13}},"loc":{"start":{"line":28,"column":14},"end":{"line":40,"column":3}}},"3":{"name":"(anonymous_5)","decl":{"start":{"line":42,"column":2},"end":{"line":null,"column":-1}},"loc":{"start":{"line":42,"column":2},"end":{"line":45,"column":3}}},"4":{"name":"(anonymous_6)","decl":{"start":{"line":53,"column":2},"end":{"line":53,"column":30}},"loc":{"start":{"line":53,"column":64},"end":{"line":55,"column":3}}},"5":{"name":"(anonymous_7)","decl":{"start":{"line":57,"column":2},"end":{"line":57,"column":13}},"loc":{"start":{"line":57,"column":14},"end":{"line":69,"column":3}}},"6":{"name":"(anonymous_8)","decl":{"start":{"line":71,"column":2},"end":{"line":null,"column":-1}},"loc":{"start":{"line":71,"column":2},"end":{"line":74,"column":3}}},"7":{"name":"(anonymous_9)","decl":{"start":{"line":79,"column":2},"end":{"line":79,"column":13}},"loc":{"start":{"line":79,"column":30},"end":{"line":82,"column":3}}}},"branchMap":{"0":{"loc":{"start":{"line":13,"column":28},"end":{"line":13,"column":17}},"type":"binary-expr","locations":[{"start":{"line":13,"column":28},"end":{"line":13,"column":17}},{"start":{"line":13,"column":28},"end":{"line":13,"column":17}}]},"1":{"loc":{"start":{"line":13,"column":28},"end":{"line":13,"column":17}},"type":"binary-expr","locations":[{"start":{"line":13,"column":28},"end":{"line":13,"column":17}}]},"2":{"loc":{"start":{"line":29,"column":4},"end":{"line":39,"column":5}},"type":"if","locations":[{"start":{"line":29,"column":4},"end":{"line":39,"column":5}},{"start":{"line":29,"column":4},"end":{"line":39,"column":5}}]},"3":{"loc":{"start":{"line":30,"column":6},"end":{"line":32,"column":7}},"type":"if","locations":[{"start":{"line":30,"column":6},"end":{"line":32,"column":7}},{"start":{"line":30,"column":6},"end":{"line":32,"column":7}}]},"4":{"loc":{"start":{"line":33,"column":11},"end":{"line":39,"column":5}},"type":"if","locations":[{"start":{"line":33,"column":11},"end":{"line":39,"column":5}},{"start":{"line":33,"column":11},"end":{"line":39,"column":5}}]},"5":{"loc":{"start":{"line":34,"column":6},"end":{"line":36,"column":7}},"type":"if","locations":[{"start":{"line":34,"column":6},"end":{"line":36,"column":7}},{"start":{"line":34,"column":6},"end":{"line":36,"column":7}}]},"6":{"loc":{"start":{"line":24,"column":45},"end":{"line":24,"column":34}},"type":"binary-expr","locations":[{"start":{"line":24,"column":45},"end":{"line":24,"column":34}},{"start":{"line":24,"column":45},"end":{"line":24,"column":34}}]},"7":{"loc":{"start":{"line":24,"column":45},"end":{"line":24,"column":34}},"type":"binary-expr","locations":[{"start":{"line":24,"column":45},"end":{"line":24,"column":34}}]},"8":{"loc":{"start":{"line":58,"column":4},"end":{"line":68,"column":5}},"type":"if","locations":[{"start":{"line":58,"column":4},"end":{"line":68,"column":5}},{"start":{"line":58,"column":4},"end":{"line":68,"column":5}}]},"9":{"loc":{"start":{"line":59,"column":6},"end":{"line":61,"column":7}},"type":"if","locations":[{"start":{"line":59,"column":6},"end":{"line":61,"column":7}},{"start":{"line":59,"column":6},"end":{"line":61,"column":7}}]},"10":{"loc":{"start":{"line":62,"column":11},"end":{"line":68,"column":5}},"type":"if","locations":[{"start":{"line":62,"column":11},"end":{"line":68,"column":5}},{"start":{"line":62,"column":11},"end":{"line":68,"column":5}}]},"11":{"loc":{"start":{"line":63,"column":6},"end":{"line":65,"column":7}},"type":"if","locations":[{"start":{"line":63,"column":6},"end":{"line":65,"column":7}},{"start":{"line":63,"column":6},"end":{"line":65,"column":7}}]},"12":{"loc":{"start":{"line":53,"column":45},"end":{"line":53,"column":34}},"type":"binary-expr","locations":[{"start":{"line":53,"column":45},"end":{"line":53,"column":34}},{"start":{"line":53,"column":45},"end":{"line":53,"column":34}}]},"13":{"loc":{"start":{"line":53,"column":45},"end":{"line":53,"column":34}},"type":"binary-expr","locations":[{"start":{"line":53,"column":45},"end":{"line":53,"column":34}}]},"14":{"loc":{"start":{"line":79,"column":28},"end":{"line":79,"column":17}},"type":"binary-expr","locations":[{"start":{"line":79,"column":28},"end":{"line":79,"column":17}},{"start":{"line":79,"column":28},"end":{"line":79,"column":17}}]},"15":{"loc":{"start":{"line":79,"column":28},"end":{"line":79,"column":17}},"type":"binary-expr","locations":[{"start":{"line":79,"column":28},"end":{"line":79,"column":17}}]}},"s":{"0":2,"1":4,"2":4,"3":2,"4":2,"5":36,"6":36,"7":36,"8":36,"9":36,"10":36,"11":18,"12":12,"13":18,"14":18,"15":12,"16":0,"17":60,"18":60,"19":2,"20":2,"21":2,"22":2,"23":0,"24":0,"25":0,"26":0,"27":0,"28":0,"29":0,"30":0,"31":0,"32":0,"33":0,"34":0,"35":0,"36":0,"37":2,"38":2,"39":2,"40":2,"41":0,"42":0,"43":2,"44":2},"f":{"0":4,"1":36,"2":36,"3":60,"4":0,"5":0,"6":0,"7":0},"b":{"0":[2,0],"1":[2],"2":[18,18],"3":[12,6],"4":[18,0],"5":[12,6],"6":[2,0],"7":[2],"8":[0,0],"9":[0,0],"10":[0,0],"11":[0,0],"12":[2,0],"13":[2],"14":[2,0],"15":[2]}}
,"/Users/brianm/Desktop/Cross-Cutting/ignite-design-system/src/form/form-sizing/index.ts": {"path":"/Users/brianm/Desktop/Cross-Cutting/ignite-design-system/src/form/form-sizing/index.ts","statementMap":{"0":{"start":{"line":1,"column":0},"end":{"line":1,"column":40}}},"fnMap":{},"branchMap":{},"s":{"0":2},"f":{},"b":{}}
,"/Users/brianm/Desktop/Cross-Cutting/ignite-design-system/src/form/nestable-form/index.ts": {"path":"/Users/brianm/Desktop/Cross-Cutting/ignite-design-system/src/form/nestable-form/index.ts","statementMap":{"0":{"start":{"line":1,"column":0},"end":{"line":1,"column":42}}},"fnMap":{},"branchMap":{},"s":{"0":2},"f":{},"b":{}}
,"/Users/brianm/Desktop/Cross-Cutting/ignite-design-system/src/form/nestable-form/nestable-form.directive.ts": {"path":"/Users/brianm/Desktop/Cross-Cutting/ignite-design-system/src/form/nestable-form/nestable-form.directive.ts","statementMap":{"0":{"start":{"line":1,"column":0},"end":{"line":10,"column":22}},"1":{"start":{"line":11,"column":0},"end":{"line":11,"column":78}},"2":{"start":{"line":13,"column":6},"end":{"line":13,"column":23}},"3":{"start":{"line":26,"column":12},"end":{"line":null,"column":-1}},"4":{"start":{"line":27,"column":12},"end":{"line":null,"column":-1}},"5":{"start":{"line":31,"column":4},"end":{"line":31,"column":32}},"6":{"start":{"line":31,"column":32},"end":{"line":31,"column":36}},"7":{"start":{"line":35,"column":4},"end":{"line":37,"column":5}},"8":{"start":{"line":36,"column":6},"end":{"line":36,"column":41}},"9":{"start":{"line":42,"column":4},"end":{"line":46,"column":5}},"10":{"start":{"line":43,"column":6},"end":{"line":44,"column":8}},"11":{"start":{"line":47,"column":4},"end":{"line":47,"column":45}},"12":{"start":{"line":51,"column":4},"end":{"line":51,"column":33}},"13":{"start":{"line":55,"column":4},"end":{"line":57,"column":5}},"14":{"start":{"line":56,"column":6},"end":{"line":56,"column":61}},"15":{"start":{"line":62,"column":4},"end":{"line":62,"column":25}},"16":{"start":{"line":19,"column":11},"end":{"line":19,"column":39}},"17":{"start":{"line":21,"column":11},"end":{"line":21,"column":41}},"18":{"start":{"line":18,"column":13},"end":{"line":null,"column":-1}},"19":{"start":{"line":18,"column":13},"end":{"line":18,"column":34}}},"fnMap":{"0":{"name":"(anonymous_4)","decl":{"start":{"line":23,"column":2},"end":{"line":26,"column":11}},"loc":{"start":{"line":27,"column":12},"end":{"line":28,"column":6}}},"1":{"name":"(anonymous_5)","decl":{"start":{"line":30,"column":2},"end":{"line":null,"column":-1}},"loc":{"start":{"line":30,"column":2},"end":{"line":32,"column":3}}},"2":{"name":"(anonymous_6)","decl":{"start":{"line":31,"column":26},"end":{"line":31,"column":31}},"loc":{"start":{"line":31,"column":32},"end":{"line":31,"column":36}}},"3":{"name":"(anonymous_7)","decl":{"start":{"line":34,"column":2},"end":{"line":null,"column":-1}},"loc":{"start":{"line":34,"column":2},"end":{"line":38,"column":3}}},"4":{"name":"(anonymous_8)","decl":{"start":{"line":40,"column":9},"end":{"line":40,"column":27}},"loc":{"start":{"line":40,"column":51},"end":{"line":48,"column":3}}},"5":{"name":"(anonymous_9)","decl":{"start":{"line":50,"column":9},"end":{"line":50,"column":22}},"loc":{"start":{"line":50,"column":23},"end":{"line":52,"column":3}}},"6":{"name":"(anonymous_10)","decl":{"start":{"line":54,"column":10},"end":{"line":54,"column":28}},"loc":{"start":{"line":54,"column":29},"end":{"line":58,"column":3}}},"7":{"name":"(anonymous_11)","decl":{"start":{"line":61,"column":10},"end":{"line":61,"column":26}},"loc":{"start":{"line":61,"column":27},"end":{"line":63,"column":3}}}},"branchMap":{"0":{"loc":{"start":{"line":35,"column":4},"end":{"line":37,"column":5}},"type":"if","locations":[{"start":{"line":35,"column":4},"end":{"line":37,"column":5}},{"start":{"line":35,"column":4},"end":{"line":37,"column":5}}]},"1":{"loc":{"start":{"line":42,"column":4},"end":{"line":46,"column":5}},"type":"if","locations":[{"start":{"line":42,"column":4},"end":{"line":46,"column":5}},{"start":{"line":42,"column":4},"end":{"line":46,"column":5}}]},"2":{"loc":{"start":{"line":55,"column":4},"end":{"line":57,"column":5}},"type":"if","locations":[{"start":{"line":55,"column":4},"end":{"line":57,"column":5}},{"start":{"line":55,"column":4},"end":{"line":57,"column":5}}]},"3":{"loc":{"start":{"line":26,"column":24},"end":{"line":27,"column":21}},"type":"binary-expr","locations":[{"start":{"line":26,"column":24},"end":{"line":27,"column":21}},{"start":{"line":26,"column":24},"end":{"line":27,"column":21}},{"start":{"line":26,"column":24},"end":{"line":27,"column":21}}]},"4":{"loc":{"start":{"line":26,"column":24},"end":{"line":27,"column":21}},"type":"binary-expr","locations":[{"start":{"line":26,"column":24},"end":{"line":27,"column":21}},{"start":{"line":26,"column":24},"end":{"line":27,"column":21}}]}},"s":{"0":3,"1":3,"2":3,"3":8,"4":8,"5":4,"6":4,"7":1,"8":1,"9":5,"10":1,"11":4,"12":1,"13":4,"14":4,"15":4,"16":3,"17":3,"18":3,"19":3},"f":{"0":8,"1":4,"2":4,"3":1,"4":5,"5":1,"6":4,"7":4},"b":{"0":[1,0],"1":[1,4],"2":[4,0],"3":[3,3,0],"4":[3,3]}}
,"/Users/brianm/Desktop/Cross-Cutting/ignite-design-system/src/hub-card/hub-card.component.ts": {"path":"/Users/brianm/Desktop/Cross-Cutting/ignite-design-system/src/hub-card/hub-card.component.ts","statementMap":{"0":{"start":{"line":1,"column":0},"end":{"line":1,"column":70}},"1":{"start":{"line":16,"column":12},"end":{"line":16,"column":57}},"2":{"start":{"line":43,"column":4},"end":{"line":43,"column":17}},"3":{"start":{"line":9,"column":11},"end":{"line":9,"column":25}},"4":{"start":{"line":10,"column":11},"end":{"line":10,"column":28}},"5":{"start":{"line":11,"column":11},"end":{"line":11,"column":29}},"6":{"start":{"line":12,"column":11},"end":{"line":12,"column":27}},"7":{"start":{"line":13,"column":11},"end":{"line":13,"column":24}},"8":{"start":{"line":14,"column":11},"end":{"line":14,"column":25}},"9":{"start":{"line":15,"column":11},"end":{"line":15,"column":37}},"10":{"start":{"line":16,"column":12},"end":{"line":16,"column":60}},"11":{"start":{"line":8,"column":13},"end":{"line":null,"column":-1}},"12":{"start":{"line":8,"column":13},"end":{"line":8,"column":29}}},"fnMap":{"0":{"name":"(anonymous_2)","decl":{"start":{"line":3,"column":0},"end":{"line":null,"column":-1}},"loc":{"start":{"line":3,"column":0},"end":{"line":45,"column":1}}},"1":{"name":"(anonymous_3)","decl":{"start":{"line":42,"column":2},"end":{"line":null,"column":-1}},"loc":{"start":{"line":42,"column":2},"end":{"line":44,"column":3}}}},"branchMap":{},"s":{"0":2,"1":0,"2":0,"3":2,"4":2,"5":2,"6":2,"7":2,"8":2,"9":2,"10":2,"11":2,"12":2},"f":{"0":0,"1":0},"b":{}}
,"/Users/brianm/Desktop/Cross-Cutting/ignite-design-system/src/hub-card/hub-card.html": {"path":"/Users/brianm/Desktop/Cross-Cutting/ignite-design-system/src/hub-card/hub-card.html","statementMap":{"0":{"start":{"line":1,"column":0},"end":{"line":32,"column":2}}},"fnMap":{},"branchMap":{},"s":{"0":2},"f":{},"b":{},"_coverageSchema":"332fd63041d2c1bcb487cc26dd0d5f7d97098a6c","hash":"9414fd696069622b328a4ce92290837f0673ae21"}
,"/Users/brianm/Desktop/Cross-Cutting/ignite-design-system/src/info-banner/info-banner.component.ts": {"path":"/Users/brianm/Desktop/Cross-Cutting/ignite-design-system/src/info-banner/info-banner.component.ts","statementMap":{"0":{"start":{"line":1,"column":0},"end":{"line":1,"column":41}},"1":{"start":{"line":8,"column":13},"end":{"line":null,"column":-1}},"2":{"start":{"line":8,"column":13},"end":{"line":8,"column":32}}},"fnMap":{},"branchMap":{},"s":{"0":2,"1":2,"2":2},"f":{},"b":{}}
,"/Users/brianm/Desktop/Cross-Cutting/ignite-design-system/src/info-banner/info-banner.html": {"path":"/Users/brianm/Desktop/Cross-Cutting/ignite-design-system/src/info-banner/info-banner.html","statementMap":{"0":{"start":{"line":1,"column":0},"end":{"line":3,"column":6}}},"fnMap":{},"branchMap":{},"s":{"0":2},"f":{},"b":{},"_coverageSchema":"332fd63041d2c1bcb487cc26dd0d5f7d97098a6c","hash":"d7621d1778c98fdef378cc118a10090b5d0582a5"}
,"/Users/brianm/Desktop/Cross-Cutting/ignite-design-system/src/list-content/index.ts": {"path":"/Users/brianm/Desktop/Cross-Cutting/ignite-design-system/src/list-content/index.ts","statementMap":{"0":{"start":{"line":1,"column":0},"end":{"line":1,"column":41}},"1":{"start":{"line":2,"column":0},"end":{"line":2,"column":42}},"2":{"start":{"line":3,"column":0},"end":{"line":3,"column":49}},"3":{"start":{"line":4,"column":0},"end":{"line":4,"column":43}},"4":{"start":{"line":5,"column":0},"end":{"line":5,"column":54}}},"fnMap":{},"branchMap":{},"s":{"0":2,"1":2,"2":2,"3":2,"4":2},"f":{},"b":{}}
,"/Users/brianm/Desktop/Cross-Cutting/ignite-design-system/src/list-content/list-content.component.ts": {"path":"/Users/brianm/Desktop/Cross-Cutting/ignite-design-system/src/list-content/list-content.component.ts","statementMap":{"0":{"start":{"line":1,"column":0},"end":{"line":1,"column":67}},"1":{"start":{"line":8,"column":13},"end":{"line":null,"column":-1}},"2":{"start":{"line":8,"column":13},"end":{"line":8,"column":33}}},"fnMap":{},"branchMap":{},"s":{"0":2,"1":2,"2":2},"f":{},"b":{}}
,"/Users/brianm/Desktop/Cross-Cutting/ignite-design-system/src/list-content/list-content.html": {"path":"/Users/brianm/Desktop/Cross-Cutting/ignite-design-system/src/list-content/list-content.html","statementMap":{"0":{"start":{"line":1,"column":0},"end":{"line":3,"column":2}}},"fnMap":{},"branchMap":{},"s":{"0":2},"f":{},"b":{},"_coverageSchema":"332fd63041d2c1bcb487cc26dd0d5f7d97098a6c","hash":"4ff3a02b1a36807d2ef0c858360d79ba3c1fc0dc"}
,"/Users/brianm/Desktop/Cross-Cutting/ignite-design-system/src/list-content/list-content-card/index.ts": {"path":"/Users/brianm/Desktop/Cross-Cutting/ignite-design-system/src/list-content/list-content-card/index.ts","statementMap":{"0":{"start":{"line":1,"column":0},"end":{"line":1,"column":46}}},"fnMap":{},"branchMap":{},"s":{"0":2},"f":{},"b":{}}
,"/Users/brianm/Desktop/Cross-Cutting/ignite-design-system/src/list-content/list-content-card/list-content-card.component.ts": {"path":"/Users/brianm/Desktop/Cross-Cutting/ignite-design-system/src/list-content/list-content-card/list-content-card.component.ts","statementMap":{"0":{"start":{"line":1,"column":0},"end":{"line":1,"column":48}},"1":{"start":{"line":8,"column":13},"end":{"line":null,"column":-1}},"2":{"start":{"line":8,"column":13},"end":{"line":8,"column":37}}},"fnMap":{},"branchMap":{},"s":{"0":2,"1":2,"2":2},"f":{},"b":{}}
,"/Users/brianm/Desktop/Cross-Cutting/ignite-design-system/src/list-content/list-content-card/list-content-card.html": {"path":"/Users/brianm/Desktop/Cross-Cutting/ignite-design-system/src/list-content/list-content-card/list-content-card.html","statementMap":{"0":{"start":{"line":1,"column":0},"end":{"line":4,"column":2}}},"fnMap":{},"branchMap":{},"s":{"0":2},"f":{},"b":{},"_coverageSchema":"332fd63041d2c1bcb487cc26dd0d5f7d97098a6c","hash":"e60b4545c385514cb3af09cfd714b0c9f45edc27"}
,"/Users/brianm/Desktop/Cross-Cutting/ignite-design-system/src/list-content/list-content-empty-state/index.ts": {"path":"/Users/brianm/Desktop/Cross-Cutting/ignite-design-system/src/list-content/list-content-empty-state/index.ts","statementMap":{"0":{"start":{"line":1,"column":0},"end":{"line":1,"column":53}}},"fnMap":{},"branchMap":{},"s":{"0":2},"f":{},"b":{}}
,"/Users/brianm/Desktop/Cross-Cutting/ignite-design-system/src/list-content/list-content-empty-state/list-content-empty-state.component.ts": {"path":"/Users/brianm/Desktop/Cross-Cutting/ignite-design-system/src/list-content/list-content-empty-state/list-content-empty-state.component.ts","statementMap":{"0":{"start":{"line":1,"column":0},"end":{"line":1,"column":67}},"1":{"start":{"line":8,"column":13},"end":{"line":null,"column":-1}},"2":{"start":{"line":8,"column":13},"end":{"line":8,"column":43}}},"fnMap":{},"branchMap":{},"s":{"0":2,"1":2,"2":2},"f":{},"b":{}}
,"/Users/brianm/Desktop/Cross-Cutting/ignite-design-system/src/list-content/list-content-empty-state/list-content-empty-state.html": {"path":"/Users/brianm/Desktop/Cross-Cutting/ignite-design-system/src/list-content/list-content-empty-state/list-content-empty-state.html","statementMap":{"0":{"start":{"line":1,"column":0},"end":{"line":1,"column":43}}},"fnMap":{},"branchMap":{},"s":{"0":2},"f":{},"b":{},"_coverageSchema":"332fd63041d2c1bcb487cc26dd0d5f7d97098a6c","hash":"9258f1c62b4d19f34406fd08a0233dedd670ce07"}
,"/Users/brianm/Desktop/Cross-Cutting/ignite-design-system/src/list-content/list-content-panel/index.ts": {"path":"/Users/brianm/Desktop/Cross-Cutting/ignite-design-system/src/list-content/list-content-panel/index.ts","statementMap":{"0":{"start":{"line":1,"column":0},"end":{"line":1,"column":47}}},"fnMap":{},"branchMap":{},"s":{"0":2},"f":{},"b":{}}
,"/Users/brianm/Desktop/Cross-Cutting/ignite-design-system/src/list-content/list-content-panel/list-content-panel.component.ts": {"path":"/Users/brianm/Desktop/Cross-Cutting/ignite-design-system/src/list-content/list-content-panel/list-content-panel.component.ts","statementMap":{"0":{"start":{"line":1,"column":0},"end":{"line":1,"column":67}},"1":{"start":{"line":8,"column":13},"end":{"line":null,"column":-1}},"2":{"start":{"line":8,"column":13},"end":{"line":8,"column":38}}},"fnMap":{},"branchMap":{},"s":{"0":2,"1":2,"2":2},"f":{},"b":{}}
,"/Users/brianm/Desktop/Cross-Cutting/ignite-design-system/src/list-content/list-content-panel/list-content-panel.html": {"path":"/Users/brianm/Desktop/Cross-Cutting/ignite-design-system/src/list-content/list-content-panel/list-content-panel.html","statementMap":{"0":{"start":{"line":1,"column":0},"end":{"line":3,"column":2}}},"fnMap":{},"branchMap":{},"s":{"0":2},"f":{},"b":{},"_coverageSchema":"332fd63041d2c1bcb487cc26dd0d5f7d97098a6c","hash":"05334b61167bce11d6323e1a6e97780a94d2c8b5"}
,"/Users/brianm/Desktop/Cross-Cutting/ignite-design-system/src/list-content/list-content-unselected-state/index.ts": {"path":"/Users/brianm/Desktop/Cross-Cutting/ignite-design-system/src/list-content/list-content-unselected-state/index.ts","statementMap":{"0":{"start":{"line":1,"column":0},"end":{"line":1,"column":58}}},"fnMap":{},"branchMap":{},"s":{"0":2},"f":{},"b":{}}
,"/Users/brianm/Desktop/Cross-Cutting/ignite-design-system/src/list-content/list-content-unselected-state/list-content-unselected-state.component.ts": {"path":"/Users/brianm/Desktop/Cross-Cutting/ignite-design-system/src/list-content/list-content-unselected-state/list-content-unselected-state.component.ts","statementMap":{"0":{"start":{"line":1,"column":0},"end":{"line":1,"column":67}},"1":{"start":{"line":8,"column":13},"end":{"line":null,"column":-1}},"2":{"start":{"line":8,"column":13},"end":{"line":8,"column":48}}},"fnMap":{},"branchMap":{},"s":{"0":2,"1":2,"2":2},"f":{},"b":{}}
,"/Users/brianm/Desktop/Cross-Cutting/ignite-design-system/src/list-content/list-content-unselected-state/list-content-unselected-state.html": {"path":"/Users/brianm/Desktop/Cross-Cutting/ignite-design-system/src/list-content/list-content-unselected-state/list-content-unselected-state.html","statementMap":{"0":{"start":{"line":1,"column":0},"end":{"line":1,"column":43}}},"fnMap":{},"branchMap":{},"s":{"0":2},"f":{},"b":{},"_coverageSchema":"332fd63041d2c1bcb487cc26dd0d5f7d97098a6c","hash":"dabe30e1c39bfcbea0170b6e0c96ddce07180936"}
,"/Users/brianm/Desktop/Cross-Cutting/ignite-design-system/src/list-item/list-item.component.ts": {"path":"/Users/brianm/Desktop/Cross-Cutting/ignite-design-system/src/list-item/list-item.component.ts","statementMap":{"0":{"start":{"line":1,"column":0},"end":{"line":1,"column":41}},"1":{"start":{"line":19,"column":13},"end":{"line":null,"column":-1}},"2":{"start":{"line":19,"column":13},"end":{"line":19,"column":30}},"3":{"start":{"line":34,"column":13},"end":{"line":null,"column":-1}},"4":{"start":{"line":34,"column":13},"end":{"line":34,"column":37}},"5":{"start":{"line":48,"column":13},"end":{"line":null,"column":-1}},"6":{"start":{"line":48,"column":13},"end":{"line":48,"column":35}}},"fnMap":{},"branchMap":{},"s":{"0":2,"1":2,"2":2,"3":2,"4":2,"5":2,"6":2},"f":{},"b":{}}
,"/Users/brianm/Desktop/Cross-Cutting/ignite-design-system/src/list-selection/index.ts": {"path":"/Users/brianm/Desktop/Cross-Cutting/ignite-design-system/src/list-selection/index.ts","statementMap":{"0":{"start":{"line":1,"column":0},"end":{"line":1,"column":43}},"1":{"start":{"line":2,"column":0},"end":{"line":2,"column":50}},"2":{"start":{"line":3,"column":0},"end":{"line":3,"column":44}},"3":{"start":{"line":4,"column":0},"end":{"line":4,"column":46}}},"fnMap":{},"branchMap":{},"s":{"0":2,"1":2,"2":2,"3":2},"f":{},"b":{}}
,"/Users/brianm/Desktop/Cross-Cutting/ignite-design-system/src/list-selection/list-selection.component.ts": {"path":"/Users/brianm/Desktop/Cross-Cutting/ignite-design-system/src/list-selection/list-selection.component.ts","statementMap":{"0":{"start":{"line":1,"column":0},"end":{"line":1,"column":67}},"1":{"start":{"line":8,"column":13},"end":{"line":null,"column":-1}},"2":{"start":{"line":8,"column":13},"end":{"line":8,"column":35}}},"fnMap":{},"branchMap":{},"s":{"0":2,"1":2,"2":2},"f":{},"b":{}}
,"/Users/brianm/Desktop/Cross-Cutting/ignite-design-system/src/list-selection/list-selection.html": {"path":"/Users/brianm/Desktop/Cross-Cutting/ignite-design-system/src/list-selection/list-selection.html","statementMap":{"0":{"start":{"line":1,"column":0},"end":{"line":4,"column":2}}},"fnMap":{},"branchMap":{},"s":{"0":2},"f":{},"b":{},"_coverageSchema":"332fd63041d2c1bcb487cc26dd0d5f7d97098a6c","hash":"aa6174bce73f9beb7428a169d29b037f6ad64343"}
,"/Users/brianm/Desktop/Cross-Cutting/ignite-design-system/src/list-selection/list-selection-add-button/index.ts": {"path":"/Users/brianm/Desktop/Cross-Cutting/ignite-design-system/src/list-selection/list-selection-add-button/index.ts","statementMap":{"0":{"start":{"line":1,"column":0},"end":{"line":1,"column":54}}},"fnMap":{},"branchMap":{},"s":{"0":2},"f":{},"b":{}}
,"/Users/brianm/Desktop/Cross-Cutting/ignite-design-system/src/list-selection/list-selection-add-button/list-selection-add-button.component.ts": {"path":"/Users/brianm/Desktop/Cross-Cutting/ignite-design-system/src/list-selection/list-selection-add-button/list-selection-add-button.component.ts","statementMap":{"0":{"start":{"line":1,"column":0},"end":{"line":1,"column":67}},"1":{"start":{"line":8,"column":13},"end":{"line":null,"column":-1}},"2":{"start":{"line":8,"column":13},"end":{"line":8,"column":44}}},"fnMap":{},"branchMap":{},"s":{"0":2,"1":2,"2":2},"f":{},"b":{}}
,"/Users/brianm/Desktop/Cross-Cutting/ignite-design-system/src/list-selection/list-selection-add-button/list-selection-add-button.html": {"path":"/Users/brianm/Desktop/Cross-Cutting/ignite-design-system/src/list-selection/list-selection-add-button/list-selection-add-button.html","statementMap":{"0":{"start":{"line":1,"column":0},"end":{"line":8,"column":2}}},"fnMap":{},"branchMap":{},"s":{"0":2},"f":{},"b":{},"_coverageSchema":"332fd63041d2c1bcb487cc26dd0d5f7d97098a6c","hash":"7122adb15abcf724c4dfdb3bf4ca3730480a04fc"}
,"/Users/brianm/Desktop/Cross-Cutting/ignite-design-system/src/list-selection/list-selection-item/index.ts": {"path":"/Users/brianm/Desktop/Cross-Cutting/ignite-design-system/src/list-selection/list-selection-item/index.ts","statementMap":{"0":{"start":{"line":1,"column":0},"end":{"line":1,"column":48}}},"fnMap":{},"branchMap":{},"s":{"0":2},"f":{},"b":{}}
,"/Users/brianm/Desktop/Cross-Cutting/ignite-design-system/src/list-selection/list-selection-item/list-selection-item.component.ts": {"path":"/Users/brianm/Desktop/Cross-Cutting/ignite-design-system/src/list-selection/list-selection-item/list-selection-item.component.ts","statementMap":{"0":{"start":{"line":1,"column":0},"end":{"line":1,"column":89}},"1":{"start":{"line":14,"column":12},"end":{"line":14,"column":64}},"2":{"start":{"line":10,"column":11},"end":{"line":10,"column":23}},"3":{"start":{"line":11,"column":11},"end":{"line":11,"column":27}},"4":{"start":{"line":12,"column":11},"end":{"line":12,"column":25}},"5":{"start":{"line":13,"column":11},"end":{"line":13,"column":28}},"6":{"start":{"line":14,"column":12},"end":{"line":14,"column":67}},"7":{"start":{"line":9,"column":13},"end":{"line":null,"column":-1}},"8":{"start":{"line":9,"column":13},"end":{"line":9,"column":39}}},"fnMap":{"0":{"name":"(anonymous_2)","decl":{"start":{"line":3,"column":0},"end":{"line":null,"column":-1}},"loc":{"start":{"line":3,"column":0},"end":{"line":15,"column":1}}}},"branchMap":{},"s":{"0":2,"1":0,"2":2,"3":2,"4":2,"5":2,"6":2,"7":2,"8":2},"f":{"0":0},"b":{}}
,"/Users/brianm/Desktop/Cross-Cutting/ignite-design-system/src/list-selection/list-selection-item/list-selection-item.html": {"path":"/Users/brianm/Desktop/Cross-Cutting/ignite-design-system/src/list-selection/list-selection-item/list-selection-item.html","statementMap":{"0":{"start":{"line":1,"column":0},"end":{"line":8,"column":2}}},"fnMap":{},"branchMap":{},"s":{"0":2},"f":{},"b":{},"_coverageSchema":"332fd63041d2c1bcb487cc26dd0d5f7d97098a6c","hash":"96eb4db049476aface6b5fe655b88e2b3a81ff65"}
,"/Users/brianm/Desktop/Cross-Cutting/ignite-design-system/src/list-selection/list-selection-search/index.ts": {"path":"/Users/brianm/Desktop/Cross-Cutting/ignite-design-system/src/list-selection/list-selection-search/index.ts","statementMap":{"0":{"start":{"line":1,"column":0},"end":{"line":1,"column":50}},"1":{"start":{"line":2,"column":0},"end":{"line":2,"column":35}}},"fnMap":{},"branchMap":{},"s":{"0":2,"1":2},"f":{},"b":{}}
,"/Users/brianm/Desktop/Cross-Cutting/ignite-design-system/src/list-selection/list-selection-search/list-filter.pipe.ts": {"path":"/Users/brianm/Desktop/Cross-Cutting/ignite-design-system/src/list-selection/list-selection-search/list-filter.pipe.ts","statementMap":{"0":{"start":{"line":1,"column":0},"end":{"line":1,"column":51}},"1":{"start":{"line":2,"column":0},"end":{"line":2,"column":44}},"2":{"start":{"line":3,"column":0},"end":{"line":3,"column":43}},"3":{"start":{"line":4,"column":0},"end":{"line":4,"column":37}},"4":{"start":{"line":5,"column":0},"end":{"line":5,"column":31}},"5":{"start":{"line":19,"column":4},"end":{"line":22,"column":36}},"6":{"start":{"line":22,"column":36},"end":{"line":22,"column":42}},"7":{"start":{"line":12,"column":13},"end":{"line":null,"column":-1}},"8":{"start":{"line":12,"column":13},"end":{"line":12,"column":27}}},"fnMap":{"0":{"name":"(anonymous_1)","decl":{"start":{"line":14,"column":2},"end":{"line":15,"column":3}},"loc":{"start":{"line":17,"column":4},"end":{"line":23,"column":3}}},"1":{"name":"(anonymous_2)","decl":{"start":{"line":22,"column":10},"end":{"line":22,"column":11}},"loc":{"start":{"line":22,"column":36},"end":{"line":22,"column":42}}},"2":{"name":"(anonymous_3)","decl":{"start":{"line":22,"column":36},"end":{"line":22,"column":42}},"loc":{"start":{"line":22,"column":36},"end":{"line":22,"column":42}}}},"branchMap":{},"s":{"0":2,"1":2,"2":2,"3":2,"4":2,"5":0,"6":0,"7":2,"8":2},"f":{"0":0,"1":0,"2":0},"b":{}}
,"/Users/brianm/Desktop/Cross-Cutting/ignite-design-system/src/list-selection/list-selection-search/list-selection-search.component.ts": {"path":"/Users/brianm/Desktop/Cross-Cutting/ignite-design-system/src/list-selection/list-selection-search/list-selection-search.component.ts","statementMap":{"0":{"start":{"line":1,"column":0},"end":{"line":1,"column":89}},"1":{"start":{"line":2,"column":0},"end":{"line":2,"column":85}},"2":{"start":{"line":4,"column":0},"end":{"line":4,"column":31}},"3":{"start":{"line":5,"column":0},"end":{"line":5,"column":48}},"4":{"start":{"line":6,"column":0},"end":{"line":6,"column":37}},"5":{"start":{"line":7,"column":0},"end":{"line":7,"column":33}},"6":{"start":{"line":8,"column":0},"end":{"line":8,"column":32}},"7":{"start":{"line":18,"column":2},"end":{"line":18,"column":43}},"8":{"start":{"line":22,"column":4},"end":{"line":26,"column":7}},"9":{"start":{"line":23,"column":28},"end":{"line":23,"column":31}},"10":{"start":{"line":17,"column":13},"end":{"line":null,"column":-1}},"11":{"start":{"line":17,"column":13},"end":{"line":17,"column":41}}},"fnMap":{"0":{"name":"(anonymous_2)","decl":{"start":{"line":21,"column":2},"end":{"line":null,"column":-1}},"loc":{"start":{"line":21,"column":2},"end":{"line":27,"column":3}}},"1":{"name":"(anonymous_3)","decl":{"start":{"line":23,"column":11},"end":{"line":23,"column":27}},"loc":{"start":{"line":23,"column":28},"end":{"line":23,"column":31}}}},"branchMap":{},"s":{"0":2,"1":2,"2":2,"3":2,"4":2,"5":2,"6":2,"7":0,"8":0,"9":0,"10":2,"11":2},"f":{"0":0,"1":0},"b":{}}
,"/Users/brianm/Desktop/Cross-Cutting/ignite-design-system/src/list-selection/list-selection-search/list-selection-search.html": {"path":"/Users/brianm/Desktop/Cross-Cutting/ignite-design-system/src/list-selection/list-selection-search/list-selection-search.html","statementMap":{"0":{"start":{"line":1,"column":0},"end":{"line":4,"column":8}}},"fnMap":{},"branchMap":{},"s":{"0":2},"f":{},"b":{},"_coverageSchema":"332fd63041d2c1bcb487cc26dd0d5f7d97098a6c","hash":"e9817d6a42dfdeb09e38633293f194b250831116"}
,"/Users/brianm/Desktop/Cross-Cutting/ignite-design-system/src/page/page.component.ts": {"path":"/Users/brianm/Desktop/Cross-Cutting/ignite-design-system/src/page/page.component.ts","statementMap":{"0":{"start":{"line":1,"column":0},"end":{"line":1,"column":41}},"1":{"start":{"line":21,"column":13},"end":{"line":null,"column":-1}},"2":{"start":{"line":21,"column":13},"end":{"line":21,"column":26}}},"fnMap":{},"branchMap":{},"s":{"0":2,"1":2,"2":2},"f":{},"b":{}}
,"/Users/brianm/Desktop/Cross-Cutting/ignite-design-system/src/right-drawer/right-drawer.component.ts": {"path":"/Users/brianm/Desktop/Cross-Cutting/ignite-design-system/src/right-drawer/right-drawer.component.ts","statementMap":{"0":{"start":{"line":1,"column":0},"end":{"line":1,"column":78}},"1":{"start":{"line":13,"column":11},"end":{"line":13,"column":18}},"2":{"start":{"line":14,"column":11},"end":{"line":14,"column":23}},"3":{"start":{"line":16,"column":12},"end":{"line":16,"column":41}},"4":{"start":{"line":19,"column":4},"end":{"line":19,"column":22}},"5":{"start":{"line":23,"column":4},"end":{"line":23,"column":16}},"6":{"start":{"line":24,"column":4},"end":{"line":24,"column":25}},"7":{"start":{"line":28,"column":4},"end":{"line":28,"column":22}},"8":{"start":{"line":32,"column":4},"end":{"line":32,"column":22}},"9":{"start":{"line":13,"column":11},"end":{"line":13,"column":24}},"10":{"start":{"line":14,"column":11},"end":{"line":14,"column":29}},"11":{"start":{"line":15,"column":11},"end":{"line":15,"column":25}},"12":{"start":{"line":16,"column":12},"end":{"line":16,"column":53}},"13":{"start":{"line":12,"column":13},"end":{"line":null,"column":-1}},"14":{"start":{"line":12,"column":13},"end":{"line":12,"column":33}}},"fnMap":{"0":{"name":"(anonymous_2)","decl":{"start":{"line":4,"column":0},"end":{"line":null,"column":-1}},"loc":{"start":{"line":4,"column":0},"end":{"line":34,"column":1}}},"1":{"name":"(anonymous_3)","decl":{"start":{"line":18,"column":2},"end":{"line":null,"column":-1}},"loc":{"start":{"line":18,"column":2},"end":{"line":20,"column":3}}},"2":{"name":"(anonymous_4)","decl":{"start":{"line":22,"column":2},"end":{"line":22,"column":14}},"loc":{"start":{"line":22,"column":15},"end":{"line":25,"column":3}}},"3":{"name":"(anonymous_5)","decl":{"start":{"line":27,"column":2},"end":{"line":null,"column":-1}},"loc":{"start":{"line":27,"column":2},"end":{"line":29,"column":3}}},"4":{"name":"(anonymous_6)","decl":{"start":{"line":31,"column":2},"end":{"line":null,"column":-1}},"loc":{"start":{"line":31,"column":2},"end":{"line":33,"column":3}}}},"branchMap":{"0":{"loc":{"start":{"line":19,"column":22},"end":{"line":19,"column":26}},"type":"binary-expr","locations":[{"start":{"line":19,"column":22},"end":{"line":19,"column":26}},{"start":{"line":19,"column":22},"end":{"line":19,"column":26}}]}},"s":{"0":2,"1":0,"2":0,"3":0,"4":0,"5":0,"6":0,"7":0,"8":0,"9":2,"10":2,"11":2,"12":2,"13":2,"14":2},"f":{"0":0,"1":0,"2":0,"3":0,"4":0},"b":{"0":[0,0]}}
,"/Users/brianm/Desktop/Cross-Cutting/ignite-design-system/src/right-drawer/right-drawer.html": {"path":"/Users/brianm/Desktop/Cross-Cutting/ignite-design-system/src/right-drawer/right-drawer.html","statementMap":{"0":{"start":{"line":1,"column":0},"end":{"line":14,"column":2}}},"fnMap":{},"branchMap":{},"s":{"0":2},"f":{},"b":{},"_coverageSchema":"332fd63041d2c1bcb487cc26dd0d5f7d97098a6c","hash":"33a0db2f7655f0dd6ec240904c4657b7f2b00aa7"}
,"/Users/brianm/Desktop/Cross-Cutting/ignite-design-system/src/select-container/select-container.component.ts": {"path":"/Users/brianm/Desktop/Cross-Cutting/ignite-design-system/src/select-container/select-container.component.ts","statementMap":{"0":{"start":{"line":1,"column":0},"end":{"line":1,"column":41}},"1":{"start":{"line":8,"column":13},"end":{"line":null,"column":-1}},"2":{"start":{"line":8,"column":13},"end":{"line":8,"column":37}}},"fnMap":{},"branchMap":{},"s":{"0":2,"1":2,"2":2},"f":{},"b":{}}
,"/Users/brianm/Desktop/Cross-Cutting/ignite-design-system/src/select-container/select-container.html": {"path":"/Users/brianm/Desktop/Cross-Cutting/ignite-design-system/src/select-container/select-container.html","statementMap":{"0":{"start":{"line":1,"column":0},"end":{"line":1,"column":43}}},"fnMap":{},"branchMap":{},"s":{"0":2},"f":{},"b":{},"_coverageSchema":"332fd63041d2c1bcb487cc26dd0d5f7d97098a6c","hash":"165bd0278f41fa46bc73246811abb39e821d77db"}
,"/Users/brianm/Desktop/Cross-Cutting/ignite-design-system/src/sidenav/index.ts": {"path":"/Users/brianm/Desktop/Cross-Cutting/ignite-design-system/src/sidenav/index.ts","statementMap":{"0":{"start":{"line":1,"column":0},"end":{"line":1,"column":39}},"1":{"start":{"line":2,"column":0},"end":{"line":2,"column":37}},"2":{"start":{"line":3,"column":0},"end":{"line":3,"column":42}}},"fnMap":{},"branchMap":{},"s":{"0":2,"1":2,"2":2},"f":{},"b":{}}
,"/Users/brianm/Desktop/Cross-Cutting/ignite-design-system/src/sidenav/sidenav-header/index.ts": {"path":"/Users/brianm/Desktop/Cross-Cutting/ignite-design-system/src/sidenav/sidenav-header/index.ts","statementMap":{"0":{"start":{"line":1,"column":0},"end":{"line":1,"column":43}}},"fnMap":{},"branchMap":{},"s":{"0":2},"f":{},"b":{}}
,"/Users/brianm/Desktop/Cross-Cutting/ignite-design-system/src/sidenav/sidenav-header/sidenav-header.component.ts": {"path":"/Users/brianm/Desktop/Cross-Cutting/ignite-design-system/src/sidenav/sidenav-header/sidenav-header.component.ts","statementMap":{"0":{"start":{"line":1,"column":0},"end":{"line":1,"column":48}},"1":{"start":{"line":9,"column":11},"end":{"line":9,"column":25}},"2":{"start":{"line":10,"column":11},"end":{"line":10,"column":28}},"3":{"start":{"line":8,"column":13},"end":{"line":null,"column":-1}},"4":{"start":{"line":8,"column":13},"end":{"line":8,"column":35}}},"fnMap":{},"branchMap":{},"s":{"0":2,"1":2,"2":2,"3":2,"4":2},"f":{},"b":{}}
,"/Users/brianm/Desktop/Cross-Cutting/ignite-design-system/src/sidenav/sidenav-header/sidenav-header.html": {"path":"/Users/brianm/Desktop/Cross-Cutting/ignite-design-system/src/sidenav/sidenav-header/sidenav-header.html","statementMap":{"0":{"start":{"line":1,"column":0},"end":{"line":20,"column":8}}},"fnMap":{},"branchMap":{},"s":{"0":2},"f":{},"b":{},"_coverageSchema":"332fd63041d2c1bcb487cc26dd0d5f7d97098a6c","hash":"f407d717380e6e7e1ba47b867322ee7b4266d172"}
,"/Users/brianm/Desktop/Cross-Cutting/ignite-design-system/src/sidenav/sidenav-list/index.ts": {"path":"/Users/brianm/Desktop/Cross-Cutting/ignite-design-system/src/sidenav/sidenav-list/index.ts","statementMap":{"0":{"start":{"line":1,"column":0},"end":{"line":1,"column":41}}},"fnMap":{},"branchMap":{},"s":{"0":2},"f":{},"b":{}}
,"/Users/brianm/Desktop/Cross-Cutting/ignite-design-system/src/sidenav/sidenav-list/sidenav-list.component.ts": {"path":"/Users/brianm/Desktop/Cross-Cutting/ignite-design-system/src/sidenav/sidenav-list/sidenav-list.component.ts","statementMap":{"0":{"start":{"line":1,"column":0},"end":{"line":1,"column":41}},"1":{"start":{"line":8,"column":13},"end":{"line":null,"column":-1}},"2":{"start":{"line":8,"column":13},"end":{"line":8,"column":33}}},"fnMap":{},"branchMap":{},"s":{"0":2,"1":2,"2":2},"f":{},"b":{}}
,"/Users/brianm/Desktop/Cross-Cutting/ignite-design-system/src/sidenav/sidenav-list/sidenav-list.html": {"path":"/Users/brianm/Desktop/Cross-Cutting/ignite-design-system/src/sidenav/sidenav-list/sidenav-list.html","statementMap":{"0":{"start":{"line":1,"column":0},"end":{"line":1,"column":43}}},"fnMap":{},"branchMap":{},"s":{"0":2},"f":{},"b":{},"_coverageSchema":"332fd63041d2c1bcb487cc26dd0d5f7d97098a6c","hash":"706b628181d5813a79e46f111bf6373c75423bf4"}
,"/Users/brianm/Desktop/Cross-Cutting/ignite-design-system/src/sidenav/sidenav-list-item/index.ts": {"path":"/Users/brianm/Desktop/Cross-Cutting/ignite-design-system/src/sidenav/sidenav-list-item/index.ts","statementMap":{"0":{"start":{"line":1,"column":0},"end":{"line":1,"column":46}}},"fnMap":{},"branchMap":{},"s":{"0":2},"f":{},"b":{}}
,"/Users/brianm/Desktop/Cross-Cutting/ignite-design-system/src/sidenav/sidenav-list-item/sidenav-list-item.component.ts": {"path":"/Users/brianm/Desktop/Cross-Cutting/ignite-design-system/src/sidenav/sidenav-list-item/sidenav-list-item.component.ts","statementMap":{"0":{"start":{"line":1,"column":0},"end":{"line":8,"column":22}},"1":{"start":{"line":20,"column":12},"end":{"line":20,"column":60}},"2":{"start":{"line":25,"column":4},"end":{"line":25,"column":10}},"3":{"start":{"line":27,"column":4},"end":{"line":27,"column":27}},"4":{"start":{"line":17,"column":11},"end":{"line":17,"column":24}},"5":{"start":{"line":18,"column":11},"end":{"line":18,"column":31}},"6":{"start":{"line":19,"column":11},"end":{"line":19,"column":23}},"7":{"start":{"line":20,"column":12},"end":{"line":20,"column":63}},"8":{"start":{"line":24,"column":2},"end":{"line":28,"column":3}},"9":{"start":{"line":16,"column":13},"end":{"line":null,"column":-1}},"10":{"start":{"line":16,"column":13},"end":{"line":16,"column":37}}},"fnMap":{"0":{"name":"(anonymous_2)","decl":{"start":{"line":10,"column":0},"end":{"line":null,"column":-1}},"loc":{"start":{"line":10,"column":0},"end":{"line":29,"column":1}}},"1":{"name":"(anonymous_3)","decl":{"start":{"line":24,"column":2},"end":{"line":24,"column":13}},"loc":{"start":{"line":24,"column":14},"end":{"line":28,"column":3}}}},"branchMap":{},"s":{"0":2,"1":0,"2":0,"3":0,"4":2,"5":2,"6":2,"7":2,"8":2,"9":2,"10":2},"f":{"0":0,"1":0},"b":{}}
,"/Users/brianm/Desktop/Cross-Cutting/ignite-design-system/src/sidenav/sidenav-list-item/sidenav-list-item.html": {"path":"/Users/brianm/Desktop/Cross-Cutting/ignite-design-system/src/sidenav/sidenav-list-item/sidenav-list-item.html","statementMap":{"0":{"start":{"line":1,"column":0},"end":{"line":7,"column":6}}},"fnMap":{},"branchMap":{},"s":{"0":2},"f":{},"b":{},"_coverageSchema":"332fd63041d2c1bcb487cc26dd0d5f7d97098a6c","hash":"51b38647a669b0933dd4fd2c9bb56021a3abb85b"}
,"/Users/brianm/Desktop/Cross-Cutting/ignite-design-system/src/text/text.component.ts": {"path":"/Users/brianm/Desktop/Cross-Cutting/ignite-design-system/src/text/text.component.ts","statementMap":{"0":{"start":{"line":1,"column":0},"end":{"line":1,"column":41}},"1":{"start":{"line":17,"column":13},"end":{"line":null,"column":-1}},"2":{"start":{"line":17,"column":13},"end":{"line":17,"column":41}},"3":{"start":{"line":32,"column":13},"end":{"line":null,"column":-1}},"4":{"start":{"line":32,"column":13},"end":{"line":32,"column":43}}},"fnMap":{},"branchMap":{},"s":{"0":2,"1":2,"2":2,"3":2,"4":2},"f":{},"b":{}}
,"/Users/brianm/Desktop/Cross-Cutting/ignite-design-system/test/test-bed/component.ts": {"path":"/Users/brianm/Desktop/Cross-Cutting/ignite-design-system/test/test-bed/component.ts","statementMap":{"0":{"start":{"line":1,"column":0},"end":{"line":1,"column":47}},"1":{"start":{"line":2,"column":0},"end":{"line":2,"column":47}},"2":{"start":{"line":5,"column":0},"end":{"line":5,"column":75}},"3":{"start":{"line":10,"column":8},"end":{"line":20,"column":9}},"4":{"start":{"line":7,"column":0},"end":{"line":22,"column":1}}},"fnMap":{"0":{"name":"(anonymous_0)","decl":{"start":{"line":9,"column":4},"end":{"line":9,"column":10}},"loc":{"start":{"line":9,"column":25},"end":{"line":21,"column":5}}}},"branchMap":{"0":{"loc":{"start":{"line":9,"column":25},"end":{"line":9,"column":41}},"type":"default-arg","locations":[{"start":{"line":9,"column":25},"end":{"line":9,"column":41}}]}},"s":{"0":2,"1":2,"2":2,"3":8,"4":2},"f":{"0":8},"b":{"0":[0]}}
}
