TN:
SF:/Users/brianm/Desktop/Cross-Cutting/ignite-design-system/src/index.ts
FN:190,(anonymous_2)
FN:197,(anonymous_3)
FNF:2
FNH:0
FNDA:0,(anonymous_2)
FNDA:0,(anonymous_3)
DA:1,2
DA:2,2
DA:3,2
DA:5,2
DA:6,2
DA:8,2
DA:9,2
DA:11,2
DA:16,2
DA:18,2
DA:19,2
DA:21,2
DA:26,2
DA:28,2
DA:35,2
DA:37,2
DA:43,2
DA:45,2
DA:52,2
DA:54,2
DA:67,2
DA:69,2
DA:70,2
DA:72,2
DA:76,2
DA:78,2
DA:79,2
DA:81,2
DA:89,2
DA:91,2
DA:92,2
DA:94,2
DA:95,2
DA:97,2
DA:98,2
DA:100,2
DA:101,2
DA:103,2
DA:104,2
DA:106,2
DA:107,2
DA:109,2
DA:111,2
DA:189,2
LF:44
LH:44
BRF:0
BRH:0
end_of_record
TN:
SF:/Users/brianm/Desktop/Cross-Cutting/ignite-design-system/src/jest-global-mocks.ts
FN:4,(anonymous_1)
FN:5,(anonymous_2)
FN:6,(anonymous_3)
FN:7,(anonymous_4)
FN:14,(anonymous_5)
FNF:5
FNH:0
FNDA:0,(anonymous_1)
FNDA:0,(anonymous_2)
FNDA:0,(anonymous_3)
FNDA:0,(anonymous_4)
FNDA:0,(anonymous_5)
DA:2,6
DA:4,0
DA:5,0
DA:6,0
DA:7,0
DA:11,3
DA:12,3
DA:14,0
LF:8
LH:3
BRDA:4,0,0,0
BRDA:4,0,1,0
BRDA:5,1,0,0
BRDA:5,1,1,0
BRF:4
BRH:0
end_of_record
TN:
SF:/Users/brianm/Desktop/Cross-Cutting/ignite-design-system/src/jest.ts
FNF:0
FNH:0
DA:1,3
DA:2,3
LF:2
LH:2
BRF:0
BRH:0
end_of_record
TN:
SF:/Users/brianm/Desktop/Cross-Cutting/ignite-design-system/src/button-group/index.ts
FNF:0
FNH:0
DA:1,2
DA:8,2
LF:2
LH:2
BRF:0
BRH:0
end_of_record
TN:
SF:/Users/brianm/Desktop/Cross-Cutting/ignite-design-system/src/card/index.ts
FNF:0
FNH:0
DA:1,2
DA:2,2
DA:3,2
DA:4,2
DA:5,2
DA:6,2
DA:7,2
DA:8,2
DA:9,2
DA:10,2
DA:11,2
LF:11
LH:11
BRF:0
BRH:0
end_of_record
TN:
SF:/Users/brianm/Desktop/Cross-Cutting/ignite-design-system/src/card/card-actions/card-actions.component.ts
FNF:0
FNH:0
DA:1,2
DA:8,2
LF:2
LH:2
BRF:0
BRH:0
end_of_record
TN:
SF:/Users/brianm/Desktop/Cross-Cutting/ignite-design-system/src/card/card-actions/card-actions.html
FNF:0
FNH:0
DA:1,2
LF:1
LH:1
BRF:0
BRH:0
end_of_record
TN:
SF:/Users/brianm/Desktop/Cross-Cutting/ignite-design-system/src/card/card-actions/index.ts
FNF:0
FNH:0
DA:1,2
LF:1
LH:1
BRF:0
BRH:0
end_of_record
TN:
SF:/Users/brianm/Desktop/Cross-Cutting/ignite-design-system/src/card/card-aside/card-aside.component.ts
FNF:0
FNH:0
DA:1,2
DA:8,2
LF:2
LH:2
BRF:0
BRH:0
end_of_record
TN:
SF:/Users/brianm/Desktop/Cross-Cutting/ignite-design-system/src/card/card-aside/card-aside.html
FNF:0
FNH:0
DA:1,2
LF:1
LH:1
BRF:0
BRH:0
end_of_record
TN:
SF:/Users/brianm/Desktop/Cross-Cutting/ignite-design-system/src/card/card-aside/index.ts
FNF:0
FNH:0
DA:1,2
LF:1
LH:1
BRF:0
BRH:0
end_of_record
TN:
SF:/Users/brianm/Desktop/Cross-Cutting/ignite-design-system/src/card/card-container/card-container.component.ts
FNF:0
FNH:0
DA:1,2
DA:8,2
LF:2
LH:2
BRF:0
BRH:0
end_of_record
TN:
SF:/Users/brianm/Desktop/Cross-Cutting/ignite-design-system/src/card/card-container/card-container.html
FNF:0
FNH:0
DA:1,2
LF:1
LH:1
BRF:0
BRH:0
end_of_record
TN:
SF:/Users/brianm/Desktop/Cross-Cutting/ignite-design-system/src/card/card-container/index.ts
FNF:0
FNH:0
DA:1,2
LF:1
LH:1
BRF:0
BRH:0
end_of_record
TN:
SF:/Users/brianm/Desktop/Cross-Cutting/ignite-design-system/src/card/card-header-container/card-header-container.component.ts
FNF:0
FNH:0
DA:1,2
DA:15,2
LF:2
LH:2
BRF:0
BRH:0
end_of_record
TN:
SF:/Users/brianm/Desktop/Cross-Cutting/ignite-design-system/src/card/card-header-container/index.ts
FNF:0
FNH:0
DA:1,2
LF:1
LH:1
BRF:0
BRH:0
end_of_record
TN:
SF:/Users/brianm/Desktop/Cross-Cutting/ignite-design-system/src/card/card-main/card-main.component.ts
FNF:0
FNH:0
DA:1,2
DA:8,2
LF:2
LH:2
BRF:0
BRH:0
end_of_record
TN:
SF:/Users/brianm/Desktop/Cross-Cutting/ignite-design-system/src/card/card-main/card-main.html
FNF:0
FNH:0
DA:1,2
LF:1
LH:1
BRF:0
BRH:0
end_of_record
TN:
SF:/Users/brianm/Desktop/Cross-Cutting/ignite-design-system/src/card/card-main/index.ts
FNF:0
FNH:0
DA:1,2
LF:1
LH:1
BRF:0
BRH:0
end_of_record
TN:
SF:/Users/brianm/Desktop/Cross-Cutting/ignite-design-system/src/card/card-section/card-section.component.ts
FNF:0
FNH:0
DA:1,2
DA:8,2
LF:2
LH:2
BRF:0
BRH:0
end_of_record
TN:
SF:/Users/brianm/Desktop/Cross-Cutting/ignite-design-system/src/card/card-section/card-section.html
FNF:0
FNH:0
DA:1,2
LF:1
LH:1
BRF:0
BRH:0
end_of_record
TN:
SF:/Users/brianm/Desktop/Cross-Cutting/ignite-design-system/src/card/card-section/index.ts
FNF:0
FNH:0
DA:1,2
LF:1
LH:1
BRF:0
BRH:0
end_of_record
TN:
SF:/Users/brianm/Desktop/Cross-Cutting/ignite-design-system/src/card/card-section-subtitle/card-section-subtitle.component.ts
FNF:0
FNH:0
DA:1,2
DA:9,2
LF:2
LH:2
BRF:0
BRH:0
end_of_record
TN:
SF:/Users/brianm/Desktop/Cross-Cutting/ignite-design-system/src/card/card-section-subtitle/card-section-subtitle.html
FNF:0
FNH:0
DA:1,2
LF:1
LH:1
BRF:0
BRH:0
end_of_record
TN:
SF:/Users/brianm/Desktop/Cross-Cutting/ignite-design-system/src/card/card-section-subtitle/index.ts
FNF:0
FNH:0
DA:1,2
LF:1
LH:1
BRF:0
BRH:0
end_of_record
TN:
SF:/Users/brianm/Desktop/Cross-Cutting/ignite-design-system/src/card/card-section-title/card-section-title.component.ts
FNF:0
FNH:0
DA:1,2
DA:9,2
LF:2
LH:2
BRF:0
BRH:0
end_of_record
TN:
SF:/Users/brianm/Desktop/Cross-Cutting/ignite-design-system/src/card/card-section-title/card-section-title.html
FNF:0
FNH:0
DA:1,2
LF:1
LH:1
BRF:0
BRH:0
end_of_record
TN:
SF:/Users/brianm/Desktop/Cross-Cutting/ignite-design-system/src/card/card-section-title/index.ts
FNF:0
FNH:0
DA:1,2
LF:1
LH:1
BRF:0
BRH:0
end_of_record
TN:
SF:/Users/brianm/Desktop/Cross-Cutting/ignite-design-system/src/card/card-subtitle/card-subtitle.component.ts
FNF:0
FNH:0
DA:1,2
DA:14,2
LF:2
LH:2
BRF:0
BRH:0
end_of_record
TN:
SF:/Users/brianm/Desktop/Cross-Cutting/ignite-design-system/src/card/card-subtitle/index.ts
FNF:0
FNH:0
DA:1,2
LF:1
LH:1
BRF:0
BRH:0
end_of_record
TN:
SF:/Users/brianm/Desktop/Cross-Cutting/ignite-design-system/src/card/card-title/card-title.component.ts
FNF:0
FNH:0
DA:1,2
DA:9,2
LF:2
LH:2
BRF:0
BRH:0
end_of_record
TN:
SF:/Users/brianm/Desktop/Cross-Cutting/ignite-design-system/src/card/card-title/card-title.html
FNF:0
FNH:0
DA:1,2
LF:1
LH:1
BRF:0
BRH:0
end_of_record
TN:
SF:/Users/brianm/Desktop/Cross-Cutting/ignite-design-system/src/card/card-title/index.ts
FNF:0
FNH:0
DA:1,2
LF:1
LH:1
BRF:0
BRH:0
end_of_record
TN:
SF:/Users/brianm/Desktop/Cross-Cutting/ignite-design-system/src/card/card-toolbar/card-toolbar.component.ts
FNF:0
FNH:0
DA:1,2
DA:8,2
LF:2
LH:2
BRF:0
BRH:0
end_of_record
TN:
SF:/Users/brianm/Desktop/Cross-Cutting/ignite-design-system/src/card/card-toolbar/card-toolbar.html
FNF:0
FNH:0
DA:1,2
LF:1
LH:1
BRF:0
BRH:0
end_of_record
TN:
SF:/Users/brianm/Desktop/Cross-Cutting/ignite-design-system/src/card/card-toolbar/index.ts
FNF:0
FNH:0
DA:1,2
LF:1
LH:1
BRF:0
BRH:0
end_of_record
TN:
SF:/Users/brianm/Desktop/Cross-Cutting/ignite-design-system/src/center/center.component.ts
FNF:0
FNH:0
DA:2,2
DA:9,2
LF:2
LH:2
BRF:0
BRH:0
end_of_record
TN:
SF:/Users/brianm/Desktop/Cross-Cutting/ignite-design-system/src/center/center.html
FNF:0
FNH:0
DA:1,2
LF:1
LH:1
BRF:0
BRH:0
end_of_record
TN:
SF:/Users/brianm/Desktop/Cross-Cutting/ignite-design-system/src/divider/divider.component.ts
FNF:0
FNH:0
DA:1,2
DA:17,2
LF:2
LH:2
BRF:0
BRH:0
end_of_record
TN:
SF:/Users/brianm/Desktop/Cross-Cutting/ignite-design-system/src/empty-state/empty-state.component.ts
FNF:0
FNH:0
DA:2,2
DA:9,2
DA:27,2
DA:46,2
DA:64,2
LF:5
LH:5
BRF:0
BRH:0
end_of_record
TN:
SF:/Users/brianm/Desktop/Cross-Cutting/ignite-design-system/src/empty-state/empty-state.html
FNF:0
FNH:0
DA:1,2
LF:1
LH:1
BRF:0
BRH:0
end_of_record
TN:
SF:/Users/brianm/Desktop/Cross-Cutting/ignite-design-system/src/error-banner/error-banner.component.ts
FNF:0
FNH:0
DA:1,2
DA:8,2
LF:2
LH:2
BRF:0
BRH:0
end_of_record
TN:
SF:/Users/brianm/Desktop/Cross-Cutting/ignite-design-system/src/error-banner/error-banner.html
FNF:0
FNH:0
DA:1,2
LF:1
LH:1
BRF:0
BRH:0
end_of_record
TN:
SF:/Users/brianm/Desktop/Cross-Cutting/ignite-design-system/src/expandable-fab/expandable-fab-item.component.ts
FN:3,(anonymous_2)
FNF:1
FNH:0
FNDA:0,(anonymous_2)
DA:1,2
DA:8,2
DA:9,2
DA:10,2
DA:11,2
DA:12,2
LF:6
LH:6
BRF:0
BRH:0
end_of_record
TN:
SF:/Users/brianm/Desktop/Cross-Cutting/ignite-design-system/src/expandable-fab/expandable-fab-item.html
FNF:0
FNH:0
DA:1,2
LF:1
LH:1
BRF:0
BRH:0
end_of_record
TN:
SF:/Users/brianm/Desktop/Cross-Cutting/ignite-design-system/src/expandable-fab/expandable-fab.component.ts
FN:3,(anonymous_1)
FN:12,(anonymous_2)
FNF:2
FNH:0
FNDA:0,(anonymous_1)
FNDA:0,(anonymous_2)
DA:1,2
DA:8,2
DA:9,0
DA:10,0
DA:13,0
DA:14,0
DA:15,0
DA:17,0
LF:8
LH:2
BRDA:14,0,0,0
BRDA:14,0,1,0
BRF:2
BRH:0
end_of_record
TN:
SF:/Users/brianm/Desktop/Cross-Cutting/ignite-design-system/src/expandable-fab/expandable-fab.html
FNF:0
FNH:0
DA:1,2
LF:1
LH:1
BRF:0
BRH:0
end_of_record
TN:
SF:/Users/brianm/Desktop/Cross-Cutting/ignite-design-system/src/field/field.component.ts
FNF:0
FNH:0
DA:1,2
DA:11,2
DA:12,2
LF:3
LH:3
BRF:0
BRH:0
end_of_record
TN:
SF:/Users/brianm/Desktop/Cross-Cutting/ignite-design-system/src/form/index.ts
FNF:0
FNH:0
DA:1,2
DA:2,2
DA:3,2
LF:3
LH:3
BRF:0
BRH:0
end_of_record
TN:
SF:/Users/brianm/Desktop/Cross-Cutting/ignite-design-system/src/form/form-group/form-group.component.ts
FNF:0
FNH:0
DA:1,2
DA:9,2
LF:2
LH:2
BRF:0
BRH:0
end_of_record
TN:
SF:/Users/brianm/Desktop/Cross-Cutting/ignite-design-system/src/form/form-group/form-group.html
FNF:0
FNH:0
DA:1,2
LF:1
LH:1
BRF:0
BRH:0
end_of_record
TN:
SF:/Users/brianm/Desktop/Cross-Cutting/ignite-design-system/src/form/form-group/index.ts
FNF:0
FNH:0
DA:1,2
LF:1
LH:1
BRF:0
BRH:0
end_of_record
TN:
SF:/Users/brianm/Desktop/Cross-Cutting/ignite-design-system/src/form/form-sizing/form-sizing.component.ts
FN:13,(anonymous_2)
FN:24,(anonymous_3)
FN:28,(anonymous_4)
FN:42,(anonymous_5)
FN:53,(anonymous_6)
FN:57,(anonymous_7)
FN:71,(anonymous_8)
FN:79,(anonymous_9)
FNF:8
FNH:4
FNDA:4,(anonymous_2)
FNDA:36,(anonymous_3)
FNDA:36,(anonymous_4)
FNDA:60,(anonymous_5)
FNDA:0,(anonymous_6)
FNDA:0,(anonymous_7)
FNDA:0,(anonymous_8)
FNDA:0,(anonymous_9)
DA:1,2
DA:12,2
DA:14,4
DA:15,4
DA:20,2
DA:21,36
DA:22,36
DA:24,36
DA:25,36
DA:29,36
DA:30,18
DA:31,12
DA:33,18
DA:34,18
DA:35,12
DA:38,0
DA:43,60
DA:44,60
DA:49,2
DA:50,2
DA:51,2
DA:53,0
DA:54,0
DA:58,0
DA:59,0
DA:60,0
DA:62,0
DA:63,0
DA:64,0
DA:67,0
DA:72,0
DA:73,0
DA:78,2
DA:80,0
DA:81,0
LF:35
LH:21
BRDA:13,0,0,2
BRDA:13,0,1,0
BRDA:13,1,0,2
BRDA:29,2,0,18
BRDA:29,2,1,18
BRDA:30,3,0,12
BRDA:30,3,1,6
BRDA:33,4,0,18
BRDA:33,4,1,0
BRDA:34,5,0,12
BRDA:34,5,1,6
BRDA:24,6,0,2
BRDA:24,6,1,0
BRDA:24,7,0,2
BRDA:58,8,0,0
BRDA:58,8,1,0
BRDA:59,9,0,0
BRDA:59,9,1,0
BRDA:62,10,0,0
BRDA:62,10,1,0
BRDA:63,11,0,0
BRDA:63,11,1,0
BRDA:53,12,0,2
BRDA:53,12,1,0
BRDA:53,13,0,2
BRDA:79,14,0,2
BRDA:79,14,1,0
BRDA:79,15,0,2
BRF:28
BRH:15
end_of_record
TN:
SF:/Users/brianm/Desktop/Cross-Cutting/ignite-design-system/src/form/form-sizing/index.ts
FNF:0
FNH:0
DA:1,2
LF:1
LH:1
BRF:0
BRH:0
end_of_record
TN:
SF:/Users/brianm/Desktop/Cross-Cutting/ignite-design-system/src/form/nestable-form/index.ts
FNF:0
FNH:0
DA:1,2
LF:1
LH:1
BRF:0
BRH:0
end_of_record
TN:
SF:/Users/brianm/Desktop/Cross-Cutting/ignite-design-system/src/form/nestable-form/nestable-form.directive.ts
FN:23,(anonymous_4)
FN:30,(anonymous_5)
FN:31,(anonymous_6)
FN:34,(anonymous_7)
FN:40,(anonymous_8)
FN:50,(anonymous_9)
FN:54,(anonymous_10)
FN:61,(anonymous_11)
FNF:8
FNH:8
FNDA:8,(anonymous_4)
FNDA:4,(anonymous_5)
FNDA:4,(anonymous_6)
FNDA:1,(anonymous_7)
FNDA:5,(anonymous_8)
FNDA:1,(anonymous_9)
FNDA:4,(anonymous_10)
FNDA:4,(anonymous_11)
DA:1,3
DA:11,3
DA:13,3
DA:18,3
DA:19,3
DA:21,3
DA:26,8
DA:27,8
DA:31,4
DA:35,1
DA:36,1
DA:42,5
DA:43,1
DA:47,4
DA:51,1
DA:55,4
DA:56,4
DA:62,4
LF:18
LH:18
BRDA:35,0,0,1
BRDA:35,0,1,0
BRDA:42,1,0,1
BRDA:42,1,1,4
BRDA:55,2,0,4
BRDA:55,2,1,0
BRDA:26,3,0,3
BRDA:26,3,1,3
BRDA:26,3,2,0
BRDA:26,4,0,3
BRDA:26,4,1,3
BRF:11
BRH:8
end_of_record
TN:
SF:/Users/brianm/Desktop/Cross-Cutting/ignite-design-system/src/hub-card/hub-card.component.ts
FN:3,(anonymous_2)
FN:42,(anonymous_3)
FNF:2
FNH:0
FNDA:0,(anonymous_2)
FNDA:0,(anonymous_3)
DA:1,2
DA:8,2
DA:9,2
DA:10,2
DA:11,2
DA:12,2
DA:13,2
DA:14,2
DA:15,2
DA:16,2
DA:43,0
LF:11
LH:10
BRF:0
BRH:0
end_of_record
TN:
SF:/Users/brianm/Desktop/Cross-Cutting/ignite-design-system/src/hub-card/hub-card.html
FNF:0
FNH:0
DA:1,2
LF:1
LH:1
BRF:0
BRH:0
end_of_record
TN:
SF:/Users/brianm/Desktop/Cross-Cutting/ignite-design-system/src/info-banner/info-banner.component.ts
FNF:0
FNH:0
DA:1,2
DA:8,2
LF:2
LH:2
BRF:0
BRH:0
end_of_record
TN:
SF:/Users/brianm/Desktop/Cross-Cutting/ignite-design-system/src/info-banner/info-banner.html
FNF:0
FNH:0
DA:1,2
LF:1
LH:1
BRF:0
BRH:0
end_of_record
TN:
SF:/Users/brianm/Desktop/Cross-Cutting/ignite-design-system/src/list-content/index.ts
FNF:0
FNH:0
DA:1,2
DA:2,2
DA:3,2
DA:4,2
DA:5,2
LF:5
LH:5
BRF:0
BRH:0
end_of_record
TN:
SF:/Users/brianm/Desktop/Cross-Cutting/ignite-design-system/src/list-content/list-content.component.ts
FNF:0
FNH:0
DA:1,2
DA:8,2
LF:2
LH:2
BRF:0
BRH:0
end_of_record
TN:
SF:/Users/brianm/Desktop/Cross-Cutting/ignite-design-system/src/list-content/list-content.html
FNF:0
FNH:0
DA:1,2
LF:1
LH:1
BRF:0
BRH:0
end_of_record
TN:
SF:/Users/brianm/Desktop/Cross-Cutting/ignite-design-system/src/list-content/list-content-card/index.ts
FNF:0
FNH:0
DA:1,2
LF:1
LH:1
BRF:0
BRH:0
end_of_record
TN:
SF:/Users/brianm/Desktop/Cross-Cutting/ignite-design-system/src/list-content/list-content-card/list-content-card.component.ts
FNF:0
FNH:0
DA:1,2
DA:8,2
LF:2
LH:2
BRF:0
BRH:0
end_of_record
TN:
SF:/Users/brianm/Desktop/Cross-Cutting/ignite-design-system/src/list-content/list-content-card/list-content-card.html
FNF:0
FNH:0
DA:1,2
LF:1
LH:1
BRF:0
BRH:0
end_of_record
TN:
SF:/Users/brianm/Desktop/Cross-Cutting/ignite-design-system/src/list-content/list-content-empty-state/index.ts
FNF:0
FNH:0
DA:1,2
LF:1
LH:1
BRF:0
BRH:0
end_of_record
TN:
SF:/Users/brianm/Desktop/Cross-Cutting/ignite-design-system/src/list-content/list-content-empty-state/list-content-empty-state.component.ts
FNF:0
FNH:0
DA:1,2
DA:8,2
LF:2
LH:2
BRF:0
BRH:0
end_of_record
TN:
SF:/Users/brianm/Desktop/Cross-Cutting/ignite-design-system/src/list-content/list-content-empty-state/list-content-empty-state.html
FNF:0
FNH:0
DA:1,2
LF:1
LH:1
BRF:0
BRH:0
end_of_record
TN:
SF:/Users/brianm/Desktop/Cross-Cutting/ignite-design-system/src/list-content/list-content-panel/index.ts
FNF:0
FNH:0
DA:1,2
LF:1
LH:1
BRF:0
BRH:0
end_of_record
TN:
SF:/Users/brianm/Desktop/Cross-Cutting/ignite-design-system/src/list-content/list-content-panel/list-content-panel.component.ts
FNF:0
FNH:0
DA:1,2
DA:8,2
LF:2
LH:2
BRF:0
BRH:0
end_of_record
TN:
SF:/Users/brianm/Desktop/Cross-Cutting/ignite-design-system/src/list-content/list-content-panel/list-content-panel.html
FNF:0
FNH:0
DA:1,2
LF:1
LH:1
BRF:0
BRH:0
end_of_record
TN:
SF:/Users/brianm/Desktop/Cross-Cutting/ignite-design-system/src/list-content/list-content-unselected-state/index.ts
FNF:0
FNH:0
DA:1,2
LF:1
LH:1
BRF:0
BRH:0
end_of_record
TN:
SF:/Users/brianm/Desktop/Cross-Cutting/ignite-design-system/src/list-content/list-content-unselected-state/list-content-unselected-state.component.ts
FNF:0
FNH:0
DA:1,2
DA:8,2
LF:2
LH:2
BRF:0
BRH:0
end_of_record
TN:
SF:/Users/brianm/Desktop/Cross-Cutting/ignite-design-system/src/list-content/list-content-unselected-state/list-content-unselected-state.html
FNF:0
FNH:0
DA:1,2
LF:1
LH:1
BRF:0
BRH:0
end_of_record
TN:
SF:/Users/brianm/Desktop/Cross-Cutting/ignite-design-system/src/list-item/list-item.component.ts
FNF:0
FNH:0
DA:1,2
DA:19,2
DA:34,2
DA:48,2
LF:4
LH:4
BRF:0
BRH:0
end_of_record
TN:
SF:/Users/brianm/Desktop/Cross-Cutting/ignite-design-system/src/list-selection/index.ts
FNF:0
FNH:0
DA:1,2
DA:2,2
DA:3,2
DA:4,2
LF:4
LH:4
BRF:0
BRH:0
end_of_record
TN:
SF:/Users/brianm/Desktop/Cross-Cutting/ignite-design-system/src/list-selection/list-selection.component.ts
FNF:0
FNH:0
DA:1,2
DA:8,2
LF:2
LH:2
BRF:0
BRH:0
end_of_record
TN:
SF:/Users/brianm/Desktop/Cross-Cutting/ignite-design-system/src/list-selection/list-selection.html
FNF:0
FNH:0
DA:1,2
LF:1
LH:1
BRF:0
BRH:0
end_of_record
TN:
SF:/Users/brianm/Desktop/Cross-Cutting/ignite-design-system/src/list-selection/list-selection-add-button/index.ts
FNF:0
FNH:0
DA:1,2
LF:1
LH:1
BRF:0
BRH:0
end_of_record
TN:
SF:/Users/brianm/Desktop/Cross-Cutting/ignite-design-system/src/list-selection/list-selection-add-button/list-selection-add-button.component.ts
FNF:0
FNH:0
DA:1,2
DA:8,2
LF:2
LH:2
BRF:0
BRH:0
end_of_record
TN:
SF:/Users/brianm/Desktop/Cross-Cutting/ignite-design-system/src/list-selection/list-selection-add-button/list-selection-add-button.html
FNF:0
FNH:0
DA:1,2
LF:1
LH:1
BRF:0
BRH:0
end_of_record
TN:
SF:/Users/brianm/Desktop/Cross-Cutting/ignite-design-system/src/list-selection/list-selection-item/index.ts
FNF:0
FNH:0
DA:1,2
LF:1
LH:1
BRF:0
BRH:0
end_of_record
TN:
SF:/Users/brianm/Desktop/Cross-Cutting/ignite-design-system/src/list-selection/list-selection-item/list-selection-item.component.ts
FN:3,(anonymous_2)
FNF:1
FNH:0
FNDA:0,(anonymous_2)
DA:1,2
DA:9,2
DA:10,2
DA:11,2
DA:12,2
DA:13,2
DA:14,2
LF:7
LH:7
BRF:0
BRH:0
end_of_record
TN:
SF:/Users/brianm/Desktop/Cross-Cutting/ignite-design-system/src/list-selection/list-selection-item/list-selection-item.html
FNF:0
FNH:0
DA:1,2
LF:1
LH:1
BRF:0
BRH:0
end_of_record
TN:
SF:/Users/brianm/Desktop/Cross-Cutting/ignite-design-system/src/list-selection/list-selection-search/index.ts
FNF:0
FNH:0
DA:1,2
DA:2,2
LF:2
LH:2
BRF:0
BRH:0
end_of_record
TN:
SF:/Users/brianm/Desktop/Cross-Cutting/ignite-design-system/src/list-selection/list-selection-search/list-filter.pipe.ts
FN:14,(anonymous_1)
FN:22,(anonymous_2)
FN:22,(anonymous_3)
FNF:3
FNH:0
FNDA:0,(anonymous_1)
FNDA:0,(anonymous_2)
FNDA:0,(anonymous_3)
DA:1,2
DA:2,2
DA:3,2
DA:4,2
DA:5,2
DA:12,2
DA:19,0
DA:22,0
LF:8
LH:6
BRF:0
BRH:0
end_of_record
TN:
SF:/Users/brianm/Desktop/Cross-Cutting/ignite-design-system/src/list-selection/list-selection-search/list-selection-search.component.ts
FN:21,(anonymous_2)
FN:23,(anonymous_3)
FNF:2
FNH:0
FNDA:0,(anonymous_2)
FNDA:0,(anonymous_3)
DA:1,2
DA:2,2
DA:4,2
DA:5,2
DA:6,2
DA:7,2
DA:8,2
DA:17,2
DA:18,0
DA:22,0
DA:23,0
LF:11
LH:8
BRF:0
BRH:0
end_of_record
TN:
SF:/Users/brianm/Desktop/Cross-Cutting/ignite-design-system/src/list-selection/list-selection-search/list-selection-search.html
FNF:0
FNH:0
DA:1,2
LF:1
LH:1
BRF:0
BRH:0
end_of_record
TN:
SF:/Users/brianm/Desktop/Cross-Cutting/ignite-design-system/src/page/page.component.ts
FNF:0
FNH:0
DA:1,2
DA:21,2
LF:2
LH:2
BRF:0
BRH:0
end_of_record
TN:
SF:/Users/brianm/Desktop/Cross-Cutting/ignite-design-system/src/right-drawer/right-drawer.component.ts
FN:4,(anonymous_2)
FN:18,(anonymous_3)
FN:22,(anonymous_4)
FN:27,(anonymous_5)
FN:31,(anonymous_6)
FNF:5
FNH:0
FNDA:0,(anonymous_2)
FNDA:0,(anonymous_3)
FNDA:0,(anonymous_4)
FNDA:0,(anonymous_5)
FNDA:0,(anonymous_6)
DA:1,2
DA:12,2
DA:13,2
DA:14,2
DA:15,2
DA:16,2
DA:19,0
DA:23,0
DA:24,0
DA:28,0
DA:32,0
LF:11
LH:6
BRDA:19,0,0,0
BRDA:19,0,1,0
BRF:2
BRH:0
end_of_record
TN:
SF:/Users/brianm/Desktop/Cross-Cutting/ignite-design-system/src/right-drawer/right-drawer.html
FNF:0
FNH:0
DA:1,2
LF:1
LH:1
BRF:0
BRH:0
end_of_record
TN:
SF:/Users/brianm/Desktop/Cross-Cutting/ignite-design-system/src/select-container/select-container.component.ts
FNF:0
FNH:0
DA:1,2
DA:8,2
LF:2
LH:2
BRF:0
BRH:0
end_of_record
TN:
SF:/Users/brianm/Desktop/Cross-Cutting/ignite-design-system/src/select-container/select-container.html
FNF:0
FNH:0
DA:1,2
LF:1
LH:1
BRF:0
BRH:0
end_of_record
TN:
SF:/Users/brianm/Desktop/Cross-Cutting/ignite-design-system/src/sidenav/index.ts
FNF:0
FNH:0
DA:1,2
DA:2,2
DA:3,2
LF:3
LH:3
BRF:0
BRH:0
end_of_record
TN:
SF:/Users/brianm/Desktop/Cross-Cutting/ignite-design-system/src/sidenav/sidenav-header/index.ts
FNF:0
FNH:0
DA:1,2
LF:1
LH:1
BRF:0
BRH:0
end_of_record
TN:
SF:/Users/brianm/Desktop/Cross-Cutting/ignite-design-system/src/sidenav/sidenav-header/sidenav-header.component.ts
FNF:0
FNH:0
DA:1,2
DA:8,2
DA:9,2
DA:10,2
LF:4
LH:4
BRF:0
BRH:0
end_of_record
TN:
SF:/Users/brianm/Desktop/Cross-Cutting/ignite-design-system/src/sidenav/sidenav-header/sidenav-header.html
FNF:0
FNH:0
DA:1,2
LF:1
LH:1
BRF:0
BRH:0
end_of_record
TN:
SF:/Users/brianm/Desktop/Cross-Cutting/ignite-design-system/src/sidenav/sidenav-list/index.ts
FNF:0
FNH:0
DA:1,2
LF:1
LH:1
BRF:0
BRH:0
end_of_record
TN:
SF:/Users/brianm/Desktop/Cross-Cutting/ignite-design-system/src/sidenav/sidenav-list/sidenav-list.component.ts
FNF:0
FNH:0
DA:1,2
DA:8,2
LF:2
LH:2
BRF:0
BRH:0
end_of_record
TN:
SF:/Users/brianm/Desktop/Cross-Cutting/ignite-design-system/src/sidenav/sidenav-list/sidenav-list.html
FNF:0
FNH:0
DA:1,2
LF:1
LH:1
BRF:0
BRH:0
end_of_record
TN:
SF:/Users/brianm/Desktop/Cross-Cutting/ignite-design-system/src/sidenav/sidenav-list-item/index.ts
FNF:0
FNH:0
DA:1,2
LF:1
LH:1
BRF:0
BRH:0
end_of_record
TN:
SF:/Users/brianm/Desktop/Cross-Cutting/ignite-design-system/src/sidenav/sidenav-list-item/sidenav-list-item.component.ts
FN:10,(anonymous_2)
FN:24,(anonymous_3)
FNF:2
FNH:0
FNDA:0,(anonymous_2)
FNDA:0,(anonymous_3)
DA:1,2
DA:16,2
DA:17,2
DA:18,2
DA:19,2
DA:20,2
DA:24,2
DA:25,0
DA:27,0
LF:9
LH:7
BRF:0
BRH:0
end_of_record
TN:
SF:/Users/brianm/Desktop/Cross-Cutting/ignite-design-system/src/sidenav/sidenav-list-item/sidenav-list-item.html
FNF:0
FNH:0
DA:1,2
LF:1
LH:1
BRF:0
BRH:0
end_of_record
TN:
SF:/Users/brianm/Desktop/Cross-Cutting/ignite-design-system/src/text/text.component.ts
FNF:0
FNH:0
DA:1,2
DA:17,2
DA:32,2
LF:3
LH:3
BRF:0
BRH:0
end_of_record
TN:
SF:/Users/brianm/Desktop/Cross-Cutting/ignite-design-system/test/test-bed/component.ts
FN:9,(anonymous_0)
FNF:1
FNH:1
FNDA:8,(anonymous_0)
DA:1,2
DA:2,2
DA:5,2
DA:7,2
DA:10,8
LF:5
LH:5
BRDA:9,0,0,0
BRF:1
BRH:0
end_of_record
